Using pre-set license
Built from '2021.3/staging' branch; Version is '2021.3.19f1 (c9714fde33b6) revision 13201743'; Using compiler version '192829333'; Build Type 'Release'
OS: 'Windows 10  (10.0.19044) 64bit Professional' Language: 'fr' Physical Memory: 16250 MB
BatchMode: 1, IsHumanControllingUs: 0, StartBugReporterOnCrash: 0, Is64bit: 1, IsPro: 1

COMMAND LINE ARGUMENTS:
C:\Program Files\Unity\Hub\Editor\2021.3.19f1\Editor\Unity.exe
-adb2
-batchMode
-noUpm
-name
AssetImportWorker4
-projectPath
C:/Users/Thibaud/Documents/Hack-Play/Hack&Play
-logFile
Logs/AssetImportWorker4.log
-srvPort
53576
Successfully changed project path to: C:/Users/Thibaud/Documents/Hack-Play/Hack&Play
C:/Users/Thibaud/Documents/Hack-Play/Hack&Play
[UnityMemory] Configuration Parameters - Can be set up in boot.config
    "memorysetup-bucket-allocator-granularity=16"
    "memorysetup-bucket-allocator-bucket-count=8"
    "memorysetup-bucket-allocator-block-size=33554432"
    "memorysetup-bucket-allocator-block-count=8"
    "memorysetup-main-allocator-block-size=16777216"
    "memorysetup-thread-allocator-block-size=16777216"
    "memorysetup-gfx-main-allocator-block-size=16777216"
    "memorysetup-gfx-thread-allocator-block-size=16777216"
    "memorysetup-cache-allocator-block-size=4194304"
    "memorysetup-typetree-allocator-block-size=2097152"
    "memorysetup-profiler-bucket-allocator-granularity=16"
    "memorysetup-profiler-bucket-allocator-bucket-count=8"
    "memorysetup-profiler-bucket-allocator-block-size=33554432"
    "memorysetup-profiler-bucket-allocator-block-count=8"
    "memorysetup-profiler-allocator-block-size=16777216"
    "memorysetup-profiler-editor-allocator-block-size=1048576"
    "memorysetup-temp-allocator-size-main=16777216"
    "memorysetup-job-temp-allocator-block-size=2097152"
    "memorysetup-job-temp-allocator-block-size-background=1048576"
    "memorysetup-job-temp-allocator-reduction-small-platforms=262144"
    "memorysetup-temp-allocator-size-background-worker=32768"
    "memorysetup-temp-allocator-size-job-worker=262144"
    "memorysetup-temp-allocator-size-preload-manager=33554432"
    "memorysetup-temp-allocator-size-nav-mesh-worker=65536"
    "memorysetup-temp-allocator-size-audio-worker=65536"
    "memorysetup-temp-allocator-size-cloud-worker=32768"
    "memorysetup-temp-allocator-size-gi-baking-worker=262144"
    "memorysetup-temp-allocator-size-gfx=262144"
Player connection [24692] Host "[IP] 192.168.0.12 [Port] 0 [Flags] 2 [Guid] 459857057 [EditorId] 459857057 [Version] 1048832 [Id] WindowsEditor(7,DESKTOP-MGUKO82) [Debug] 1 [PackageName] WindowsEditor [ProjectName] Editor" joined multi-casting on [225.0.0.222:54997]...

Player connection [24692] Host "[IP] 192.168.0.12 [Port] 0 [Flags] 2 [Guid] 459857057 [EditorId] 459857057 [Version] 1048832 [Id] WindowsEditor(7,DESKTOP-MGUKO82) [Debug] 1 [PackageName] WindowsEditor [ProjectName] Editor" joined alternative multi-casting on [225.0.0.222:34997]...

Refreshing native plugins compatible for Editor in 109.66 ms, found 3 plugins.
Preloading 0 native plugins for Editor in 0.00 ms.
Initialize engine version: 2021.3.19f1 (c9714fde33b6)
[Subsystems] Discovering subsystems at path C:/Program Files/Unity/Hub/Editor/2021.3.19f1/Editor/Data/Resources/UnitySubsystems
[Subsystems] Discovering subsystems at path C:/Users/Thibaud/Documents/Hack-Play/Hack&Play/Assets
GfxDevice: creating device client; threaded=0; jobified=0
Direct3D:
    Version:  Direct3D 11.0 [level 11.1]
    Renderer: NVIDIA GeForce RTX 2060 (ID=0x1f15)
    Vendor:   NVIDIA
    VRAM:     5980 MB
    Driver:   31.0.15.1700
Initialize mono
Mono path[0] = 'C:/Program Files/Unity/Hub/Editor/2021.3.19f1/Editor/Data/Managed'
Mono path[1] = 'C:/Program Files/Unity/Hub/Editor/2021.3.19f1/Editor/Data/MonoBleedingEdge/lib/mono/unityjit-win32'
Mono config path = 'C:/Program Files/Unity/Hub/Editor/2021.3.19f1/Editor/Data/MonoBleedingEdge/etc'
Using monoOptions --debugger-agent=transport=dt_socket,embedding=1,server=y,suspend=n,address=127.0.0.1:56388
Begin MonoManager ReloadAssembly
Registering precompiled unity dll's ...
Register platform support module: C:/Program Files/Unity/Hub/Editor/2021.3.19f1/Editor/Data/PlaybackEngines/AndroidPlayer/UnityEditor.Android.Extensions.dll
Register platform support module: C:/Program Files/Unity/Hub/Editor/2021.3.19f1/Editor/Data/PlaybackEngines/iOSSupport/UnityEditor.iOS.Extensions.dll
Register platform support module: C:/Program Files/Unity/Hub/Editor/2021.3.19f1/Editor/Data/PlaybackEngines/WindowsStandaloneSupport/UnityEditor.WindowsStandalone.Extensions.dll
Registered in 0.008048 seconds.
Native extension for WindowsStandalone target not found
[usbmuxd] Start listen thread
[usbmuxd] Listen thread started
Native extension for iOS target not found
Native extension for Android target not found
Android Extension - Scanning For ADB Devices 243 ms
Refreshing native plugins compatible for Editor in 105.01 ms, found 3 plugins.
Preloading 0 native plugins for Editor in 0.00 ms.
Mono: successfully reloaded assembly
- Completed reload, in  0.961 seconds
Domain Reload Profiling:
	ReloadAssembly (961ms)
		BeginReloadAssembly (96ms)
			ExecutionOrderSort (0ms)
			DisableScriptedObjects (0ms)
			BackupInstance (0ms)
			ReleaseScriptingObjects (0ms)
			CreateAndSetChildDomain (1ms)
		EndReloadAssembly (737ms)
			LoadAssemblies (93ms)
			RebuildTransferFunctionScriptingTraits (0ms)
			SetupTypeCache (102ms)
			ReleaseScriptCaches (0ms)
			RebuildScriptCaches (26ms)
			SetupLoadedEditorAssemblies (560ms)
				LogAssemblyErrors (0ms)
				InitializePlatformSupportModulesInManaged (323ms)
				SetLoadedEditorAssemblies (0ms)
				RefreshPlugins (105ms)
				BeforeProcessingInitializeOnLoad (1ms)
				ProcessInitializeOnLoadAttributes (88ms)
				ProcessInitializeOnLoadMethodAttributes (42ms)
				AfterProcessingInitializeOnLoad (0ms)
				EditorAssembliesLoaded (0ms)
			ExecutionOrderSort2 (0ms)
			AwakeInstancesAfterBackupRestoration (0ms)
Platform modules already initialized, skipping
Registering precompiled user dll's ...
Registered in 0.004349 seconds.
Begin MonoManager ReloadAssembly
Symbol file LoadedFromMemory doesn't match image C:\Users\Thibaud\Documents\Hack-Play\Hack&Play\Library\PackageCache\com.unity.visualscripting@1.8.0\Editor\VisualScripting.Core\Dependencies\YamlDotNet\Unity.VisualScripting.YamlDotNet.dll
Symbol file LoadedFromMemory doesn't match image C:\Users\Thibaud\Documents\Hack-Play\Hack&Play\Library\PackageCache\com.unity.visualscripting@1.8.0\Editor\VisualScripting.Core\Dependencies\DotNetZip\Unity.VisualScripting.IonicZip.dll
Native extension for WindowsStandalone target not found
Native extension for iOS target not found
Native extension for Android target not found
Refreshing native plugins compatible for Editor in 0.85 ms, found 3 plugins.
Preloading 0 native plugins for Editor in 0.00 ms.
Mono: successfully reloaded assembly
- Completed reload, in  0.931 seconds
Domain Reload Profiling:
	ReloadAssembly (931ms)
		BeginReloadAssembly (98ms)
			ExecutionOrderSort (0ms)
			DisableScriptedObjects (5ms)
			BackupInstance (0ms)
			ReleaseScriptingObjects (0ms)
			CreateAndSetChildDomain (17ms)
		EndReloadAssembly (728ms)
			LoadAssemblies (69ms)
			RebuildTransferFunctionScriptingTraits (0ms)
			SetupTypeCache (243ms)
			ReleaseScriptCaches (1ms)
			RebuildScriptCaches (45ms)
			SetupLoadedEditorAssemblies (318ms)
				LogAssemblyErrors (0ms)
				InitializePlatformSupportModulesInManaged (23ms)
				SetLoadedEditorAssemblies (0ms)
				RefreshPlugins (1ms)
				BeforeProcessingInitializeOnLoad (78ms)
				ProcessInitializeOnLoadAttributes (190ms)
				ProcessInitializeOnLoadMethodAttributes (17ms)
				AfterProcessingInitializeOnLoad (9ms)
				EditorAssembliesLoaded (0ms)
			ExecutionOrderSort2 (0ms)
			AwakeInstancesAfterBackupRestoration (7ms)
Platform modules already initialized, skipping
========================================================================
Worker process is ready to serve import requests
Launched and connected shader compiler UnityShaderCompiler.exe after 0.04 seconds
Refreshing native plugins compatible for Editor in 0.93 ms, found 3 plugins.
Preloading 0 native plugins for Editor in 0.00 ms.
Unloading 3051 Unused Serialized files (Serialized files now loaded: 0)
Unloading 24 unused Assets / (114.1 KB). Loaded Objects now: 3518.
Memory consumption went from 112.2 MB to 112.1 MB.
Total: 3.058300 ms (FindLiveObjects: 0.293100 ms CreateObjectMapping: 0.182200 ms MarkObjects: 2.398400 ms  DeleteObjects: 0.183700 ms)

AssetImportParameters requested are different than current active one (requested -> active):
  custom:video-decoder-ogg-theora: a1e56fd34408186e4bbccfd4996cb3dc -> 
  custom:container-muxer-webm: aa71ff27fc2769a1b78a27578f13a17b -> 
  custom:container-demuxer-webm: 4f35f7cbe854078d1ac9338744f61a02 -> 
  custom:video-encoder-webm-vp8: eb34c28f22e8b96e1ab97ce403110664 -> 
  custom:audio-encoder-webm-vorbis: bf7c407c2cedff20999df2af8eb42d56 -> 
  custom:framework-win-MediaFoundation: 216162199b28c13a410421893ffa2e32 -> 
  custom:container-demuxer-ogg: 62fdf1f143b41e24485cea50d1cbac27 -> 
  custom:video-decoder-webm-vp8: 9c59270c3fd7afecdb556c50c9e8de78 -> 
  custom:audio-decoder-ogg-vorbis: bf7c407c2cedff20999df2af8eb42d56 -> 
========================================================================
Received Import Request.
  Time since last request: 656779.849713 seconds.
  path: Assets/ScifiOfficeLite
  artifactKey: Guid(9ea87ee0ebab26749b9e42c3cd8ad11b) Importer(815301076,1909f56bfc062723c751e8b465ee728b)
Start importing Assets/ScifiOfficeLite using Guid(9ea87ee0ebab26749b9e42c3cd8ad11b) Importer(815301076,1909f56bfc062723c751e8b465ee728b)  -> (artifact id: 'ccef63360937d4ec2d21a61a309b12af') in 0.009841 seconds 
========================================================================
Received Import Request.
  Time since last request: 1.123658 seconds.
  path: Assets/ScifiOfficeLite/Prefabs
  artifactKey: Guid(6d19b00448a96fe42bf2a9c6cc6ef5a2) Importer(815301076,1909f56bfc062723c751e8b465ee728b)
Start importing Assets/ScifiOfficeLite/Prefabs using Guid(6d19b00448a96fe42bf2a9c6cc6ef5a2) Importer(815301076,1909f56bfc062723c751e8b465ee728b)  -> (artifact id: 'e9aaecbee3d166913411f4afcf3ebde0') in 0.006041 seconds 
========================================================================
Received Import Request.
  Time since last request: 0.067651 seconds.
  path: Assets/ScifiOfficeLite/Prefabs/Shelf with Crates.prefab
  artifactKey: Guid(f355da60777d10946920a8b633e6b316) Importer(815301076,1909f56bfc062723c751e8b465ee728b)
Start importing Assets/ScifiOfficeLite/Prefabs/Shelf with Crates.prefab using Guid(f355da60777d10946920a8b633e6b316) Importer(815301076,1909f56bfc062723c751e8b465ee728b)  -> (artifact id: '50a6d4f0bbb0bdead2f89c1996f361d3') in 0.113846 seconds 
========================================================================
Received Import Request.
  Time since last request: 2.644459 seconds.
  path: Assets/ScifiOfficeLite/Prefabs/TVs
  artifactKey: Guid(980198049a5d1ff45b95b1643908cef3) Importer(815301076,1909f56bfc062723c751e8b465ee728b)
Start importing Assets/ScifiOfficeLite/Prefabs/TVs using Guid(980198049a5d1ff45b95b1643908cef3) Importer(815301076,1909f56bfc062723c751e8b465ee728b)  -> (artifact id: '336e65291e700e87237640e4d63d27a3') in 0.006379 seconds 
========================================================================
Received Import Request.
  Time since last request: 0.054399 seconds.
  path: Assets/ScifiOfficeLite/Prefabs/TVs/Tv 32 Inch.prefab
  artifactKey: Guid(fe19f183652f0434dba515f0a67f32fe) Importer(815301076,1909f56bfc062723c751e8b465ee728b)
Start importing Assets/ScifiOfficeLite/Prefabs/TVs/Tv 32 Inch.prefab using Guid(fe19f183652f0434dba515f0a67f32fe) Importer(815301076,1909f56bfc062723c751e8b465ee728b)  -> (artifact id: '16bbbf7ea5a19de045e78d4ff4e06f49') in 0.415834 seconds 
========================================================================
Received Import Request.
  Time since last request: 31.046931 seconds.
  path: Assets/ScifiOfficeLite/Prefabs/Tables
  artifactKey: Guid(30f8ad2042ee31048a0894934f751dce) Importer(815301076,1909f56bfc062723c751e8b465ee728b)
Start importing Assets/ScifiOfficeLite/Prefabs/Tables using Guid(30f8ad2042ee31048a0894934f751dce) Importer(815301076,1909f56bfc062723c751e8b465ee728b)  -> (artifact id: '7074f69aaca2b8599ff4f430598385c5') in 0.008024 seconds 
========================================================================
Received Import Request.
  Time since last request: 0.017627 seconds.
  path: Assets/ScifiOfficeLite/Prefabs/Tables/Table Set 1 Dark Oak.prefab
  artifactKey: Guid(45276250b71dd9f4488e3be0523a1e35) Importer(815301076,1909f56bfc062723c751e8b465ee728b)
Start importing Assets/ScifiOfficeLite/Prefabs/Tables/Table Set 1 Dark Oak.prefab using Guid(45276250b71dd9f4488e3be0523a1e35) Importer(815301076,1909f56bfc062723c751e8b465ee728b)  -> (artifact id: '1a8ab8eb703ea8f048586826b0c1102b') in 0.284833 seconds 
========================================================================
Received Import Request.
  Time since last request: 2.080993 seconds.
  path: Assets/ScifiOfficeLite/Prefabs/Tables/White Wood
  artifactKey: Guid(f8077a2372e486e498e5d2f6325c573a) Importer(815301076,1909f56bfc062723c751e8b465ee728b)
Start importing Assets/ScifiOfficeLite/Prefabs/Tables/White Wood using Guid(f8077a2372e486e498e5d2f6325c573a) Importer(815301076,1909f56bfc062723c751e8b465ee728b)  -> (artifact id: '410f4052ddf38a07a698260bd131432b') in 0.006439 seconds 
========================================================================
Received Import Request.
  Time since last request: 0.033138 seconds.
  path: Assets/ScifiOfficeLite/Prefabs/Tables/White Wood/Drawer Table Long White Wood Variant.prefab
  artifactKey: Guid(0fc223096406f3d4d964af094cc016ab) Importer(815301076,1909f56bfc062723c751e8b465ee728b)
Start importing Assets/ScifiOfficeLite/Prefabs/Tables/White Wood/Drawer Table Long White Wood Variant.prefab using Guid(0fc223096406f3d4d964af094cc016ab) Importer(815301076,1909f56bfc062723c751e8b465ee728b)  -> (artifact id: 'f0b196aa7c7ab7c2e9412389c91f9704') in 0.052747 seconds 
========================================================================
Received Import Request.
  Time since last request: 1.373608 seconds.
  path: Assets/ScifiOfficeLite/Prefabs/Tables/Grey Wood
  artifactKey: Guid(6248a98010f62184fa6a79db15b7517d) Importer(815301076,1909f56bfc062723c751e8b465ee728b)
Start importing Assets/ScifiOfficeLite/Prefabs/Tables/Grey Wood using Guid(6248a98010f62184fa6a79db15b7517d) Importer(815301076,1909f56bfc062723c751e8b465ee728b)  -> (artifact id: '4ff6618eb382a12b75faa64362f71c3f') in 0.006260 seconds 
========================================================================
Received Import Request.
  Time since last request: 0.039920 seconds.
  path: Assets/ScifiOfficeLite/Prefabs/Tables/Grey Wood/Drawer Table Long Grey Wood Variant.prefab
  artifactKey: Guid(9467da3bd6f41fb47a3ad39c38b9f752) Importer(815301076,1909f56bfc062723c751e8b465ee728b)
Start importing Assets/ScifiOfficeLite/Prefabs/Tables/Grey Wood/Drawer Table Long Grey Wood Variant.prefab using Guid(9467da3bd6f41fb47a3ad39c38b9f752) Importer(815301076,1909f56bfc062723c751e8b465ee728b)  -> (artifact id: '0586eed1454d4485083dd79738a422b9') in 0.038416 seconds 
========================================================================
Received Import Request.
  Time since last request: 1.779887 seconds.
  path: Assets/ScifiOfficeLite/Prefabs/Tables/Dark Oak
  artifactKey: Guid(b7034971824332b4bae08bd05ab7345d) Importer(815301076,1909f56bfc062723c751e8b465ee728b)
Start importing Assets/ScifiOfficeLite/Prefabs/Tables/Dark Oak using Guid(b7034971824332b4bae08bd05ab7345d) Importer(815301076,1909f56bfc062723c751e8b465ee728b)  -> (artifact id: '6e2f862ca4b3ef43b1a04ad65238440d') in 0.005880 seconds 
========================================================================
Received Import Request.
  Time since last request: 3.677139 seconds.
  path: Assets/ScifiOfficeLite/Prefabs/Lighting
  artifactKey: Guid(b876242c9588755499b2edb9d2ff2381) Importer(815301076,1909f56bfc062723c751e8b465ee728b)
Start importing Assets/ScifiOfficeLite/Prefabs/Lighting using Guid(b876242c9588755499b2edb9d2ff2381) Importer(815301076,1909f56bfc062723c751e8b465ee728b)  -> (artifact id: '7085d89a445b03acded08efc1dd4e5d3') in 0.005781 seconds 
========================================================================
Received Import Request.
  Time since last request: 0.688223 seconds.
  path: Assets/ScifiOfficeLite/Prefabs/Lighting/Ceiling Lights
  artifactKey: Guid(cb13d5c41d29ceb438aaf360d2ca91b8) Importer(815301076,1909f56bfc062723c751e8b465ee728b)
Start importing Assets/ScifiOfficeLite/Prefabs/Lighting/Ceiling Lights using Guid(cb13d5c41d29ceb438aaf360d2ca91b8) Importer(815301076,1909f56bfc062723c751e8b465ee728b)  -> (artifact id: '5f0d4b587252e324c27fa4b27c184453') in 0.006020 seconds 
========================================================================
Received Import Request.
  Time since last request: 0.584082 seconds.
  path: Assets/ScifiOfficeLite/Prefabs/Lighting/Ceiling Lights/2D
  artifactKey: Guid(a966283a628910941b403a29a841155e) Importer(815301076,1909f56bfc062723c751e8b465ee728b)
Start importing Assets/ScifiOfficeLite/Prefabs/Lighting/Ceiling Lights/2D using Guid(a966283a628910941b403a29a841155e) Importer(815301076,1909f56bfc062723c751e8b465ee728b)  -> (artifact id: 'c5684665af3bc368abe4fd84f1db048a') in 0.018290 seconds 
========================================================================
Received Import Request.
  Time since last request: 0.036707 seconds.
  path: Assets/ScifiOfficeLite/Prefabs/Lighting/Ceiling Lights/2D/Ceiling Light Bright.prefab
  artifactKey: Guid(ddfc1292959bce64f8c5c758157712f1) Importer(815301076,1909f56bfc062723c751e8b465ee728b)
Start importing Assets/ScifiOfficeLite/Prefabs/Lighting/Ceiling Lights/2D/Ceiling Light Bright.prefab using Guid(ddfc1292959bce64f8c5c758157712f1) Importer(815301076,1909f56bfc062723c751e8b465ee728b)  -> (artifact id: '39fe5946f72153b4bc00f3adf8997bfe') in 0.019758 seconds 
========================================================================
Received Import Request.
  Time since last request: 6.009124 seconds.
  path: Assets/ScifiOfficeLite/Prefabs/Carpets and Floors
  artifactKey: Guid(ff0f789902e100648bc385cb25123552) Importer(815301076,1909f56bfc062723c751e8b465ee728b)
Start importing Assets/ScifiOfficeLite/Prefabs/Carpets and Floors using Guid(ff0f789902e100648bc385cb25123552) Importer(815301076,1909f56bfc062723c751e8b465ee728b)  -> (artifact id: '421a3d37d1bc2a39139d86232980665c') in 0.006612 seconds 
========================================================================
Received Import Request.
  Time since last request: 0.051532 seconds.
  path: Assets/ScifiOfficeLite/Prefabs/Carpets and Floors/20m Epoxy Ground.prefab
  artifactKey: Guid(7ff30c7e7a931fa4abaacbcf858e20a1) Importer(815301076,1909f56bfc062723c751e8b465ee728b)
Start importing Assets/ScifiOfficeLite/Prefabs/Carpets and Floors/20m Epoxy Ground.prefab using Guid(7ff30c7e7a931fa4abaacbcf858e20a1) Importer(815301076,1909f56bfc062723c751e8b465ee728b)  -> (artifact id: 'ebe16fddf94e48e8444663861fcaf6a2') in 0.329641 seconds 
========================================================================
Received Import Request.
  Time since last request: 6.519597 seconds.
  path: Assets/ScifiOfficeLite/Prefabs/Chairs and Stools
  artifactKey: Guid(59e77c7ff6c7c9e47ae54363176204bf) Importer(815301076,1909f56bfc062723c751e8b465ee728b)
Start importing Assets/ScifiOfficeLite/Prefabs/Chairs and Stools using Guid(59e77c7ff6c7c9e47ae54363176204bf) Importer(815301076,1909f56bfc062723c751e8b465ee728b)  -> (artifact id: '619651bd9154bf8206b4d2c3bcd699d4') in 0.005306 seconds 
========================================================================
Received Import Request.
  Time since last request: 0.047818 seconds.
  path: Assets/ScifiOfficeLite/Prefabs/Chairs and Stools/Office Chair Variant.prefab
  artifactKey: Guid(e302621f2616c4042b0c4be3f63ea422) Importer(815301076,1909f56bfc062723c751e8b465ee728b)
Start importing Assets/ScifiOfficeLite/Prefabs/Chairs and Stools/Office Chair Variant.prefab using Guid(e302621f2616c4042b0c4be3f63ea422) Importer(815301076,1909f56bfc062723c751e8b465ee728b)  -> (artifact id: '294d8a584ac33cfa5c4d834da5d6a868') in 0.041433 seconds 
========================================================================
Received Import Request.
  Time since last request: 2.313232 seconds.
  path: Assets/ScifiOfficeLite/Prefabs/Drawers
  artifactKey: Guid(87cbe5d7953095e42bfee2a1411c100f) Importer(815301076,1909f56bfc062723c751e8b465ee728b)
Start importing Assets/ScifiOfficeLite/Prefabs/Drawers using Guid(87cbe5d7953095e42bfee2a1411c100f) Importer(815301076,1909f56bfc062723c751e8b465ee728b)  -> (artifact id: '698f58b329658915dc23afee191e789b') in 0.006703 seconds 
========================================================================
Received Import Request.
  Time since last request: 0.030213 seconds.
  path: Assets/ScifiOfficeLite/Prefabs/Drawers/Drawer 2 Oak Variant.prefab
  artifactKey: Guid(a07dffe36c92aec44a95c900438af993) Importer(815301076,1909f56bfc062723c751e8b465ee728b)
Start importing Assets/ScifiOfficeLite/Prefabs/Drawers/Drawer 2 Oak Variant.prefab using Guid(a07dffe36c92aec44a95c900438af993) Importer(815301076,1909f56bfc062723c751e8b465ee728b)  -> (artifact id: '828607c9be470e8df109970655fece09') in 0.076729 seconds 
========================================================================
Received Import Request.
  Time since last request: 8.697301 seconds.
  path: Assets/iPoly3D/Server Room/Models/Keyboard.fbx
  artifactKey: Guid(251fbd0380ea83440af7758ab5b258b8) Importer(815301076,1909f56bfc062723c751e8b465ee728b)
Start importing Assets/iPoly3D/Server Room/Models/Keyboard.fbx using Guid(251fbd0380ea83440af7758ab5b258b8) Importer(815301076,1909f56bfc062723c751e8b465ee728b)  -> (artifact id: '19b48eff6692796a8c1d805bfafd097b') in 0.072833 seconds 
========================================================================
Received Import Request.
  Time since last request: 0.000026 seconds.
  path: Assets/ScifiOfficeLite/Meshes/Textures/Environment/Techware/Keyboard props texture/Keyboard Props_Maskmap.png
  artifactKey: Guid(7d4d2c52a21e0ca47b62474a7f9f6e74) Importer(815301076,1909f56bfc062723c751e8b465ee728b)
Start importing Assets/ScifiOfficeLite/Meshes/Textures/Environment/Techware/Keyboard props texture/Keyboard Props_Maskmap.png using Guid(7d4d2c52a21e0ca47b62474a7f9f6e74) Importer(815301076,1909f56bfc062723c751e8b465ee728b)  -> (artifact id: '3558bfa6d179157bb99cd469cd3ef8e9') in 0.021925 seconds 
========================================================================
Received Import Request.
  Time since last request: 7.830568 seconds.
  path: Assets/iPoly3D/Server Room/Prefabs/airvent.prefab
  artifactKey: Guid(d7cd5c7975835a14cae4bcbafa34bd4b) Importer(815301076,1909f56bfc062723c751e8b465ee728b)
Start importing Assets/iPoly3D/Server Room/Prefabs/airvent.prefab using Guid(d7cd5c7975835a14cae4bcbafa34bd4b) Importer(815301076,1909f56bfc062723c751e8b465ee728b)  -> (artifact id: '82a1d7b071ad33d199f4ff70a8d2bbd4') in 0.017926 seconds 
========================================================================
Received Import Request.
  Time since last request: 0.000017 seconds.
  path: Assets/iPoly3D/Server Room/Prefabs/display.002.prefab
  artifactKey: Guid(2407d844bd13a73418ffb791ab57246c) Importer(815301076,1909f56bfc062723c751e8b465ee728b)
Start importing Assets/iPoly3D/Server Room/Prefabs/display.002.prefab using Guid(2407d844bd13a73418ffb791ab57246c) Importer(815301076,1909f56bfc062723c751e8b465ee728b)  -> (artifact id: 'cccbfbf3ed65e8c401fcca03d8e86417') in 0.015936 seconds 
========================================================================
Received Import Request.
  Time since last request: 0.000017 seconds.
  path: Assets/iPoly3D/Server Room/Prefabs/pencil.prefab
  artifactKey: Guid(5bce66f7433474e4ebaf06e4434835be) Importer(815301076,1909f56bfc062723c751e8b465ee728b)
Start importing Assets/iPoly3D/Server Room/Prefabs/pencil.prefab using Guid(5bce66f7433474e4ebaf06e4434835be) Importer(815301076,1909f56bfc062723c751e8b465ee728b)  -> (artifact id: 'd4551fcd50ca83dd5b9a814877a07ed5') in 0.016373 seconds 
========================================================================
Received Import Request.
  Time since last request: 0.000019 seconds.
  path: Assets/iPoly3D/Server Room/Prefabs/wall.prefab
  artifactKey: Guid(80cbb9df11318004a95e198e69e78a10) Importer(815301076,1909f56bfc062723c751e8b465ee728b)
Start importing Assets/iPoly3D/Server Room/Prefabs/wall.prefab using Guid(80cbb9df11318004a95e198e69e78a10) Importer(815301076,1909f56bfc062723c751e8b465ee728b)  -> (artifact id: 'bd4b60def2bac4c8579b594915d9e340') in 0.026340 seconds 
========================================================================
Received Import Request.
  Time since last request: 0.000015 seconds.
  path: Assets/iPoly3D/Server Room/Prefabs/exit_sign.prefab
  artifactKey: Guid(01416d383f6bdc14e811adfc51255eaa) Importer(815301076,1909f56bfc062723c751e8b465ee728b)
Start importing Assets/iPoly3D/Server Room/Prefabs/exit_sign.prefab using Guid(01416d383f6bdc14e811adfc51255eaa) Importer(815301076,1909f56bfc062723c751e8b465ee728b)  -> (artifact id: 'a7cc56821a021b4b90a4fbbb71cc44cb') in 0.019814 seconds 
========================================================================
Received Import Request.
  Time since last request: 0.000044 seconds.
  path: Assets/iPoly3D/Server Room/Prefabs/chair.prefab
  artifactKey: Guid(3f036e691e664f447a90fa723afffeb0) Importer(815301076,1909f56bfc062723c751e8b465ee728b)
Start importing Assets/iPoly3D/Server Room/Prefabs/chair.prefab using Guid(3f036e691e664f447a90fa723afffeb0) Importer(815301076,1909f56bfc062723c751e8b465ee728b)  -> (artifact id: 'e00840900dced1ecbc6150b00f186103') in 0.013104 seconds 
========================================================================
Received Import Request.
  Time since last request: 0.000019 seconds.
  path: Assets/iPoly3D/Server Room/Prefabs/server_2.prefab
  artifactKey: Guid(b4f729d9618a65543baedfac3b0a7311) Importer(815301076,1909f56bfc062723c751e8b465ee728b)
Start importing Assets/iPoly3D/Server Room/Prefabs/server_2.prefab using Guid(b4f729d9618a65543baedfac3b0a7311) Importer(815301076,1909f56bfc062723c751e8b465ee728b)  -> (artifact id: '4ab3d541699ce75751266069d5f7575b') in 0.018418 seconds 
========================================================================
Received Import Request.
  Time since last request: 0.000029 seconds.
  path: Assets/iPoly3D/Server Room/Prefabs/server.prefab
  artifactKey: Guid(2f3fe288da751a2428fc82d8e5ed9f7e) Importer(815301076,1909f56bfc062723c751e8b465ee728b)
Start importing Assets/iPoly3D/Server Room/Prefabs/server.prefab using Guid(2f3fe288da751a2428fc82d8e5ed9f7e) Importer(815301076,1909f56bfc062723c751e8b465ee728b)  -> (artifact id: '93845df5f466eeb919d1e0a6686455d9') in 0.015271 seconds 
========================================================================
Received Import Request.
  Time since last request: 4.364820 seconds.
  path: Assets/iPoly3D
  artifactKey: Guid(9acb7db0471efee4491361052d3ef791) Importer(815301076,1909f56bfc062723c751e8b465ee728b)
Start importing Assets/iPoly3D using Guid(9acb7db0471efee4491361052d3ef791) Importer(815301076,1909f56bfc062723c751e8b465ee728b)  -> (artifact id: '712c1e0ee04903e9808e1ae67a681107') in 0.006573 seconds 
========================================================================
Received Import Request.
  Time since last request: 0.491045 seconds.
  path: Assets/iPoly3D/Server Room
  artifactKey: Guid(c35b15ac9bafb8248bdc77dc0ccb81c1) Importer(815301076,1909f56bfc062723c751e8b465ee728b)
Start importing Assets/iPoly3D/Server Room using Guid(c35b15ac9bafb8248bdc77dc0ccb81c1) Importer(815301076,1909f56bfc062723c751e8b465ee728b)  -> (artifact id: 'fc12643bfea538e133a0a0fea26b8692') in 0.007180 seconds 
========================================================================
Received Import Request.
  Time since last request: 1.843747 seconds.
  path: Assets/iPoly3D/Server Room/Prefabs
  artifactKey: Guid(7299c43b87688954182edc8a3a9abda2) Importer(815301076,1909f56bfc062723c751e8b465ee728b)
Start importing Assets/iPoly3D/Server Room/Prefabs using Guid(7299c43b87688954182edc8a3a9abda2) Importer(815301076,1909f56bfc062723c751e8b465ee728b)  -> (artifact id: '9ccd67464cbe097e7cd7383d0955ffc8') in 0.002174 seconds 
========================================================================
Received Prepare
Registering precompiled user dll's ...
Registered in 0.005042 seconds.
Begin MonoManager ReloadAssembly
Symbol file LoadedFromMemory doesn't match image C:\Users\Thibaud\Documents\Hack-Play\Hack&Play\Library\PackageCache\com.unity.visualscripting@1.8.0\Editor\VisualScripting.Core\Dependencies\YamlDotNet\Unity.VisualScripting.YamlDotNet.dll
Symbol file LoadedFromMemory doesn't match image C:\Users\Thibaud\Documents\Hack-Play\Hack&Play\Library\PackageCache\com.unity.visualscripting@1.8.0\Editor\VisualScripting.Core\Dependencies\DotNetZip\Unity.VisualScripting.IonicZip.dll
Native extension for WindowsStandalone target not found
Native extension for iOS target not found
Native extension for Android target not found
Refreshing native plugins compatible for Editor in 0.90 ms, found 3 plugins.
Preloading 0 native plugins for Editor in 0.00 ms.
Mono: successfully reloaded assembly
- Completed reload, in  0.937 seconds
Domain Reload Profiling:
	ReloadAssembly (937ms)
		BeginReloadAssembly (128ms)
			ExecutionOrderSort (0ms)
			DisableScriptedObjects (4ms)
			BackupInstance (0ms)
			ReleaseScriptingObjects (0ms)
			CreateAndSetChildDomain (39ms)
		EndReloadAssembly (716ms)
			LoadAssemblies (69ms)
			RebuildTransferFunctionScriptingTraits (0ms)
			SetupTypeCache (271ms)
			ReleaseScriptCaches (1ms)
			RebuildScriptCaches (41ms)
			SetupLoadedEditorAssemblies (272ms)
				LogAssemblyErrors (0ms)
				InitializePlatformSupportModulesInManaged (28ms)
				SetLoadedEditorAssemblies (0ms)
				RefreshPlugins (1ms)
				BeforeProcessingInitializeOnLoad (57ms)
				ProcessInitializeOnLoadAttributes (160ms)
				ProcessInitializeOnLoadMethodAttributes (17ms)
				AfterProcessingInitializeOnLoad (8ms)
				EditorAssembliesLoaded (0ms)
			ExecutionOrderSort2 (0ms)
			AwakeInstancesAfterBackupRestoration (6ms)
Platform modules already initialized, skipping
Refreshing native plugins compatible for Editor in 1.98 ms, found 3 plugins.
Preloading 0 native plugins for Editor in 0.00 ms.
Unloading 3256 Unused Serialized files (Serialized files now loaded: 0)
Unloading 20 unused Assets / (279.9 KB). Loaded Objects now: 3777.
Memory consumption went from 123.3 MB to 123.0 MB.
Total: 3.228000 ms (FindLiveObjects: 0.249000 ms CreateObjectMapping: 0.177800 ms MarkObjects: 2.608000 ms  DeleteObjects: 0.191800 ms)

AssetImportParameters requested are different than current active one (requested -> active):
  custom:video-decoder-ogg-theora: a1e56fd34408186e4bbccfd4996cb3dc -> 
  custom:container-muxer-webm: aa71ff27fc2769a1b78a27578f13a17b -> 
  custom:container-demuxer-webm: 4f35f7cbe854078d1ac9338744f61a02 -> 
  custom:video-encoder-webm-vp8: eb34c28f22e8b96e1ab97ce403110664 -> 
  custom:audio-encoder-webm-vorbis: bf7c407c2cedff20999df2af8eb42d56 -> 
  custom:framework-win-MediaFoundation: 216162199b28c13a410421893ffa2e32 -> 
  custom:container-demuxer-ogg: 62fdf1f143b41e24485cea50d1cbac27 -> 
  custom:video-decoder-webm-vp8: 9c59270c3fd7afecdb556c50c9e8de78 -> 
  custom:audio-decoder-ogg-vorbis: bf7c407c2cedff20999df2af8eb42d56 -> 
========================================================================
Received Import Request.
  Time since last request: 794.770072 seconds.
  path: Assets/DreamOS - Complete OS UI
  artifactKey: Guid(0b7c6626f58a74bc6bf2fd1a098e32dc) Importer(815301076,1909f56bfc062723c751e8b465ee728b)
Start importing Assets/DreamOS - Complete OS UI using Guid(0b7c6626f58a74bc6bf2fd1a098e32dc) Importer(815301076,1909f56bfc062723c751e8b465ee728b)  -> (artifact id: '73f479329886743bd59343c7d0e013a0') in 0.015097 seconds 
========================================================================
Received Import Request.
  Time since last request: 1.335915 seconds.
  path: Assets/DreamOS - Complete OS UI/Read Me.txt
  artifactKey: Guid(b1d65c2ed731f744995273961e0e429e) Importer(815301076,1909f56bfc062723c751e8b465ee728b)
Start importing Assets/DreamOS - Complete OS UI/Read Me.txt using Guid(b1d65c2ed731f744995273961e0e429e) Importer(815301076,1909f56bfc062723c751e8b465ee728b)  -> (artifact id: '9ea2ae55e4673e2f5125be5d57737fd7') in 0.020081 seconds 
