Using pre-set license
Built from '2021.3/staging' branch; Version is '2021.3.19f1 (c9714fde33b6) revision 13201743'; Using compiler version '192829333'; Build Type 'Release'
OS: 'Windows 10  (10.0.19044) 64bit Professional' Language: 'fr' Physical Memory: 16250 MB
BatchMode: 1, IsHumanControllingUs: 0, StartBugReporterOnCrash: 0, Is64bit: 1, IsPro: 1

COMMAND LINE ARGUMENTS:
C:\Program Files\Unity\Hub\Editor\2021.3.19f1\Editor\Unity.exe
-adb2
-batchMode
-noUpm
-name
AssetImportWorker12
-projectPath
C:/Users/Thibaud/Documents/Hack-Play/Hack&Play
-logFile
Logs/AssetImportWorker12.log
-srvPort
61319
Successfully changed project path to: C:/Users/Thibaud/Documents/Hack-Play/Hack&Play
C:/Users/Thibaud/Documents/Hack-Play/Hack&Play
[UnityMemory] Configuration Parameters - Can be set up in boot.config
    "memorysetup-bucket-allocator-granularity=16"
    "memorysetup-bucket-allocator-bucket-count=8"
    "memorysetup-bucket-allocator-block-size=33554432"
    "memorysetup-bucket-allocator-block-count=8"
    "memorysetup-main-allocator-block-size=16777216"
    "memorysetup-thread-allocator-block-size=16777216"
    "memorysetup-gfx-main-allocator-block-size=16777216"
    "memorysetup-gfx-thread-allocator-block-size=16777216"
    "memorysetup-cache-allocator-block-size=4194304"
    "memorysetup-typetree-allocator-block-size=2097152"
    "memorysetup-profiler-bucket-allocator-granularity=16"
    "memorysetup-profiler-bucket-allocator-bucket-count=8"
    "memorysetup-profiler-bucket-allocator-block-size=33554432"
    "memorysetup-profiler-bucket-allocator-block-count=8"
    "memorysetup-profiler-allocator-block-size=16777216"
    "memorysetup-profiler-editor-allocator-block-size=1048576"
    "memorysetup-temp-allocator-size-main=16777216"
    "memorysetup-job-temp-allocator-block-size=2097152"
    "memorysetup-job-temp-allocator-block-size-background=1048576"
    "memorysetup-job-temp-allocator-reduction-small-platforms=262144"
    "memorysetup-temp-allocator-size-background-worker=32768"
    "memorysetup-temp-allocator-size-job-worker=262144"
    "memorysetup-temp-allocator-size-preload-manager=33554432"
    "memorysetup-temp-allocator-size-nav-mesh-worker=65536"
    "memorysetup-temp-allocator-size-audio-worker=65536"
    "memorysetup-temp-allocator-size-cloud-worker=32768"
    "memorysetup-temp-allocator-size-gi-baking-worker=262144"
    "memorysetup-temp-allocator-size-gfx=262144"
Player connection [13996] Host "[IP] 192.168.0.12 [Port] 0 [Flags] 2 [Guid] 2709714658 [EditorId] 2709714658 [Version] 1048832 [Id] WindowsEditor(7,DESKTOP-MGUKO82) [Debug] 1 [PackageName] WindowsEditor [ProjectName] Editor" joined multi-casting on [225.0.0.222:54997]...

Player connection [13996] Host "[IP] 192.168.0.12 [Port] 0 [Flags] 2 [Guid] 2709714658 [EditorId] 2709714658 [Version] 1048832 [Id] WindowsEditor(7,DESKTOP-MGUKO82) [Debug] 1 [PackageName] WindowsEditor [ProjectName] Editor" joined alternative multi-casting on [225.0.0.222:34997]...

Refreshing native plugins compatible for Editor in 111.56 ms, found 3 plugins.
Preloading 0 native plugins for Editor in 0.00 ms.
Initialize engine version: 2021.3.19f1 (c9714fde33b6)
[Subsystems] Discovering subsystems at path C:/Program Files/Unity/Hub/Editor/2021.3.19f1/Editor/Data/Resources/UnitySubsystems
[Subsystems] Discovering subsystems at path C:/Users/Thibaud/Documents/Hack-Play/Hack&Play/Assets
GfxDevice: creating device client; threaded=0; jobified=0
Direct3D:
    Version:  Direct3D 11.0 [level 11.1]
    Renderer: NVIDIA GeForce RTX 2060 (ID=0x1f15)
    Vendor:   NVIDIA
    VRAM:     5980 MB
    Driver:   31.0.15.1700
Initialize mono
Mono path[0] = 'C:/Program Files/Unity/Hub/Editor/2021.3.19f1/Editor/Data/Managed'
Mono path[1] = 'C:/Program Files/Unity/Hub/Editor/2021.3.19f1/Editor/Data/MonoBleedingEdge/lib/mono/unityjit-win32'
Mono config path = 'C:/Program Files/Unity/Hub/Editor/2021.3.19f1/Editor/Data/MonoBleedingEdge/etc'
Using monoOptions --debugger-agent=transport=dt_socket,embedding=1,server=y,suspend=n,address=127.0.0.1:56612
Begin MonoManager ReloadAssembly
Registering precompiled unity dll's ...
Register platform support module: C:/Program Files/Unity/Hub/Editor/2021.3.19f1/Editor/Data/PlaybackEngines/AndroidPlayer/UnityEditor.Android.Extensions.dll
Register platform support module: C:/Program Files/Unity/Hub/Editor/2021.3.19f1/Editor/Data/PlaybackEngines/iOSSupport/UnityEditor.iOS.Extensions.dll
Register platform support module: C:/Program Files/Unity/Hub/Editor/2021.3.19f1/Editor/Data/PlaybackEngines/WindowsStandaloneSupport/UnityEditor.WindowsStandalone.Extensions.dll
Registered in 0.007129 seconds.
Native extension for WindowsStandalone target not found
[usbmuxd] Start listen thread
[usbmuxd] Listen thread started
Native extension for iOS target not found
Native extension for Android target not found
Android Extension - Scanning For ADB Devices 224 ms
Refreshing native plugins compatible for Editor in 96.03 ms, found 3 plugins.
Preloading 0 native plugins for Editor in 0.00 ms.
Mono: successfully reloaded assembly
- Completed reload, in  0.853 seconds
Domain Reload Profiling:
	ReloadAssembly (853ms)
		BeginReloadAssembly (67ms)
			ExecutionOrderSort (0ms)
			DisableScriptedObjects (0ms)
			BackupInstance (0ms)
			ReleaseScriptingObjects (0ms)
			CreateAndSetChildDomain (1ms)
		EndReloadAssembly (684ms)
			LoadAssemblies (65ms)
			RebuildTransferFunctionScriptingTraits (0ms)
			SetupTypeCache (96ms)
			ReleaseScriptCaches (0ms)
			RebuildScriptCaches (27ms)
			SetupLoadedEditorAssemblies (517ms)
				LogAssemblyErrors (0ms)
				InitializePlatformSupportModulesInManaged (304ms)
				SetLoadedEditorAssemblies (0ms)
				RefreshPlugins (96ms)
				BeforeProcessingInitializeOnLoad (1ms)
				ProcessInitializeOnLoadAttributes (78ms)
				ProcessInitializeOnLoadMethodAttributes (38ms)
				AfterProcessingInitializeOnLoad (0ms)
				EditorAssembliesLoaded (0ms)
			ExecutionOrderSort2 (0ms)
			AwakeInstancesAfterBackupRestoration (0ms)
Platform modules already initialized, skipping
Registering precompiled user dll's ...
Registered in 0.005569 seconds.
Begin MonoManager ReloadAssembly
Symbol file LoadedFromMemory doesn't match image C:\Users\Thibaud\Documents\Hack-Play\Hack&Play\Library\PackageCache\com.unity.visualscripting@1.8.0\Editor\VisualScripting.Core\Dependencies\YamlDotNet\Unity.VisualScripting.YamlDotNet.dll
Symbol file LoadedFromMemory doesn't match image C:\Users\Thibaud\Documents\Hack-Play\Hack&Play\Library\PackageCache\com.unity.visualscripting@1.8.0\Editor\VisualScripting.Core\Dependencies\DotNetZip\Unity.VisualScripting.IonicZip.dll
Native extension for WindowsStandalone target not found
Native extension for iOS target not found
Native extension for Android target not found
Refreshing native plugins compatible for Editor in 0.72 ms, found 3 plugins.
Preloading 0 native plugins for Editor in 0.00 ms.
Mono: successfully reloaded assembly
- Completed reload, in  0.895 seconds
Domain Reload Profiling:
	ReloadAssembly (896ms)
		BeginReloadAssembly (94ms)
			ExecutionOrderSort (0ms)
			DisableScriptedObjects (6ms)
			BackupInstance (0ms)
			ReleaseScriptingObjects (0ms)
			CreateAndSetChildDomain (17ms)
		EndReloadAssembly (696ms)
			LoadAssemblies (67ms)
			RebuildTransferFunctionScriptingTraits (0ms)
			SetupTypeCache (228ms)
			ReleaseScriptCaches (0ms)
			RebuildScriptCaches (43ms)
			SetupLoadedEditorAssemblies (303ms)
				LogAssemblyErrors (0ms)
				InitializePlatformSupportModulesInManaged (22ms)
				SetLoadedEditorAssemblies (0ms)
				RefreshPlugins (1ms)
				BeforeProcessingInitializeOnLoad (75ms)
				ProcessInitializeOnLoadAttributes (180ms)
				ProcessInitializeOnLoadMethodAttributes (17ms)
				AfterProcessingInitializeOnLoad (7ms)
				EditorAssembliesLoaded (0ms)
			ExecutionOrderSort2 (0ms)
			AwakeInstancesAfterBackupRestoration (6ms)
Platform modules already initialized, skipping
========================================================================
Worker process is ready to serve import requests
Launched and connected shader compiler UnityShaderCompiler.exe after 0.03 seconds
Refreshing native plugins compatible for Editor in 0.89 ms, found 3 plugins.
Preloading 0 native plugins for Editor in 0.00 ms.
Unloading 3049 Unused Serialized files (Serialized files now loaded: 0)
Unloading 24 unused Assets / (114.1 KB). Loaded Objects now: 3516.
Memory consumption went from 111.8 MB to 111.7 MB.
Total: 2.645600 ms (FindLiveObjects: 0.230600 ms CreateObjectMapping: 0.189000 ms MarkObjects: 2.119300 ms  DeleteObjects: 0.106100 ms)

AssetImportParameters requested are different than current active one (requested -> active):
  custom:video-decoder-ogg-theora: a1e56fd34408186e4bbccfd4996cb3dc -> 
  custom:container-muxer-webm: aa71ff27fc2769a1b78a27578f13a17b -> 
  custom:container-demuxer-webm: 4f35f7cbe854078d1ac9338744f61a02 -> 
  custom:video-encoder-webm-vp8: eb34c28f22e8b96e1ab97ce403110664 -> 
  custom:audio-encoder-webm-vorbis: bf7c407c2cedff20999df2af8eb42d56 -> 
  custom:framework-win-MediaFoundation: 216162199b28c13a410421893ffa2e32 -> 
  custom:container-demuxer-ogg: 62fdf1f143b41e24485cea50d1cbac27 -> 
  custom:video-decoder-webm-vp8: 9c59270c3fd7afecdb556c50c9e8de78 -> 
  custom:audio-decoder-ogg-vorbis: bf7c407c2cedff20999df2af8eb42d56 -> 
========================================================================
Received Import Request.
  Time since last request: 616783.054761 seconds.
  path: Assets/PolygonSciFiCity/Prefabs/Characters/FixedScaleCharacters/Character_Alien_Male_01.prefab
  artifactKey: Guid(9d6944272ca1ef448a6c08e77fec10f0) Importer(815301076,1909f56bfc062723c751e8b465ee728b)
Start importing Assets/PolygonSciFiCity/Prefabs/Characters/FixedScaleCharacters/Character_Alien_Male_01.prefab using Guid(9d6944272ca1ef448a6c08e77fec10f0) Importer(815301076,1909f56bfc062723c751e8b465ee728b)  -> (artifact id: 'a183561ddcbd21cc76de45f51e67f023') in 0.270560 seconds 
========================================================================
Received Import Request.
  Time since last request: 0.000035 seconds.
  path: Assets/PolygonSciFiCity/Prefabs/Characters/Character_Cyber_Male_01.prefab
  artifactKey: Guid(4ec55b0fc5a631142b1505018530d38b) Importer(815301076,1909f56bfc062723c751e8b465ee728b)
Start importing Assets/PolygonSciFiCity/Prefabs/Characters/Character_Cyber_Male_01.prefab using Guid(4ec55b0fc5a631142b1505018530d38b) Importer(815301076,1909f56bfc062723c751e8b465ee728b)  -> (artifact id: '5028b3f25403d7e81d29be0158b27eae') in 0.066916 seconds 
========================================================================
Received Import Request.
  Time since last request: 0.000033 seconds.
  path: Assets/PolygonSciFiCity/Prefabs/Characters/Character_Hacker_Female_01.prefab
  artifactKey: Guid(200bc6ccceeac474080a49c821b89775) Importer(815301076,1909f56bfc062723c751e8b465ee728b)
Start importing Assets/PolygonSciFiCity/Prefabs/Characters/Character_Hacker_Female_01.prefab using Guid(200bc6ccceeac474080a49c821b89775) Importer(815301076,1909f56bfc062723c751e8b465ee728b)  -> (artifact id: '860645d5fa0e63a598643c2116fd7706') in 0.049502 seconds 
========================================================================
Received Import Request.
  Time since last request: 0.000020 seconds.
  path: Assets/PolygonSciFiCity/Prefabs/Characters/FixedScaleCharacters/Character_Hologram_Female_01.prefab
  artifactKey: Guid(da563cdca29e92d4ab32c3331d2db540) Importer(815301076,1909f56bfc062723c751e8b465ee728b)
Start importing Assets/PolygonSciFiCity/Prefabs/Characters/FixedScaleCharacters/Character_Hologram_Female_01.prefab using Guid(da563cdca29e92d4ab32c3331d2db540) Importer(815301076,1909f56bfc062723c751e8b465ee728b)  -> (artifact id: '5335251489af98c86eb8b098a1f20257') in 0.058638 seconds 
========================================================================
Received Import Request.
  Time since last request: 0.000038 seconds.
  path: Assets/PolygonSciFiCity/Prefabs/Characters/FixedScaleCharacters/Character_Cop_01.prefab
  artifactKey: Guid(80a5aa5d3c514d842841d031ae24d8e1) Importer(815301076,1909f56bfc062723c751e8b465ee728b)
Start importing Assets/PolygonSciFiCity/Prefabs/Characters/FixedScaleCharacters/Character_Cop_01.prefab using Guid(80a5aa5d3c514d842841d031ae24d8e1) Importer(815301076,1909f56bfc062723c751e8b465ee728b)  -> (artifact id: 'cc660b93ed775ab43369405adcb86025') in 0.054324 seconds 
========================================================================
Received Import Request.
  Time since last request: 0.000019 seconds.
  path: Assets/PolygonSciFiCity/Prefabs/Characters/FixedScaleCharacters/Character_CyborgNinja_01.prefab
  artifactKey: Guid(9173cd04cd0fa7d478bdcc707b3aab84) Importer(815301076,1909f56bfc062723c751e8b465ee728b)
Start importing Assets/PolygonSciFiCity/Prefabs/Characters/FixedScaleCharacters/Character_CyborgNinja_01.prefab using Guid(9173cd04cd0fa7d478bdcc707b3aab84) Importer(815301076,1909f56bfc062723c751e8b465ee728b)  -> (artifact id: '5bc5bd67913f26912f75fb8a46154336') in 0.055052 seconds 
========================================================================
Received Import Request.
  Time since last request: 0.000027 seconds.
  path: Assets/PolygonGangWarfare/Models/SM_Prop_CompanySign_01_Convex.asset
  artifactKey: Guid(65ca2118910b0584aabfd0085639a56a) Importer(815301076,1909f56bfc062723c751e8b465ee728b)
Start importing Assets/PolygonGangWarfare/Models/SM_Prop_CompanySign_01_Convex.asset using Guid(65ca2118910b0584aabfd0085639a56a) Importer(815301076,1909f56bfc062723c751e8b465ee728b)  -> (artifact id: '4155b28e68e4aa35d51dc1eedc73a2c8') in 0.036393 seconds 
========================================================================
Received Import Request.
  Time since last request: 0.000036 seconds.
  path: Assets/PolygonSciFiCity/Prefabs/Characters/FixedScaleCharacters/Character_Android_Female_01.prefab
  artifactKey: Guid(35b2f23f35e445a4ab2e58c5310d87bd) Importer(815301076,1909f56bfc062723c751e8b465ee728b)
Start importing Assets/PolygonSciFiCity/Prefabs/Characters/FixedScaleCharacters/Character_Android_Female_01.prefab using Guid(35b2f23f35e445a4ab2e58c5310d87bd) Importer(815301076,1909f56bfc062723c751e8b465ee728b)  -> (artifact id: 'a03ce1c4063d38d417179521ec918a2a') in 0.066135 seconds 
========================================================================
Received Import Request.
  Time since last request: 7.047771 seconds.
  path: Assets/SimpleShopInteriors/_Scenes
  artifactKey: Guid(7726adc69aaa9db4b88f90c66c6fa35f) Importer(815301076,1909f56bfc062723c751e8b465ee728b)
Start importing Assets/SimpleShopInteriors/_Scenes using Guid(7726adc69aaa9db4b88f90c66c6fa35f) Importer(815301076,1909f56bfc062723c751e8b465ee728b)  -> (artifact id: '270a110919b33a4dc070c5c3e12470f6') in 0.005811 seconds 
========================================================================
Received Import Request.
  Time since last request: 9.044284 seconds.
  path: Assets/SimpleShopInteriors/_prefabs/Props/SI_Prop_FastfoodTray_01.prefab
  artifactKey: Guid(cc653bb519e03774d9b9569addb9bffc) Importer(815301076,1909f56bfc062723c751e8b465ee728b)
Start importing Assets/SimpleShopInteriors/_prefabs/Props/SI_Prop_FastfoodTray_01.prefab using Guid(cc653bb519e03774d9b9569addb9bffc) Importer(815301076,1909f56bfc062723c751e8b465ee728b)  -> (artifact id: '759f2f196e897882884eb68940d604e0') in 0.037268 seconds 
========================================================================
Received Import Request.
  Time since last request: 0.000031 seconds.
  path: Assets/SimpleShopInteriors/_prefabs/Props/SI_Prop_Freezer_02.prefab
  artifactKey: Guid(7278d7d447c2c014880f85c8a6f83716) Importer(815301076,1909f56bfc062723c751e8b465ee728b)
Start importing Assets/SimpleShopInteriors/_prefabs/Props/SI_Prop_Freezer_02.prefab using Guid(7278d7d447c2c014880f85c8a6f83716) Importer(815301076,1909f56bfc062723c751e8b465ee728b)  -> (artifact id: '9fb47503084446a89903bcf454bc066f') in 0.029794 seconds 
========================================================================
Received Import Request.
  Time since last request: 0.000014 seconds.
  path: Assets/SimpleShopInteriors/_prefabs/Props/SI_Prop_FriesHeater_02.prefab
  artifactKey: Guid(cafefc111a6a4a044b75192727f42654) Importer(815301076,1909f56bfc062723c751e8b465ee728b)
Start importing Assets/SimpleShopInteriors/_prefabs/Props/SI_Prop_FriesHeater_02.prefab using Guid(cafefc111a6a4a044b75192727f42654) Importer(815301076,1909f56bfc062723c751e8b465ee728b)  -> (artifact id: '24924a943863ae9872cb7a2e36cf9171') in 0.015037 seconds 
========================================================================
Received Import Request.
  Time since last request: 0.006175 seconds.
  path: Assets/SimpleShopInteriors/_prefabs/Props/SI_Prop_Instrument_Guitar_01.prefab
  artifactKey: Guid(707089743827e3d479c296f4140e8e2a) Importer(815301076,1909f56bfc062723c751e8b465ee728b)
Start importing Assets/SimpleShopInteriors/_prefabs/Props/SI_Prop_Instrument_Guitar_01.prefab using Guid(707089743827e3d479c296f4140e8e2a) Importer(815301076,1909f56bfc062723c751e8b465ee728b)  -> (artifact id: '22ad9d2b670c39c76eb31cd694a712e1') in 0.013422 seconds 
========================================================================
Received Import Request.
  Time since last request: 0.000021 seconds.
  path: Assets/SimpleShopInteriors/_prefabs/Props/SI_Prop_Magazines_02.prefab
  artifactKey: Guid(2c4e8a547926efd47854ebf41e73548d) Importer(815301076,1909f56bfc062723c751e8b465ee728b)
Start importing Assets/SimpleShopInteriors/_prefabs/Props/SI_Prop_Magazines_02.prefab using Guid(2c4e8a547926efd47854ebf41e73548d) Importer(815301076,1909f56bfc062723c751e8b465ee728b)  -> (artifact id: 'e2e44f9390f85aaabd3c51da337047db') in 0.022345 seconds 
========================================================================
Received Import Request.
  Time since last request: 0.000058 seconds.
  path: Assets/SimpleShopInteriors/_prefabs/Props/SI_Prop_LaptopShelf_01.prefab
  artifactKey: Guid(b92717f71c7b2824fbff73f50652f92b) Importer(815301076,1909f56bfc062723c751e8b465ee728b)
Start importing Assets/SimpleShopInteriors/_prefabs/Props/SI_Prop_LaptopShelf_01.prefab using Guid(b92717f71c7b2824fbff73f50652f92b) Importer(815301076,1909f56bfc062723c751e8b465ee728b)  -> (artifact id: '074d784cf8a84db7b5bd235828138e33') in 0.022954 seconds 
========================================================================
Received Import Request.
  Time since last request: 0.000015 seconds.
  path: Assets/SimpleShopInteriors/_prefabs/Props/SI_Prop_JanitorCart_02.prefab
  artifactKey: Guid(4405ccd52e338094f98a8ebb0bae5b9d) Importer(815301076,1909f56bfc062723c751e8b465ee728b)
Start importing Assets/SimpleShopInteriors/_prefabs/Props/SI_Prop_JanitorCart_02.prefab using Guid(4405ccd52e338094f98a8ebb0bae5b9d) Importer(815301076,1909f56bfc062723c751e8b465ee728b)  -> (artifact id: 'be42458a655c8fa71aa9b9d77b377602') in 0.015899 seconds 
========================================================================
Received Import Request.
  Time since last request: 1.414649 seconds.
  path: Assets/SimpleShopInteriors/_prefabs/Props/SI_Prop_Mannequin_02.prefab
  artifactKey: Guid(4f40f79588e5b1f41933954728aaf0cd) Importer(815301076,1909f56bfc062723c751e8b465ee728b)
Start importing Assets/SimpleShopInteriors/_prefabs/Props/SI_Prop_Mannequin_02.prefab using Guid(4f40f79588e5b1f41933954728aaf0cd) Importer(815301076,1909f56bfc062723c751e8b465ee728b)  -> (artifact id: 'fb8ec22a0220b2ca51064272128b9e6b') in 0.017226 seconds 
========================================================================
Received Import Request.
  Time since last request: 0.000013 seconds.
  path: Assets/SimpleShopInteriors/_prefabs/Props/SI_Prop_MoneyStack_01.prefab
  artifactKey: Guid(f7f4a61f1f4fb3d479f973637327852a) Importer(815301076,1909f56bfc062723c751e8b465ee728b)
Start importing Assets/SimpleShopInteriors/_prefabs/Props/SI_Prop_MoneyStack_01.prefab using Guid(f7f4a61f1f4fb3d479f973637327852a) Importer(815301076,1909f56bfc062723c751e8b465ee728b)  -> (artifact id: '79a075a1d03111d62040e5d41f9c5937') in 0.014299 seconds 
========================================================================
Received Import Request.
  Time since last request: 0.000018 seconds.
  path: Assets/SimpleShopInteriors/_prefabs/Props/SI_Prop_MoneyStack_02.prefab
  artifactKey: Guid(ead603463cadc7249877cffd50b1f9e9) Importer(815301076,1909f56bfc062723c751e8b465ee728b)
Start importing Assets/SimpleShopInteriors/_prefabs/Props/SI_Prop_MoneyStack_02.prefab using Guid(ead603463cadc7249877cffd50b1f9e9) Importer(815301076,1909f56bfc062723c751e8b465ee728b)  -> (artifact id: '68cbcb3be8ab4d8450e351b9408bdd2c') in 0.017803 seconds 
========================================================================
Received Import Request.
  Time since last request: 0.000016 seconds.
  path: Assets/SimpleShopInteriors/_prefabs/Props/SI_Prop_NecklaceDisplay_01.prefab
  artifactKey: Guid(b7f4679a8cefd49479f3595fb9140170) Importer(815301076,1909f56bfc062723c751e8b465ee728b)
Start importing Assets/SimpleShopInteriors/_prefabs/Props/SI_Prop_NecklaceDisplay_01.prefab using Guid(b7f4679a8cefd49479f3595fb9140170) Importer(815301076,1909f56bfc062723c751e8b465ee728b)  -> (artifact id: '2575c7d9f1bc3a2d2ffc4cc312a2d357') in 0.016547 seconds 
========================================================================
Received Import Request.
  Time since last request: 0.000021 seconds.
  path: Assets/SimpleShopInteriors/_prefabs/Props/SI_Prop_PriceTag_02.prefab
  artifactKey: Guid(24b38f7ac89dd73499b569b41ff283b6) Importer(815301076,1909f56bfc062723c751e8b465ee728b)
Start importing Assets/SimpleShopInteriors/_prefabs/Props/SI_Prop_PriceTag_02.prefab using Guid(24b38f7ac89dd73499b569b41ff283b6) Importer(815301076,1909f56bfc062723c751e8b465ee728b)  -> (artifact id: '5af165f768c99d6d984a71d8d0014fe5') in 0.017129 seconds 
========================================================================
Received Import Request.
  Time since last request: 0.000047 seconds.
  path: Assets/SimpleShopInteriors/_prefabs/Props/SI_Prop_RecordPlayer.prefab
  artifactKey: Guid(501ce3862374cfb4f9aff64bfe063e68) Importer(815301076,1909f56bfc062723c751e8b465ee728b)
Start importing Assets/SimpleShopInteriors/_prefabs/Props/SI_Prop_RecordPlayer.prefab using Guid(501ce3862374cfb4f9aff64bfe063e68) Importer(815301076,1909f56bfc062723c751e8b465ee728b)  -> (artifact id: '8d7b6cf645c40d2e290acef16a6ae08e') in 0.015887 seconds 
========================================================================
Received Import Request.
  Time since last request: 0.000023 seconds.
  path: Assets/SimpleShopInteriors/_prefabs/Props/SI_Prop_ProduceSection_02.prefab
  artifactKey: Guid(b9c56918453853d4da8755db3d98eb4d) Importer(815301076,1909f56bfc062723c751e8b465ee728b)
Start importing Assets/SimpleShopInteriors/_prefabs/Props/SI_Prop_ProduceSection_02.prefab using Guid(b9c56918453853d4da8755db3d98eb4d) Importer(815301076,1909f56bfc062723c751e8b465ee728b)  -> (artifact id: 'f0b0d03361b40186c4e9f07c7c764926') in 0.015711 seconds 
========================================================================
Received Import Request.
  Time since last request: 0.000015 seconds.
  path: Assets/SimpleShopInteriors/_prefabs/Props/SI_Prop_ProduceSection_05.prefab
  artifactKey: Guid(3cae53a471a1c67489b19eb9adf7e769) Importer(815301076,1909f56bfc062723c751e8b465ee728b)
Start importing Assets/SimpleShopInteriors/_prefabs/Props/SI_Prop_ProduceSection_05.prefab using Guid(3cae53a471a1c67489b19eb9adf7e769) Importer(815301076,1909f56bfc062723c751e8b465ee728b)  -> (artifact id: '96f7e4d6ddf61b281409d5354b7241be') in 0.013737 seconds 
========================================================================
Received Import Request.
  Time since last request: 0.000022 seconds.
  path: Assets/SimpleShopInteriors/_prefabs/Props/SI_Prop_PriceTag_03.prefab
  artifactKey: Guid(cbf219ff10a31b54186f78b4339e3d37) Importer(815301076,1909f56bfc062723c751e8b465ee728b)
Start importing Assets/SimpleShopInteriors/_prefabs/Props/SI_Prop_PriceTag_03.prefab using Guid(cbf219ff10a31b54186f78b4339e3d37) Importer(815301076,1909f56bfc062723c751e8b465ee728b)  -> (artifact id: '18d041b7427810070c86d6549f659a71') in 0.021333 seconds 
========================================================================
Received Import Request.
  Time since last request: 0.000016 seconds.
  path: Assets/SimpleShopInteriors/_prefabs/Props/SI_Prop_NecklaceDisplay_05.prefab
  artifactKey: Guid(f52305ebd52a6864b8b990637a290c75) Importer(815301076,1909f56bfc062723c751e8b465ee728b)
Start importing Assets/SimpleShopInteriors/_prefabs/Props/SI_Prop_NecklaceDisplay_05.prefab using Guid(f52305ebd52a6864b8b990637a290c75) Importer(815301076,1909f56bfc062723c751e8b465ee728b)  -> (artifact id: '807140a46d0280fd8c63c70b308c607f') in 0.016441 seconds 
========================================================================
Received Import Request.
  Time since last request: 0.000015 seconds.
  path: Assets/SimpleShopInteriors/_prefabs/Props/SI_Prop_Mirror_01.prefab
  artifactKey: Guid(951549265e839d14a9fd82fe7e2af3b0) Importer(815301076,1909f56bfc062723c751e8b465ee728b)
Start importing Assets/SimpleShopInteriors/_prefabs/Props/SI_Prop_Mirror_01.prefab using Guid(951549265e839d14a9fd82fe7e2af3b0) Importer(815301076,1909f56bfc062723c751e8b465ee728b)  -> (artifact id: '6488dc94006056ee99770f64ea10042d') in 0.018234 seconds 
========================================================================
Received Import Request.
  Time since last request: 0.897343 seconds.
  path: Assets/SimpleShopInteriors/_prefabs/Props/SI_Prop_Ring_01.prefab
  artifactKey: Guid(2e1e2392bfc8b6540bd2cb4e7d3b2611) Importer(815301076,1909f56bfc062723c751e8b465ee728b)
Start importing Assets/SimpleShopInteriors/_prefabs/Props/SI_Prop_Ring_01.prefab using Guid(2e1e2392bfc8b6540bd2cb4e7d3b2611) Importer(815301076,1909f56bfc062723c751e8b465ee728b)  -> (artifact id: 'cc6ed796a9ee8a5a60677db930d61d23') in 0.029373 seconds 
========================================================================
Received Import Request.
  Time since last request: 0.000017 seconds.
  path: Assets/SimpleShopInteriors/_prefabs/Props/SI_Prop_Shelf_08.prefab
  artifactKey: Guid(91e2c5e46aab0de419720826bed64ba8) Importer(815301076,1909f56bfc062723c751e8b465ee728b)
Start importing Assets/SimpleShopInteriors/_prefabs/Props/SI_Prop_Shelf_08.prefab using Guid(91e2c5e46aab0de419720826bed64ba8) Importer(815301076,1909f56bfc062723c751e8b465ee728b)  -> (artifact id: '456cb7f0d0df78dc8b13bd640b2b418a') in 0.014529 seconds 
========================================================================
Received Import Request.
  Time since last request: 0.000022 seconds.
  path: Assets/SimpleShopInteriors/_prefabs/Props/SI_Prop_SelfCheckout_02.prefab
  artifactKey: Guid(5b5127d0c4b0ccd46a01e0fceee7ba50) Importer(815301076,1909f56bfc062723c751e8b465ee728b)
Start importing Assets/SimpleShopInteriors/_prefabs/Props/SI_Prop_SelfCheckout_02.prefab using Guid(5b5127d0c4b0ccd46a01e0fceee7ba50) Importer(815301076,1909f56bfc062723c751e8b465ee728b)  -> (artifact id: 'cee21e584df078570a5e88d488c642de') in 0.017023 seconds 
========================================================================
Received Import Request.
  Time since last request: 0.000016 seconds.
  path: Assets/SimpleShopInteriors/_prefabs/Props/SI_Prop_SecurityScanner_01.prefab
  artifactKey: Guid(aee4a106b5d023b44a3cde6c66db3d66) Importer(815301076,1909f56bfc062723c751e8b465ee728b)
Start importing Assets/SimpleShopInteriors/_prefabs/Props/SI_Prop_SecurityScanner_01.prefab using Guid(aee4a106b5d023b44a3cde6c66db3d66) Importer(815301076,1909f56bfc062723c751e8b465ee728b)  -> (artifact id: '9b543ad2cd0a7fb6291b0e852c6fc5f9') in 0.024977 seconds 
========================================================================
Received Import Request.
  Time since last request: 0.000019 seconds.
  path: Assets/SimpleShopInteriors/_prefabs/Props/SI_Prop_Shelf_Freezer_Empty_01.prefab
  artifactKey: Guid(6f42a72df92674441886a67b39905243) Importer(815301076,1909f56bfc062723c751e8b465ee728b)
Start importing Assets/SimpleShopInteriors/_prefabs/Props/SI_Prop_Shelf_Freezer_Empty_01.prefab using Guid(6f42a72df92674441886a67b39905243) Importer(815301076,1909f56bfc062723c751e8b465ee728b)  -> (artifact id: '6c8ffa34d9d59a9d1183db6565de2265') in 0.012648 seconds 
========================================================================
Received Import Request.
  Time since last request: 0.000024 seconds.
  path: Assets/SimpleShopInteriors/_prefabs/Props/SI_Prop_Shelf_Freezer_Preset_01.prefab
  artifactKey: Guid(2b2e50ec6c064cb4e8e5084185024349) Importer(815301076,1909f56bfc062723c751e8b465ee728b)
Start importing Assets/SimpleShopInteriors/_prefabs/Props/SI_Prop_Shelf_Freezer_Preset_01.prefab using Guid(2b2e50ec6c064cb4e8e5084185024349) Importer(815301076,1909f56bfc062723c751e8b465ee728b)  -> (artifact id: '667c0ac48f113267cc61bcc448916185') in 0.017238 seconds 
========================================================================
Received Import Request.
  Time since last request: 0.000022 seconds.
  path: Assets/SimpleShopInteriors/_prefabs/Props/SI_Prop_Shelf_Isle_Preset_01.prefab
  artifactKey: Guid(5652d34baaa688d4bb2f6dc3da4cfe9f) Importer(815301076,1909f56bfc062723c751e8b465ee728b)
Start importing Assets/SimpleShopInteriors/_prefabs/Props/SI_Prop_Shelf_Isle_Preset_01.prefab using Guid(5652d34baaa688d4bb2f6dc3da4cfe9f) Importer(815301076,1909f56bfc062723c751e8b465ee728b)  -> (artifact id: '74426467d2569755e13f61df8ad49146') in 0.018039 seconds 
========================================================================
Received Import Request.
  Time since last request: 0.341296 seconds.
  path: Assets/SimpleShopInteriors/_prefabs/Props/SI_Prop_ShelfItem_01.prefab
  artifactKey: Guid(32ec3c4d7ee765440987a418fe865200) Importer(815301076,1909f56bfc062723c751e8b465ee728b)
Start importing Assets/SimpleShopInteriors/_prefabs/Props/SI_Prop_ShelfItem_01.prefab using Guid(32ec3c4d7ee765440987a418fe865200) Importer(815301076,1909f56bfc062723c751e8b465ee728b)  -> (artifact id: 'dfea64da411fd7f290a36d3242e10916') in 0.018380 seconds 
========================================================================
Received Import Request.
  Time since last request: 0.000021 seconds.
  path: Assets/SimpleShopInteriors/_prefabs/Props/SI_Prop_ShelfItem_19.prefab
  artifactKey: Guid(77ae71e63ac86b345b2702d144199164) Importer(815301076,1909f56bfc062723c751e8b465ee728b)
Start importing Assets/SimpleShopInteriors/_prefabs/Props/SI_Prop_ShelfItem_19.prefab using Guid(77ae71e63ac86b345b2702d144199164) Importer(815301076,1909f56bfc062723c751e8b465ee728b)  -> (artifact id: '368736fa5cd10b6b4f1ff905dce60292') in 0.019018 seconds 
========================================================================
Received Import Request.
  Time since last request: 0.000017 seconds.
  path: Assets/SimpleShopInteriors/_prefabs/Props/SI_Prop_ShelfItem_17.prefab
  artifactKey: Guid(aa4aa2b9acdeae649845e7d790491ccb) Importer(815301076,1909f56bfc062723c751e8b465ee728b)
Start importing Assets/SimpleShopInteriors/_prefabs/Props/SI_Prop_ShelfItem_17.prefab using Guid(aa4aa2b9acdeae649845e7d790491ccb) Importer(815301076,1909f56bfc062723c751e8b465ee728b)  -> (artifact id: '40c1fcfbd173b4f703f1a4d0c02320cc') in 0.016277 seconds 
========================================================================
Received Import Request.
  Time since last request: 0.000016 seconds.
  path: Assets/SimpleShopInteriors/_prefabs/Props/SI_Prop_Shoe_Boots_05.prefab
  artifactKey: Guid(c6f1c743ce093824eac71b7f38a2f883) Importer(815301076,1909f56bfc062723c751e8b465ee728b)
Start importing Assets/SimpleShopInteriors/_prefabs/Props/SI_Prop_Shoe_Boots_05.prefab using Guid(c6f1c743ce093824eac71b7f38a2f883) Importer(815301076,1909f56bfc062723c751e8b465ee728b)  -> (artifact id: '5b8c247c8f06283c787697c22d3aa868') in 0.016285 seconds 
========================================================================
Received Import Request.
  Time since last request: 0.000014 seconds.
  path: Assets/SimpleShopInteriors/_prefabs/Props/SI_Prop_Shoe_Boots_01.prefab
  artifactKey: Guid(49ea1439050ef5245b123127d4082d96) Importer(815301076,1909f56bfc062723c751e8b465ee728b)
Start importing Assets/SimpleShopInteriors/_prefabs/Props/SI_Prop_Shoe_Boots_01.prefab using Guid(49ea1439050ef5245b123127d4082d96) Importer(815301076,1909f56bfc062723c751e8b465ee728b)  -> (artifact id: '66a27c506a2776795b63b8d21aa94eb5') in 0.014314 seconds 
========================================================================
Received Import Request.
  Time since last request: 0.000023 seconds.
  path: Assets/SimpleShopInteriors/_prefabs/Props/SI_Prop_ShelfItem_25.prefab
  artifactKey: Guid(e5c35d7aecb969e458ac4a92ac9dddbd) Importer(815301076,1909f56bfc062723c751e8b465ee728b)
Start importing Assets/SimpleShopInteriors/_prefabs/Props/SI_Prop_ShelfItem_25.prefab using Guid(e5c35d7aecb969e458ac4a92ac9dddbd) Importer(815301076,1909f56bfc062723c751e8b465ee728b)  -> (artifact id: '1731ad45baca8135792597da57de1a89') in 0.013879 seconds 
========================================================================
Received Import Request.
  Time since last request: 0.000022 seconds.
  path: Assets/SimpleShopInteriors/_prefabs/Props/SI_Prop_ShelfItem_26.prefab
  artifactKey: Guid(0f3758e82b72dc84cb83091889a675a2) Importer(815301076,1909f56bfc062723c751e8b465ee728b)
Start importing Assets/SimpleShopInteriors/_prefabs/Props/SI_Prop_ShelfItem_26.prefab using Guid(0f3758e82b72dc84cb83091889a675a2) Importer(815301076,1909f56bfc062723c751e8b465ee728b)  -> (artifact id: '44073a88f7ceffe8858c20452b6035b2') in 0.017853 seconds 
========================================================================
Received Import Request.
  Time since last request: 0.000021 seconds.
  path: Assets/SimpleShopInteriors/_prefabs/Props/SI_Prop_Shirt_Shelf_01.prefab
  artifactKey: Guid(83ae571374d800c47be15f86ee80ad4a) Importer(815301076,1909f56bfc062723c751e8b465ee728b)
Start importing Assets/SimpleShopInteriors/_prefabs/Props/SI_Prop_Shirt_Shelf_01.prefab using Guid(83ae571374d800c47be15f86ee80ad4a) Importer(815301076,1909f56bfc062723c751e8b465ee728b)  -> (artifact id: '6e226008f67a94af45585112a3ac26fd') in 0.012421 seconds 
========================================================================
Received Import Request.
  Time since last request: 0.000016 seconds.
  path: Assets/SimpleShopInteriors/_prefabs/Props/SI_Prop_ShelfItem_06.prefab
  artifactKey: Guid(1e7e90b288b308a4f8165f129666e43f) Importer(815301076,1909f56bfc062723c751e8b465ee728b)
Start importing Assets/SimpleShopInteriors/_prefabs/Props/SI_Prop_ShelfItem_06.prefab using Guid(1e7e90b288b308a4f8165f129666e43f) Importer(815301076,1909f56bfc062723c751e8b465ee728b)  -> (artifact id: 'f501c877e8f9928492db18310bcbc3c5') in 0.016557 seconds 
========================================================================
Received Import Request.
  Time since last request: 0.000036 seconds.
  path: Assets/SimpleShopInteriors/_prefabs/Props/SI_Prop_ShelfItem_21.prefab
  artifactKey: Guid(0fb752c42d0dd6d4aa4e14ad918e2e92) Importer(815301076,1909f56bfc062723c751e8b465ee728b)
Start importing Assets/SimpleShopInteriors/_prefabs/Props/SI_Prop_ShelfItem_21.prefab using Guid(0fb752c42d0dd6d4aa4e14ad918e2e92) Importer(815301076,1909f56bfc062723c751e8b465ee728b)  -> (artifact id: 'a3d64b38a98469dd2c2c110de760c2cb') in 0.017803 seconds 
========================================================================
Received Import Request.
  Time since last request: 0.000023 seconds.
  path: Assets/SimpleShopInteriors/_prefabs/Props/SI_Prop_Shoe_Flipflops_03.prefab
  artifactKey: Guid(8640118cdfd3318489f52689ca044f4a) Importer(815301076,1909f56bfc062723c751e8b465ee728b)
Start importing Assets/SimpleShopInteriors/_prefabs/Props/SI_Prop_Shoe_Flipflops_03.prefab using Guid(8640118cdfd3318489f52689ca044f4a) Importer(815301076,1909f56bfc062723c751e8b465ee728b)  -> (artifact id: 'f640662d6e6c5e5c47b60ff786cda3d0') in 0.013743 seconds 
========================================================================
Received Import Request.
  Time since last request: 0.531248 seconds.
  path: Assets/SimpleShopInteriors/_prefabs/Props/SI_Prop_Shoe_Flipflops_05.prefab
  artifactKey: Guid(b241f0c1c603ca943b3d25c55465a85b) Importer(815301076,1909f56bfc062723c751e8b465ee728b)
Start importing Assets/SimpleShopInteriors/_prefabs/Props/SI_Prop_Shoe_Flipflops_05.prefab using Guid(b241f0c1c603ca943b3d25c55465a85b) Importer(815301076,1909f56bfc062723c751e8b465ee728b)  -> (artifact id: 'b4e779e95ac7b31a6a9fd2b06a16f756') in 0.025840 seconds 
========================================================================
Received Import Request.
  Time since last request: 0.000014 seconds.
  path: Assets/SimpleShopInteriors/_prefabs/Props/SI_Prop_Sign_BurgerAd_01.prefab
  artifactKey: Guid(7b6d3a0792fdb2b4cbab5fae41376878) Importer(815301076,1909f56bfc062723c751e8b465ee728b)
Start importing Assets/SimpleShopInteriors/_prefabs/Props/SI_Prop_Sign_BurgerAd_01.prefab using Guid(7b6d3a0792fdb2b4cbab5fae41376878) Importer(815301076,1909f56bfc062723c751e8b465ee728b)  -> (artifact id: 'fe92d75b321de190385df678c9fac66e') in 0.014866 seconds 
========================================================================
Received Import Request.
  Time since last request: 0.000018 seconds.
  path: Assets/SimpleShopInteriors/_prefabs/Props/SI_Prop_Shoe_Sneakers_03.prefab
  artifactKey: Guid(7da2c8e7b779782408d5432548f9903b) Importer(815301076,1909f56bfc062723c751e8b465ee728b)
Start importing Assets/SimpleShopInteriors/_prefabs/Props/SI_Prop_Shoe_Sneakers_03.prefab using Guid(7da2c8e7b779782408d5432548f9903b) Importer(815301076,1909f56bfc062723c751e8b465ee728b)  -> (artifact id: 'ac1b6a15357347e89794593e3cfc2d56') in 0.015551 seconds 
========================================================================
Received Import Request.
  Time since last request: 0.000022 seconds.
  path: Assets/SimpleShopInteriors/_prefabs/Props/SI_Prop_Sign_Fastfood_01.prefab
  artifactKey: Guid(89aeb0247aec2df48a6b802387d2786c) Importer(815301076,1909f56bfc062723c751e8b465ee728b)
Start importing Assets/SimpleShopInteriors/_prefabs/Props/SI_Prop_Sign_Fastfood_01.prefab using Guid(89aeb0247aec2df48a6b802387d2786c) Importer(815301076,1909f56bfc062723c751e8b465ee728b)  -> (artifact id: '83f81a17461f4fe4b6cc361b19da7829') in 0.014744 seconds 
========================================================================
Received Import Request.
  Time since last request: 0.000014 seconds.
  path: Assets/SimpleShopInteriors/_prefabs/Props/SI_Prop_TrashBins_01.prefab
  artifactKey: Guid(04836fb29173ff341aeb9b2eb6c90eec) Importer(815301076,1909f56bfc062723c751e8b465ee728b)
Start importing Assets/SimpleShopInteriors/_prefabs/Props/SI_Prop_TrashBins_01.prefab using Guid(04836fb29173ff341aeb9b2eb6c90eec) Importer(815301076,1909f56bfc062723c751e8b465ee728b)  -> (artifact id: '74bbfe6b3c021e95a8d5f3aca38d3f6d') in 0.014017 seconds 
========================================================================
Received Import Request.
  Time since last request: 0.000016 seconds.
  path: Assets/SimpleShopInteriors/_prefabs/Props/SI_Prop_SodaDispencer_01.prefab
  artifactKey: Guid(7ed79864a00fd90429f7e6d988efbbb5) Importer(815301076,1909f56bfc062723c751e8b465ee728b)
Start importing Assets/SimpleShopInteriors/_prefabs/Props/SI_Prop_SodaDispencer_01.prefab using Guid(7ed79864a00fd90429f7e6d988efbbb5) Importer(815301076,1909f56bfc062723c751e8b465ee728b)  -> (artifact id: '7ac5930aab82536e7863eef5d0bc84ea') in 0.014207 seconds 
========================================================================
Received Import Request.
  Time since last request: 0.000033 seconds.
  path: Assets/SimpleShopInteriors/_prefabs/Props/SI_Prop_Shoe_Sneakers_04.prefab
  artifactKey: Guid(10d962b0eeaeda2489b4409b56d5969c) Importer(815301076,1909f56bfc062723c751e8b465ee728b)
Start importing Assets/SimpleShopInteriors/_prefabs/Props/SI_Prop_Shoe_Sneakers_04.prefab using Guid(10d962b0eeaeda2489b4409b56d5969c) Importer(815301076,1909f56bfc062723c751e8b465ee728b)  -> (artifact id: '93947fa0c7399acca2ec959c55e8b3b2') in 0.014902 seconds 
========================================================================
Received Import Request.
  Time since last request: 0.000025 seconds.
  path: Assets/SimpleShopInteriors/_prefabs/Props/SI_Prop_Sign_General_01.prefab
  artifactKey: Guid(b3c896cf1d2367348ab67e48fba09b7c) Importer(815301076,1909f56bfc062723c751e8b465ee728b)
Start importing Assets/SimpleShopInteriors/_prefabs/Props/SI_Prop_Sign_General_01.prefab using Guid(b3c896cf1d2367348ab67e48fba09b7c) Importer(815301076,1909f56bfc062723c751e8b465ee728b)  -> (artifact id: '5e7c7a017fe4d3b5294f9fe708243bea') in 0.012808 seconds 
========================================================================
Received Import Request.
  Time since last request: 0.000028 seconds.
  path: Assets/SimpleShopInteriors/_prefabs/Props/SI_Prop_Sign_Jewelry_01.prefab
  artifactKey: Guid(a1b48332687c5a043aa361894c97cc3d) Importer(815301076,1909f56bfc062723c751e8b465ee728b)
Start importing Assets/SimpleShopInteriors/_prefabs/Props/SI_Prop_Sign_Jewelry_01.prefab using Guid(a1b48332687c5a043aa361894c97cc3d) Importer(815301076,1909f56bfc062723c751e8b465ee728b)  -> (artifact id: '086407974adca3eeff0486be8d875b0d') in 0.012673 seconds 
========================================================================
Received Import Request.
  Time since last request: 0.000020 seconds.
  path: Assets/SimpleShopInteriors/_prefabs/Props/SI_Prop_Sign_BurgerAd_02.prefab
  artifactKey: Guid(9b93ce982bc317c43a94ee14f6918720) Importer(815301076,1909f56bfc062723c751e8b465ee728b)
Start importing Assets/SimpleShopInteriors/_prefabs/Props/SI_Prop_Sign_BurgerAd_02.prefab using Guid(9b93ce982bc317c43a94ee14f6918720) Importer(815301076,1909f56bfc062723c751e8b465ee728b)  -> (artifact id: '1b064f1c54808e745387796d7de245fa') in 0.014471 seconds 
========================================================================
Received Import Request.
  Time since last request: 0.000031 seconds.
  path: Assets/SimpleShopInteriors/_prefabs/Props/SI_Prop_Table_01.prefab
  artifactKey: Guid(5dff3aafec77f544c9db4e0ef1b34f37) Importer(815301076,1909f56bfc062723c751e8b465ee728b)
Start importing Assets/SimpleShopInteriors/_prefabs/Props/SI_Prop_Table_01.prefab using Guid(5dff3aafec77f544c9db4e0ef1b34f37) Importer(815301076,1909f56bfc062723c751e8b465ee728b)  -> (artifact id: '35a5801f3119819883221b54752018db') in 0.013482 seconds 
========================================================================
Received Import Request.
  Time since last request: 0.000014 seconds.
  path: Assets/SimpleShopInteriors/_prefabs/Props/SI_Prop_Stereo_03.prefab
  artifactKey: Guid(4b9f6f2530ad8274b838dcf5587340a4) Importer(815301076,1909f56bfc062723c751e8b465ee728b)
Start importing Assets/SimpleShopInteriors/_prefabs/Props/SI_Prop_Stereo_03.prefab using Guid(4b9f6f2530ad8274b838dcf5587340a4) Importer(815301076,1909f56bfc062723c751e8b465ee728b)  -> (artifact id: '372ea046f080993648084708daedf8bc') in 0.013413 seconds 
========================================================================
Received Import Request.
  Time since last request: 0.000017 seconds.
  path: Assets/SimpleShopInteriors/_prefabs/Props/SI_Prop_Shoe_Sneakers_02.prefab
  artifactKey: Guid(bdd634f60b26924448c4764c0429187a) Importer(815301076,1909f56bfc062723c751e8b465ee728b)
Start importing Assets/SimpleShopInteriors/_prefabs/Props/SI_Prop_Shoe_Sneakers_02.prefab using Guid(bdd634f60b26924448c4764c0429187a) Importer(815301076,1909f56bfc062723c751e8b465ee728b)  -> (artifact id: '025c080c2d4822615ea866e62d957e13') in 0.013603 seconds 
========================================================================
Received Import Request.
  Time since last request: 0.000015 seconds.
  path: Assets/SimpleShopInteriors/_prefabs/Props/SI_Prop_Toy_Cat_01.prefab
  artifactKey: Guid(a5cd734eb77ec5d43b2cb81debceb203) Importer(815301076,1909f56bfc062723c751e8b465ee728b)
Start importing Assets/SimpleShopInteriors/_prefabs/Props/SI_Prop_Toy_Cat_01.prefab using Guid(a5cd734eb77ec5d43b2cb81debceb203) Importer(815301076,1909f56bfc062723c751e8b465ee728b)  -> (artifact id: 'dd6ab1aaa2908e6264037c5846f6a897') in 0.012842 seconds 
========================================================================
Received Import Request.
  Time since last request: 5.419583 seconds.
  path: Assets/SimpleShopInteriors/_prefabs/Props/SI_Prop_Vending_Machine.prefab
  artifactKey: Guid(2df0226b588df834d9f324cd8f0f3b66) Importer(815301076,1909f56bfc062723c751e8b465ee728b)
Start importing Assets/SimpleShopInteriors/_prefabs/Props/SI_Prop_Vending_Machine.prefab using Guid(2df0226b588df834d9f324cd8f0f3b66) Importer(815301076,1909f56bfc062723c751e8b465ee728b)  -> (artifact id: 'a0763af318046290b43e3d49922bd4a2') in 0.030583 seconds 
========================================================================
Received Import Request.
  Time since last request: 0.000014 seconds.
  path: Assets/SimpleShopInteriors/_prefabs/Props/SI_Prop_WallDeco_05.prefab
  artifactKey: Guid(4a61fd6dc223e2d49810b4e72cc4bfa6) Importer(815301076,1909f56bfc062723c751e8b465ee728b)
Start importing Assets/SimpleShopInteriors/_prefabs/Props/SI_Prop_WallDeco_05.prefab using Guid(4a61fd6dc223e2d49810b4e72cc4bfa6) Importer(815301076,1909f56bfc062723c751e8b465ee728b)  -> (artifact id: '9f135072284fa263496e5735e997cc9d') in 0.045809 seconds 
Editor requested this worker to shutdown with reason: Scaling down because of idle timeout
AssetImportWorker is now disconnected from the server
Process exiting
Exiting without the bug reporter. Application will terminate with return code 0