Using pre-set license
Built from '2021.3/staging' branch; Version is '2021.3.19f1 (c9714fde33b6) revision 13201743'; Using compiler version '192829333'; Build Type 'Release'
OS: 'Windows 10  (10.0.19044) 64bit Professional' Language: 'fr' Physical Memory: 16250 MB
BatchMode: 1, IsHumanControllingUs: 0, StartBugReporterOnCrash: 0, Is64bit: 1, IsPro: 1

COMMAND LINE ARGUMENTS:
C:\Program Files\Unity\Hub\Editor\2021.3.19f1\Editor\Unity.exe
-adb2
-batchMode
-noUpm
-name
AssetImportWorker13
-projectPath
C:/Users/Thibaud/Documents/Hack-Play/Hack&Play
-logFile
Logs/AssetImportWorker13.log
-srvPort
61319
Successfully changed project path to: C:/Users/Thibaud/Documents/Hack-Play/Hack&Play
C:/Users/Thibaud/Documents/Hack-Play/Hack&Play
[UnityMemory] Configuration Parameters - Can be set up in boot.config
    "memorysetup-bucket-allocator-granularity=16"
    "memorysetup-bucket-allocator-bucket-count=8"
    "memorysetup-bucket-allocator-block-size=33554432"
    "memorysetup-bucket-allocator-block-count=8"
    "memorysetup-main-allocator-block-size=16777216"
    "memorysetup-thread-allocator-block-size=16777216"
    "memorysetup-gfx-main-allocator-block-size=16777216"
    "memorysetup-gfx-thread-allocator-block-size=16777216"
    "memorysetup-cache-allocator-block-size=4194304"
    "memorysetup-typetree-allocator-block-size=2097152"
    "memorysetup-profiler-bucket-allocator-granularity=16"
    "memorysetup-profiler-bucket-allocator-bucket-count=8"
    "memorysetup-profiler-bucket-allocator-block-size=33554432"
    "memorysetup-profiler-bucket-allocator-block-count=8"
    "memorysetup-profiler-allocator-block-size=16777216"
    "memorysetup-profiler-editor-allocator-block-size=1048576"
    "memorysetup-temp-allocator-size-main=16777216"
    "memorysetup-job-temp-allocator-block-size=2097152"
    "memorysetup-job-temp-allocator-block-size-background=1048576"
    "memorysetup-job-temp-allocator-reduction-small-platforms=262144"
    "memorysetup-temp-allocator-size-background-worker=32768"
    "memorysetup-temp-allocator-size-job-worker=262144"
    "memorysetup-temp-allocator-size-preload-manager=33554432"
    "memorysetup-temp-allocator-size-nav-mesh-worker=65536"
    "memorysetup-temp-allocator-size-audio-worker=65536"
    "memorysetup-temp-allocator-size-cloud-worker=32768"
    "memorysetup-temp-allocator-size-gi-baking-worker=262144"
    "memorysetup-temp-allocator-size-gfx=262144"
Player connection [12476] Host "[IP] 192.168.0.12 [Port] 0 [Flags] 2 [Guid] 3056549824 [EditorId] 3056549824 [Version] 1048832 [Id] WindowsEditor(7,DESKTOP-MGUKO82) [Debug] 1 [PackageName] WindowsEditor [ProjectName] Editor" joined multi-casting on [225.0.0.222:54997]...

Player connection [12476] Host "[IP] 192.168.0.12 [Port] 0 [Flags] 2 [Guid] 3056549824 [EditorId] 3056549824 [Version] 1048832 [Id] WindowsEditor(7,DESKTOP-MGUKO82) [Debug] 1 [PackageName] WindowsEditor [ProjectName] Editor" joined alternative multi-casting on [225.0.0.222:34997]...

Refreshing native plugins compatible for Editor in 118.03 ms, found 3 plugins.
Preloading 0 native plugins for Editor in 0.00 ms.
Initialize engine version: 2021.3.19f1 (c9714fde33b6)
[Subsystems] Discovering subsystems at path C:/Program Files/Unity/Hub/Editor/2021.3.19f1/Editor/Data/Resources/UnitySubsystems
[Subsystems] Discovering subsystems at path C:/Users/Thibaud/Documents/Hack-Play/Hack&Play/Assets
GfxDevice: creating device client; threaded=0; jobified=0
Direct3D:
    Version:  Direct3D 11.0 [level 11.1]
    Renderer: NVIDIA GeForce RTX 2060 (ID=0x1f15)
    Vendor:   NVIDIA
    VRAM:     5980 MB
    Driver:   31.0.15.1700
Initialize mono
Mono path[0] = 'C:/Program Files/Unity/Hub/Editor/2021.3.19f1/Editor/Data/Managed'
Mono path[1] = 'C:/Program Files/Unity/Hub/Editor/2021.3.19f1/Editor/Data/MonoBleedingEdge/lib/mono/unityjit-win32'
Mono config path = 'C:/Program Files/Unity/Hub/Editor/2021.3.19f1/Editor/Data/MonoBleedingEdge/etc'
Using monoOptions --debugger-agent=transport=dt_socket,embedding=1,server=y,suspend=n,address=127.0.0.1:56292
Begin MonoManager ReloadAssembly
Registering precompiled unity dll's ...
Register platform support module: C:/Program Files/Unity/Hub/Editor/2021.3.19f1/Editor/Data/PlaybackEngines/AndroidPlayer/UnityEditor.Android.Extensions.dll
Register platform support module: C:/Program Files/Unity/Hub/Editor/2021.3.19f1/Editor/Data/PlaybackEngines/iOSSupport/UnityEditor.iOS.Extensions.dll
Register platform support module: C:/Program Files/Unity/Hub/Editor/2021.3.19f1/Editor/Data/PlaybackEngines/WindowsStandaloneSupport/UnityEditor.WindowsStandalone.Extensions.dll
Registered in 0.007090 seconds.
Native extension for WindowsStandalone target not found
[usbmuxd] Start listen thread
[usbmuxd] Listen thread started
Native extension for iOS target not found
Native extension for Android target not found
Android Extension - Scanning For ADB Devices 224 ms
Refreshing native plugins compatible for Editor in 94.40 ms, found 3 plugins.
Preloading 0 native plugins for Editor in 0.00 ms.
Mono: successfully reloaded assembly
- Completed reload, in  0.859 seconds
Domain Reload Profiling:
	ReloadAssembly (860ms)
		BeginReloadAssembly (63ms)
			ExecutionOrderSort (0ms)
			DisableScriptedObjects (0ms)
			BackupInstance (0ms)
			ReleaseScriptingObjects (0ms)
			CreateAndSetChildDomain (1ms)
		EndReloadAssembly (693ms)
			LoadAssemblies (61ms)
			RebuildTransferFunctionScriptingTraits (0ms)
			SetupTypeCache (98ms)
			ReleaseScriptCaches (0ms)
			RebuildScriptCaches (27ms)
			SetupLoadedEditorAssemblies (522ms)
				LogAssemblyErrors (0ms)
				InitializePlatformSupportModulesInManaged (304ms)
				SetLoadedEditorAssemblies (0ms)
				RefreshPlugins (94ms)
				BeforeProcessingInitializeOnLoad (1ms)
				ProcessInitializeOnLoadAttributes (80ms)
				ProcessInitializeOnLoadMethodAttributes (41ms)
				AfterProcessingInitializeOnLoad (0ms)
				EditorAssembliesLoaded (0ms)
			ExecutionOrderSort2 (0ms)
			AwakeInstancesAfterBackupRestoration (0ms)
Platform modules already initialized, skipping
Registering precompiled user dll's ...
Registered in 0.003910 seconds.
Begin MonoManager ReloadAssembly
Symbol file LoadedFromMemory doesn't match image C:\Users\Thibaud\Documents\Hack-Play\Hack&Play\Library\PackageCache\com.unity.visualscripting@1.8.0\Editor\VisualScripting.Core\Dependencies\YamlDotNet\Unity.VisualScripting.YamlDotNet.dll
Symbol file LoadedFromMemory doesn't match image C:\Users\Thibaud\Documents\Hack-Play\Hack&Play\Library\PackageCache\com.unity.visualscripting@1.8.0\Editor\VisualScripting.Core\Dependencies\DotNetZip\Unity.VisualScripting.IonicZip.dll
Native extension for WindowsStandalone target not found
Native extension for iOS target not found
Native extension for Android target not found
Refreshing native plugins compatible for Editor in 0.71 ms, found 3 plugins.
Preloading 0 native plugins for Editor in 0.00 ms.
Mono: successfully reloaded assembly
- Completed reload, in  0.892 seconds
Domain Reload Profiling:
	ReloadAssembly (893ms)
		BeginReloadAssembly (91ms)
			ExecutionOrderSort (0ms)
			DisableScriptedObjects (5ms)
			BackupInstance (0ms)
			ReleaseScriptingObjects (0ms)
			CreateAndSetChildDomain (16ms)
		EndReloadAssembly (695ms)
			LoadAssemblies (65ms)
			RebuildTransferFunctionScriptingTraits (0ms)
			SetupTypeCache (231ms)
			ReleaseScriptCaches (1ms)
			RebuildScriptCaches (43ms)
			SetupLoadedEditorAssemblies (301ms)
				LogAssemblyErrors (0ms)
				InitializePlatformSupportModulesInManaged (22ms)
				SetLoadedEditorAssemblies (0ms)
				RefreshPlugins (1ms)
				BeforeProcessingInitializeOnLoad (73ms)
				ProcessInitializeOnLoadAttributes (181ms)
				ProcessInitializeOnLoadMethodAttributes (17ms)
				AfterProcessingInitializeOnLoad (7ms)
				EditorAssembliesLoaded (0ms)
			ExecutionOrderSort2 (0ms)
			AwakeInstancesAfterBackupRestoration (6ms)
Platform modules already initialized, skipping
========================================================================
Worker process is ready to serve import requests
Launched and connected shader compiler UnityShaderCompiler.exe after 0.03 seconds
Refreshing native plugins compatible for Editor in 0.79 ms, found 3 plugins.
Preloading 0 native plugins for Editor in 0.00 ms.
Unloading 3049 Unused Serialized files (Serialized files now loaded: 0)
Unloading 24 unused Assets / (114.1 KB). Loaded Objects now: 3516.
Memory consumption went from 111.8 MB to 111.7 MB.
Total: 2.770600 ms (FindLiveObjects: 0.214600 ms CreateObjectMapping: 0.158700 ms MarkObjects: 2.312800 ms  DeleteObjects: 0.083700 ms)

AssetImportParameters requested are different than current active one (requested -> active):
  custom:video-decoder-ogg-theora: a1e56fd34408186e4bbccfd4996cb3dc -> 
  custom:container-muxer-webm: aa71ff27fc2769a1b78a27578f13a17b -> 
  custom:container-demuxer-webm: 4f35f7cbe854078d1ac9338744f61a02 -> 
  custom:video-encoder-webm-vp8: eb34c28f22e8b96e1ab97ce403110664 -> 
  custom:audio-encoder-webm-vorbis: bf7c407c2cedff20999df2af8eb42d56 -> 
  custom:framework-win-MediaFoundation: 216162199b28c13a410421893ffa2e32 -> 
  custom:container-demuxer-ogg: 62fdf1f143b41e24485cea50d1cbac27 -> 
  custom:video-decoder-webm-vp8: 9c59270c3fd7afecdb556c50c9e8de78 -> 
  custom:audio-decoder-ogg-vorbis: bf7c407c2cedff20999df2af8eb42d56 -> 
========================================================================
Received Import Request.
  Time since last request: 616783.055700 seconds.
  path: Assets/PolygonSciFiCity/Models/FixedScaleCharacters/Characters.fbx
  artifactKey: Guid(4cf8e35218228c74e87ae151b5dc4516) Importer(815301076,1909f56bfc062723c751e8b465ee728b)
Start importing Assets/PolygonSciFiCity/Models/FixedScaleCharacters/Characters.fbx using Guid(4cf8e35218228c74e87ae151b5dc4516) Importer(815301076,1909f56bfc062723c751e8b465ee728b)  -> (artifact id: '14da78e15c86120ffbd4b4e258cb0ae8') in 0.428195 seconds 
========================================================================
Received Import Request.
  Time since last request: 0.000038 seconds.
  path: Assets/PolygonSciFiCity/Prefabs/Characters/FixedScaleCharacters/Character_Cyber_Male_01.prefab
  artifactKey: Guid(0f9ccd71741ee50488626ad04bd719f9) Importer(815301076,1909f56bfc062723c751e8b465ee728b)
Start importing Assets/PolygonSciFiCity/Prefabs/Characters/FixedScaleCharacters/Character_Cyber_Male_01.prefab using Guid(0f9ccd71741ee50488626ad04bd719f9) Importer(815301076,1909f56bfc062723c751e8b465ee728b)  -> (artifact id: '522bdbcbb46221ca6fa555247784cf36') in 0.082622 seconds 
========================================================================
Received Import Request.
  Time since last request: 0.000058 seconds.
  path: Assets/SimpleShopInteriors/_Models/Props/SI_Prop_Sign_Welcome_01.fbx
  artifactKey: Guid(c3694c2dc28d654499a8dd002723dfc0) Importer(815301076,1909f56bfc062723c751e8b465ee728b)
Start importing Assets/SimpleShopInteriors/_Models/Props/SI_Prop_Sign_Welcome_01.fbx using Guid(c3694c2dc28d654499a8dd002723dfc0) Importer(815301076,1909f56bfc062723c751e8b465ee728b)  -> (artifact id: '6344a7f0fa179157c376665d058b75d9') in 0.015208 seconds 
========================================================================
Received Import Request.
  Time since last request: 0.000034 seconds.
  path: Assets/PolygonSciFiCity/Prefabs/Characters/Character_CyberPunk_Male_01.prefab
  artifactKey: Guid(c9751ce6917e9a34fa65260bace8c38a) Importer(815301076,1909f56bfc062723c751e8b465ee728b)
Start importing Assets/PolygonSciFiCity/Prefabs/Characters/Character_CyberPunk_Male_01.prefab using Guid(c9751ce6917e9a34fa65260bace8c38a) Importer(815301076,1909f56bfc062723c751e8b465ee728b)  -> (artifact id: 'f165e5fbadb0c1de590ae3d79400884d') in 0.073178 seconds 
========================================================================
Received Import Request.
  Time since last request: 0.000039 seconds.
  path: Assets/PolygonSciFiCity/Prefabs/Characters/Character_Hologram_Female_01.prefab
  artifactKey: Guid(3470766f22e216142aa097c5eaa5a1c1) Importer(815301076,1909f56bfc062723c751e8b465ee728b)
Start importing Assets/PolygonSciFiCity/Prefabs/Characters/Character_Hologram_Female_01.prefab using Guid(3470766f22e216142aa097c5eaa5a1c1) Importer(815301076,1909f56bfc062723c751e8b465ee728b)  -> (artifact id: '19e36e978f483cc251c9e448f2e644f6') in 0.083789 seconds 
========================================================================
Received Import Request.
  Time since last request: 16.102519 seconds.
  path: Assets/SimpleShopInteriors/_prefabs/Props/SI_Prop_FastfoodTray_03.prefab
  artifactKey: Guid(cd249682c88fa6a47a2a415e5d6d56c0) Importer(815301076,1909f56bfc062723c751e8b465ee728b)
Start importing Assets/SimpleShopInteriors/_prefabs/Props/SI_Prop_FastfoodTray_03.prefab using Guid(cd249682c88fa6a47a2a415e5d6d56c0) Importer(815301076,1909f56bfc062723c751e8b465ee728b)  -> (artifact id: 'c48a7c5ea89d6b137ce7e268c32a4213') in 0.037106 seconds 
========================================================================
Received Import Request.
  Time since last request: 0.000023 seconds.
  path: Assets/SimpleShopInteriors/_prefabs/Props/SI_Prop_Freezer_01.prefab
  artifactKey: Guid(222580f4651cff1498462a62e65df5ad) Importer(815301076,1909f56bfc062723c751e8b465ee728b)
Start importing Assets/SimpleShopInteriors/_prefabs/Props/SI_Prop_Freezer_01.prefab using Guid(222580f4651cff1498462a62e65df5ad) Importer(815301076,1909f56bfc062723c751e8b465ee728b)  -> (artifact id: '504374ba4b37129d01247687060ef2c2') in 0.014912 seconds 
========================================================================
Received Import Request.
  Time since last request: 0.000021 seconds.
  path: Assets/SimpleShopInteriors/_prefabs/Props/SI_Prop_IceCreamCounter_01.prefab
  artifactKey: Guid(209ef89a910d3524e8efa4a8d4d7134e) Importer(815301076,1909f56bfc062723c751e8b465ee728b)
Start importing Assets/SimpleShopInteriors/_prefabs/Props/SI_Prop_IceCreamCounter_01.prefab using Guid(209ef89a910d3524e8efa4a8d4d7134e) Importer(815301076,1909f56bfc062723c751e8b465ee728b)  -> (artifact id: 'babd4d8b16142a043c44105037f9dd85') in 0.028931 seconds 
========================================================================
Received Import Request.
  Time since last request: 0.000018 seconds.
  path: Assets/SimpleShopInteriors/_prefabs/Props/SI_Prop_FriesHeater_01.prefab
  artifactKey: Guid(bba24920e0dfb11429f2ea1e0bde1ed3) Importer(815301076,1909f56bfc062723c751e8b465ee728b)
Start importing Assets/SimpleShopInteriors/_prefabs/Props/SI_Prop_FriesHeater_01.prefab using Guid(bba24920e0dfb11429f2ea1e0bde1ed3) Importer(815301076,1909f56bfc062723c751e8b465ee728b)  -> (artifact id: '89c692146529d74570fbc3accaaf8a09') in 0.012748 seconds 
========================================================================
Received Import Request.
  Time since last request: 0.000022 seconds.
  path: Assets/SimpleShopInteriors/_prefabs/Props/SI_Prop_Instrument_Keyboard.prefab
  artifactKey: Guid(1aea92af79af9e742b53262f1a8685bb) Importer(815301076,1909f56bfc062723c751e8b465ee728b)
Start importing Assets/SimpleShopInteriors/_prefabs/Props/SI_Prop_Instrument_Keyboard.prefab using Guid(1aea92af79af9e742b53262f1a8685bb) Importer(815301076,1909f56bfc062723c751e8b465ee728b)  -> (artifact id: '4149d3fcc716e7ab5e2e5588fe6a1573') in 0.015540 seconds 
========================================================================
Received Import Request.
  Time since last request: 0.000029 seconds.
  path: Assets/SimpleShopInteriors/_prefabs/Props/SI_Prop_Mannequin_01.prefab
  artifactKey: Guid(470dc09d488d6174a8613048f7fcd8e0) Importer(815301076,1909f56bfc062723c751e8b465ee728b)
Start importing Assets/SimpleShopInteriors/_prefabs/Props/SI_Prop_Mannequin_01.prefab using Guid(470dc09d488d6174a8613048f7fcd8e0) Importer(815301076,1909f56bfc062723c751e8b465ee728b)  -> (artifact id: '364746aa221047ceb57a206ad167b602') in 0.016498 seconds 
========================================================================
Received Import Request.
  Time since last request: 0.000017 seconds.
  path: Assets/SimpleShopInteriors/_prefabs/Props/SI_Prop_Instrument_Guitar_06.prefab
  artifactKey: Guid(43d983f912e89c948b9a9df7634f30e9) Importer(815301076,1909f56bfc062723c751e8b465ee728b)
Start importing Assets/SimpleShopInteriors/_prefabs/Props/SI_Prop_Instrument_Guitar_06.prefab using Guid(43d983f912e89c948b9a9df7634f30e9) Importer(815301076,1909f56bfc062723c751e8b465ee728b)  -> (artifact id: '329217c3d3a2fefd89df6ff3a551ba33') in 0.016549 seconds 
========================================================================
Received Import Request.
  Time since last request: 0.000015 seconds.
  path: Assets/SimpleShopInteriors/_prefabs/Props/SI_Prop_Magazines_01.prefab
  artifactKey: Guid(3d414cc1214ce7c4cb1d8186cb809dc3) Importer(815301076,1909f56bfc062723c751e8b465ee728b)
Start importing Assets/SimpleShopInteriors/_prefabs/Props/SI_Prop_Magazines_01.prefab using Guid(3d414cc1214ce7c4cb1d8186cb809dc3) Importer(815301076,1909f56bfc062723c751e8b465ee728b)  -> (artifact id: 'e02a1de51e4036114598459f290949a7') in 0.015737 seconds 
========================================================================
Received Import Request.
  Time since last request: 1.414365 seconds.
  path: Assets/SimpleShopInteriors/_prefabs/Props/SI_Prop_Mannequin_04.prefab
  artifactKey: Guid(61c293ff4e87e504892bc1b0d9e23b3c) Importer(815301076,1909f56bfc062723c751e8b465ee728b)
Start importing Assets/SimpleShopInteriors/_prefabs/Props/SI_Prop_Mannequin_04.prefab using Guid(61c293ff4e87e504892bc1b0d9e23b3c) Importer(815301076,1909f56bfc062723c751e8b465ee728b)  -> (artifact id: '8f64372f82136494cc650569aee4e316') in 0.016203 seconds 
========================================================================
Received Import Request.
  Time since last request: 0.000016 seconds.
  path: Assets/SimpleShopInteriors/_prefabs/Props/SI_Prop_Mannequin_07.prefab
  artifactKey: Guid(b4efd905f9064444ba5ba6a68fd408b2) Importer(815301076,1909f56bfc062723c751e8b465ee728b)
Start importing Assets/SimpleShopInteriors/_prefabs/Props/SI_Prop_Mannequin_07.prefab using Guid(b4efd905f9064444ba5ba6a68fd408b2) Importer(815301076,1909f56bfc062723c751e8b465ee728b)  -> (artifact id: '8ab6d699bf66a7872019568dba8b7901') in 0.013798 seconds 
========================================================================
Received Import Request.
  Time since last request: 0.000017 seconds.
  path: Assets/SimpleShopInteriors/_prefabs/Props/SI_Prop_Necklace_01.prefab
  artifactKey: Guid(d842da3e402e7074fb82c53f7b805444) Importer(815301076,1909f56bfc062723c751e8b465ee728b)
Start importing Assets/SimpleShopInteriors/_prefabs/Props/SI_Prop_Necklace_01.prefab using Guid(d842da3e402e7074fb82c53f7b805444) Importer(815301076,1909f56bfc062723c751e8b465ee728b)  -> (artifact id: '48d0f99ea5eb8d1ff1cdfb7bae4763fe') in 0.024887 seconds 
========================================================================
Received Import Request.
  Time since last request: 0.000021 seconds.
  path: Assets/SimpleShopInteriors/_prefabs/Props/SI_Prop_Plant_06.prefab
  artifactKey: Guid(80a6c3e7da01e004a94dd9e37065fde8) Importer(815301076,1909f56bfc062723c751e8b465ee728b)
Start importing Assets/SimpleShopInteriors/_prefabs/Props/SI_Prop_Plant_06.prefab using Guid(80a6c3e7da01e004a94dd9e37065fde8) Importer(815301076,1909f56bfc062723c751e8b465ee728b)  -> (artifact id: '4cff034b965de80e66f90f4bc2f04294') in 0.015289 seconds 
========================================================================
Received Import Request.
  Time since last request: 0.000028 seconds.
  path: Assets/SimpleShopInteriors/_prefabs/Props/SI_Prop_PriceTag_05.prefab
  artifactKey: Guid(c5ccf3a1be5c77141951465f2f25041f) Importer(815301076,1909f56bfc062723c751e8b465ee728b)
Start importing Assets/SimpleShopInteriors/_prefabs/Props/SI_Prop_PriceTag_05.prefab using Guid(c5ccf3a1be5c77141951465f2f25041f) Importer(815301076,1909f56bfc062723c751e8b465ee728b)  -> (artifact id: '8666a4e86ee77c307ce5f88014c63bb5') in 0.014337 seconds 
========================================================================
Received Import Request.
  Time since last request: 0.000017 seconds.
  path: Assets/SimpleShopInteriors/_prefabs/Props/SI_Prop_Plate_01.prefab
  artifactKey: Guid(e2d123447610c7a4da04ad96a13cfdfa) Importer(815301076,1909f56bfc062723c751e8b465ee728b)
Start importing Assets/SimpleShopInteriors/_prefabs/Props/SI_Prop_Plate_01.prefab using Guid(e2d123447610c7a4da04ad96a13cfdfa) Importer(815301076,1909f56bfc062723c751e8b465ee728b)  -> (artifact id: 'a75446926d7e19fdef17be1ac87c16b6') in 0.014173 seconds 
========================================================================
Received Import Request.
  Time since last request: 0.000015 seconds.
  path: Assets/SimpleShopInteriors/_prefabs/Props/SI_Prop_Plate_Stack_01.prefab
  artifactKey: Guid(d764aa6e708122a47af346df92c05ab2) Importer(815301076,1909f56bfc062723c751e8b465ee728b)
Start importing Assets/SimpleShopInteriors/_prefabs/Props/SI_Prop_Plate_Stack_01.prefab using Guid(d764aa6e708122a47af346df92c05ab2) Importer(815301076,1909f56bfc062723c751e8b465ee728b)  -> (artifact id: '8c79a08421370432ce43a6af33d8880a') in 0.014445 seconds 
========================================================================
Received Import Request.
  Time since last request: 0.000018 seconds.
  path: Assets/SimpleShopInteriors/_prefabs/Props/SI_Prop_ProduceSection_03.prefab
  artifactKey: Guid(091d3b2fcd597c34c8560214f113c5da) Importer(815301076,1909f56bfc062723c751e8b465ee728b)
Start importing Assets/SimpleShopInteriors/_prefabs/Props/SI_Prop_ProduceSection_03.prefab using Guid(091d3b2fcd597c34c8560214f113c5da) Importer(815301076,1909f56bfc062723c751e8b465ee728b)  -> (artifact id: '33f4403bf5eb5f7a045935e21ba40b35') in 0.024856 seconds 
========================================================================
Received Import Request.
  Time since last request: 0.000022 seconds.
  path: Assets/SimpleShopInteriors/_prefabs/Props/SI_Prop_NecklaceDisplay_04.prefab
  artifactKey: Guid(a1fcfc8cee3e588489ee8d7c0386a494) Importer(815301076,1909f56bfc062723c751e8b465ee728b)
Start importing Assets/SimpleShopInteriors/_prefabs/Props/SI_Prop_NecklaceDisplay_04.prefab using Guid(a1fcfc8cee3e588489ee8d7c0386a494) Importer(815301076,1909f56bfc062723c751e8b465ee728b)  -> (artifact id: 'a97a4bc8e0c7a7aa105b541e47da7f5e') in 0.012723 seconds 
========================================================================
Received Import Request.
  Time since last request: 0.000018 seconds.
  path: Assets/SimpleShopInteriors/_prefabs/Props/SI_Prop_Plate_02.prefab
  artifactKey: Guid(b710cf332dc6e8d428a0f69ae9524345) Importer(815301076,1909f56bfc062723c751e8b465ee728b)
Start importing Assets/SimpleShopInteriors/_prefabs/Props/SI_Prop_Plate_02.prefab using Guid(b710cf332dc6e8d428a0f69ae9524345) Importer(815301076,1909f56bfc062723c751e8b465ee728b)  -> (artifact id: 'f23ab7115af15678f5a7a35c99a357c5') in 0.015302 seconds 
========================================================================
Received Import Request.
  Time since last request: 0.000016 seconds.
  path: Assets/SimpleShopInteriors/_prefabs/Props/SI_Prop_NecklaceDisplay_03.prefab
  artifactKey: Guid(57f92031a465cfa439ee31ff7245355a) Importer(815301076,1909f56bfc062723c751e8b465ee728b)
Start importing Assets/SimpleShopInteriors/_prefabs/Props/SI_Prop_NecklaceDisplay_03.prefab using Guid(57f92031a465cfa439ee31ff7245355a) Importer(815301076,1909f56bfc062723c751e8b465ee728b)  -> (artifact id: '82f50055b6a670abcab7b4654fb6a681') in 0.021825 seconds 
========================================================================
Received Import Request.
  Time since last request: 0.893866 seconds.
  path: Assets/SimpleShopInteriors/_prefabs/Props/SI_Prop_RubbishBin_01.prefab
  artifactKey: Guid(e1e0ad5c3447f414890d3dd47e12063a) Importer(815301076,1909f56bfc062723c751e8b465ee728b)
Start importing Assets/SimpleShopInteriors/_prefabs/Props/SI_Prop_RubbishBin_01.prefab using Guid(e1e0ad5c3447f414890d3dd47e12063a) Importer(815301076,1909f56bfc062723c751e8b465ee728b)  -> (artifact id: 'a87c6ffb873c2027b13bb3d5c8e4c03e') in 0.028339 seconds 
========================================================================
Received Import Request.
  Time since last request: 0.000015 seconds.
  path: Assets/SimpleShopInteriors/_prefabs/Props/SI_Prop_Safe_01.prefab
  artifactKey: Guid(e76dfb53bada556489a4cca196ae0a3e) Importer(815301076,1909f56bfc062723c751e8b465ee728b)
Start importing Assets/SimpleShopInteriors/_prefabs/Props/SI_Prop_Safe_01.prefab using Guid(e76dfb53bada556489a4cca196ae0a3e) Importer(815301076,1909f56bfc062723c751e8b465ee728b)  -> (artifact id: 'dd6f39ecd73a899bff552231625b35e8') in 0.014948 seconds 
========================================================================
Received Import Request.
  Time since last request: 0.000027 seconds.
  path: Assets/SimpleShopInteriors/_prefabs/Props/SI_Prop_Shelf_01.prefab
  artifactKey: Guid(7e254430f63ea8449abe8d2c97a4496e) Importer(815301076,1909f56bfc062723c751e8b465ee728b)
Start importing Assets/SimpleShopInteriors/_prefabs/Props/SI_Prop_Shelf_01.prefab using Guid(7e254430f63ea8449abe8d2c97a4496e) Importer(815301076,1909f56bfc062723c751e8b465ee728b)  -> (artifact id: 'ea2dd1d824221f0bcbb56df11aec2f9a') in 0.016251 seconds 
========================================================================
Received Import Request.
  Time since last request: 0.000017 seconds.
  path: Assets/SimpleShopInteriors/_prefabs/Props/SI_Prop_Shelf_02.prefab
  artifactKey: Guid(a61a1db70b3f1054c88d00078a559c0a) Importer(815301076,1909f56bfc062723c751e8b465ee728b)
Start importing Assets/SimpleShopInteriors/_prefabs/Props/SI_Prop_Shelf_02.prefab using Guid(a61a1db70b3f1054c88d00078a559c0a) Importer(815301076,1909f56bfc062723c751e8b465ee728b)  -> (artifact id: '20f4d9bef117195addc42195e71905b6') in 0.013577 seconds 
========================================================================
Received Import Request.
  Time since last request: 0.000029 seconds.
  path: Assets/SimpleShopInteriors/_prefabs/Props/SI_Prop_Shelf_Isle_Preset_02.prefab
  artifactKey: Guid(8957f273c08d4a14f8cf5480e064d252) Importer(815301076,1909f56bfc062723c751e8b465ee728b)
Start importing Assets/SimpleShopInteriors/_prefabs/Props/SI_Prop_Shelf_Isle_Preset_02.prefab using Guid(8957f273c08d4a14f8cf5480e064d252) Importer(815301076,1909f56bfc062723c751e8b465ee728b)  -> (artifact id: '269893fb6335becf52219a5bbcc842e4') in 0.020109 seconds 
========================================================================
Received Import Request.
  Time since last request: 0.000023 seconds.
  path: Assets/SimpleShopInteriors/_prefabs/Props/SI_Prop_Shelf_Isle_Empty_01.prefab
  artifactKey: Guid(3c9e09f30ef40674bb9da723b4406bff) Importer(815301076,1909f56bfc062723c751e8b465ee728b)
Start importing Assets/SimpleShopInteriors/_prefabs/Props/SI_Prop_Shelf_Isle_Empty_01.prefab using Guid(3c9e09f30ef40674bb9da723b4406bff) Importer(815301076,1909f56bfc062723c751e8b465ee728b)  -> (artifact id: '04ededa4c12d362fbaba3ab9792208e6') in 0.014837 seconds 
========================================================================
Received Import Request.
  Time since last request: 0.000024 seconds.
  path: Assets/SimpleShopInteriors/_prefabs/Props/SI_Prop_Shelf_11.prefab
  artifactKey: Guid(2181f570e818269448bf707bb655f49b) Importer(815301076,1909f56bfc062723c751e8b465ee728b)
Start importing Assets/SimpleShopInteriors/_prefabs/Props/SI_Prop_Shelf_11.prefab using Guid(2181f570e818269448bf707bb655f49b) Importer(815301076,1909f56bfc062723c751e8b465ee728b)  -> (artifact id: 'e4adb09608f02ddeacca7dcf69482c7d') in 0.013813 seconds 
========================================================================
Received Import Request.
  Time since last request: 0.000021 seconds.
  path: Assets/SimpleShopInteriors/_prefabs/Props/SI_Prop_Shelf_Isle_Preset_03.prefab
  artifactKey: Guid(af5648bc855bd3d4fb778016cbe1287e) Importer(815301076,1909f56bfc062723c751e8b465ee728b)
Start importing Assets/SimpleShopInteriors/_prefabs/Props/SI_Prop_Shelf_Isle_Preset_03.prefab using Guid(af5648bc855bd3d4fb778016cbe1287e) Importer(815301076,1909f56bfc062723c751e8b465ee728b)  -> (artifact id: '091c8dc3dd39a1af5ed91f531f659f2f') in 0.015671 seconds 
========================================================================
Received Import Request.
  Time since last request: 0.331618 seconds.
  path: Assets/SimpleShopInteriors/_prefabs/Props/SI_Prop_ShelfItem_03.prefab
  artifactKey: Guid(214c23a154730e74fa963b0720b01e21) Importer(815301076,1909f56bfc062723c751e8b465ee728b)
Start importing Assets/SimpleShopInteriors/_prefabs/Props/SI_Prop_ShelfItem_03.prefab using Guid(214c23a154730e74fa963b0720b01e21) Importer(815301076,1909f56bfc062723c751e8b465ee728b)  -> (artifact id: '292ac714d6e2692532d178c20b91b34c') in 0.018705 seconds 
========================================================================
Received Import Request.
  Time since last request: 0.000029 seconds.
  path: Assets/SimpleShopInteriors/_prefabs/Props/SI_Prop_ShelfItem_16.prefab
  artifactKey: Guid(e11d566396aad82429f029dc4bfadb53) Importer(815301076,1909f56bfc062723c751e8b465ee728b)
Start importing Assets/SimpleShopInteriors/_prefabs/Props/SI_Prop_ShelfItem_16.prefab using Guid(e11d566396aad82429f029dc4bfadb53) Importer(815301076,1909f56bfc062723c751e8b465ee728b)  -> (artifact id: 'c71a1936c7470c3d19633dd10b099406') in 0.018512 seconds 
========================================================================
Received Import Request.
  Time since last request: 0.000019 seconds.
  path: Assets/SimpleShopInteriors/_prefabs/Props/SI_Prop_Shirt_Shelf_02.prefab
  artifactKey: Guid(100e5970931af0644b4fa76fb62fcdf0) Importer(815301076,1909f56bfc062723c751e8b465ee728b)
Start importing Assets/SimpleShopInteriors/_prefabs/Props/SI_Prop_Shirt_Shelf_02.prefab using Guid(100e5970931af0644b4fa76fb62fcdf0) Importer(815301076,1909f56bfc062723c751e8b465ee728b)  -> (artifact id: 'aa7d305e1385f211e9c7bc407193fcfb') in 0.016745 seconds 
========================================================================
Received Import Request.
  Time since last request: 0.000039 seconds.
  path: Assets/SimpleShopInteriors/_prefabs/Props/SI_Prop_Shoe_BoxOpen_01.prefab
  artifactKey: Guid(69ba1b182cdba4e43870d774827e74d4) Importer(815301076,1909f56bfc062723c751e8b465ee728b)
Start importing Assets/SimpleShopInteriors/_prefabs/Props/SI_Prop_Shoe_BoxOpen_01.prefab using Guid(69ba1b182cdba4e43870d774827e74d4) Importer(815301076,1909f56bfc062723c751e8b465ee728b)  -> (artifact id: '96b1fc3b2dcb991fa2d1fefb1d6b6789') in 0.015801 seconds 
========================================================================
Received Import Request.
  Time since last request: 0.000024 seconds.
  path: Assets/SimpleShopInteriors/_prefabs/Props/SI_Prop_Shoe_Box_03.prefab
  artifactKey: Guid(613f4f63b473616498d7742f767c4907) Importer(815301076,1909f56bfc062723c751e8b465ee728b)
Start importing Assets/SimpleShopInteriors/_prefabs/Props/SI_Prop_Shoe_Box_03.prefab using Guid(613f4f63b473616498d7742f767c4907) Importer(815301076,1909f56bfc062723c751e8b465ee728b)  -> (artifact id: '4c9be35a3ebb4d35e23f5c8f0a20167a') in 0.015024 seconds 
========================================================================
Received Import Request.
  Time since last request: 0.000031 seconds.
  path: Assets/SimpleShopInteriors/_prefabs/Props/SI_Prop_ShelfItem_23.prefab
  artifactKey: Guid(ae529814f3f5e3c4292d19f234d70f31) Importer(815301076,1909f56bfc062723c751e8b465ee728b)
Start importing Assets/SimpleShopInteriors/_prefabs/Props/SI_Prop_ShelfItem_23.prefab using Guid(ae529814f3f5e3c4292d19f234d70f31) Importer(815301076,1909f56bfc062723c751e8b465ee728b)  -> (artifact id: '753239d939eface27cfdcdd0eb93b26c') in 0.013655 seconds 
========================================================================
Received Import Request.
  Time since last request: 0.000018 seconds.
  path: Assets/SimpleShopInteriors/_prefabs/Props/SI_Prop_ShelfItem_09.prefab
  artifactKey: Guid(bedb2a6c8c4154748a8992176328b46f) Importer(815301076,1909f56bfc062723c751e8b465ee728b)
Start importing Assets/SimpleShopInteriors/_prefabs/Props/SI_Prop_ShelfItem_09.prefab using Guid(bedb2a6c8c4154748a8992176328b46f) Importer(815301076,1909f56bfc062723c751e8b465ee728b)  -> (artifact id: 'b30611762a58649e74bc445a26f5c191') in 0.017933 seconds 
========================================================================
Received Import Request.
  Time since last request: 0.000017 seconds.
  path: Assets/SimpleShopInteriors/_prefabs/Props/SI_Prop_ShelfItem_14.prefab
  artifactKey: Guid(412e971a2b942e6498e9f95ef6452ff4) Importer(815301076,1909f56bfc062723c751e8b465ee728b)
Start importing Assets/SimpleShopInteriors/_prefabs/Props/SI_Prop_ShelfItem_14.prefab using Guid(412e971a2b942e6498e9f95ef6452ff4) Importer(815301076,1909f56bfc062723c751e8b465ee728b)  -> (artifact id: 'fd49e50fb0f07a1ec48eb221b7ec6d5e') in 0.017967 seconds 
========================================================================
Received Import Request.
  Time since last request: 0.000021 seconds.
  path: Assets/SimpleShopInteriors/_prefabs/Props/SI_Prop_ShelfItem_15.prefab
  artifactKey: Guid(338081e0d7fd5cd47882c9b5c1e3bfc2) Importer(815301076,1909f56bfc062723c751e8b465ee728b)
Start importing Assets/SimpleShopInteriors/_prefabs/Props/SI_Prop_ShelfItem_15.prefab using Guid(338081e0d7fd5cd47882c9b5c1e3bfc2) Importer(815301076,1909f56bfc062723c751e8b465ee728b)  -> (artifact id: 'a89ae9adba87112a641726800de4e540') in 0.014268 seconds 
========================================================================
Received Import Request.
  Time since last request: 0.000017 seconds.
  path: Assets/SimpleShopInteriors/_prefabs/Props/SI_Prop_Shoe_Box_01.prefab
  artifactKey: Guid(da7ca460b32ba714084c9d7e82cc0b81) Importer(815301076,1909f56bfc062723c751e8b465ee728b)
Start importing Assets/SimpleShopInteriors/_prefabs/Props/SI_Prop_Shoe_Box_01.prefab using Guid(da7ca460b32ba714084c9d7e82cc0b81) Importer(815301076,1909f56bfc062723c751e8b465ee728b)  -> (artifact id: 'f6fc79641c0f31566bf3fd003bc3450f') in 0.013786 seconds 
========================================================================
Received Import Request.
  Time since last request: 0.000020 seconds.
  path: Assets/SimpleShopInteriors/_prefabs/Props/SI_Prop_Shirts_Table_01.prefab
  artifactKey: Guid(fcfab4fe5275fea48bceab7077805f7c) Importer(815301076,1909f56bfc062723c751e8b465ee728b)
Start importing Assets/SimpleShopInteriors/_prefabs/Props/SI_Prop_Shirts_Table_01.prefab using Guid(fcfab4fe5275fea48bceab7077805f7c) Importer(815301076,1909f56bfc062723c751e8b465ee728b)  -> (artifact id: 'fe237cde11a392d3852631128e25fc06') in 0.013366 seconds 
========================================================================
Received Import Request.
  Time since last request: 0.531741 seconds.
  path: Assets/SimpleShopInteriors/_prefabs/Props/SI_Prop_Shoe_Slippers_02.prefab
  artifactKey: Guid(e26deeb04eab71240a079ffcccb2c4e8) Importer(815301076,1909f56bfc062723c751e8b465ee728b)
Start importing Assets/SimpleShopInteriors/_prefabs/Props/SI_Prop_Shoe_Slippers_02.prefab using Guid(e26deeb04eab71240a079ffcccb2c4e8) Importer(815301076,1909f56bfc062723c751e8b465ee728b)  -> (artifact id: 'b1719c80d3305f36235680883e79a284') in 0.024968 seconds 
========================================================================
Received Import Request.
  Time since last request: 0.000016 seconds.
  path: Assets/SimpleShopInteriors/_prefabs/Props/SI_Prop_Shoe_Sneakers_01.prefab
  artifactKey: Guid(eeb72b7d68c12564c81273875edaec5e) Importer(815301076,1909f56bfc062723c751e8b465ee728b)
Start importing Assets/SimpleShopInteriors/_prefabs/Props/SI_Prop_Shoe_Sneakers_01.prefab using Guid(eeb72b7d68c12564c81273875edaec5e) Importer(815301076,1909f56bfc062723c751e8b465ee728b)  -> (artifact id: '190a448e3277dff67b55e911d29a160e') in 0.014440 seconds 
========================================================================
Received Import Request.
  Time since last request: 0.000019 seconds.
  path: Assets/SimpleShopInteriors/_prefabs/Props/SI_Prop_Sign_Alcohol_01.prefab
  artifactKey: Guid(3003bfba59e213d45943df979289e5ed) Importer(815301076,1909f56bfc062723c751e8b465ee728b)
Start importing Assets/SimpleShopInteriors/_prefabs/Props/SI_Prop_Sign_Alcohol_01.prefab using Guid(3003bfba59e213d45943df979289e5ed) Importer(815301076,1909f56bfc062723c751e8b465ee728b)  -> (artifact id: 'b220d48cccf0c40414cf511ae53de540') in 0.015000 seconds 
========================================================================
Received Import Request.
  Time since last request: 0.000024 seconds.
  path: Assets/SimpleShopInteriors/_prefabs/Props/SI_Prop_ShoppingTrolley_04.prefab
  artifactKey: Guid(11d94bfd2cbd87f4d8115045773f3a31) Importer(815301076,1909f56bfc062723c751e8b465ee728b)
Start importing Assets/SimpleShopInteriors/_prefabs/Props/SI_Prop_ShoppingTrolley_04.prefab using Guid(11d94bfd2cbd87f4d8115045773f3a31) Importer(815301076,1909f56bfc062723c751e8b465ee728b)  -> (artifact id: '89799271655b50c7af5f1d4f9194e881') in 0.015183 seconds 
========================================================================
Received Import Request.
  Time since last request: 0.000015 seconds.
  path: Assets/SimpleShopInteriors/_prefabs/Props/SI_Prop_Sign_BurgerAd_03.prefab
  artifactKey: Guid(0be7cdbc01dc8414cb1f07a1073cbc80) Importer(815301076,1909f56bfc062723c751e8b465ee728b)
Start importing Assets/SimpleShopInteriors/_prefabs/Props/SI_Prop_Sign_BurgerAd_03.prefab using Guid(0be7cdbc01dc8414cb1f07a1073cbc80) Importer(815301076,1909f56bfc062723c751e8b465ee728b)  -> (artifact id: 'e114c44e5aa831fdc40e809ebe488385') in 0.016900 seconds 
========================================================================
Received Import Request.
  Time since last request: 0.000017 seconds.
  path: Assets/SimpleShopInteriors/_prefabs/Props/SI_Prop_Spatula.prefab
  artifactKey: Guid(f110f70b61be64248aa4a1a64697a97e) Importer(815301076,1909f56bfc062723c751e8b465ee728b)
Start importing Assets/SimpleShopInteriors/_prefabs/Props/SI_Prop_Spatula.prefab using Guid(f110f70b61be64248aa4a1a64697a97e) Importer(815301076,1909f56bfc062723c751e8b465ee728b)  -> (artifact id: 'c9ddf79c7d02740e701329ce314b3e9a') in 0.015239 seconds 
========================================================================
Received Import Request.
  Time since last request: 0.000017 seconds.
  path: Assets/SimpleShopInteriors/_prefabs/Props/SI_Prop_ShoeShelf_03.prefab
  artifactKey: Guid(47b8fc3c99c21fe488ac37075e37e627) Importer(815301076,1909f56bfc062723c751e8b465ee728b)
Start importing Assets/SimpleShopInteriors/_prefabs/Props/SI_Prop_ShoeShelf_03.prefab using Guid(47b8fc3c99c21fe488ac37075e37e627) Importer(815301076,1909f56bfc062723c751e8b465ee728b)  -> (artifact id: '02952b6b0233bdd2ce7b26e9d1c59aee') in 0.015556 seconds 
========================================================================
Received Import Request.
  Time since last request: 0.000017 seconds.
  path: Assets/SimpleShopInteriors/_prefabs/Props/SI_Prop_Sign_HalfPrice_01.prefab
  artifactKey: Guid(f4acd0f3d573e6b418c482779f85a4df) Importer(815301076,1909f56bfc062723c751e8b465ee728b)
Start importing Assets/SimpleShopInteriors/_prefabs/Props/SI_Prop_Sign_HalfPrice_01.prefab using Guid(f4acd0f3d573e6b418c482779f85a4df) Importer(815301076,1909f56bfc062723c751e8b465ee728b)  -> (artifact id: 'a1d28c82bbb1ad0c07a3e70dbaa840d8') in 0.013831 seconds 
========================================================================
Received Import Request.
  Time since last request: 0.000016 seconds.
  path: Assets/SimpleShopInteriors/_prefabs/Props/SI_Prop_Sign_Arcade_01.prefab
  artifactKey: Guid(542d34997e3dade4bad7b361c85cc181) Importer(815301076,1909f56bfc062723c751e8b465ee728b)
Start importing Assets/SimpleShopInteriors/_prefabs/Props/SI_Prop_Sign_Arcade_01.prefab using Guid(542d34997e3dade4bad7b361c85cc181) Importer(815301076,1909f56bfc062723c751e8b465ee728b)  -> (artifact id: '35b33d6fe90230075e74a2a1f6e0aeb9') in 0.014082 seconds 
========================================================================
Received Import Request.
  Time since last request: 0.000017 seconds.
  path: Assets/SimpleShopInteriors/_prefabs/Props/SI_Prop_Toy_Chick_01.prefab
  artifactKey: Guid(166c02fc3b8ceb54381cdbc32b6cc7ee) Importer(815301076,1909f56bfc062723c751e8b465ee728b)
Start importing Assets/SimpleShopInteriors/_prefabs/Props/SI_Prop_Toy_Chick_01.prefab using Guid(166c02fc3b8ceb54381cdbc32b6cc7ee) Importer(815301076,1909f56bfc062723c751e8b465ee728b)  -> (artifact id: 'c4bd874d73093e4216c54bb27ac083dc') in 0.013020 seconds 
========================================================================
Received Import Request.
  Time since last request: 0.000034 seconds.
  path: Assets/SimpleShopInteriors/_prefabs/Props/SI_Prop_Sign_Meats_01.prefab
  artifactKey: Guid(3067abe29cf2cdb46ac33c98b047324f) Importer(815301076,1909f56bfc062723c751e8b465ee728b)
Start importing Assets/SimpleShopInteriors/_prefabs/Props/SI_Prop_Sign_Meats_01.prefab using Guid(3067abe29cf2cdb46ac33c98b047324f) Importer(815301076,1909f56bfc062723c751e8b465ee728b)  -> (artifact id: '1682a41deb1bc539b3eba7c0e126cde9') in 0.013259 seconds 
========================================================================
Received Import Request.
  Time since last request: 0.000015 seconds.
  path: Assets/SimpleShopInteriors/_prefabs/Props/SI_Prop_Sign_Organic_01.prefab
  artifactKey: Guid(061fb4455258d28408f6b51036b2490b) Importer(815301076,1909f56bfc062723c751e8b465ee728b)
Start importing Assets/SimpleShopInteriors/_prefabs/Props/SI_Prop_Sign_Organic_01.prefab using Guid(061fb4455258d28408f6b51036b2490b) Importer(815301076,1909f56bfc062723c751e8b465ee728b)  -> (artifact id: 'f57620ff854b237f63c916a9bfabcda1') in 0.013981 seconds 
========================================================================
Received Import Request.
  Time since last request: 0.000019 seconds.
  path: Assets/SimpleShopInteriors/_prefabs/Props/SI_Prop_Shoe_Slippers_05.prefab
  artifactKey: Guid(23b86d6dd22034f4b99d19848c21eb6a) Importer(815301076,1909f56bfc062723c751e8b465ee728b)
Start importing Assets/SimpleShopInteriors/_prefabs/Props/SI_Prop_Shoe_Slippers_05.prefab using Guid(23b86d6dd22034f4b99d19848c21eb6a) Importer(815301076,1909f56bfc062723c751e8b465ee728b)  -> (artifact id: '20e3f83694018dd7e3492253f6b975ed') in 0.012680 seconds 
========================================================================
Received Import Request.
  Time since last request: 0.000021 seconds.
  path: Assets/SimpleShopInteriors/_prefabs/Props/SI_Prop_Sign_Groceries_01.prefab
  artifactKey: Guid(3fd836e431860a54aadf81c16858e176) Importer(815301076,1909f56bfc062723c751e8b465ee728b)
Start importing Assets/SimpleShopInteriors/_prefabs/Props/SI_Prop_Sign_Groceries_01.prefab using Guid(3fd836e431860a54aadf81c16858e176) Importer(815301076,1909f56bfc062723c751e8b465ee728b)  -> (artifact id: '3a20308ebf6562b790cc2554c14515d3') in 0.012978 seconds 
========================================================================
Received Import Request.
  Time since last request: 0.000020 seconds.
  path: Assets/SimpleShopInteriors/_prefabs/Props/SI_Prop_Sign_Bakery_01.prefab
  artifactKey: Guid(a3b8ee36a2ca3b5458481058f694222c) Importer(815301076,1909f56bfc062723c751e8b465ee728b)
Start importing Assets/SimpleShopInteriors/_prefabs/Props/SI_Prop_Sign_Bakery_01.prefab using Guid(a3b8ee36a2ca3b5458481058f694222c) Importer(815301076,1909f56bfc062723c751e8b465ee728b)  -> (artifact id: '3f2529165f601d31f3d7ec16a17773b6') in 0.011537 seconds 
========================================================================
Received Import Request.
  Time since last request: 5.404073 seconds.
  path: Assets/SimpleShopInteriors/_prefabs/Props/SI_Prop_WallDeco_02.prefab
  artifactKey: Guid(cf7124426e5433b459606906bc9e9d9b) Importer(815301076,1909f56bfc062723c751e8b465ee728b)
Start importing Assets/SimpleShopInteriors/_prefabs/Props/SI_Prop_WallDeco_02.prefab using Guid(cf7124426e5433b459606906bc9e9d9b) Importer(815301076,1909f56bfc062723c751e8b465ee728b)  -> (artifact id: '9635838475f63d9a384307b3211b21c4') in 0.022522 seconds 
========================================================================
Received Import Request.
  Time since last request: 0.000036 seconds.
  path: Assets/SimpleShopInteriors/_prefabs/Props/SI_Prop_WaterSpill_01.prefab
  artifactKey: Guid(1cdb2b81eae6f59499fc4c27b9afe2de) Importer(815301076,1909f56bfc062723c751e8b465ee728b)
Start importing Assets/SimpleShopInteriors/_prefabs/Props/SI_Prop_WaterSpill_01.prefab using Guid(1cdb2b81eae6f59499fc4c27b9afe2de) Importer(815301076,1909f56bfc062723c751e8b465ee728b)  -> (artifact id: 'f5cd4b313a7c99214b97dcd11723a004') in 0.015575 seconds 
========================================================================
Received Import Request.
  Time since last request: 0.000035 seconds.
  path: Assets/SimpleShopInteriors/_prefabs/Props/SI_Prop_WallDeco_08.prefab
  artifactKey: Guid(645e8b6fc90eb184cbf0a75ef4da8cda) Importer(815301076,1909f56bfc062723c751e8b465ee728b)
Start importing Assets/SimpleShopInteriors/_prefabs/Props/SI_Prop_WallDeco_08.prefab using Guid(645e8b6fc90eb184cbf0a75ef4da8cda) Importer(815301076,1909f56bfc062723c751e8b465ee728b)  -> (artifact id: 'efb8d2a540b857a430cd4105baeb6836') in 0.032284 seconds 
Editor requested this worker to shutdown with reason: Scaling down because of idle timeout
AssetImportWorker is now disconnected from the server
Process exiting
Exiting without the bug reporter. Application will terminate with return code 0