Using pre-set license
Built from '2021.3/staging' branch; Version is '2021.3.19f1 (c9714fde33b6) revision 13201743'; Using compiler version '192829333'; Build Type 'Release'
OS: 'Windows 10  (10.0.19044) 64bit Professional' Language: 'fr' Physical Memory: 16250 MB
BatchMode: 1, IsHumanControllingUs: 0, StartBugReporterOnCrash: 0, Is64bit: 1, IsPro: 1

COMMAND LINE ARGUMENTS:
C:\Program Files\Unity\Hub\Editor\2021.3.19f1\Editor\Unity.exe
-adb2
-batchMode
-noUpm
-name
AssetImportWorker7
-projectPath
C:/Users/Thibaud/Documents/Hack-Play/Hack&Play
-logFile
Logs/AssetImportWorker7.log
-srvPort
61609
Successfully changed project path to: C:/Users/Thibaud/Documents/Hack-Play/Hack&Play
C:/Users/Thibaud/Documents/Hack-Play/Hack&Play
[UnityMemory] Configuration Parameters - Can be set up in boot.config
    "memorysetup-bucket-allocator-granularity=16"
    "memorysetup-bucket-allocator-bucket-count=8"
    "memorysetup-bucket-allocator-block-size=33554432"
    "memorysetup-bucket-allocator-block-count=8"
    "memorysetup-main-allocator-block-size=16777216"
    "memorysetup-thread-allocator-block-size=16777216"
    "memorysetup-gfx-main-allocator-block-size=16777216"
    "memorysetup-gfx-thread-allocator-block-size=16777216"
    "memorysetup-cache-allocator-block-size=4194304"
    "memorysetup-typetree-allocator-block-size=2097152"
    "memorysetup-profiler-bucket-allocator-granularity=16"
    "memorysetup-profiler-bucket-allocator-bucket-count=8"
    "memorysetup-profiler-bucket-allocator-block-size=33554432"
    "memorysetup-profiler-bucket-allocator-block-count=8"
    "memorysetup-profiler-allocator-block-size=16777216"
    "memorysetup-profiler-editor-allocator-block-size=1048576"
    "memorysetup-temp-allocator-size-main=16777216"
    "memorysetup-job-temp-allocator-block-size=2097152"
    "memorysetup-job-temp-allocator-block-size-background=1048576"
    "memorysetup-job-temp-allocator-reduction-small-platforms=262144"
    "memorysetup-temp-allocator-size-background-worker=32768"
    "memorysetup-temp-allocator-size-job-worker=262144"
    "memorysetup-temp-allocator-size-preload-manager=33554432"
    "memorysetup-temp-allocator-size-nav-mesh-worker=65536"
    "memorysetup-temp-allocator-size-audio-worker=65536"
    "memorysetup-temp-allocator-size-cloud-worker=32768"
    "memorysetup-temp-allocator-size-gi-baking-worker=262144"
    "memorysetup-temp-allocator-size-gfx=262144"
Player connection [26292] Host "[IP] 172.24.240.1 [Port] 0 [Flags] 2 [Guid] 3567222452 [EditorId] 3567222452 [Version] 1048832 [Id] WindowsEditor(7,DESKTOP-MGUKO82) [Debug] 1 [PackageName] WindowsEditor [ProjectName] Editor" joined multi-casting on [225.0.0.222:54997]...

Player connection [26292] Host "[IP] 172.24.240.1 [Port] 0 [Flags] 2 [Guid] 3567222452 [EditorId] 3567222452 [Version] 1048832 [Id] WindowsEditor(7,DESKTOP-MGUKO82) [Debug] 1 [PackageName] WindowsEditor [ProjectName] Editor" joined alternative multi-casting on [225.0.0.222:34997]...

Refreshing native plugins compatible for Editor in 180.31 ms, found 3 plugins.
Preloading 0 native plugins for Editor in 0.00 ms.
Initialize engine version: 2021.3.19f1 (c9714fde33b6)
[Subsystems] Discovering subsystems at path C:/Program Files/Unity/Hub/Editor/2021.3.19f1/Editor/Data/Resources/UnitySubsystems
[Subsystems] Discovering subsystems at path C:/Users/Thibaud/Documents/Hack-Play/Hack&Play/Assets
GfxDevice: creating device client; threaded=0; jobified=0
Direct3D:
    Version:  Direct3D 11.0 [level 11.1]
    Renderer: NVIDIA GeForce RTX 2060 (ID=0x1f15)
    Vendor:   NVIDIA
    VRAM:     5980 MB
    Driver:   31.0.15.1700
Initialize mono
Mono path[0] = 'C:/Program Files/Unity/Hub/Editor/2021.3.19f1/Editor/Data/Managed'
Mono path[1] = 'C:/Program Files/Unity/Hub/Editor/2021.3.19f1/Editor/Data/MonoBleedingEdge/lib/mono/unityjit-win32'
Mono config path = 'C:/Program Files/Unity/Hub/Editor/2021.3.19f1/Editor/Data/MonoBleedingEdge/etc'
Using monoOptions --debugger-agent=transport=dt_socket,embedding=1,server=y,suspend=n,address=127.0.0.1:56428
Begin MonoManager ReloadAssembly
Registering precompiled unity dll's ...
Register platform support module: C:/Program Files/Unity/Hub/Editor/2021.3.19f1/Editor/Data/PlaybackEngines/AndroidPlayer/UnityEditor.Android.Extensions.dll
Register platform support module: C:/Program Files/Unity/Hub/Editor/2021.3.19f1/Editor/Data/PlaybackEngines/iOSSupport/UnityEditor.iOS.Extensions.dll
Register platform support module: C:/Program Files/Unity/Hub/Editor/2021.3.19f1/Editor/Data/PlaybackEngines/WindowsStandaloneSupport/UnityEditor.WindowsStandalone.Extensions.dll
Registered in 0.010917 seconds.
Native extension for WindowsStandalone target not found
[usbmuxd] Start listen thread
[usbmuxd] Listen thread started
Native extension for iOS target not found
Native extension for Android target not found
Android Extension - Scanning For ADB Devices 345 ms
Refreshing native plugins compatible for Editor in 174.53 ms, found 3 plugins.
Preloading 0 native plugins for Editor in 0.00 ms.
Mono: successfully reloaded assembly
- Completed reload, in  1.336 seconds
Domain Reload Profiling:
	ReloadAssembly (1336ms)
		BeginReloadAssembly (95ms)
			ExecutionOrderSort (0ms)
			DisableScriptedObjects (0ms)
			BackupInstance (0ms)
			ReleaseScriptingObjects (0ms)
			CreateAndSetChildDomain (1ms)
		EndReloadAssembly (1088ms)
			LoadAssemblies (93ms)
			RebuildTransferFunctionScriptingTraits (0ms)
			SetupTypeCache (143ms)
			ReleaseScriptCaches (0ms)
			RebuildScriptCaches (40ms)
			SetupLoadedEditorAssemblies (840ms)
				LogAssemblyErrors (0ms)
				InitializePlatformSupportModulesInManaged (474ms)
				SetLoadedEditorAssemblies (0ms)
				RefreshPlugins (175ms)
				BeforeProcessingInitializeOnLoad (2ms)
				ProcessInitializeOnLoadAttributes (123ms)
				ProcessInitializeOnLoadMethodAttributes (66ms)
				AfterProcessingInitializeOnLoad (0ms)
				EditorAssembliesLoaded (0ms)
			ExecutionOrderSort2 (0ms)
			AwakeInstancesAfterBackupRestoration (0ms)
Platform modules already initialized, skipping
Registering precompiled user dll's ...
Registered in 0.007982 seconds.
Begin MonoManager ReloadAssembly
Symbol file LoadedFromMemory doesn't match image C:\Users\Thibaud\Documents\Hack-Play\Hack&Play\Library\PackageCache\com.unity.visualscripting@1.8.0\Editor\VisualScripting.Core\Dependencies\YamlDotNet\Unity.VisualScripting.YamlDotNet.dll
Symbol file LoadedFromMemory doesn't match image C:\Users\Thibaud\Documents\Hack-Play\Hack&Play\Library\PackageCache\com.unity.visualscripting@1.8.0\Editor\VisualScripting.Core\Dependencies\DotNetZip\Unity.VisualScripting.IonicZip.dll
Native extension for WindowsStandalone target not found
Native extension for iOS target not found
Native extension for Android target not found
Refreshing native plugins compatible for Editor in 2.18 ms, found 3 plugins.
Preloading 0 native plugins for Editor in 0.00 ms.
Mono: successfully reloaded assembly
- Completed reload, in  5.140 seconds
Domain Reload Profiling:
	ReloadAssembly (5141ms)
		BeginReloadAssembly (185ms)
			ExecutionOrderSort (0ms)
			DisableScriptedObjects (10ms)
			BackupInstance (0ms)
			ReleaseScriptingObjects (0ms)
			CreateAndSetChildDomain (29ms)
		EndReloadAssembly (4679ms)
			LoadAssemblies (2810ms)
			RebuildTransferFunctionScriptingTraits (0ms)
			SetupTypeCache (1020ms)
			ReleaseScriptCaches (1ms)
			RebuildScriptCaches (94ms)
			SetupLoadedEditorAssemblies (669ms)
				LogAssemblyErrors (0ms)
				InitializePlatformSupportModulesInManaged (47ms)
				SetLoadedEditorAssemblies (1ms)
				RefreshPlugins (2ms)
				BeforeProcessingInitializeOnLoad (136ms)
				ProcessInitializeOnLoadAttributes (448ms)
				ProcessInitializeOnLoadMethodAttributes (24ms)
				AfterProcessingInitializeOnLoad (11ms)
				EditorAssembliesLoaded (0ms)
			ExecutionOrderSort2 (0ms)
			AwakeInstancesAfterBackupRestoration (11ms)
Platform modules already initialized, skipping
========================================================================
Worker process is ready to serve import requests
Launched and connected shader compiler UnityShaderCompiler.exe after 0.06 seconds
Refreshing native plugins compatible for Editor in 1.76 ms, found 3 plugins.
Preloading 0 native plugins for Editor in 0.00 ms.
Unloading 3282 Unused Serialized files (Serialized files now loaded: 0)
Unloading 24 unused Assets / (114.6 KB). Loaded Objects now: 3751.
Memory consumption went from 122.7 MB to 122.6 MB.
Total: 5.560900 ms (FindLiveObjects: 0.506600 ms CreateObjectMapping: 0.554100 ms MarkObjects: 4.342800 ms  DeleteObjects: 0.155600 ms)

AssetImportParameters requested are different than current active one (requested -> active):
  custom:video-decoder-ogg-theora: a1e56fd34408186e4bbccfd4996cb3dc -> 
  custom:container-muxer-webm: aa71ff27fc2769a1b78a27578f13a17b -> 
  custom:container-demuxer-webm: 4f35f7cbe854078d1ac9338744f61a02 -> 
  custom:video-encoder-webm-vp8: eb34c28f22e8b96e1ab97ce403110664 -> 
  custom:audio-encoder-webm-vorbis: bf7c407c2cedff20999df2af8eb42d56 -> 
  custom:framework-win-MediaFoundation: 216162199b28c13a410421893ffa2e32 -> 
  custom:container-demuxer-ogg: 62fdf1f143b41e24485cea50d1cbac27 -> 
  custom:video-decoder-webm-vp8: 9c59270c3fd7afecdb556c50c9e8de78 -> 
  custom:audio-decoder-ogg-vorbis: bf7c407c2cedff20999df2af8eb42d56 -> 
========================================================================
Received Import Request.
  Time since last request: 1453418.730264 seconds.
  path: Assets/PolygonSciFiCity/Prefabs/FX/FX_Laser_Shotgun.prefab
  artifactKey: Guid(42e227b1c80c09a4d847427380f80790) Importer(815301076,1909f56bfc062723c751e8b465ee728b)
Start importing Assets/PolygonSciFiCity/Prefabs/FX/FX_Laser_Shotgun.prefab using Guid(42e227b1c80c09a4d847427380f80790) Importer(815301076,1909f56bfc062723c751e8b465ee728b)  -> (artifact id: '190af3009da60cd083a14fdaeb555914') in 0.210481 seconds 
========================================================================
Received Import Request.
  Time since last request: 0.000035 seconds.
  path: Assets/PolygonSciFiCity/Prefabs/FX/FX_RingLight.prefab
  artifactKey: Guid(152aaf0661d249942b17cc2758dfc03d) Importer(815301076,1909f56bfc062723c751e8b465ee728b)
Start importing Assets/PolygonSciFiCity/Prefabs/FX/FX_RingLight.prefab using Guid(152aaf0661d249942b17cc2758dfc03d) Importer(815301076,1909f56bfc062723c751e8b465ee728b)  -> (artifact id: 'e41dab459b862e4273a05a4dfdaccd7e') in 0.024747 seconds 
========================================================================
Received Import Request.
  Time since last request: 0.000052 seconds.
  path: Assets/DreamOS - Complete OS UI/Prefabs/UI Elements/Input Field/Fading Input Field.prefab
  artifactKey: Guid(a77e2c4748edcd5429717838a8f70fb0) Importer(815301076,1909f56bfc062723c751e8b465ee728b)
Start importing Assets/DreamOS - Complete OS UI/Prefabs/UI Elements/Input Field/Fading Input Field.prefab using Guid(a77e2c4748edcd5429717838a8f70fb0) Importer(815301076,1909f56bfc062723c751e8b465ee728b)  -> (artifact id: 'e454b41cbb0c851712ccd83cd76bcb89') in 0.140255 seconds 
========================================================================
Received Import Request.
  Time since last request: 0.000025 seconds.
  path: Assets/iPoly3D/Server Room/Models/exit_sign.fbx
  artifactKey: Guid(6881db6094cb72c46b8781b50bdb99c1) Importer(815301076,1909f56bfc062723c751e8b465ee728b)
Start importing Assets/iPoly3D/Server Room/Models/exit_sign.fbx using Guid(6881db6094cb72c46b8781b50bdb99c1) Importer(815301076,1909f56bfc062723c751e8b465ee728b)  -> (artifact id: '6dc5a34e9166f056f7c4f8560c7c91c2') in 0.107838 seconds 
========================================================================
Received Import Request.
  Time since last request: 0.000028 seconds.
  path: Assets/DreamOS - Complete OS UI/Standard Assets/Characters/FirstPersonCharacter/Prefabs/FPSController.prefab
  artifactKey: Guid(5e9e851c0e142814dac026a256ba2ac0) Importer(815301076,1909f56bfc062723c751e8b465ee728b)
Start importing Assets/DreamOS - Complete OS UI/Standard Assets/Characters/FirstPersonCharacter/Prefabs/FPSController.prefab using Guid(5e9e851c0e142814dac026a256ba2ac0) Importer(815301076,1909f56bfc062723c751e8b465ee728b)  -> (artifact id: '2944f715cbcb24abe7ebeb43db7a096b') in 0.044745 seconds 
========================================================================
Received Import Request.
  Time since last request: 0.000041 seconds.
  path: Assets/PolygonSciFiCity/Prefabs/FX/FX_Laser_Bullet.prefab
  artifactKey: Guid(b5b28bfa5c3fef44caaac12b6aca9ec4) Importer(815301076,1909f56bfc062723c751e8b465ee728b)
Start importing Assets/PolygonSciFiCity/Prefabs/FX/FX_Laser_Bullet.prefab using Guid(b5b28bfa5c3fef44caaac12b6aca9ec4) Importer(815301076,1909f56bfc062723c751e8b465ee728b)  -> (artifact id: 'ed813ba968454ad11f615483696e4ff1') in 0.054551 seconds 
========================================================================
Received Import Request.
  Time since last request: 0.000024 seconds.
  path: Assets/iPoly3D/Server Room/Models/fire_extinguisher.fbx
  artifactKey: Guid(5b17bde83b8bf5549b577056ab462087) Importer(815301076,1909f56bfc062723c751e8b465ee728b)
Start importing Assets/iPoly3D/Server Room/Models/fire_extinguisher.fbx using Guid(5b17bde83b8bf5549b577056ab462087) Importer(815301076,1909f56bfc062723c751e8b465ee728b)  -> (artifact id: '85d4f7dd270bf025ab4f415a30cc327d') in 0.038506 seconds 
========================================================================
Received Import Request.
  Time since last request: 0.000024 seconds.
  path: Assets/PolygonSciFiCity/Prefabs/FX/FX_Electricity.prefab
  artifactKey: Guid(2974555caa7a6704eb8f549d99367f35) Importer(815301076,1909f56bfc062723c751e8b465ee728b)
Start importing Assets/PolygonSciFiCity/Prefabs/FX/FX_Electricity.prefab using Guid(2974555caa7a6704eb8f549d99367f35) Importer(815301076,1909f56bfc062723c751e8b465ee728b)  -> (artifact id: '7f3db74a7c77f3474a5c266828a53a36') in 0.022122 seconds 
========================================================================
Received Import Request.
  Time since last request: 0.000032 seconds.
  path: Assets/PolygonSciFiCity/Prefabs/FX/Fire_02_FX.prefab
  artifactKey: Guid(f65b497ff807d95439b38e7da2fab667) Importer(815301076,1909f56bfc062723c751e8b465ee728b)
Start importing Assets/PolygonSciFiCity/Prefabs/FX/Fire_02_FX.prefab using Guid(f65b497ff807d95439b38e7da2fab667) Importer(815301076,1909f56bfc062723c751e8b465ee728b)  -> (artifact id: 'bfc23321c1564faf39e3b0f215a3d467') in 0.021103 seconds 
========================================================================
Received Import Request.
  Time since last request: 0.000024 seconds.
  path: Assets/DreamOS - Complete OS UI/Prefabs/Web Browser/Fav List Button.prefab
  artifactKey: Guid(d029374c57f595c468b1c22ff9373312) Importer(815301076,1909f56bfc062723c751e8b465ee728b)
Start importing Assets/DreamOS - Complete OS UI/Prefabs/Web Browser/Fav List Button.prefab using Guid(d029374c57f595c468b1c22ff9373312) Importer(815301076,1909f56bfc062723c751e8b465ee728b)  -> (artifact id: '791f1b4fee3cb7e4a3fb851d30d6e4d6') in 0.061961 seconds 
========================================================================
Received Import Request.
  Time since last request: 0.000029 seconds.
  path: Assets/PolygonSciFiCity/Prefabs/FX/FX_Hologram_Base.prefab
  artifactKey: Guid(81ecd218ad64d78478c5b09889c1b958) Importer(815301076,1909f56bfc062723c751e8b465ee728b)
Start importing Assets/PolygonSciFiCity/Prefabs/FX/FX_Hologram_Base.prefab using Guid(81ecd218ad64d78478c5b09889c1b958) Importer(815301076,1909f56bfc062723c751e8b465ee728b)  -> (artifact id: 'b9a97b85b473868bfc2150741eec5d7f') in 0.048568 seconds 
========================================================================
Received Import Request.
  Time since last request: 0.000037 seconds.
  path: Assets/PolygonSciFiCity/Prefabs/FX/FX_Flame_Booster.prefab
  artifactKey: Guid(c3ef8cb5c23f37b439f55fc218032488) Importer(815301076,1909f56bfc062723c751e8b465ee728b)
Start importing Assets/PolygonSciFiCity/Prefabs/FX/FX_Flame_Booster.prefab using Guid(c3ef8cb5c23f37b439f55fc218032488) Importer(815301076,1909f56bfc062723c751e8b465ee728b)  -> (artifact id: '0dbf68c34e78976df03fea38bffb31d3') in 0.033973 seconds 
========================================================================
Received Prepare
Registering precompiled user dll's ...
Registered in 0.004950 seconds.
Begin MonoManager ReloadAssembly
Symbol file LoadedFromMemory doesn't match image C:\Users\Thibaud\Documents\Hack-Play\Hack&Play\Library\PackageCache\com.unity.visualscripting@1.8.0\Editor\VisualScripting.Core\Dependencies\YamlDotNet\Unity.VisualScripting.YamlDotNet.dll
Symbol file LoadedFromMemory doesn't match image C:\Users\Thibaud\Documents\Hack-Play\Hack&Play\Library\PackageCache\com.unity.visualscripting@1.8.0\Editor\VisualScripting.Core\Dependencies\DotNetZip\Unity.VisualScripting.IonicZip.dll
Native extension for WindowsStandalone target not found
Native extension for iOS target not found
Native extension for Android target not found
Refreshing native plugins compatible for Editor in 1.13 ms, found 3 plugins.
Preloading 0 native plugins for Editor in 0.00 ms.
Mono: successfully reloaded assembly
- Completed reload, in  1.208 seconds
Domain Reload Profiling:
	ReloadAssembly (1209ms)
		BeginReloadAssembly (155ms)
			ExecutionOrderSort (0ms)
			DisableScriptedObjects (6ms)
			BackupInstance (0ms)
			ReleaseScriptingObjects (0ms)
			CreateAndSetChildDomain (41ms)
		EndReloadAssembly (936ms)
			LoadAssemblies (95ms)
			RebuildTransferFunctionScriptingTraits (0ms)
			SetupTypeCache (331ms)
			ReleaseScriptCaches (1ms)
			RebuildScriptCaches (57ms)
			SetupLoadedEditorAssemblies (371ms)
				LogAssemblyErrors (0ms)
				InitializePlatformSupportModulesInManaged (41ms)
				SetLoadedEditorAssemblies (1ms)
				RefreshPlugins (1ms)
				BeforeProcessingInitializeOnLoad (79ms)
				ProcessInitializeOnLoadAttributes (215ms)
				ProcessInitializeOnLoadMethodAttributes (23ms)
				AfterProcessingInitializeOnLoad (10ms)
				EditorAssembliesLoaded (0ms)
			ExecutionOrderSort2 (0ms)
			AwakeInstancesAfterBackupRestoration (9ms)
Platform modules already initialized, skipping
Refreshing native plugins compatible for Editor in 2.81 ms, found 3 plugins.
Preloading 0 native plugins for Editor in 0.00 ms.
Unloading 3259 Unused Serialized files (Serialized files now loaded: 0)
Unloading 19 unused Assets / (82.5 KB). Loaded Objects now: 3803.
Memory consumption went from 125.2 MB to 125.1 MB.
Total: 4.003900 ms (FindLiveObjects: 0.315900 ms CreateObjectMapping: 0.359700 ms MarkObjects: 3.194800 ms  DeleteObjects: 0.132200 ms)

AssetImportParameters requested are different than current active one (requested -> active):
  custom:video-decoder-ogg-theora: a1e56fd34408186e4bbccfd4996cb3dc -> 
  custom:container-muxer-webm: aa71ff27fc2769a1b78a27578f13a17b -> 
  custom:container-demuxer-webm: 4f35f7cbe854078d1ac9338744f61a02 -> 
  custom:video-encoder-webm-vp8: eb34c28f22e8b96e1ab97ce403110664 -> 
  custom:audio-encoder-webm-vorbis: bf7c407c2cedff20999df2af8eb42d56 -> 
  custom:framework-win-MediaFoundation: 216162199b28c13a410421893ffa2e32 -> 
  custom:container-demuxer-ogg: 62fdf1f143b41e24485cea50d1cbac27 -> 
  custom:video-decoder-webm-vp8: 9c59270c3fd7afecdb556c50c9e8de78 -> 
  custom:audio-decoder-ogg-vorbis: bf7c407c2cedff20999df2af8eb42d56 -> 
========================================================================
Received Import Request.
  Time since last request: 1732.814433 seconds.
  path: Assets/DreamOS - Complete OS UI/Textures/Shadows/Others/Gradient H.png
  artifactKey: Guid(0d2e29cba4df87941bd838d2d878f097) Importer(815301076,1909f56bfc062723c751e8b465ee728b)
Start importing Assets/DreamOS - Complete OS UI/Textures/Shadows/Others/Gradient H.png using Guid(0d2e29cba4df87941bd838d2d878f097) Importer(815301076,1909f56bfc062723c751e8b465ee728b)  -> (artifact id: '81395a0868fbdac7cc3197ec6745d500') in 0.343724 seconds 
========================================================================
Received Import Request.
  Time since last request: 0.000037 seconds.
  path: Assets/DreamOS - Complete OS UI/Textures/Icons/64x/Hamburger Menu.png
  artifactKey: Guid(7310210b36b802d479dc1558cbdb57a4) Importer(815301076,1909f56bfc062723c751e8b465ee728b)
Start importing Assets/DreamOS - Complete OS UI/Textures/Icons/64x/Hamburger Menu.png using Guid(7310210b36b802d479dc1558cbdb57a4) Importer(815301076,1909f56bfc062723c751e8b465ee728b)  -> (artifact id: 'bfa97840df25fd8552c7330ca06baf4e') in 0.027222 seconds 
========================================================================
Received Import Request.
  Time since last request: 0.000042 seconds.
  path: Assets/DreamOS - Complete OS UI/Textures/Shadows/Others/Gradient V.png
  artifactKey: Guid(593d94ea5fd8094469206d35cdc58683) Importer(815301076,1909f56bfc062723c751e8b465ee728b)
Start importing Assets/DreamOS - Complete OS UI/Textures/Shadows/Others/Gradient V.png using Guid(593d94ea5fd8094469206d35cdc58683) Importer(815301076,1909f56bfc062723c751e8b465ee728b)  -> (artifact id: 'ceec0203ecc937d9a86f73b4149515a6') in 0.200430 seconds 
========================================================================
Received Import Request.
  Time since last request: 0.000017 seconds.
  path: Assets/DreamOS - Complete OS UI/Textures/Shadows/Others/Gradient V Flip.png
  artifactKey: Guid(da0259faccfb34f44aedc114439132e2) Importer(815301076,1909f56bfc062723c751e8b465ee728b)
Start importing Assets/DreamOS - Complete OS UI/Textures/Shadows/Others/Gradient V Flip.png using Guid(da0259faccfb34f44aedc114439132e2) Importer(815301076,1909f56bfc062723c751e8b465ee728b)  -> (artifact id: '31ebef3e38ccd6dd926a6d6967b8d34b') in 0.194472 seconds 
========================================================================
Received Import Request.
  Time since last request: 1.180882 seconds.
  path: Assets/DreamOS - Complete OS UI/Textures/Icons/32x/Heart.png
  artifactKey: Guid(a1becc9e64bd9d34c83674aa6f016c00) Importer(815301076,1909f56bfc062723c751e8b465ee728b)
Start importing Assets/DreamOS - Complete OS UI/Textures/Icons/32x/Heart.png using Guid(a1becc9e64bd9d34c83674aa6f016c00) Importer(815301076,1909f56bfc062723c751e8b465ee728b)  -> (artifact id: '21be06ed29defab085a7d964800ca94a') in 0.029928 seconds 
========================================================================
Received Import Request.
  Time since last request: 0.000030 seconds.
  path: Packages/com.unity.collab-proxy/Editor/PlasticSCM/Assets/Images/iconaddedlocal@2x.png
  artifactKey: Guid(a67b58d6cddcd4345b1e001340de5a76) Importer(815301076,1909f56bfc062723c751e8b465ee728b)
Start importing Packages/com.unity.collab-proxy/Editor/PlasticSCM/Assets/Images/iconaddedlocal@2x.png using Guid(a67b58d6cddcd4345b1e001340de5a76) Importer(815301076,1909f56bfc062723c751e8b465ee728b)  -> (artifact id: 'f80dbbf2c5defcc971161095cf518985') in 0.023777 seconds 
========================================================================
Received Import Request.
  Time since last request: 0.000027 seconds.
  path: Assets/DreamOS - Complete OS UI/Textures/Icons/64x/Home.png
  artifactKey: Guid(5a3c41d9b21911a4e88e133546304c88) Importer(815301076,1909f56bfc062723c751e8b465ee728b)
Start importing Assets/DreamOS - Complete OS UI/Textures/Icons/64x/Home.png using Guid(5a3c41d9b21911a4e88e133546304c88) Importer(815301076,1909f56bfc062723c751e8b465ee728b)  -> (artifact id: 'f2731973d28cd2902ba386a0f4e643b8') in 0.014940 seconds 
========================================================================
Received Import Request.
  Time since last request: 0.000021 seconds.
  path: Assets/DreamOS - Complete OS UI/Textures/Icons/256x/Heart.png
  artifactKey: Guid(5eea847880571e04cad24551162aa6f9) Importer(815301076,1909f56bfc062723c751e8b465ee728b)
Start importing Assets/DreamOS - Complete OS UI/Textures/Icons/256x/Heart.png using Guid(5eea847880571e04cad24551162aa6f9) Importer(815301076,1909f56bfc062723c751e8b465ee728b)  -> (artifact id: 'd2371cd315fd0f1fcf6a877ba49d9835') in 0.025078 seconds 
========================================================================
Received Import Request.
  Time since last request: 0.000028 seconds.
  path: Assets/DreamOS - Complete OS UI/Textures/Icons/128x/Home.png
  artifactKey: Guid(79d58ac14ccb56244b604e18d2b01546) Importer(815301076,1909f56bfc062723c751e8b465ee728b)
Start importing Assets/DreamOS - Complete OS UI/Textures/Icons/128x/Home.png using Guid(79d58ac14ccb56244b604e18d2b01546) Importer(815301076,1909f56bfc062723c751e8b465ee728b)  -> (artifact id: '4993830f8ebf42e874b2d048d4d1f05a') in 0.019810 seconds 
========================================================================
Received Import Request.
  Time since last request: 0.000021 seconds.
  path: Packages/com.unity.collab-proxy/Editor/PlasticSCM/Assets/Images/iconcheckedoutlocaloverlay@2x.png
  artifactKey: Guid(3999034958d54364da380a8839a11050) Importer(815301076,1909f56bfc062723c751e8b465ee728b)
Start importing Packages/com.unity.collab-proxy/Editor/PlasticSCM/Assets/Images/iconcheckedoutlocaloverlay@2x.png using Guid(3999034958d54364da380a8839a11050) Importer(815301076,1909f56bfc062723c751e8b465ee728b)  -> (artifact id: 'b0b5074c4aa9cecdca87c6f251872943') in 0.020475 seconds 
========================================================================
Received Import Request.
  Time since last request: 0.000020 seconds.
  path: Packages/com.unity.collab-proxy/Editor/PlasticSCM/Assets/Images/iconconflictresolvedoverlay@2x.png
  artifactKey: Guid(309b1d5a294fd6c43ae9cf77656c1852) Importer(815301076,1909f56bfc062723c751e8b465ee728b)
Start importing Packages/com.unity.collab-proxy/Editor/PlasticSCM/Assets/Images/iconconflictresolvedoverlay@2x.png using Guid(309b1d5a294fd6c43ae9cf77656c1852) Importer(815301076,1909f56bfc062723c751e8b465ee728b)  -> (artifact id: '2e17d45a411aabfdbcaf40655cf80302') in 0.019596 seconds 
========================================================================
Received Import Request.
  Time since last request: 0.000019 seconds.
  path: Assets/DreamOS - Complete OS UI/Textures/Icons/64x/Heart Filled.png
  artifactKey: Guid(da7a231363f8ecb4bac5a0c6103b3662) Importer(815301076,1909f56bfc062723c751e8b465ee728b)
Start importing Assets/DreamOS - Complete OS UI/Textures/Icons/64x/Heart Filled.png using Guid(da7a231363f8ecb4bac5a0c6103b3662) Importer(815301076,1909f56bfc062723c751e8b465ee728b)  -> (artifact id: '8fc40401ca813711d822999dd55258c7') in 0.019363 seconds 
========================================================================
Received Import Request.
  Time since last request: 0.000021 seconds.
  path: Assets/DreamOS - Complete OS UI/Textures/Icons/128x/Heart Filled.png
  artifactKey: Guid(fd620ff46c534ff4e8148d417033a9b1) Importer(815301076,1909f56bfc062723c751e8b465ee728b)
Start importing Assets/DreamOS - Complete OS UI/Textures/Icons/128x/Heart Filled.png using Guid(fd620ff46c534ff4e8148d417033a9b1) Importer(815301076,1909f56bfc062723c751e8b465ee728b)  -> (artifact id: 'cdee1dd48e5604f01ae081b7be404c64') in 0.021188 seconds 
========================================================================
Received Import Request.
  Time since last request: 0.000017 seconds.
  path: Packages/com.unity.collab-proxy/Editor/PlasticSCM/Assets/Images/iconconflicted.png
  artifactKey: Guid(d1c88f142eee55b4eb2b2cfd7b3624ce) Importer(815301076,1909f56bfc062723c751e8b465ee728b)
Start importing Packages/com.unity.collab-proxy/Editor/PlasticSCM/Assets/Images/iconconflicted.png using Guid(d1c88f142eee55b4eb2b2cfd7b3624ce) Importer(815301076,1909f56bfc062723c751e8b465ee728b)  -> (artifact id: 'e2df0be4849a27a9bb728120b52ac9e9') in 0.022470 seconds 
========================================================================
Received Import Request.
  Time since last request: 0.000046 seconds.
  path: Packages/com.unity.collab-proxy/Editor/PlasticSCM/Assets/Images/iconconflicted@2x.png
  artifactKey: Guid(f95f697d66d238446b1ab717def09945) Importer(815301076,1909f56bfc062723c751e8b465ee728b)
Start importing Packages/com.unity.collab-proxy/Editor/PlasticSCM/Assets/Images/iconconflicted@2x.png using Guid(f95f697d66d238446b1ab717def09945) Importer(815301076,1909f56bfc062723c751e8b465ee728b)  -> (artifact id: 'ee8cd440c30c3f2d781c31aaa700827a') in 0.019348 seconds 
Editor requested this worker to shutdown with reason: Scaling down because of idle timeout
AssetImportWorker is now disconnected from the server
Process exiting
Exiting without the bug reporter. Application will terminate with return code 0