Using pre-set license
Built from '2021.3/staging' branch; Version is '2021.3.19f1 (c9714fde33b6) revision 13201743'; Using compiler version '192829333'; Build Type 'Release'
OS: 'Windows 10  (10.0.19044) 64bit Professional' Language: 'fr' Physical Memory: 16250 MB
BatchMode: 1, IsHumanControllingUs: 0, StartBugReporterOnCrash: 0, Is64bit: 1, IsPro: 1

COMMAND LINE ARGUMENTS:
C:\Program Files\Unity\Hub\Editor\2021.3.19f1\Editor\Unity.exe
-adb2
-batchMode
-noUpm
-name
AssetImportWorker9
-projectPath
C:/Users/Thibaud/Documents/Hack-Play/Hack&Play
-logFile
Logs/AssetImportWorker9.log
-srvPort
61319
Successfully changed project path to: C:/Users/Thibaud/Documents/Hack-Play/Hack&Play
C:/Users/Thibaud/Documents/Hack-Play/Hack&Play
[UnityMemory] Configuration Parameters - Can be set up in boot.config
    "memorysetup-bucket-allocator-granularity=16"
    "memorysetup-bucket-allocator-bucket-count=8"
    "memorysetup-bucket-allocator-block-size=33554432"
    "memorysetup-bucket-allocator-block-count=8"
    "memorysetup-main-allocator-block-size=16777216"
    "memorysetup-thread-allocator-block-size=16777216"
    "memorysetup-gfx-main-allocator-block-size=16777216"
    "memorysetup-gfx-thread-allocator-block-size=16777216"
    "memorysetup-cache-allocator-block-size=4194304"
    "memorysetup-typetree-allocator-block-size=2097152"
    "memorysetup-profiler-bucket-allocator-granularity=16"
    "memorysetup-profiler-bucket-allocator-bucket-count=8"
    "memorysetup-profiler-bucket-allocator-block-size=33554432"
    "memorysetup-profiler-bucket-allocator-block-count=8"
    "memorysetup-profiler-allocator-block-size=16777216"
    "memorysetup-profiler-editor-allocator-block-size=1048576"
    "memorysetup-temp-allocator-size-main=16777216"
    "memorysetup-job-temp-allocator-block-size=2097152"
    "memorysetup-job-temp-allocator-block-size-background=1048576"
    "memorysetup-job-temp-allocator-reduction-small-platforms=262144"
    "memorysetup-temp-allocator-size-background-worker=32768"
    "memorysetup-temp-allocator-size-job-worker=262144"
    "memorysetup-temp-allocator-size-preload-manager=33554432"
    "memorysetup-temp-allocator-size-nav-mesh-worker=65536"
    "memorysetup-temp-allocator-size-audio-worker=65536"
    "memorysetup-temp-allocator-size-cloud-worker=32768"
    "memorysetup-temp-allocator-size-gi-baking-worker=262144"
    "memorysetup-temp-allocator-size-gfx=262144"
Player connection [10304] Host "[IP] 192.168.0.12 [Port] 0 [Flags] 2 [Guid] 231575843 [EditorId] 231575843 [Version] 1048832 [Id] WindowsEditor(7,DESKTOP-MGUKO82) [Debug] 1 [PackageName] WindowsEditor [ProjectName] Editor" joined multi-casting on [225.0.0.222:54997]...

Player connection [10304] Host "[IP] 192.168.0.12 [Port] 0 [Flags] 2 [Guid] 231575843 [EditorId] 231575843 [Version] 1048832 [Id] WindowsEditor(7,DESKTOP-MGUKO82) [Debug] 1 [PackageName] WindowsEditor [ProjectName] Editor" joined alternative multi-casting on [225.0.0.222:34997]...

Refreshing native plugins compatible for Editor in 110.26 ms, found 3 plugins.
Preloading 0 native plugins for Editor in 0.00 ms.
Initialize engine version: 2021.3.19f1 (c9714fde33b6)
[Subsystems] Discovering subsystems at path C:/Program Files/Unity/Hub/Editor/2021.3.19f1/Editor/Data/Resources/UnitySubsystems
[Subsystems] Discovering subsystems at path C:/Users/Thibaud/Documents/Hack-Play/Hack&Play/Assets
GfxDevice: creating device client; threaded=0; jobified=0
Direct3D:
    Version:  Direct3D 11.0 [level 11.1]
    Renderer: NVIDIA GeForce RTX 2060 (ID=0x1f15)
    Vendor:   NVIDIA
    VRAM:     5980 MB
    Driver:   31.0.15.1700
Initialize mono
Mono path[0] = 'C:/Program Files/Unity/Hub/Editor/2021.3.19f1/Editor/Data/Managed'
Mono path[1] = 'C:/Program Files/Unity/Hub/Editor/2021.3.19f1/Editor/Data/MonoBleedingEdge/lib/mono/unityjit-win32'
Mono config path = 'C:/Program Files/Unity/Hub/Editor/2021.3.19f1/Editor/Data/MonoBleedingEdge/etc'
Using monoOptions --debugger-agent=transport=dt_socket,embedding=1,server=y,suspend=n,address=127.0.0.1:56224
Begin MonoManager ReloadAssembly
Registering precompiled unity dll's ...
Register platform support module: C:/Program Files/Unity/Hub/Editor/2021.3.19f1/Editor/Data/PlaybackEngines/AndroidPlayer/UnityEditor.Android.Extensions.dll
Register platform support module: C:/Program Files/Unity/Hub/Editor/2021.3.19f1/Editor/Data/PlaybackEngines/iOSSupport/UnityEditor.iOS.Extensions.dll
Register platform support module: C:/Program Files/Unity/Hub/Editor/2021.3.19f1/Editor/Data/PlaybackEngines/WindowsStandaloneSupport/UnityEditor.WindowsStandalone.Extensions.dll
Registered in 0.007710 seconds.
Native extension for WindowsStandalone target not found
[usbmuxd] Start listen thread
[usbmuxd] Listen thread started
Native extension for iOS target not found
Native extension for Android target not found
Android Extension - Scanning For ADB Devices 231 ms
Refreshing native plugins compatible for Editor in 99.38 ms, found 3 plugins.
Preloading 0 native plugins for Editor in 0.00 ms.
Mono: successfully reloaded assembly
- Completed reload, in  0.869 seconds
Domain Reload Profiling:
	ReloadAssembly (869ms)
		BeginReloadAssembly (67ms)
			ExecutionOrderSort (0ms)
			DisableScriptedObjects (0ms)
			BackupInstance (0ms)
			ReleaseScriptingObjects (0ms)
			CreateAndSetChildDomain (1ms)
		EndReloadAssembly (702ms)
			LoadAssemblies (65ms)
			RebuildTransferFunctionScriptingTraits (0ms)
			SetupTypeCache (94ms)
			ReleaseScriptCaches (0ms)
			RebuildScriptCaches (27ms)
			SetupLoadedEditorAssemblies (532ms)
				LogAssemblyErrors (0ms)
				InitializePlatformSupportModulesInManaged (315ms)
				SetLoadedEditorAssemblies (0ms)
				RefreshPlugins (99ms)
				BeforeProcessingInitializeOnLoad (1ms)
				ProcessInitializeOnLoadAttributes (78ms)
				ProcessInitializeOnLoadMethodAttributes (38ms)
				AfterProcessingInitializeOnLoad (0ms)
				EditorAssembliesLoaded (0ms)
			ExecutionOrderSort2 (0ms)
			AwakeInstancesAfterBackupRestoration (0ms)
Platform modules already initialized, skipping
Registering precompiled user dll's ...
Registered in 0.004068 seconds.
Begin MonoManager ReloadAssembly
Symbol file LoadedFromMemory doesn't match image C:\Users\Thibaud\Documents\Hack-Play\Hack&Play\Library\PackageCache\com.unity.visualscripting@1.8.0\Editor\VisualScripting.Core\Dependencies\YamlDotNet\Unity.VisualScripting.YamlDotNet.dll
Symbol file LoadedFromMemory doesn't match image C:\Users\Thibaud\Documents\Hack-Play\Hack&Play\Library\PackageCache\com.unity.visualscripting@1.8.0\Editor\VisualScripting.Core\Dependencies\DotNetZip\Unity.VisualScripting.IonicZip.dll
Native extension for WindowsStandalone target not found
Native extension for iOS target not found
Native extension for Android target not found
Refreshing native plugins compatible for Editor in 0.78 ms, found 3 plugins.
Preloading 0 native plugins for Editor in 0.00 ms.
Mono: successfully reloaded assembly
- Completed reload, in  0.943 seconds
Domain Reload Profiling:
	ReloadAssembly (944ms)
		BeginReloadAssembly (104ms)
			ExecutionOrderSort (0ms)
			DisableScriptedObjects (6ms)
			BackupInstance (0ms)
			ReleaseScriptingObjects (0ms)
			CreateAndSetChildDomain (18ms)
		EndReloadAssembly (736ms)
			LoadAssemblies (71ms)
			RebuildTransferFunctionScriptingTraits (0ms)
			SetupTypeCache (237ms)
			ReleaseScriptCaches (1ms)
			RebuildScriptCaches (46ms)
			SetupLoadedEditorAssemblies (314ms)
				LogAssemblyErrors (0ms)
				InitializePlatformSupportModulesInManaged (24ms)
				SetLoadedEditorAssemblies (0ms)
				RefreshPlugins (1ms)
				BeforeProcessingInitializeOnLoad (77ms)
				ProcessInitializeOnLoadAttributes (187ms)
				ProcessInitializeOnLoadMethodAttributes (17ms)
				AfterProcessingInitializeOnLoad (7ms)
				EditorAssembliesLoaded (0ms)
			ExecutionOrderSort2 (0ms)
			AwakeInstancesAfterBackupRestoration (7ms)
Platform modules already initialized, skipping
========================================================================
Worker process is ready to serve import requests
Launched and connected shader compiler UnityShaderCompiler.exe after 0.04 seconds
Refreshing native plugins compatible for Editor in 0.75 ms, found 3 plugins.
Preloading 0 native plugins for Editor in 0.00 ms.
Unloading 3049 Unused Serialized files (Serialized files now loaded: 0)
Unloading 24 unused Assets / (114.1 KB). Loaded Objects now: 3516.
Memory consumption went from 111.8 MB to 111.7 MB.
Total: 3.362400 ms (FindLiveObjects: 0.229200 ms CreateObjectMapping: 0.187300 ms MarkObjects: 2.835200 ms  DeleteObjects: 0.109900 ms)

AssetImportParameters requested are different than current active one (requested -> active):
  custom:video-decoder-ogg-theora: a1e56fd34408186e4bbccfd4996cb3dc -> 
  custom:container-muxer-webm: aa71ff27fc2769a1b78a27578f13a17b -> 
  custom:container-demuxer-webm: 4f35f7cbe854078d1ac9338744f61a02 -> 
  custom:video-encoder-webm-vp8: eb34c28f22e8b96e1ab97ce403110664 -> 
  custom:audio-encoder-webm-vorbis: bf7c407c2cedff20999df2af8eb42d56 -> 
  custom:framework-win-MediaFoundation: 216162199b28c13a410421893ffa2e32 -> 
  custom:container-demuxer-ogg: 62fdf1f143b41e24485cea50d1cbac27 -> 
  custom:video-decoder-webm-vp8: 9c59270c3fd7afecdb556c50c9e8de78 -> 
  custom:audio-decoder-ogg-vorbis: bf7c407c2cedff20999df2af8eb42d56 -> 
========================================================================
Received Import Request.
  Time since last request: 616463.817135 seconds.
  path: Assets/PolygonGangWarfare/Models/SM_Bld_Roof_Beam_01.fbx
  artifactKey: Guid(23b41162e19505d4cbb5bf51f5ba56be) Importer(815301076,1909f56bfc062723c751e8b465ee728b)
Start importing Assets/PolygonGangWarfare/Models/SM_Bld_Roof_Beam_01.fbx using Guid(23b41162e19505d4cbb5bf51f5ba56be) Importer(815301076,1909f56bfc062723c751e8b465ee728b)  -> (artifact id: 'e5dd2fa87483dca00444749c85d68952') in 0.145532 seconds 
========================================================================
Received Import Request.
  Time since last request: 0.000031 seconds.
  path: Assets/PolygonGangWarfare/Models/SM_Bld_Roof_Connector_01.fbx
  artifactKey: Guid(d0ec8da8566fc6a4eb41fe538e5511aa) Importer(815301076,1909f56bfc062723c751e8b465ee728b)
Start importing Assets/PolygonGangWarfare/Models/SM_Bld_Roof_Connector_01.fbx using Guid(d0ec8da8566fc6a4eb41fe538e5511aa) Importer(815301076,1909f56bfc062723c751e8b465ee728b)  -> (artifact id: 'c0852817a6973d012880a06762afe35f') in 0.015216 seconds 
========================================================================
Received Import Request.
  Time since last request: 0.000035 seconds.
  path: Assets/PolygonSciFiCity/Models/SM_Bld_Roof_Pagoda_01.fbx
  artifactKey: Guid(721278600aa4a854fb5be8d2686a9eea) Importer(815301076,1909f56bfc062723c751e8b465ee728b)
Start importing Assets/PolygonSciFiCity/Models/SM_Bld_Roof_Pagoda_01.fbx using Guid(721278600aa4a854fb5be8d2686a9eea) Importer(815301076,1909f56bfc062723c751e8b465ee728b)  -> (artifact id: '7231fddba6451ecf64a8882e6de951d3') in 0.016470 seconds 
========================================================================
Received Import Request.
  Time since last request: 0.000041 seconds.
  path: Assets/PolygonGangWarfare/Models/SM_Bld_Roof_Flat_Closed_01_Convex.asset
  artifactKey: Guid(afdf03d736dbaa24895ce568d0e6275e) Importer(815301076,1909f56bfc062723c751e8b465ee728b)
Start importing Assets/PolygonGangWarfare/Models/SM_Bld_Roof_Flat_Closed_01_Convex.asset using Guid(afdf03d736dbaa24895ce568d0e6275e) Importer(815301076,1909f56bfc062723c751e8b465ee728b)  -> (artifact id: '0b16441f1ff094d18e504856d0f5d36d') in 0.013342 seconds 
========================================================================
Received Import Request.
  Time since last request: 0.000024 seconds.
  path: Assets/PolygonGangWarfare/Models/SM_Bld_Roof_Flat_Open_01.fbx
  artifactKey: Guid(81566e2c49ff63c4a9776eb23c06f2ef) Importer(815301076,1909f56bfc062723c751e8b465ee728b)
Start importing Assets/PolygonGangWarfare/Models/SM_Bld_Roof_Flat_Open_01.fbx using Guid(81566e2c49ff63c4a9776eb23c06f2ef) Importer(815301076,1909f56bfc062723c751e8b465ee728b)  -> (artifact id: 'a250ba1c55077a8ad4fdccabe5bee9b5') in 0.012562 seconds 
========================================================================
Received Import Request.
  Time since last request: 0.000021 seconds.
  path: Assets/PolygonGangWarfare/Models/SM_Veh_Van_01.fbx
  artifactKey: Guid(0ed45b02112024f4cb5b25ba37046e44) Importer(815301076,1909f56bfc062723c751e8b465ee728b)
Start importing Assets/PolygonGangWarfare/Models/SM_Veh_Van_01.fbx using Guid(0ed45b02112024f4cb5b25ba37046e44) Importer(815301076,1909f56bfc062723c751e8b465ee728b)  -> (artifact id: '3193aa0285a65c522fafb69cbdfc3042') in 0.068166 seconds 
========================================================================
Received Import Request.
  Time since last request: 240.611710 seconds.
  path: Assets/PolygonGangWarfare/Prefabs/Props/SM_Prop_Powerbox_01.prefab
  artifactKey: Guid(34caf85fbca17e14fb479ecde036fd7d) Importer(815301076,1909f56bfc062723c751e8b465ee728b)
Start importing Assets/PolygonGangWarfare/Prefabs/Props/SM_Prop_Powerbox_01.prefab using Guid(34caf85fbca17e14fb479ecde036fd7d) Importer(815301076,1909f56bfc062723c751e8b465ee728b)  -> (artifact id: '6cb498a3de5cc4b26ee545a216813db6') in 0.044005 seconds 
========================================================================
Received Import Request.
  Time since last request: 0.000077 seconds.
  path: Assets/PolygonGangWarfare/Prefabs/Props/SM_Prop_Rack_01.prefab
  artifactKey: Guid(88c770822aa38894b810cd3da027d29d) Importer(815301076,1909f56bfc062723c751e8b465ee728b)
Start importing Assets/PolygonGangWarfare/Prefabs/Props/SM_Prop_Rack_01.prefab using Guid(88c770822aa38894b810cd3da027d29d) Importer(815301076,1909f56bfc062723c751e8b465ee728b)  -> (artifact id: 'a7e8d0b331433656c08134752a062473') in 0.019903 seconds 
========================================================================
Received Import Request.
  Time since last request: 0.000024 seconds.
  path: Assets/PolygonGangWarfare/Prefabs/Props/SM_Prop_Shelf_Preset_01.prefab
  artifactKey: Guid(498a63665d1ca8f44a568877fc5f4bfb) Importer(815301076,1909f56bfc062723c751e8b465ee728b)
Start importing Assets/PolygonGangWarfare/Prefabs/Props/SM_Prop_Shelf_Preset_01.prefab using Guid(498a63665d1ca8f44a568877fc5f4bfb) Importer(815301076,1909f56bfc062723c751e8b465ee728b)  -> (artifact id: '4fb2b835184c22c64b42ab91e505bf26') in 0.019817 seconds 
========================================================================
Received Import Request.
  Time since last request: 0.000024 seconds.
  path: Assets/PolygonGangWarfare/Prefabs/Props/SM_Prop_Shelf_01.prefab
  artifactKey: Guid(545b8937bb91d544aa7bc3b1d7bb580d) Importer(815301076,1909f56bfc062723c751e8b465ee728b)
Start importing Assets/PolygonGangWarfare/Prefabs/Props/SM_Prop_Shelf_01.prefab using Guid(545b8937bb91d544aa7bc3b1d7bb580d) Importer(815301076,1909f56bfc062723c751e8b465ee728b)  -> (artifact id: '2c255149fc8b5a447565436dc71a6a96') in 0.017944 seconds 
========================================================================
Received Import Request.
  Time since last request: 0.000019 seconds.
  path: Assets/PolygonGangWarfare/Prefabs/Props/SM_Prop_Setup_Clean_01.prefab
  artifactKey: Guid(43c3a1de3a8869d4abfd1b0ab824d9ac) Importer(815301076,1909f56bfc062723c751e8b465ee728b)
Start importing Assets/PolygonGangWarfare/Prefabs/Props/SM_Prop_Setup_Clean_01.prefab using Guid(43c3a1de3a8869d4abfd1b0ab824d9ac) Importer(815301076,1909f56bfc062723c751e8b465ee728b)  -> (artifact id: '1eb5e5816c3e1f7e9453fc69523b2072') in 0.019915 seconds 
========================================================================
Received Import Request.
  Time since last request: 0.000035 seconds.
  path: Assets/PolygonGangWarfare/Prefabs/Props/SM_Prop_Puddle_02.prefab
  artifactKey: Guid(44ad41f188933c741ae2f9fbdc015bd9) Importer(815301076,1909f56bfc062723c751e8b465ee728b)
Start importing Assets/PolygonGangWarfare/Prefabs/Props/SM_Prop_Puddle_02.prefab using Guid(44ad41f188933c741ae2f9fbdc015bd9) Importer(815301076,1909f56bfc062723c751e8b465ee728b)  -> (artifact id: '41f3b4a3a9a388a5f6961aa4f995edb2') in 0.159308 seconds 
========================================================================
Received Import Request.
  Time since last request: 0.000014 seconds.
  path: Assets/PolygonGangWarfare/Prefabs/Props/SM_Prop_Security_Monitors_01.prefab
  artifactKey: Guid(650ae61e6d88c3e49ac0b8be4494a027) Importer(815301076,1909f56bfc062723c751e8b465ee728b)
Start importing Assets/PolygonGangWarfare/Prefabs/Props/SM_Prop_Security_Monitors_01.prefab using Guid(650ae61e6d88c3e49ac0b8be4494a027) Importer(815301076,1909f56bfc062723c751e8b465ee728b)  -> (artifact id: 'ab123f5f72db543f1a3b764dc0941dde') in 0.017635 seconds 
========================================================================
Received Import Request.
  Time since last request: 0.000016 seconds.
  path: Assets/PolygonGangWarfare/Prefabs/Props/SM_Prop_Shelf_Wall_01.prefab
  artifactKey: Guid(baad5f450229e584d91fb4904d6ab8db) Importer(815301076,1909f56bfc062723c751e8b465ee728b)
Start importing Assets/PolygonGangWarfare/Prefabs/Props/SM_Prop_Shelf_Wall_01.prefab using Guid(baad5f450229e584d91fb4904d6ab8db) Importer(815301076,1909f56bfc062723c751e8b465ee728b)  -> (artifact id: '9c5d4ed0bc8c5c41d8a9309bcb28cad4') in 0.016987 seconds 
========================================================================
Received Import Request.
  Time since last request: 0.000115 seconds.
  path: Assets/PolygonGangWarfare/Prefabs/Props/SM_Prop_Propane_Tall_01.prefab
  artifactKey: Guid(1afa1867ded60d64c96cd54f8090fe93) Importer(815301076,1909f56bfc062723c751e8b465ee728b)
Start importing Assets/PolygonGangWarfare/Prefabs/Props/SM_Prop_Propane_Tall_01.prefab using Guid(1afa1867ded60d64c96cd54f8090fe93) Importer(815301076,1909f56bfc062723c751e8b465ee728b)  -> (artifact id: '4cf652cae7ac91a9a0904b8a0887504c') in 0.021107 seconds 
========================================================================
Received Import Request.
  Time since last request: 0.000047 seconds.
  path: Assets/PolygonGangWarfare/Prefabs/Props/SM_Prop_Puddle_05.prefab
  artifactKey: Guid(e53af26dc1eaf93468313a3091ded5b8) Importer(815301076,1909f56bfc062723c751e8b465ee728b)
Start importing Assets/PolygonGangWarfare/Prefabs/Props/SM_Prop_Puddle_05.prefab using Guid(e53af26dc1eaf93468313a3091ded5b8) Importer(815301076,1909f56bfc062723c751e8b465ee728b)  -> (artifact id: '3113d334a319e841d204aa909a6130db') in 0.020867 seconds 
========================================================================
Received Import Request.
  Time since last request: 0.000033 seconds.
  path: Assets/PolygonGangWarfare/Prefabs/Props/SM_Prop_Setup_Dirty_01.prefab
  artifactKey: Guid(0fa59e6a3e65e294f90badb6c7fcf9d4) Importer(815301076,1909f56bfc062723c751e8b465ee728b)
Start importing Assets/PolygonGangWarfare/Prefabs/Props/SM_Prop_Setup_Dirty_01.prefab using Guid(0fa59e6a3e65e294f90badb6c7fcf9d4) Importer(815301076,1909f56bfc062723c751e8b465ee728b)  -> (artifact id: '9fa12a1ff4fa6938f382758e46edd07c') in 0.020390 seconds 
========================================================================
Received Import Request.
  Time since last request: 0.017551 seconds.
  path: Assets/PolygonGangWarfare/Prefabs/Props/SM_Prop_Sign_Caution_01.prefab
  artifactKey: Guid(18bffc42d949c554792684e37bfe7448) Importer(815301076,1909f56bfc062723c751e8b465ee728b)
Start importing Assets/PolygonGangWarfare/Prefabs/Props/SM_Prop_Sign_Caution_01.prefab using Guid(18bffc42d949c554792684e37bfe7448) Importer(815301076,1909f56bfc062723c751e8b465ee728b)  -> (artifact id: 'ef26f75e42a203d5c35bf20e84919f4e') in 0.017181 seconds 
========================================================================
Received Import Request.
  Time since last request: 0.000017 seconds.
  path: Assets/PolygonGangWarfare/Prefabs/Props/SM_Prop_Table_Metal_01.prefab
  artifactKey: Guid(a852a93679cfbcf44a712b85fbb34edf) Importer(815301076,1909f56bfc062723c751e8b465ee728b)
Start importing Assets/PolygonGangWarfare/Prefabs/Props/SM_Prop_Table_Metal_01.prefab using Guid(a852a93679cfbcf44a712b85fbb34edf) Importer(815301076,1909f56bfc062723c751e8b465ee728b)  -> (artifact id: 'bac540d744da5a9a806e366ff9247e5c') in 0.016063 seconds 
========================================================================
Received Import Request.
  Time since last request: 0.000014 seconds.
  path: Assets/PolygonGangWarfare/Prefabs/Props/SM_Prop_Table_Metal_Preset_04.prefab
  artifactKey: Guid(2f42d0296170f7543ae6c8037effe144) Importer(815301076,1909f56bfc062723c751e8b465ee728b)
Start importing Assets/PolygonGangWarfare/Prefabs/Props/SM_Prop_Table_Metal_Preset_04.prefab using Guid(2f42d0296170f7543ae6c8037effe144) Importer(815301076,1909f56bfc062723c751e8b465ee728b)  -> (artifact id: 'fd3b58abe373995dc2473fe6ceb6ed15') in 0.020225 seconds 
========================================================================
Received Import Request.
  Time since last request: 0.000015 seconds.
  path: Assets/PolygonGangWarfare/Prefabs/Props/SM_Prop_Toy_Samurai_Head_Unpainted_01.prefab
  artifactKey: Guid(00e36b515c0ef29479b88b278c26b74d) Importer(815301076,1909f56bfc062723c751e8b465ee728b)
Start importing Assets/PolygonGangWarfare/Prefabs/Props/SM_Prop_Toy_Samurai_Head_Unpainted_01.prefab using Guid(00e36b515c0ef29479b88b278c26b74d) Importer(815301076,1909f56bfc062723c751e8b465ee728b)  -> (artifact id: '1f171685e7994eab4a5326ac995444c2') in 0.016844 seconds 
========================================================================
Received Import Request.
  Time since last request: 0.000017 seconds.
  path: Assets/PolygonGangWarfare/Prefabs/Props/SM_Prop_Warehouse_Grate_03.prefab
  artifactKey: Guid(900e61fd97a1d524aab1ec6baa411214) Importer(815301076,1909f56bfc062723c751e8b465ee728b)
Start importing Assets/PolygonGangWarfare/Prefabs/Props/SM_Prop_Warehouse_Grate_03.prefab using Guid(900e61fd97a1d524aab1ec6baa411214) Importer(815301076,1909f56bfc062723c751e8b465ee728b)  -> (artifact id: '637917fdfad1b112cd9d8f7c1a706241') in 0.016173 seconds 
========================================================================
Received Import Request.
  Time since last request: 0.000117 seconds.
  path: Assets/PolygonGangWarfare/Prefabs/Props/SM_Prop_Warehouse_Light_02.prefab
  artifactKey: Guid(3477e69049e82ff4888bed405439d34b) Importer(815301076,1909f56bfc062723c751e8b465ee728b)
Start importing Assets/PolygonGangWarfare/Prefabs/Props/SM_Prop_Warehouse_Light_02.prefab using Guid(3477e69049e82ff4888bed405439d34b) Importer(815301076,1909f56bfc062723c751e8b465ee728b)  -> (artifact id: 'e11bf4a0f43b1e516048972febdb0285') in 0.015591 seconds 
========================================================================
Received Import Request.
  Time since last request: 0.000043 seconds.
  path: Assets/PolygonGangWarfare/Prefabs/Props/SM_Prop_Warehouse_Firehose_01.prefab
  artifactKey: Guid(29085468afa9c874996227eb3e967597) Importer(815301076,1909f56bfc062723c751e8b465ee728b)
Start importing Assets/PolygonGangWarfare/Prefabs/Props/SM_Prop_Warehouse_Firehose_01.prefab using Guid(29085468afa9c874996227eb3e967597) Importer(815301076,1909f56bfc062723c751e8b465ee728b)  -> (artifact id: 'c730283b056e0fc00ef3c27deedddedc') in 0.016273 seconds 
========================================================================
Received Import Request.
  Time since last request: 0.000024 seconds.
  path: Assets/PolygonGangWarfare/Prefabs/Props/SM_Prop_Syringe_01.prefab
  artifactKey: Guid(a5579350765418e4187fe95dae48c286) Importer(815301076,1909f56bfc062723c751e8b465ee728b)
Start importing Assets/PolygonGangWarfare/Prefabs/Props/SM_Prop_Syringe_01.prefab using Guid(a5579350765418e4187fe95dae48c286) Importer(815301076,1909f56bfc062723c751e8b465ee728b)  -> (artifact id: '82c49af7dfc00f77e6ef0278a4ac77b6') in 0.016514 seconds 
========================================================================
Received Import Request.
  Time since last request: 0.000030 seconds.
  path: Assets/PolygonGangWarfare/Prefabs/Props/SM_Prop_Sign_Exit_01.prefab
  artifactKey: Guid(05ccfc3f1f493024685e3fa9d690c493) Importer(815301076,1909f56bfc062723c751e8b465ee728b)
Start importing Assets/PolygonGangWarfare/Prefabs/Props/SM_Prop_Sign_Exit_01.prefab using Guid(05ccfc3f1f493024685e3fa9d690c493) Importer(815301076,1909f56bfc062723c751e8b465ee728b)  -> (artifact id: 'e214b49d315b2a4afa54a2fd681898ec') in 0.017105 seconds 
========================================================================
Received Import Request.
  Time since last request: 0.000021 seconds.
  path: Assets/PolygonGangWarfare/Prefabs/Props/SM_Prop_Warehouse_Grate_01.prefab
  artifactKey: Guid(de1ce294621aded4cb1ae58cf1054fe8) Importer(815301076,1909f56bfc062723c751e8b465ee728b)
Start importing Assets/PolygonGangWarfare/Prefabs/Props/SM_Prop_Warehouse_Grate_01.prefab using Guid(de1ce294621aded4cb1ae58cf1054fe8) Importer(815301076,1909f56bfc062723c751e8b465ee728b)  -> (artifact id: 'a4f9144aac5d37639712d86f4eac819a') in 0.018042 seconds 
========================================================================
Received Import Request.
  Time since last request: 0.000022 seconds.
  path: Assets/PolygonGangWarfare/Prefabs/Props/SM_Prop_Table_Metal_Preset_05.prefab
  artifactKey: Guid(5ce0c2daf45a9ca4182d1d2f53059b84) Importer(815301076,1909f56bfc062723c751e8b465ee728b)
Start importing Assets/PolygonGangWarfare/Prefabs/Props/SM_Prop_Table_Metal_Preset_05.prefab using Guid(5ce0c2daf45a9ca4182d1d2f53059b84) Importer(815301076,1909f56bfc062723c751e8b465ee728b)  -> (artifact id: '6ba5a231da494f57c5e83a1f9f840719') in 0.017554 seconds 
========================================================================
Received Import Request.
  Time since last request: 0.000016 seconds.
  path: Assets/PolygonGangWarfare/Prefabs/Props/SM_Prop_Sink_01.prefab
  artifactKey: Guid(36c492784cb865d4287cf23e6f38e008) Importer(815301076,1909f56bfc062723c751e8b465ee728b)
Start importing Assets/PolygonGangWarfare/Prefabs/Props/SM_Prop_Sink_01.prefab using Guid(36c492784cb865d4287cf23e6f38e008) Importer(815301076,1909f56bfc062723c751e8b465ee728b)  -> (artifact id: 'f11168b3954ca39bf708e1272e24b113') in 0.016206 seconds 
========================================================================
Received Import Request.
  Time since last request: 0.000035 seconds.
  path: Assets/PolygonGangWarfare/Prefabs/Props/SM_Prop_Toy_Samurai_Full_Painted_01.prefab
  artifactKey: Guid(885badd4349ee934f8b4c5275ab6a3dd) Importer(815301076,1909f56bfc062723c751e8b465ee728b)
Start importing Assets/PolygonGangWarfare/Prefabs/Props/SM_Prop_Toy_Samurai_Full_Painted_01.prefab using Guid(885badd4349ee934f8b4c5275ab6a3dd) Importer(815301076,1909f56bfc062723c751e8b465ee728b)  -> (artifact id: 'acb4631d7f67220f17f0a808a433713c') in 0.016006 seconds 
========================================================================
Received Import Request.
  Time since last request: 0.000039 seconds.
  path: Assets/PolygonGangWarfare/Prefabs/Props/SM_Prop_Toy_Samurai_Arm_01.prefab
  artifactKey: Guid(46816ec0609c5574682005aa5b648d55) Importer(815301076,1909f56bfc062723c751e8b465ee728b)
Start importing Assets/PolygonGangWarfare/Prefabs/Props/SM_Prop_Toy_Samurai_Arm_01.prefab using Guid(46816ec0609c5574682005aa5b648d55) Importer(815301076,1909f56bfc062723c751e8b465ee728b)  -> (artifact id: '26583bcc302a8324cedba4047b9c015b') in 0.015679 seconds 
========================================================================
Received Import Request.
  Time since last request: 0.000017 seconds.
  path: Assets/PolygonGangWarfare/Prefabs/Props/SM_Prop_Toy_Samurai_TorsoOpen_01.prefab
  artifactKey: Guid(67e28c60f4ec8c640be0593a9937c0a9) Importer(815301076,1909f56bfc062723c751e8b465ee728b)
Start importing Assets/PolygonGangWarfare/Prefabs/Props/SM_Prop_Toy_Samurai_TorsoOpen_01.prefab using Guid(67e28c60f4ec8c640be0593a9937c0a9) Importer(815301076,1909f56bfc062723c751e8b465ee728b)  -> (artifact id: '99c11981eefd60752ddfc1a008c0731d') in 0.017143 seconds 
========================================================================
Received Import Request.
  Time since last request: 0.000015 seconds.
  path: Assets/PolygonGangWarfare/Prefabs/Props/SM_Prop_Speed_Bump_01.prefab
  artifactKey: Guid(907cd6937486983428c9fa124b44ce1c) Importer(815301076,1909f56bfc062723c751e8b465ee728b)
Start importing Assets/PolygonGangWarfare/Prefabs/Props/SM_Prop_Speed_Bump_01.prefab using Guid(907cd6937486983428c9fa124b44ce1c) Importer(815301076,1909f56bfc062723c751e8b465ee728b)  -> (artifact id: 'f31584909e0fdb69e92705711d4fddbe') in 0.015338 seconds 
========================================================================
Received Import Request.
  Time since last request: 0.000013 seconds.
  path: Assets/PolygonGangWarfare/Prefabs/Props/SM_Prop_Table_Metal_Preset_06.prefab
  artifactKey: Guid(3b86ab4a60193d54d9c33c98ecc8012a) Importer(815301076,1909f56bfc062723c751e8b465ee728b)
Start importing Assets/PolygonGangWarfare/Prefabs/Props/SM_Prop_Table_Metal_Preset_06.prefab using Guid(3b86ab4a60193d54d9c33c98ecc8012a) Importer(815301076,1909f56bfc062723c751e8b465ee728b)  -> (artifact id: '168736e94d4a9bbd44c48be41e5fd017') in 0.016715 seconds 
========================================================================
Received Import Request.
  Time since last request: 0.000015 seconds.
  path: Assets/PolygonGangWarfare/Prefabs/Props/SM_Prop_Table_Metal_Preset_03.prefab
  artifactKey: Guid(28c8b54ac8ed1c24eb2cd10e99c9ca9b) Importer(815301076,1909f56bfc062723c751e8b465ee728b)
Start importing Assets/PolygonGangWarfare/Prefabs/Props/SM_Prop_Table_Metal_Preset_03.prefab using Guid(28c8b54ac8ed1c24eb2cd10e99c9ca9b) Importer(815301076,1909f56bfc062723c751e8b465ee728b)  -> (artifact id: '789285c0ed6abd056e6d79903a1c6060') in 0.017563 seconds 
========================================================================
Received Import Request.
  Time since last request: 0.000024 seconds.
  path: Assets/PolygonGangWarfare/Prefabs/Props/SM_Prop_Vase_02.prefab
  artifactKey: Guid(52c4430934031b44584376d41c3e1705) Importer(815301076,1909f56bfc062723c751e8b465ee728b)
Start importing Assets/PolygonGangWarfare/Prefabs/Props/SM_Prop_Vase_02.prefab using Guid(52c4430934031b44584376d41c3e1705) Importer(815301076,1909f56bfc062723c751e8b465ee728b)  -> (artifact id: 'f5fc489945dd82e6f58de038638b918d') in 0.015370 seconds 
========================================================================
Received Import Request.
  Time since last request: 0.000018 seconds.
  path: Assets/PolygonGangWarfare/Prefabs/Props/SM_Prop_Toy_Samurai_Full_Unpainted_01.prefab
  artifactKey: Guid(a1906b0e9bbb35a4685e9cb5ca2e7ee2) Importer(815301076,1909f56bfc062723c751e8b465ee728b)
Start importing Assets/PolygonGangWarfare/Prefabs/Props/SM_Prop_Toy_Samurai_Full_Unpainted_01.prefab using Guid(a1906b0e9bbb35a4685e9cb5ca2e7ee2) Importer(815301076,1909f56bfc062723c751e8b465ee728b)  -> (artifact id: 'fd7ea378b1fb5a191cd666db30b3310e') in 0.017637 seconds 
========================================================================
Received Import Request.
  Time since last request: 0.000026 seconds.
  path: Assets/PolygonGangWarfare/Prefabs/Props/SM_Prop_Warehouse_Grate_04.prefab
  artifactKey: Guid(bc19132a56cb1c14db60c711934f90c0) Importer(815301076,1909f56bfc062723c751e8b465ee728b)
Start importing Assets/PolygonGangWarfare/Prefabs/Props/SM_Prop_Warehouse_Grate_04.prefab using Guid(bc19132a56cb1c14db60c711934f90c0) Importer(815301076,1909f56bfc062723c751e8b465ee728b)  -> (artifact id: 'fbe56521cd01375f49d93efa24604e5b') in 0.018239 seconds 
========================================================================
Received Import Request.
  Time since last request: 0.000021 seconds.
  path: Assets/PolygonGangWarfare/Prefabs/Props/SM_Prop_SprayCan_01.prefab
  artifactKey: Guid(c2f6f0fc072d9534eb485798e401821d) Importer(815301076,1909f56bfc062723c751e8b465ee728b)
Start importing Assets/PolygonGangWarfare/Prefabs/Props/SM_Prop_SprayCan_01.prefab using Guid(c2f6f0fc072d9534eb485798e401821d) Importer(815301076,1909f56bfc062723c751e8b465ee728b)  -> (artifact id: '5e2e8ee323211ac0e9ed31bd96db8e11') in 0.016392 seconds 
========================================================================
Received Import Request.
  Time since last request: 0.000051 seconds.
  path: Assets/PolygonGangWarfare/Prefabs/Props/SM_Prop_Warehouse_Grate_02.prefab
  artifactKey: Guid(8d7bacdf6d71cec44915ad64511d065d) Importer(815301076,1909f56bfc062723c751e8b465ee728b)
Start importing Assets/PolygonGangWarfare/Prefabs/Props/SM_Prop_Warehouse_Grate_02.prefab using Guid(8d7bacdf6d71cec44915ad64511d065d) Importer(815301076,1909f56bfc062723c751e8b465ee728b)  -> (artifact id: '69d9ab078126ae025d2a39f9882b8669') in 0.015908 seconds 
========================================================================
Received Import Request.
  Time since last request: 3.265105 seconds.
  path: Assets/PolygonGangWarfare/Prefabs/Props/SM_Prop_Warehouse_PowerBox_01.prefab
  artifactKey: Guid(513d05ee088229342965d80c89d6ef4b) Importer(815301076,1909f56bfc062723c751e8b465ee728b)
Start importing Assets/PolygonGangWarfare/Prefabs/Props/SM_Prop_Warehouse_PowerBox_01.prefab using Guid(513d05ee088229342965d80c89d6ef4b) Importer(815301076,1909f56bfc062723c751e8b465ee728b)  -> (artifact id: 'e4469081743509b56c736d1a6f47dd49') in 0.019651 seconds 
========================================================================
Received Import Request.
  Time since last request: 0.000015 seconds.
  path: Assets/PolygonGangWarfare/Prefabs/Props/SM_Prop_Warehouse_Venting_Corner_01.prefab
  artifactKey: Guid(faafff8fbfbc5ce43a879e359d0a404c) Importer(815301076,1909f56bfc062723c751e8b465ee728b)
Start importing Assets/PolygonGangWarfare/Prefabs/Props/SM_Prop_Warehouse_Venting_Corner_01.prefab using Guid(faafff8fbfbc5ce43a879e359d0a404c) Importer(815301076,1909f56bfc062723c751e8b465ee728b)  -> (artifact id: '727d723ee6f3f5d32e0b19909d4c3a27') in 0.023966 seconds 
========================================================================
Received Import Request.
  Time since last request: 0.000016 seconds.
  path: Assets/PolygonGangWarfare/Prefabs/Props/SM_Prop_Warehouse_Venting_02.prefab
  artifactKey: Guid(0850ed08edd20e8438cc2e3abf9eedba) Importer(815301076,1909f56bfc062723c751e8b465ee728b)
Start importing Assets/PolygonGangWarfare/Prefabs/Props/SM_Prop_Warehouse_Venting_02.prefab using Guid(0850ed08edd20e8438cc2e3abf9eedba) Importer(815301076,1909f56bfc062723c751e8b465ee728b)  -> (artifact id: '109289ea8d8b470e87957bab2f2145e2') in 0.018215 seconds 
========================================================================
Received Import Request.
  Time since last request: 0.000019 seconds.
  path: Assets/PolygonGangWarfare/Prefabs/Props/SM_Prop_Warehouse_Venting_End_01.prefab
  artifactKey: Guid(33440b33bf2582448aefa1595d43f184) Importer(815301076,1909f56bfc062723c751e8b465ee728b)
Start importing Assets/PolygonGangWarfare/Prefabs/Props/SM_Prop_Warehouse_Venting_End_01.prefab using Guid(33440b33bf2582448aefa1595d43f184) Importer(815301076,1909f56bfc062723c751e8b465ee728b)  -> (artifact id: '401ea140572d93a2bc7e3665da828d2d') in 0.022064 seconds 
========================================================================
Received Import Request.
  Time since last request: 0.000032 seconds.
  path: Assets/PolygonGangWarfare/Prefabs/Props/SM_Prop_Warehouse_Venting_Corner_02.prefab
  artifactKey: Guid(4c120461f10abdf42800d3aea7125c8d) Importer(815301076,1909f56bfc062723c751e8b465ee728b)
Start importing Assets/PolygonGangWarfare/Prefabs/Props/SM_Prop_Warehouse_Venting_Corner_02.prefab using Guid(4c120461f10abdf42800d3aea7125c8d) Importer(815301076,1909f56bfc062723c751e8b465ee728b)  -> (artifact id: 'b3f00b798c77daf5da12d8edabc37a57') in 0.017940 seconds 
========================================================================
Received Import Request.
  Time since last request: 0.000020 seconds.
  path: Assets/PolygonGangWarfare/Prefabs/Props/SM_Prop_Warehouse_Venting_01.prefab
  artifactKey: Guid(a2d70fee0c418224285377ec17f8cae3) Importer(815301076,1909f56bfc062723c751e8b465ee728b)
Start importing Assets/PolygonGangWarfare/Prefabs/Props/SM_Prop_Warehouse_Venting_01.prefab using Guid(a2d70fee0c418224285377ec17f8cae3) Importer(815301076,1909f56bfc062723c751e8b465ee728b)  -> (artifact id: '74ea8af670e15bf72128f292456ec037') in 0.020507 seconds 
========================================================================
Received Import Request.
  Time since last request: 0.008199 seconds.
  path: Assets/PolygonGangWarfare/Prefabs/Props/SM_Prop_Wirespool_01.prefab
  artifactKey: Guid(0b1d43d46b46e694f9db70ceded2af6f) Importer(815301076,1909f56bfc062723c751e8b465ee728b)
Start importing Assets/PolygonGangWarfare/Prefabs/Props/SM_Prop_Wirespool_01.prefab using Guid(0b1d43d46b46e694f9db70ceded2af6f) Importer(815301076,1909f56bfc062723c751e8b465ee728b)  -> (artifact id: 'a4df4495a7871bdac880c04513b6d32d') in 0.017811 seconds 
========================================================================
Received Import Request.
  Time since last request: 0.000023 seconds.
  path: Assets/PolygonGangWarfare/Prefabs/Props/SM_Prop_ZipBag_Blue_S_01.prefab
  artifactKey: Guid(90312942930414940a6b463a924e1f28) Importer(815301076,1909f56bfc062723c751e8b465ee728b)
Start importing Assets/PolygonGangWarfare/Prefabs/Props/SM_Prop_ZipBag_Blue_S_01.prefab using Guid(90312942930414940a6b463a924e1f28) Importer(815301076,1909f56bfc062723c751e8b465ee728b)  -> (artifact id: '304bc53d29a869b0e959aa8f9296e60c') in 0.019097 seconds 
========================================================================
Received Import Request.
  Time since last request: 0.000029 seconds.
  path: Assets/PolygonGangWarfare/Prefabs/Props/SM_Prop_ZipBag_Blue_L_01.prefab
  artifactKey: Guid(f8597233efa759d40958f51979f6f4eb) Importer(815301076,1909f56bfc062723c751e8b465ee728b)
Start importing Assets/PolygonGangWarfare/Prefabs/Props/SM_Prop_ZipBag_Blue_L_01.prefab using Guid(f8597233efa759d40958f51979f6f4eb) Importer(815301076,1909f56bfc062723c751e8b465ee728b)  -> (artifact id: 'fe57a7106bbe1ec96755156891b66bb0') in 0.020640 seconds 
========================================================================
Received Import Request.
  Time since last request: 0.000017 seconds.
  path: Assets/PolygonGangWarfare/Prefabs/Props/SM_Prop_Wood_Panel_01.prefab
  artifactKey: Guid(6254c57dc5a8a4c4187f5b742f1c6e9f) Importer(815301076,1909f56bfc062723c751e8b465ee728b)
Start importing Assets/PolygonGangWarfare/Prefabs/Props/SM_Prop_Wood_Panel_01.prefab using Guid(6254c57dc5a8a4c4187f5b742f1c6e9f) Importer(815301076,1909f56bfc062723c751e8b465ee728b)  -> (artifact id: '4048b33ea3880c8bad1c33db1f2461bb') in 0.018046 seconds 
========================================================================
Received Import Request.
  Time since last request: 1.144228 seconds.
  path: Assets/PolygonGangWarfare/Prefabs/Props/SM_Prop_ZipBag_White_L_01.prefab
  artifactKey: Guid(95985f6cb2685cc4e9e3b944711c64cd) Importer(815301076,1909f56bfc062723c751e8b465ee728b)
Start importing Assets/PolygonGangWarfare/Prefabs/Props/SM_Prop_ZipBag_White_L_01.prefab using Guid(95985f6cb2685cc4e9e3b944711c64cd) Importer(815301076,1909f56bfc062723c751e8b465ee728b)  -> (artifact id: '2bd8930d2422402c67fd1d340babb338') in 0.032213 seconds 
========================================================================
Received Import Request.
  Time since last request: 0.000015 seconds.
  path: Assets/PolygonGangWarfare/Prefabs/Props/SM_Prop_ZipBag_White_L_03.prefab
  artifactKey: Guid(e3c50039fe8f745479d7d56744444e61) Importer(815301076,1909f56bfc062723c751e8b465ee728b)
Start importing Assets/PolygonGangWarfare/Prefabs/Props/SM_Prop_ZipBag_White_L_03.prefab using Guid(e3c50039fe8f745479d7d56744444e61) Importer(815301076,1909f56bfc062723c751e8b465ee728b)  -> (artifact id: '8b2bf28635795c33394d0a6606d5add1') in 0.024395 seconds 
========================================================================
Received Import Request.
  Time since last request: 68.141476 seconds.
  path: Assets/PolygonGangWarfare/Models/SM_Prop_GasCan_01.fbx
  artifactKey: Guid(4060a6716edda874ea227bf287d58891) Importer(815301076,1909f56bfc062723c751e8b465ee728b)
Start importing Assets/PolygonGangWarfare/Models/SM_Prop_GasCan_01.fbx using Guid(4060a6716edda874ea227bf287d58891) Importer(815301076,1909f56bfc062723c751e8b465ee728b)  -> (artifact id: '38b5c460d185d01e40ac8b489b78dc89') in 0.028144 seconds 
========================================================================
Received Import Request.
  Time since last request: 0.000019 seconds.
  path: Assets/PolygonSciFiCity/Models/SM_Wep_Attachment_Handle_Scope_02.fbx
  artifactKey: Guid(7bdcd028fd9057448bf584666fa04747) Importer(815301076,1909f56bfc062723c751e8b465ee728b)
Start importing Assets/PolygonSciFiCity/Models/SM_Wep_Attachment_Handle_Scope_02.fbx using Guid(7bdcd028fd9057448bf584666fa04747) Importer(815301076,1909f56bfc062723c751e8b465ee728b)  -> (artifact id: '164d4d5cdf386371ce31b8d0fd413899') in 0.019552 seconds 
========================================================================
Received Import Request.
  Time since last request: 0.000030 seconds.
  path: Assets/PolygonSciFiCity/Models/SM_Prop_Security_Scanner_01.fbx
  artifactKey: Guid(88fbd083162eac74694baf87d432b51a) Importer(815301076,1909f56bfc062723c751e8b465ee728b)
Start importing Assets/PolygonSciFiCity/Models/SM_Prop_Security_Scanner_01.fbx using Guid(88fbd083162eac74694baf87d432b51a) Importer(815301076,1909f56bfc062723c751e8b465ee728b)  -> (artifact id: '50b3fe11997d15ff6530f519bd857943') in 0.015414 seconds 
========================================================================
Received Import Request.
  Time since last request: 0.000025 seconds.
  path: Assets/PolygonSciFiCity/Models/SM_Wep_Sniper_Scope_03.fbx
  artifactKey: Guid(da67c7e0a66055842b176fd21ad06262) Importer(815301076,1909f56bfc062723c751e8b465ee728b)
Start importing Assets/PolygonSciFiCity/Models/SM_Wep_Sniper_Scope_03.fbx using Guid(da67c7e0a66055842b176fd21ad06262) Importer(815301076,1909f56bfc062723c751e8b465ee728b)  -> (artifact id: '07ffce4b2c36c622e2b01febdb80fd19') in 0.018107 seconds 
========================================================================
Received Import Request.
  Time since last request: 0.000023 seconds.
  path: Assets/PolygonSciFiCity/Prefabs/Weapons/SM_Wep_Sniper_Scope_03.prefab
  artifactKey: Guid(ce7dd31e70ae5f34aa7456b7d4994da8) Importer(815301076,1909f56bfc062723c751e8b465ee728b)
Start importing Assets/PolygonSciFiCity/Prefabs/Weapons/SM_Wep_Sniper_Scope_03.prefab using Guid(ce7dd31e70ae5f34aa7456b7d4994da8) Importer(815301076,1909f56bfc062723c751e8b465ee728b)  -> (artifact id: '91a8a1eee5515a5015f69513b0e8488e') in 0.061249 seconds 
========================================================================
Received Import Request.
  Time since last request: 0.000027 seconds.
  path: Assets/PolygonSciFiCity/Models/SM_Prop_Security_Scanner_01_Convex 3.asset
  artifactKey: Guid(65b721a6cc1c3684b9a3f20d2b2f02d8) Importer(815301076,1909f56bfc062723c751e8b465ee728b)
Start importing Assets/PolygonSciFiCity/Models/SM_Prop_Security_Scanner_01_Convex 3.asset using Guid(65b721a6cc1c3684b9a3f20d2b2f02d8) Importer(815301076,1909f56bfc062723c751e8b465ee728b)  -> (artifact id: '7089ae67fd6836c5dfeaa87556d1f42d') in 0.019125 seconds 
========================================================================
Received Import Request.
  Time since last request: 0.000022 seconds.
  path: Assets/PolygonSciFiCity/Models/SM_Prop_Pad_01.fbx
  artifactKey: Guid(edb37898ff90820408057bcb108abf7f) Importer(815301076,1909f56bfc062723c751e8b465ee728b)
Start importing Assets/PolygonSciFiCity/Models/SM_Prop_Pad_01.fbx using Guid(edb37898ff90820408057bcb108abf7f) Importer(815301076,1909f56bfc062723c751e8b465ee728b)  -> (artifact id: '9e3d14b6c197ba602283af9a4b38d6dd') in 0.028368 seconds 
========================================================================
Received Import Request.
  Time since last request: 0.000018 seconds.
  path: Assets/PolygonSciFiCity/Models/SM_Wep_Sniper_01.fbx
  artifactKey: Guid(5ae5e894990e35448af3fa1dc1993ab2) Importer(815301076,1909f56bfc062723c751e8b465ee728b)
Start importing Assets/PolygonSciFiCity/Models/SM_Wep_Sniper_01.fbx using Guid(5ae5e894990e35448af3fa1dc1993ab2) Importer(815301076,1909f56bfc062723c751e8b465ee728b)  -> (artifact id: '6bfbad823500461307cde906dbcb561b') in 0.058849 seconds 
========================================================================
Received Import Request.
  Time since last request: 0.000030 seconds.
  path: Assets/PolygonGangWarfare/Models/SM_Prop_Scales_01.fbx
  artifactKey: Guid(f61185f4a4c69bd4bb9bedc4d3362eb5) Importer(815301076,1909f56bfc062723c751e8b465ee728b)
Start importing Assets/PolygonGangWarfare/Models/SM_Prop_Scales_01.fbx using Guid(f61185f4a4c69bd4bb9bedc4d3362eb5) Importer(815301076,1909f56bfc062723c751e8b465ee728b)  -> (artifact id: '6ba77e5bbe74d837464bea42a73f3ac3') in 0.022994 seconds 
========================================================================
Received Import Request.
  Time since last request: 0.000034 seconds.
  path: Assets/PolygonSciFiCity/Models/SM_Prop_Monitor_02.fbx
  artifactKey: Guid(9b84ea2924967ce4382b28725d53f52d) Importer(815301076,1909f56bfc062723c751e8b465ee728b)
Start importing Assets/PolygonSciFiCity/Models/SM_Prop_Monitor_02.fbx using Guid(9b84ea2924967ce4382b28725d53f52d) Importer(815301076,1909f56bfc062723c751e8b465ee728b)  -> (artifact id: 'c5169670b7a75a0757259d245368d55d') in 0.035847 seconds 
========================================================================
Received Import Request.
  Time since last request: 0.000031 seconds.
  path: Assets/PolygonSciFiCity/Prefabs/Weapons/SM_Wep_Attachment_Handle_Scope_03.prefab
  artifactKey: Guid(a17c1c36457dcb54089290b3abb83367) Importer(815301076,1909f56bfc062723c751e8b465ee728b)
Start importing Assets/PolygonSciFiCity/Prefabs/Weapons/SM_Wep_Attachment_Handle_Scope_03.prefab using Guid(a17c1c36457dcb54089290b3abb83367) Importer(815301076,1909f56bfc062723c751e8b465ee728b)  -> (artifact id: 'eae8179f774b7e6158a55125c0ee81c8') in 0.076861 seconds 
========================================================================
Received Import Request.
  Time since last request: 0.000030 seconds.
  path: Assets/PolygonSciFiCity/Models/SM_Prop_Scanner_01.fbx
  artifactKey: Guid(32c63dea101ab654d9606fc5bde06a70) Importer(815301076,1909f56bfc062723c751e8b465ee728b)
Start importing Assets/PolygonSciFiCity/Models/SM_Prop_Scanner_01.fbx using Guid(32c63dea101ab654d9606fc5bde06a70) Importer(815301076,1909f56bfc062723c751e8b465ee728b)  -> (artifact id: '0b76b4d95354dfbb7ec8d4973e46d158') in 0.014744 seconds 
========================================================================
Received Import Request.
  Time since last request: 0.000019 seconds.
  path: Assets/PolygonSciFiCity/Models/SM_Prop_Scanner_01_Convex.asset
  artifactKey: Guid(a90950a6ab4842d488db76bf5fd21b14) Importer(815301076,1909f56bfc062723c751e8b465ee728b)
Start importing Assets/PolygonSciFiCity/Models/SM_Prop_Scanner_01_Convex.asset using Guid(a90950a6ab4842d488db76bf5fd21b14) Importer(815301076,1909f56bfc062723c751e8b465ee728b)  -> (artifact id: '3b376dfb9055726b9965f35af9c20289') in 0.011633 seconds 
========================================================================
Received Import Request.
  Time since last request: 0.000019 seconds.
  path: Assets/PolygonSciFiCity/Prefabs/Weapons/SM_Wep_Attachment_Scope_02.prefab
  artifactKey: Guid(a305c17c379547a4184031d1c83cbeb6) Importer(815301076,1909f56bfc062723c751e8b465ee728b)
Start importing Assets/PolygonSciFiCity/Prefabs/Weapons/SM_Wep_Attachment_Scope_02.prefab using Guid(a305c17c379547a4184031d1c83cbeb6) Importer(815301076,1909f56bfc062723c751e8b465ee728b)  -> (artifact id: '78b80943e95ba99c07b701984d2813cc') in 0.035804 seconds 
========================================================================
Received Import Request.
  Time since last request: 3.998591 seconds.
  path: Assets/PolygonSciFiCity/Prefabs/Characters/FixedScaleCharacters/Character_Alien_Male_02.prefab
  artifactKey: Guid(9724bf37757803a4997ef69d34974e3d) Importer(815301076,1909f56bfc062723c751e8b465ee728b)
Start importing Assets/PolygonSciFiCity/Prefabs/Characters/FixedScaleCharacters/Character_Alien_Male_02.prefab using Guid(9724bf37757803a4997ef69d34974e3d) Importer(815301076,1909f56bfc062723c751e8b465ee728b)  -> (artifact id: '5bcf285161b5ca3a470b1f48d7e1e454') in 0.099682 seconds 
========================================================================
Received Import Request.
  Time since last request: 0.000041 seconds.
  path: Assets/PolygonSciFiCity/Prefabs/Characters/FixedScaleCharacters/Character_Junky_Female_01.prefab
  artifactKey: Guid(be6e7002526a3724f97d31ae3e596927) Importer(815301076,1909f56bfc062723c751e8b465ee728b)
Start importing Assets/PolygonSciFiCity/Prefabs/Characters/FixedScaleCharacters/Character_Junky_Female_01.prefab using Guid(be6e7002526a3724f97d31ae3e596927) Importer(815301076,1909f56bfc062723c751e8b465ee728b)  -> (artifact id: '42eeb25afff83ee018262a5b2cfd2241') in 0.064371 seconds 
========================================================================
Received Import Request.
  Time since last request: 0.000031 seconds.
  path: Assets/PolygonSciFiCity/Prefabs/Characters/FixedScaleCharacters/Character_Augmented_Male_01.prefab
  artifactKey: Guid(a37e15f4f9ea2284097945cfeb8fe9c0) Importer(815301076,1909f56bfc062723c751e8b465ee728b)
Start importing Assets/PolygonSciFiCity/Prefabs/Characters/FixedScaleCharacters/Character_Augmented_Male_01.prefab using Guid(a37e15f4f9ea2284097945cfeb8fe9c0) Importer(815301076,1909f56bfc062723c751e8b465ee728b)  -> (artifact id: 'dc745b5fb9800f60d171f87daf642f50') in 0.075163 seconds 
========================================================================
Received Import Request.
  Time since last request: 0.000020 seconds.
  path: Assets/PolygonSciFiCity/Prefabs/Characters/Character_Cop_01.prefab
  artifactKey: Guid(0ad0eab167bb2974ab38b6df07f8d458) Importer(815301076,1909f56bfc062723c751e8b465ee728b)
Start importing Assets/PolygonSciFiCity/Prefabs/Characters/Character_Cop_01.prefab using Guid(0ad0eab167bb2974ab38b6df07f8d458) Importer(815301076,1909f56bfc062723c751e8b465ee728b)  -> (artifact id: '26849ea52bd7668323ab5a480d3ac2b6') in 0.055853 seconds 
========================================================================
Received Import Request.
  Time since last request: 0.000038 seconds.
  path: Assets/PolygonSciFiCity/Prefabs/Characters/Character_CyborgNinja_01.prefab
  artifactKey: Guid(1b20caf01959ecb409333fb9aa0b81da) Importer(815301076,1909f56bfc062723c751e8b465ee728b)
Start importing Assets/PolygonSciFiCity/Prefabs/Characters/Character_CyborgNinja_01.prefab using Guid(1b20caf01959ecb409333fb9aa0b81da) Importer(815301076,1909f56bfc062723c751e8b465ee728b)  -> (artifact id: 'd59d3b90a28dc7407c0081c489a0aa38') in 0.055251 seconds 
========================================================================
Received Import Request.
  Time since last request: 0.000030 seconds.
  path: Assets/PolygonSciFiCity/Prefabs/Characters/FixedScaleCharacters/Character_Garbage_Male_01.prefab
  artifactKey: Guid(9d49ce5feb2bfd245a9e7f8e7a33026f) Importer(815301076,1909f56bfc062723c751e8b465ee728b)
Start importing Assets/PolygonSciFiCity/Prefabs/Characters/FixedScaleCharacters/Character_Garbage_Male_01.prefab using Guid(9d49ce5feb2bfd245a9e7f8e7a33026f) Importer(815301076,1909f56bfc062723c751e8b465ee728b)  -> (artifact id: '684f726612f902a3d6a82c6c83eda2b1') in 0.055396 seconds 
========================================================================
Received Import Request.
  Time since last request: 0.000048 seconds.
  path: Assets/PolygonSciFiCity/Prefabs/Characters/Character_Junky_Male_01.prefab
  artifactKey: Guid(b1d589de4cb337b47a6b60a449d26b2b) Importer(815301076,1909f56bfc062723c751e8b465ee728b)
Start importing Assets/PolygonSciFiCity/Prefabs/Characters/Character_Junky_Male_01.prefab using Guid(b1d589de4cb337b47a6b60a449d26b2b) Importer(815301076,1909f56bfc062723c751e8b465ee728b)  -> (artifact id: '4dcdf70958602d709df11905c38270df') in 0.063678 seconds 
========================================================================
Received Import Request.
  Time since last request: 0.000023 seconds.
  path: Assets/PolygonGangWarfare/Models/SM_Prop_CompanySign_01.fbx
  artifactKey: Guid(4f374879b56b1214eb23acfea1a07016) Importer(815301076,1909f56bfc062723c751e8b465ee728b)
Start importing Assets/PolygonGangWarfare/Models/SM_Prop_CompanySign_01.fbx using Guid(4f374879b56b1214eb23acfea1a07016) Importer(815301076,1909f56bfc062723c751e8b465ee728b)  -> (artifact id: '61c1df4cda6565337d025aba1e793eec') in 0.014233 seconds 
========================================================================
Received Import Request.
  Time since last request: 0.000022 seconds.
  path: Assets/PolygonSciFiCity/Prefabs/Characters/FixedScaleCharacters/Character_Cyber_Female_01.prefab
  artifactKey: Guid(6b3fff6a0afe72545a41df9afbe304a2) Importer(815301076,1909f56bfc062723c751e8b465ee728b)
Start importing Assets/PolygonSciFiCity/Prefabs/Characters/FixedScaleCharacters/Character_Cyber_Female_01.prefab using Guid(6b3fff6a0afe72545a41df9afbe304a2) Importer(815301076,1909f56bfc062723c751e8b465ee728b)  -> (artifact id: 'ff5d85357841c8807ca76df4ba5036d8') in 0.069912 seconds 
========================================================================
Received Import Request.
  Time since last request: 0.000077 seconds.
  path: Assets/PolygonSciFiCity/Prefabs/Characters/FixedScaleCharacters/Character_CyberPunk_Male_01.prefab
  artifactKey: Guid(4493b9786df76d64fad99c1e9ac91ace) Importer(815301076,1909f56bfc062723c751e8b465ee728b)
Start importing Assets/PolygonSciFiCity/Prefabs/Characters/FixedScaleCharacters/Character_CyberPunk_Male_01.prefab using Guid(4493b9786df76d64fad99c1e9ac91ace) Importer(815301076,1909f56bfc062723c751e8b465ee728b)  -> (artifact id: 'a2dfc9642c280804601d81fbbbbffada') in 0.075784 seconds 
========================================================================
Received Import Request.
  Time since last request: 16.114806 seconds.
  path: Assets/SimpleShopInteriors/_prefabs/Props/SI_Prop_FireExtinguisher_01.prefab
  artifactKey: Guid(7dfe1af514711a040a32a7607a83055b) Importer(815301076,1909f56bfc062723c751e8b465ee728b)
Start importing Assets/SimpleShopInteriors/_prefabs/Props/SI_Prop_FireExtinguisher_01.prefab using Guid(7dfe1af514711a040a32a7607a83055b) Importer(815301076,1909f56bfc062723c751e8b465ee728b)  -> (artifact id: '4d74b2ea6888a7a304e18b5029d9508f') in 0.036792 seconds 
========================================================================
Received Import Request.
  Time since last request: 0.000034 seconds.
  path: Assets/SimpleShopInteriors/_prefabs/Props/SI_Prop_Instrument_DrumKit.prefab
  artifactKey: Guid(410d9fd10973de5429142557a9ff9444) Importer(815301076,1909f56bfc062723c751e8b465ee728b)
Start importing Assets/SimpleShopInteriors/_prefabs/Props/SI_Prop_Instrument_DrumKit.prefab using Guid(410d9fd10973de5429142557a9ff9444) Importer(815301076,1909f56bfc062723c751e8b465ee728b)  -> (artifact id: '81cfa86c240374d6734937b22d5d0e06') in 0.015574 seconds 
========================================================================
Received Import Request.
  Time since last request: 0.000014 seconds.
  path: Assets/SimpleShopInteriors/_prefabs/Props/SI_Prop_Freezer_03.prefab
  artifactKey: Guid(38b671b474ba709488337bdaffc02ee7) Importer(815301076,1909f56bfc062723c751e8b465ee728b)
Start importing Assets/SimpleShopInteriors/_prefabs/Props/SI_Prop_Freezer_03.prefab using Guid(38b671b474ba709488337bdaffc02ee7) Importer(815301076,1909f56bfc062723c751e8b465ee728b)  -> (artifact id: 'a71cc1ba2049252f18bd32bb6933cbe9') in 0.025220 seconds 
========================================================================
Received Import Request.
  Time since last request: 0.000021 seconds.
  path: Assets/SimpleShopInteriors/_prefabs/Props/SI_Prop_HighChair_01.prefab
  artifactKey: Guid(f0c4b52a24437554295389edc1d4afe6) Importer(815301076,1909f56bfc062723c751e8b465ee728b)
Start importing Assets/SimpleShopInteriors/_prefabs/Props/SI_Prop_HighChair_01.prefab using Guid(f0c4b52a24437554295389edc1d4afe6) Importer(815301076,1909f56bfc062723c751e8b465ee728b)  -> (artifact id: '3a7746b36061d56bec594baf4be1d983') in 0.014357 seconds 
========================================================================
Received Import Request.
  Time since last request: 0.000028 seconds.
  path: Assets/SimpleShopInteriors/_prefabs/Props/SI_Prop_Instrument_Saxophone.prefab
  artifactKey: Guid(bda24140e57af4d4e83c59821aaf7bb5) Importer(815301076,1909f56bfc062723c751e8b465ee728b)
Start importing Assets/SimpleShopInteriors/_prefabs/Props/SI_Prop_Instrument_Saxophone.prefab using Guid(bda24140e57af4d4e83c59821aaf7bb5) Importer(815301076,1909f56bfc062723c751e8b465ee728b)  -> (artifact id: '17fd98e35635063ea0b9602dc7b57820') in 0.024304 seconds 
========================================================================
Received Import Request.
  Time since last request: 0.000101 seconds.
  path: Assets/SimpleShopInteriors/_prefabs/Props/SI_Prop_Ladder_01.prefab
  artifactKey: Guid(2031cdab3b415cb4886c2bab4045aaa6) Importer(815301076,1909f56bfc062723c751e8b465ee728b)
Start importing Assets/SimpleShopInteriors/_prefabs/Props/SI_Prop_Ladder_01.prefab using Guid(2031cdab3b415cb4886c2bab4045aaa6) Importer(815301076,1909f56bfc062723c751e8b465ee728b)  -> (artifact id: '27bd4d56f841fc82b4b145e705e54535') in 0.029284 seconds 
========================================================================
Received Import Request.
  Time since last request: 0.000024 seconds.
  path: Assets/SimpleShopInteriors/_prefabs/Props/SI_Prop_Instrument_Guitar_04.prefab
  artifactKey: Guid(73422b930e08ed54282abef99efed747) Importer(815301076,1909f56bfc062723c751e8b465ee728b)
Start importing Assets/SimpleShopInteriors/_prefabs/Props/SI_Prop_Instrument_Guitar_04.prefab using Guid(73422b930e08ed54282abef99efed747) Importer(815301076,1909f56bfc062723c751e8b465ee728b)  -> (artifact id: '4be55cf67fbd8c7d2747bc8cc7bd9559') in 0.015375 seconds 
========================================================================
Received Import Request.
  Time since last request: 0.000044 seconds.
  path: Assets/SimpleShopInteriors/_prefabs/Props/SI_Prop_Instrument_Guitar_03.prefab
  artifactKey: Guid(a407829f4686c264ca7e811ec0f8e28f) Importer(815301076,1909f56bfc062723c751e8b465ee728b)
Start importing Assets/SimpleShopInteriors/_prefabs/Props/SI_Prop_Instrument_Guitar_03.prefab using Guid(a407829f4686c264ca7e811ec0f8e28f) Importer(815301076,1909f56bfc062723c751e8b465ee728b)  -> (artifact id: '50e02846d8919556de390fe243e0ac58') in 0.022481 seconds 
========================================================================
Received Import Request.
  Time since last request: 1.388450 seconds.
  path: Assets/SimpleShopInteriors/_prefabs/Props/SI_Prop_Mannequin_05.prefab
  artifactKey: Guid(e138e321fe1dc2f4ab093cf365455c01) Importer(815301076,1909f56bfc062723c751e8b465ee728b)
Start importing Assets/SimpleShopInteriors/_prefabs/Props/SI_Prop_Mannequin_05.prefab using Guid(e138e321fe1dc2f4ab093cf365455c01) Importer(815301076,1909f56bfc062723c751e8b465ee728b)  -> (artifact id: '08ee022e488e984daf0ceb71ed0fe1c8') in 0.016869 seconds 
========================================================================
Received Import Request.
  Time since last request: 0.000020 seconds.
  path: Assets/SimpleShopInteriors/_prefabs/Props/SI_Prop_Mannequin_06.prefab
  artifactKey: Guid(47aee9399c52729479d158efce80e5f8) Importer(815301076,1909f56bfc062723c751e8b465ee728b)
Start importing Assets/SimpleShopInteriors/_prefabs/Props/SI_Prop_Mannequin_06.prefab using Guid(47aee9399c52729479d158efce80e5f8) Importer(815301076,1909f56bfc062723c751e8b465ee728b)  -> (artifact id: 'd8d383462e97b75bbb445a004d8ea858') in 0.014381 seconds 
========================================================================
Received Import Request.
  Time since last request: 0.000027 seconds.
  path: Assets/SimpleShopInteriors/_prefabs/Props/SI_Prop_Necklace_02.prefab
  artifactKey: Guid(00e3a18ca6d1e084a840bafe75c0ff0d) Importer(815301076,1909f56bfc062723c751e8b465ee728b)
Start importing Assets/SimpleShopInteriors/_prefabs/Props/SI_Prop_Necklace_02.prefab using Guid(00e3a18ca6d1e084a840bafe75c0ff0d) Importer(815301076,1909f56bfc062723c751e8b465ee728b)  -> (artifact id: '2dc489e7899a4d7a37fd992c32905b38') in 0.015837 seconds 
========================================================================
Received Import Request.
  Time since last request: 0.000025 seconds.
  path: Assets/SimpleShopInteriors/_prefabs/Props/SI_Prop_NecklaceDisplay_02.prefab
  artifactKey: Guid(cd4f51e55b82d2e47925ad2843574083) Importer(815301076,1909f56bfc062723c751e8b465ee728b)
Start importing Assets/SimpleShopInteriors/_prefabs/Props/SI_Prop_NecklaceDisplay_02.prefab using Guid(cd4f51e55b82d2e47925ad2843574083) Importer(815301076,1909f56bfc062723c751e8b465ee728b)  -> (artifact id: 'ef6225a5fd197c7a015b047e1c0e60f4') in 0.015582 seconds 
========================================================================
Received Import Request.
  Time since last request: 0.000016 seconds.
  path: Assets/SimpleShopInteriors/_prefabs/Props/SI_Prop_Plant_12.prefab
  artifactKey: Guid(f8644b9eb320d104abc99325f28a3aa9) Importer(815301076,1909f56bfc062723c751e8b465ee728b)
Start importing Assets/SimpleShopInteriors/_prefabs/Props/SI_Prop_Plant_12.prefab using Guid(f8644b9eb320d104abc99325f28a3aa9) Importer(815301076,1909f56bfc062723c751e8b465ee728b)  -> (artifact id: '74efa874e88d58649f5f0307f4233701') in 0.020681 seconds 
========================================================================
Received Import Request.
  Time since last request: 0.000016 seconds.
  path: Assets/SimpleShopInteriors/_prefabs/Props/SI_Prop_RecordShelf_02.prefab
  artifactKey: Guid(d3da5ed24e5733c438d389988f8f1761) Importer(815301076,1909f56bfc062723c751e8b465ee728b)
Start importing Assets/SimpleShopInteriors/_prefabs/Props/SI_Prop_RecordShelf_02.prefab using Guid(d3da5ed24e5733c438d389988f8f1761) Importer(815301076,1909f56bfc062723c751e8b465ee728b)  -> (artifact id: '7b18d91087e1dd731e38a8e5cef244ef') in 0.015116 seconds 
========================================================================
Received Import Request.
  Time since last request: 0.000015 seconds.
  path: Assets/SimpleShopInteriors/_prefabs/Props/SI_Prop_NecklaceDisplay_06.prefab
  artifactKey: Guid(ca33177a231a78f428be603b4a260eb1) Importer(815301076,1909f56bfc062723c751e8b465ee728b)
Start importing Assets/SimpleShopInteriors/_prefabs/Props/SI_Prop_NecklaceDisplay_06.prefab using Guid(ca33177a231a78f428be603b4a260eb1) Importer(815301076,1909f56bfc062723c751e8b465ee728b)  -> (artifact id: 'c5efd4a4ffbb93f67d99d894d322cc4f') in 0.013909 seconds 
========================================================================
Received Import Request.
  Time since last request: 0.000021 seconds.
  path: Assets/SimpleShopInteriors/_prefabs/Props/SI_Prop_Register_01.prefab
  artifactKey: Guid(537b9357432b9be429ea23afb3e73540) Importer(815301076,1909f56bfc062723c751e8b465ee728b)
Start importing Assets/SimpleShopInteriors/_prefabs/Props/SI_Prop_Register_01.prefab using Guid(537b9357432b9be429ea23afb3e73540) Importer(815301076,1909f56bfc062723c751e8b465ee728b)  -> (artifact id: '260c9f9fd93536e0fb409f0c5ad02fab') in 0.012891 seconds 
========================================================================
Received Import Request.
  Time since last request: 0.000019 seconds.
  path: Assets/SimpleShopInteriors/_prefabs/Props/SI_Prop_RecordShelf_01.prefab
  artifactKey: Guid(5a9073537050dbb458c9247c83d1b542) Importer(815301076,1909f56bfc062723c751e8b465ee728b)
Start importing Assets/SimpleShopInteriors/_prefabs/Props/SI_Prop_RecordShelf_01.prefab using Guid(5a9073537050dbb458c9247c83d1b542) Importer(815301076,1909f56bfc062723c751e8b465ee728b)  -> (artifact id: '651cff3df6da81428b004e63dd2fdabb') in 0.019501 seconds 
========================================================================
Received Import Request.
  Time since last request: 0.000019 seconds.
  path: Assets/SimpleShopInteriors/_prefabs/Props/SI_Prop_PriceTag_01.prefab
  artifactKey: Guid(455d8a738e5193b43bc9cd0a9037b175) Importer(815301076,1909f56bfc062723c751e8b465ee728b)
Start importing Assets/SimpleShopInteriors/_prefabs/Props/SI_Prop_PriceTag_01.prefab using Guid(455d8a738e5193b43bc9cd0a9037b175) Importer(815301076,1909f56bfc062723c751e8b465ee728b)  -> (artifact id: 'ffcedff40fdc0e2dd245532fc4e373e4') in 0.015772 seconds 
========================================================================
Received Import Request.
  Time since last request: 0.000032 seconds.
  path: Assets/SimpleShopInteriors/_prefabs/Props/SI_Prop_ProduceSection_04.prefab
  artifactKey: Guid(f25a15d7c7203f6498b81c5cd7c92019) Importer(815301076,1909f56bfc062723c751e8b465ee728b)
Start importing Assets/SimpleShopInteriors/_prefabs/Props/SI_Prop_ProduceSection_04.prefab using Guid(f25a15d7c7203f6498b81c5cd7c92019) Importer(815301076,1909f56bfc062723c751e8b465ee728b)  -> (artifact id: '6b029c380d97ade03567c82b52ac2849') in 0.025312 seconds 
========================================================================
Received Import Request.
  Time since last request: 0.893125 seconds.
  path: Assets/SimpleShopInteriors/_prefabs/Props/SI_Prop_RubbishBin_02.prefab
  artifactKey: Guid(abb3ff2944c0af64bb2d43897be3a643) Importer(815301076,1909f56bfc062723c751e8b465ee728b)
Start importing Assets/SimpleShopInteriors/_prefabs/Props/SI_Prop_RubbishBin_02.prefab using Guid(abb3ff2944c0af64bb2d43897be3a643) Importer(815301076,1909f56bfc062723c751e8b465ee728b)  -> (artifact id: '67faa1d5da95d8bb3130f82c93766e79') in 0.027972 seconds 
========================================================================
Received Import Request.
  Time since last request: 0.000015 seconds.
  path: Assets/SimpleShopInteriors/_prefabs/Props/SI_Prop_Shelf_03.prefab
  artifactKey: Guid(dd9138c3cebd9e64eb9c2cf5513036ce) Importer(815301076,1909f56bfc062723c751e8b465ee728b)
Start importing Assets/SimpleShopInteriors/_prefabs/Props/SI_Prop_Shelf_03.prefab using Guid(dd9138c3cebd9e64eb9c2cf5513036ce) Importer(815301076,1909f56bfc062723c751e8b465ee728b)  -> (artifact id: 'acc87d1770a41ae6fd4a93f72e299e1f') in 0.013881 seconds 
========================================================================
Received Import Request.
  Time since last request: 0.000018 seconds.
  path: Assets/SimpleShopInteriors/_prefabs/Props/SI_Prop_SelfCheckout_01.prefab
  artifactKey: Guid(d294077b80486b14198d1d428b3c7185) Importer(815301076,1909f56bfc062723c751e8b465ee728b)
Start importing Assets/SimpleShopInteriors/_prefabs/Props/SI_Prop_SelfCheckout_01.prefab using Guid(d294077b80486b14198d1d428b3c7185) Importer(815301076,1909f56bfc062723c751e8b465ee728b)  -> (artifact id: 'c66696b4142eb457060bde786ff55112') in 0.017704 seconds 
========================================================================
Received Import Request.
  Time since last request: 0.000017 seconds.
  path: Assets/SimpleShopInteriors/_prefabs/Props/SI_Prop_Shelf_05.prefab
  artifactKey: Guid(9b2b5a02938f9d44c917fa305b6a1456) Importer(815301076,1909f56bfc062723c751e8b465ee728b)
Start importing Assets/SimpleShopInteriors/_prefabs/Props/SI_Prop_Shelf_05.prefab using Guid(9b2b5a02938f9d44c917fa305b6a1456) Importer(815301076,1909f56bfc062723c751e8b465ee728b)  -> (artifact id: '3f1fae205d3bf0e7a5d8e602a153a950') in 0.022513 seconds 
========================================================================
Received Import Request.
  Time since last request: 0.000020 seconds.
  path: Assets/SimpleShopInteriors/_prefabs/Props/SI_Prop_Shelf_Freezer_Preset_02.prefab
  artifactKey: Guid(89830fcfaef902e408a028307e9eb6cb) Importer(815301076,1909f56bfc062723c751e8b465ee728b)
Start importing Assets/SimpleShopInteriors/_prefabs/Props/SI_Prop_Shelf_Freezer_Preset_02.prefab using Guid(89830fcfaef902e408a028307e9eb6cb) Importer(815301076,1909f56bfc062723c751e8b465ee728b)  -> (artifact id: 'c91c1df33d3eed00f9f86311b1d2a0ea') in 0.014895 seconds 
========================================================================
Received Import Request.
  Time since last request: 0.000022 seconds.
  path: Assets/SimpleShopInteriors/_prefabs/Props/SI_Prop_Shelf_Isle_Empty_02.prefab
  artifactKey: Guid(08543261fea9ada4187a0f29c659c1f0) Importer(815301076,1909f56bfc062723c751e8b465ee728b)
Start importing Assets/SimpleShopInteriors/_prefabs/Props/SI_Prop_Shelf_Isle_Empty_02.prefab using Guid(08543261fea9ada4187a0f29c659c1f0) Importer(815301076,1909f56bfc062723c751e8b465ee728b)  -> (artifact id: '215f470d9b0d7d0734ab8f73567827c6') in 0.013856 seconds 
========================================================================
Received Import Request.
  Time since last request: 0.000023 seconds.
  path: Assets/SimpleShopInteriors/_prefabs/Props/SI_Prop_Shelf_10.prefab
  artifactKey: Guid(bd0447ec97139494085a46d678560816) Importer(815301076,1909f56bfc062723c751e8b465ee728b)
Start importing Assets/SimpleShopInteriors/_prefabs/Props/SI_Prop_Shelf_10.prefab using Guid(bd0447ec97139494085a46d678560816) Importer(815301076,1909f56bfc062723c751e8b465ee728b)  -> (artifact id: 'b5eac954c4371f22c3aa328b75339596') in 0.019773 seconds 
========================================================================
Received Import Request.
  Time since last request: 0.342531 seconds.
  path: Assets/SimpleShopInteriors/_prefabs/Props/SI_Prop_ShelfItem_04.prefab
  artifactKey: Guid(b51a977d8ad9313449be8a7a6ff88a7f) Importer(815301076,1909f56bfc062723c751e8b465ee728b)
Start importing Assets/SimpleShopInteriors/_prefabs/Props/SI_Prop_ShelfItem_04.prefab using Guid(b51a977d8ad9313449be8a7a6ff88a7f) Importer(815301076,1909f56bfc062723c751e8b465ee728b)  -> (artifact id: '92ea0980f0785ebed5ccb77f554d9a25') in 0.018768 seconds 
========================================================================
Received Import Request.
  Time since last request: 0.000025 seconds.
  path: Assets/SimpleShopInteriors/_prefabs/Props/SI_Prop_ShelfItem_18.prefab
  artifactKey: Guid(2f6b5ed69c870b943a0cd247b66cabd9) Importer(815301076,1909f56bfc062723c751e8b465ee728b)
Start importing Assets/SimpleShopInteriors/_prefabs/Props/SI_Prop_ShelfItem_18.prefab using Guid(2f6b5ed69c870b943a0cd247b66cabd9) Importer(815301076,1909f56bfc062723c751e8b465ee728b)  -> (artifact id: 'f3ea62df2da53cfb75f934508b7e9f0f') in 0.018505 seconds 
========================================================================
Received Import Request.
  Time since last request: 0.000063 seconds.
  path: Assets/SimpleShopInteriors/_prefabs/Props/SI_Prop_ShelfItem_20.prefab
  artifactKey: Guid(bbcc191f05afe484faa95b4f6609cc83) Importer(815301076,1909f56bfc062723c751e8b465ee728b)
Start importing Assets/SimpleShopInteriors/_prefabs/Props/SI_Prop_ShelfItem_20.prefab using Guid(bbcc191f05afe484faa95b4f6609cc83) Importer(815301076,1909f56bfc062723c751e8b465ee728b)  -> (artifact id: '03225c8a6aad4dfb36a43a7af906e8e2') in 0.015794 seconds 
========================================================================
Received Import Request.
  Time since last request: 0.000033 seconds.
  path: Assets/SimpleShopInteriors/_prefabs/Props/SI_Prop_Shoe_Box_04.prefab
  artifactKey: Guid(d6f1fff350402d041a3c901adad1c61f) Importer(815301076,1909f56bfc062723c751e8b465ee728b)
Start importing Assets/SimpleShopInteriors/_prefabs/Props/SI_Prop_Shoe_Box_04.prefab using Guid(d6f1fff350402d041a3c901adad1c61f) Importer(815301076,1909f56bfc062723c751e8b465ee728b)  -> (artifact id: 'ad94d7048babc67033c199a5cdd76211') in 0.015584 seconds 
========================================================================
Received Import Request.
  Time since last request: 0.000025 seconds.
  path: Assets/SimpleShopInteriors/_prefabs/Props/SI_Prop_Shoe_Flipflops_02.prefab
  artifactKey: Guid(49281a06fd7ae2642903061d39a557c9) Importer(815301076,1909f56bfc062723c751e8b465ee728b)
Start importing Assets/SimpleShopInteriors/_prefabs/Props/SI_Prop_Shoe_Flipflops_02.prefab using Guid(49281a06fd7ae2642903061d39a557c9) Importer(815301076,1909f56bfc062723c751e8b465ee728b)  -> (artifact id: '627dd4753b8a24b9fbdedb3badeb65dd') in 0.014673 seconds 
========================================================================
Received Import Request.
  Time since last request: 0.000017 seconds.
  path: Assets/SimpleShopInteriors/_prefabs/Props/SI_Prop_Shoe_Boots_03.prefab
  artifactKey: Guid(8d15b76c31e25ce429095ab5a34d67d7) Importer(815301076,1909f56bfc062723c751e8b465ee728b)
Start importing Assets/SimpleShopInteriors/_prefabs/Props/SI_Prop_Shoe_Boots_03.prefab using Guid(8d15b76c31e25ce429095ab5a34d67d7) Importer(815301076,1909f56bfc062723c751e8b465ee728b)  -> (artifact id: '62f6891e9eb09828671a30feb3a8e8ed') in 0.014350 seconds 
========================================================================
Received Import Request.
  Time since last request: 0.000017 seconds.
  path: Assets/SimpleShopInteriors/_prefabs/Props/SI_Prop_ShelfItem_05.prefab
  artifactKey: Guid(f30d6176e44245440a8e423ef418c8ec) Importer(815301076,1909f56bfc062723c751e8b465ee728b)
Start importing Assets/SimpleShopInteriors/_prefabs/Props/SI_Prop_ShelfItem_05.prefab using Guid(f30d6176e44245440a8e423ef418c8ec) Importer(815301076,1909f56bfc062723c751e8b465ee728b)  -> (artifact id: 'ba2dbaefd96340dd8a702c16232bacf9') in 0.017192 seconds 
========================================================================
Received Import Request.
  Time since last request: 0.000018 seconds.
  path: Assets/SimpleShopInteriors/_prefabs/Props/SI_Prop_ShelfItem_10.prefab
  artifactKey: Guid(c43a2b3dffe8365438e1db18aff6014b) Importer(815301076,1909f56bfc062723c751e8b465ee728b)
Start importing Assets/SimpleShopInteriors/_prefabs/Props/SI_Prop_ShelfItem_10.prefab using Guid(c43a2b3dffe8365438e1db18aff6014b) Importer(815301076,1909f56bfc062723c751e8b465ee728b)  -> (artifact id: '066dd5c405f416fcaed897ecc8b383c9') in 0.012824 seconds 
========================================================================
Received Import Request.
  Time since last request: 0.000020 seconds.
  path: Assets/SimpleShopInteriors/_prefabs/Props/SI_Prop_ShelfItem_13.prefab
  artifactKey: Guid(10fe948f1a4d11b4685819e983baeff3) Importer(815301076,1909f56bfc062723c751e8b465ee728b)
Start importing Assets/SimpleShopInteriors/_prefabs/Props/SI_Prop_ShelfItem_13.prefab using Guid(10fe948f1a4d11b4685819e983baeff3) Importer(815301076,1909f56bfc062723c751e8b465ee728b)  -> (artifact id: 'd149998249acc10cf5827eeb498ebeb9') in 0.013248 seconds 
========================================================================
Received Import Request.
  Time since last request: 0.000022 seconds.
  path: Assets/SimpleShopInteriors/_prefabs/Props/SI_Prop_Shoe_Flipflops_01.prefab
  artifactKey: Guid(76013de7dbff5444abe2a29d59ba6a36) Importer(815301076,1909f56bfc062723c751e8b465ee728b)
Start importing Assets/SimpleShopInteriors/_prefabs/Props/SI_Prop_Shoe_Flipflops_01.prefab using Guid(76013de7dbff5444abe2a29d59ba6a36) Importer(815301076,1909f56bfc062723c751e8b465ee728b)  -> (artifact id: '703e831cfc9eea066392d14b97553d34') in 0.017451 seconds 
========================================================================
Received Import Request.
  Time since last request: 0.000022 seconds.
  path: Assets/SimpleShopInteriors/_prefabs/Props/SI_Prop_ShelfItem_22.prefab
  artifactKey: Guid(a26638127b3da2745a34f82849143c09) Importer(815301076,1909f56bfc062723c751e8b465ee728b)
Start importing Assets/SimpleShopInteriors/_prefabs/Props/SI_Prop_ShelfItem_22.prefab using Guid(a26638127b3da2745a34f82849143c09) Importer(815301076,1909f56bfc062723c751e8b465ee728b)  -> (artifact id: 'c005107f7ad32c4ec7daf88fb0b1d104') in 0.015184 seconds 
========================================================================
Received Import Request.
  Time since last request: 0.000025 seconds.
  path: Assets/SimpleShopInteriors/_prefabs/Props/SI_Prop_Shoe_Flipflops_04.prefab
  artifactKey: Guid(fd83c0dbb647a9b4b97d29f3b2873196) Importer(815301076,1909f56bfc062723c751e8b465ee728b)
Start importing Assets/SimpleShopInteriors/_prefabs/Props/SI_Prop_Shoe_Flipflops_04.prefab using Guid(fd83c0dbb647a9b4b97d29f3b2873196) Importer(815301076,1909f56bfc062723c751e8b465ee728b)  -> (artifact id: '50fc14a5292994425b8eeea986a14726') in 0.011038 seconds 
========================================================================
Received Import Request.
  Time since last request: 0.518671 seconds.
  path: Assets/SimpleShopInteriors/_prefabs/Props/SI_Prop_Shoe_Slippers_03.prefab
  artifactKey: Guid(43e3734088a48ec47b0dea84d946c5e2) Importer(815301076,1909f56bfc062723c751e8b465ee728b)
Start importing Assets/SimpleShopInteriors/_prefabs/Props/SI_Prop_Shoe_Slippers_03.prefab using Guid(43e3734088a48ec47b0dea84d946c5e2) Importer(815301076,1909f56bfc062723c751e8b465ee728b)  -> (artifact id: '09a10ed50143f05ecffb572de3207e56') in 0.024914 seconds 
========================================================================
Received Import Request.
  Time since last request: 0.000015 seconds.
  path: Assets/SimpleShopInteriors/_prefabs/Props/SI_Prop_Sign_Coffee_01.prefab
  artifactKey: Guid(80f43e0a084deb147b5aeb47e3b2f05b) Importer(815301076,1909f56bfc062723c751e8b465ee728b)
Start importing Assets/SimpleShopInteriors/_prefabs/Props/SI_Prop_Sign_Coffee_01.prefab using Guid(80f43e0a084deb147b5aeb47e3b2f05b) Importer(815301076,1909f56bfc062723c751e8b465ee728b)  -> (artifact id: '5e84b1199b9c4c63422979d78ab92e86') in 0.014498 seconds 
========================================================================
Received Import Request.
  Time since last request: 0.000020 seconds.
  path: Assets/SimpleShopInteriors/_prefabs/Props/SI_Prop_ShoppingTrolley_03.prefab
  artifactKey: Guid(703bcde335777cf48898a3acfa4063d3) Importer(815301076,1909f56bfc062723c751e8b465ee728b)
Start importing Assets/SimpleShopInteriors/_prefabs/Props/SI_Prop_ShoppingTrolley_03.prefab using Guid(703bcde335777cf48898a3acfa4063d3) Importer(815301076,1909f56bfc062723c751e8b465ee728b)  -> (artifact id: '5125859bf532275f470091cd8d5d4df8') in 0.015442 seconds 
========================================================================
Received Import Request.
  Time since last request: 0.000016 seconds.
  path: Assets/SimpleShopInteriors/_prefabs/Props/SI_Prop_Sign_Clothing_01.prefab
  artifactKey: Guid(05d647f3c085c574db121e8ef0017ccf) Importer(815301076,1909f56bfc062723c751e8b465ee728b)
Start importing Assets/SimpleShopInteriors/_prefabs/Props/SI_Prop_Sign_Clothing_01.prefab using Guid(05d647f3c085c574db121e8ef0017ccf) Importer(815301076,1909f56bfc062723c751e8b465ee728b)  -> (artifact id: 'ae5939a7c4a19a9f4aa159b3c4b44219') in 0.014098 seconds 
========================================================================
Received Import Request.
  Time since last request: 0.000018 seconds.
  path: Assets/SimpleShopInteriors/_prefabs/Props/SI_Prop_Stereo.prefab
  artifactKey: Guid(24a50db517a18684f87a7c1491f67a3f) Importer(815301076,1909f56bfc062723c751e8b465ee728b)
Start importing Assets/SimpleShopInteriors/_prefabs/Props/SI_Prop_Stereo.prefab using Guid(24a50db517a18684f87a7c1491f67a3f) Importer(815301076,1909f56bfc062723c751e8b465ee728b)  -> (artifact id: 'bd9e745fb9d0963e1af679f4771ec491') in 0.014992 seconds 
========================================================================
Received Import Request.
  Time since last request: 0.000016 seconds.
  path: Assets/SimpleShopInteriors/_prefabs/Props/SI_Prop_Sign_BuyNow_01.prefab
  artifactKey: Guid(fe92670772a100d46a38618af0fc6927) Importer(815301076,1909f56bfc062723c751e8b465ee728b)
Start importing Assets/SimpleShopInteriors/_prefabs/Props/SI_Prop_Sign_BuyNow_01.prefab using Guid(fe92670772a100d46a38618af0fc6927) Importer(815301076,1909f56bfc062723c751e8b465ee728b)  -> (artifact id: '3e29f15203f57bfb54788591eccb0cd9') in 0.014043 seconds 
========================================================================
Received Import Request.
  Time since last request: 0.000023 seconds.
  path: Assets/SimpleShopInteriors/_prefabs/Props/SI_Prop_Stool.prefab
  artifactKey: Guid(3cf7d11e15aa6ad40b1ce05a71384792) Importer(815301076,1909f56bfc062723c751e8b465ee728b)
Start importing Assets/SimpleShopInteriors/_prefabs/Props/SI_Prop_Stool.prefab using Guid(3cf7d11e15aa6ad40b1ce05a71384792) Importer(815301076,1909f56bfc062723c751e8b465ee728b)  -> (artifact id: 'd200955ccf832d3fdb55db3f55f27c06') in 0.014537 seconds 
========================================================================
Received Import Request.
  Time since last request: 0.000022 seconds.
  path: Assets/SimpleShopInteriors/_prefabs/Props/SI_Prop_Stereo_02.prefab
  artifactKey: Guid(34292626174a5e440a0db17e1972c134) Importer(815301076,1909f56bfc062723c751e8b465ee728b)
Start importing Assets/SimpleShopInteriors/_prefabs/Props/SI_Prop_Stereo_02.prefab using Guid(34292626174a5e440a0db17e1972c134) Importer(815301076,1909f56bfc062723c751e8b465ee728b)  -> (artifact id: '003f4e921a1d1b906c1a8b719eb0b943') in 0.013031 seconds 
========================================================================
Received Import Request.
  Time since last request: 0.000026 seconds.
  path: Assets/SimpleShopInteriors/_prefabs/Props/SI_Prop_Toy_Dog_01.prefab
  artifactKey: Guid(7663c573492b7f44e8837bc77f194e1c) Importer(815301076,1909f56bfc062723c751e8b465ee728b)
Start importing Assets/SimpleShopInteriors/_prefabs/Props/SI_Prop_Toy_Dog_01.prefab using Guid(7663c573492b7f44e8837bc77f194e1c) Importer(815301076,1909f56bfc062723c751e8b465ee728b)  -> (artifact id: '791f2b029cf6575d000e394a4c7eb275') in 0.013107 seconds 
========================================================================
Received Import Request.
  Time since last request: 0.000037 seconds.
  path: Assets/SimpleShopInteriors/_prefabs/Props/SI_Prop_Sign_Menu.prefab
  artifactKey: Guid(12ce17bbc807d5b4d9820055f3053c8a) Importer(815301076,1909f56bfc062723c751e8b465ee728b)
Start importing Assets/SimpleShopInteriors/_prefabs/Props/SI_Prop_Sign_Menu.prefab using Guid(12ce17bbc807d5b4d9820055f3053c8a) Importer(815301076,1909f56bfc062723c751e8b465ee728b)  -> (artifact id: '37a7d3c9c161e31d2a63d09cbf423288') in 0.012949 seconds 
========================================================================
Received Import Request.
  Time since last request: 0.000024 seconds.
  path: Assets/SimpleShopInteriors/_prefabs/Props/SI_Prop_Sign_Music_01.prefab
  artifactKey: Guid(6e189b7c03a3c204ba3edc342ef503a8) Importer(815301076,1909f56bfc062723c751e8b465ee728b)
Start importing Assets/SimpleShopInteriors/_prefabs/Props/SI_Prop_Sign_Music_01.prefab using Guid(6e189b7c03a3c204ba3edc342ef503a8) Importer(815301076,1909f56bfc062723c751e8b465ee728b)  -> (artifact id: '2b97a6bbce9eedbfb26bd5d0386a07a7') in 0.012891 seconds 
========================================================================
Received Import Request.
  Time since last request: 0.000023 seconds.
  path: Assets/SimpleShopInteriors/_prefabs/Props/SI_Prop_Sign_Sale_01.prefab
  artifactKey: Guid(b725ba8e9f586e5479aac3fb2b59d2ff) Importer(815301076,1909f56bfc062723c751e8b465ee728b)
Start importing Assets/SimpleShopInteriors/_prefabs/Props/SI_Prop_Sign_Sale_01.prefab using Guid(b725ba8e9f586e5479aac3fb2b59d2ff) Importer(815301076,1909f56bfc062723c751e8b465ee728b)  -> (artifact id: 'a2e3c4498e031f0ac81ae942f42747f7') in 0.012487 seconds 
========================================================================
Received Import Request.
  Time since last request: 0.000016 seconds.
  path: Assets/SimpleShopInteriors/_prefabs/Props/SI_Prop_Sunglasses_01.prefab
  artifactKey: Guid(35056d78620ebfc43a6918dd80e03d36) Importer(815301076,1909f56bfc062723c751e8b465ee728b)
Start importing Assets/SimpleShopInteriors/_prefabs/Props/SI_Prop_Sunglasses_01.prefab using Guid(35056d78620ebfc43a6918dd80e03d36) Importer(815301076,1909f56bfc062723c751e8b465ee728b)  -> (artifact id: '27049d1544017c2eeec83e44172fde9b') in 0.012750 seconds 
========================================================================
Received Import Request.
  Time since last request: 0.000020 seconds.
  path: Assets/SimpleShopInteriors/_prefabs/Props/SI_Prop_ShoeShelf_02.prefab
  artifactKey: Guid(5ce194c2596166b40a0216222b5c2f72) Importer(815301076,1909f56bfc062723c751e8b465ee728b)
Start importing Assets/SimpleShopInteriors/_prefabs/Props/SI_Prop_ShoeShelf_02.prefab using Guid(5ce194c2596166b40a0216222b5c2f72) Importer(815301076,1909f56bfc062723c751e8b465ee728b)  -> (artifact id: 'f4eb2c1bca11463430c238093db88874') in 0.013027 seconds 
========================================================================
Received Import Request.
  Time since last request: 0.000016 seconds.
  path: Assets/SimpleShopInteriors/_prefabs/Props/SI_Prop_ShoppingTrolley_02.prefab
  artifactKey: Guid(3a3b1b78eeeb09d438b66594a7e3a5d8) Importer(815301076,1909f56bfc062723c751e8b465ee728b)
Start importing Assets/SimpleShopInteriors/_prefabs/Props/SI_Prop_ShoppingTrolley_02.prefab using Guid(3a3b1b78eeeb09d438b66594a7e3a5d8) Importer(815301076,1909f56bfc062723c751e8b465ee728b)  -> (artifact id: '9544a56065f15122053efe43f93c6cf3') in 0.013527 seconds 
========================================================================
Received Import Request.
  Time since last request: 5.406939 seconds.
  path: Assets/SimpleShopInteriors/_prefabs/Props/SI_Prop_WallDeco_03.prefab
  artifactKey: Guid(18d2f2bb4546eef41a42b4cd1aebfe35) Importer(815301076,1909f56bfc062723c751e8b465ee728b)
Start importing Assets/SimpleShopInteriors/_prefabs/Props/SI_Prop_WallDeco_03.prefab using Guid(18d2f2bb4546eef41a42b4cd1aebfe35) Importer(815301076,1909f56bfc062723c751e8b465ee728b)  -> (artifact id: 'f92f429bb41ca38b13164bb295b30850') in 0.029384 seconds 
========================================================================
Received Import Request.
  Time since last request: 0.000017 seconds.
  path: Assets/SimpleShopInteriors/_prefabs/Props/SI_Prop_WallDeco_06.prefab
  artifactKey: Guid(57b31f13faffa6e4fbfcb2d1ef6cede2) Importer(815301076,1909f56bfc062723c751e8b465ee728b)
Start importing Assets/SimpleShopInteriors/_prefabs/Props/SI_Prop_WallDeco_06.prefab using Guid(57b31f13faffa6e4fbfcb2d1ef6cede2) Importer(815301076,1909f56bfc062723c751e8b465ee728b)  -> (artifact id: '258565d30278becfac827a54136cfb2e') in 0.019660 seconds 
========================================================================
Received Import Request.
  Time since last request: 0.000015 seconds.
  path: Assets/SimpleShopInteriors/_prefabs/Props/SI_Prop_WallDeco_07.prefab
  artifactKey: Guid(8f28347978fcfa846964dc03289a034d) Importer(815301076,1909f56bfc062723c751e8b465ee728b)
Start importing Assets/SimpleShopInteriors/_prefabs/Props/SI_Prop_WallDeco_07.prefab using Guid(8f28347978fcfa846964dc03289a034d) Importer(815301076,1909f56bfc062723c751e8b465ee728b)  -> (artifact id: 'f283ecdbb4217affc2fae900ac20b4de') in 0.011789 seconds 
========================================================================
Received Import Request.
  Time since last request: 0.000015 seconds.
  path: Assets/SimpleShopInteriors/_prefabs/Props/SI_Prop_Watches_01.prefab
  artifactKey: Guid(5050563a702d5df4880b26683e984ffd) Importer(815301076,1909f56bfc062723c751e8b465ee728b)
Start importing Assets/SimpleShopInteriors/_prefabs/Props/SI_Prop_Watches_01.prefab using Guid(5050563a702d5df4880b26683e984ffd) Importer(815301076,1909f56bfc062723c751e8b465ee728b)  -> (artifact id: '979a8aa7b1f1db57c5896fd9484aa5b2') in 0.023558 seconds 
========================================================================
Received Import Request.
  Time since last request: 144.310097 seconds.
  path: Assets/SimpleShopInteriors/_Models/Props/SI_Prop_Instrument_Keyboard.fbx
  artifactKey: Guid(7acd0c6fd03b06c4f9c3c18deb49ea2e) Importer(815301076,1909f56bfc062723c751e8b465ee728b)
Start importing Assets/SimpleShopInteriors/_Models/Props/SI_Prop_Instrument_Keyboard.fbx using Guid(7acd0c6fd03b06c4f9c3c18deb49ea2e) Importer(815301076,1909f56bfc062723c751e8b465ee728b)  -> (artifact id: 'dfb5b934e4ab060f01e8327fd57bfeb0') in 0.015315 seconds 
========================================================================
Received Import Request.
  Time since last request: 155.701343 seconds.
  path: Assets/PolygonSciFiCity/Models/SM_Prop_Bench_01.fbx
  artifactKey: Guid(06f249ee40d72fb4c8cda0cd7f2cf86c) Importer(815301076,1909f56bfc062723c751e8b465ee728b)
Start importing Assets/PolygonSciFiCity/Models/SM_Prop_Bench_01.fbx using Guid(06f249ee40d72fb4c8cda0cd7f2cf86c) Importer(815301076,1909f56bfc062723c751e8b465ee728b)  -> (artifact id: '96dee4e9d67cd3c5bdaffcacb92ac473') in 0.016370 seconds 
========================================================================
Received Import Request.
  Time since last request: 0.002750 seconds.
  path: Assets/PolygonSciFiCity/Models/SM_Prop_Bench_01_Convex.asset
  artifactKey: Guid(4e56fcb2da288824db176bd6a2ac5217) Importer(815301076,1909f56bfc062723c751e8b465ee728b)
Start importing Assets/PolygonSciFiCity/Models/SM_Prop_Bench_01_Convex.asset using Guid(4e56fcb2da288824db176bd6a2ac5217) Importer(815301076,1909f56bfc062723c751e8b465ee728b)  -> (artifact id: '9a26ca8d446ed2e71431c79eaffd9627') in 0.013240 seconds 
========================================================================
Received Import Request.
  Time since last request: 0.000066 seconds.
  path: Assets/PolygonGangWarfare/Models/SM_Prop_Lab_Beaker_02_Convex.asset
  artifactKey: Guid(4468cb34bf199a24f9a71a5b40e9cae7) Importer(815301076,1909f56bfc062723c751e8b465ee728b)
Start importing Assets/PolygonGangWarfare/Models/SM_Prop_Lab_Beaker_02_Convex.asset using Guid(4468cb34bf199a24f9a71a5b40e9cae7) Importer(815301076,1909f56bfc062723c751e8b465ee728b)  -> (artifact id: '27ee82ff01660fa35bd80e2a1ace0db8') in 0.013611 seconds 
========================================================================
Received Import Request.
  Time since last request: 0.000029 seconds.
  path: Assets/PolygonGangWarfare/Models/SM_Prop_Lab_Beaker_06.fbx
  artifactKey: Guid(dae90cbb61f0b9048bb53a7c2aa58040) Importer(815301076,1909f56bfc062723c751e8b465ee728b)
Start importing Assets/PolygonGangWarfare/Models/SM_Prop_Lab_Beaker_06.fbx using Guid(dae90cbb61f0b9048bb53a7c2aa58040) Importer(815301076,1909f56bfc062723c751e8b465ee728b)  -> (artifact id: '93334cb090b56707bf831d3fa9080c89') in 0.027921 seconds 
========================================================================
Received Import Request.
  Time since last request: 0.000022 seconds.
  path: Assets/PolygonGangWarfare/Models/SM_Prop_Lab_Tube_01_Convex.asset
  artifactKey: Guid(d5f3fc1508b2c63428c4b6f34ef01748) Importer(815301076,1909f56bfc062723c751e8b465ee728b)
Start importing Assets/PolygonGangWarfare/Models/SM_Prop_Lab_Tube_01_Convex.asset using Guid(d5f3fc1508b2c63428c4b6f34ef01748) Importer(815301076,1909f56bfc062723c751e8b465ee728b)  -> (artifact id: '3523dc0efd70e17a8067a5b8df57b959') in 0.010250 seconds 
========================================================================
Received Import Request.
  Time since last request: 0.000033 seconds.
  path: Assets/PolygonGangWarfare/Models/SM_Prop_Lab_Beaker_06_Convex.asset
  artifactKey: Guid(c8d6cda42b93cea4081228caf10b020b) Importer(815301076,1909f56bfc062723c751e8b465ee728b)
Start importing Assets/PolygonGangWarfare/Models/SM_Prop_Lab_Beaker_06_Convex.asset using Guid(c8d6cda42b93cea4081228caf10b020b) Importer(815301076,1909f56bfc062723c751e8b465ee728b)  -> (artifact id: 'bfb8dcb0565097c90d0745c5fc9dd6a5') in 0.010542 seconds 
========================================================================
Received Import Request.
  Time since last request: 0.000019 seconds.
  path: Assets/PolygonGangWarfare/Models/SM_Prop_Lab_Beakers_01.fbx
  artifactKey: Guid(913c0d4c8c8936c45b3a658a7f6060d2) Importer(815301076,1909f56bfc062723c751e8b465ee728b)
Start importing Assets/PolygonGangWarfare/Models/SM_Prop_Lab_Beakers_01.fbx using Guid(913c0d4c8c8936c45b3a658a7f6060d2) Importer(815301076,1909f56bfc062723c751e8b465ee728b)  -> (artifact id: 'e9d50b0285c8011834cf4b6980dc6430') in 0.016345 seconds 
========================================================================
Received Import Request.
  Time since last request: 0.000023 seconds.
  path: Assets/PolygonGangWarfare/Models/SM_Prop_Lab_Beakers_01_Convex.asset
  artifactKey: Guid(e0493467cf893c9469f6f6cdab2972f0) Importer(815301076,1909f56bfc062723c751e8b465ee728b)
Start importing Assets/PolygonGangWarfare/Models/SM_Prop_Lab_Beakers_01_Convex.asset using Guid(e0493467cf893c9469f6f6cdab2972f0) Importer(815301076,1909f56bfc062723c751e8b465ee728b)  -> (artifact id: '9a81585127c99f4b88c5e07ff21438ee') in 0.009937 seconds 
========================================================================
Received Import Request.
  Time since last request: 0.000077 seconds.
  path: Assets/PolygonSciFiCity/Models/SM_Prop_BenchSeat_01.fbx
  artifactKey: Guid(634cd170315f8b4489c8d664096c90ed) Importer(815301076,1909f56bfc062723c751e8b465ee728b)
Start importing Assets/PolygonSciFiCity/Models/SM_Prop_BenchSeat_01.fbx using Guid(634cd170315f8b4489c8d664096c90ed) Importer(815301076,1909f56bfc062723c751e8b465ee728b)  -> (artifact id: 'd8a5b4fab9d56b95b6ce532edaa56bb3') in 0.014576 seconds 
========================================================================
Received Import Request.
  Time since last request: 0.000021 seconds.
  path: Assets/PolygonGangWarfare/Models/SM_Prop_Lab_Beaker_05.fbx
  artifactKey: Guid(ee6d00aa27a3ab54fa06e4af7939b0d9) Importer(815301076,1909f56bfc062723c751e8b465ee728b)
Start importing Assets/PolygonGangWarfare/Models/SM_Prop_Lab_Beaker_05.fbx using Guid(ee6d00aa27a3ab54fa06e4af7939b0d9) Importer(815301076,1909f56bfc062723c751e8b465ee728b)  -> (artifact id: 'acf7af4accf0748bc21a3fbfa0589b64') in 0.014054 seconds 
========================================================================
Received Import Request.
  Time since last request: 0.000031 seconds.
  path: Assets/PolygonGangWarfare/Models/SM_Prop_Lab_Beaker_02.fbx
  artifactKey: Guid(d3e59a2f44bd2f442983c92ac98b35c0) Importer(815301076,1909f56bfc062723c751e8b465ee728b)
Start importing Assets/PolygonGangWarfare/Models/SM_Prop_Lab_Beaker_02.fbx using Guid(d3e59a2f44bd2f442983c92ac98b35c0) Importer(815301076,1909f56bfc062723c751e8b465ee728b)  -> (artifact id: '7c4c0b896977d4ec686245a863358bea') in 0.013986 seconds 
========================================================================
Received Import Request.
  Time since last request: 0.000023 seconds.
  path: Assets/PolygonGangWarfare/Models/SM_Prop_Lab_Beaker_01_Convex.asset
  artifactKey: Guid(1974005605050e344b192f9fcbb39374) Importer(815301076,1909f56bfc062723c751e8b465ee728b)
Start importing Assets/PolygonGangWarfare/Models/SM_Prop_Lab_Beaker_01_Convex.asset using Guid(1974005605050e344b192f9fcbb39374) Importer(815301076,1909f56bfc062723c751e8b465ee728b)  -> (artifact id: '531d16cf146aae2552c167e8bcc7b394') in 0.011289 seconds 
========================================================================
Received Import Request.
  Time since last request: 0.000021 seconds.
  path: Assets/PolygonGangWarfare/Models/SM_Prop_Lab_Beaker_04_Convex.asset
  artifactKey: Guid(9ab4f8cc80fb56f459f7d65b76cda80d) Importer(815301076,1909f56bfc062723c751e8b465ee728b)
Start importing Assets/PolygonGangWarfare/Models/SM_Prop_Lab_Beaker_04_Convex.asset using Guid(9ab4f8cc80fb56f459f7d65b76cda80d) Importer(815301076,1909f56bfc062723c751e8b465ee728b)  -> (artifact id: '0bc61512765f35bade75e3c97075136e') in 0.011154 seconds 
========================================================================
Received Import Request.
  Time since last request: 0.000015 seconds.
  path: Assets/PolygonGangWarfare/Models/SM_Prop_Lab_Beaker_05_Convex.asset
  artifactKey: Guid(8b6faa120321eed4cb5a204c7b667359) Importer(815301076,1909f56bfc062723c751e8b465ee728b)
Start importing Assets/PolygonGangWarfare/Models/SM_Prop_Lab_Beaker_05_Convex.asset using Guid(8b6faa120321eed4cb5a204c7b667359) Importer(815301076,1909f56bfc062723c751e8b465ee728b)  -> (artifact id: 'e803ea27cf85fc56870351162cda6ae0') in 0.010293 seconds 
Editor requested this worker to shutdown with reason: Scaling down because of idle timeout
AssetImportWorker is now disconnected from the server
Process exiting
Exiting without the bug reporter. Application will terminate with return code 0