Using pre-set license
Built from '2021.3/staging' branch; Version is '2021.3.19f1 (c9714fde33b6) revision 13201743'; Using compiler version '192829333'; Build Type 'Release'
OS: 'Windows 10  (10.0.19044) 64bit Professional' Language: 'fr' Physical Memory: 16250 MB
BatchMode: 1, IsHumanControllingUs: 0, StartBugReporterOnCrash: 0, Is64bit: 1, IsPro: 1

COMMAND LINE ARGUMENTS:
C:\Program Files\Unity\Hub\Editor\2021.3.19f1\Editor\Unity.exe
-adb2
-batchMode
-noUpm
-name
AssetImportWorker1
-projectPath
C:/Users/Thibaud/Documents/Hack-Play/Hack&Play
-logFile
Logs/AssetImportWorker1.log
-srvPort
52778
Successfully changed project path to: C:/Users/Thibaud/Documents/Hack-Play/Hack&Play
C:/Users/Thibaud/Documents/Hack-Play/Hack&Play
[UnityMemory] Configuration Parameters - Can be set up in boot.config
    "memorysetup-bucket-allocator-granularity=16"
    "memorysetup-bucket-allocator-bucket-count=8"
    "memorysetup-bucket-allocator-block-size=33554432"
    "memorysetup-bucket-allocator-block-count=8"
    "memorysetup-main-allocator-block-size=16777216"
    "memorysetup-thread-allocator-block-size=16777216"
    "memorysetup-gfx-main-allocator-block-size=16777216"
    "memorysetup-gfx-thread-allocator-block-size=16777216"
    "memorysetup-cache-allocator-block-size=4194304"
    "memorysetup-typetree-allocator-block-size=2097152"
    "memorysetup-profiler-bucket-allocator-granularity=16"
    "memorysetup-profiler-bucket-allocator-bucket-count=8"
    "memorysetup-profiler-bucket-allocator-block-size=33554432"
    "memorysetup-profiler-bucket-allocator-block-count=8"
    "memorysetup-profiler-allocator-block-size=16777216"
    "memorysetup-profiler-editor-allocator-block-size=1048576"
    "memorysetup-temp-allocator-size-main=16777216"
    "memorysetup-job-temp-allocator-block-size=2097152"
    "memorysetup-job-temp-allocator-block-size-background=1048576"
    "memorysetup-job-temp-allocator-reduction-small-platforms=262144"
    "memorysetup-temp-allocator-size-background-worker=32768"
    "memorysetup-temp-allocator-size-job-worker=262144"
    "memorysetup-temp-allocator-size-preload-manager=33554432"
    "memorysetup-temp-allocator-size-nav-mesh-worker=65536"
    "memorysetup-temp-allocator-size-audio-worker=65536"
    "memorysetup-temp-allocator-size-cloud-worker=32768"
    "memorysetup-temp-allocator-size-gi-baking-worker=262144"
    "memorysetup-temp-allocator-size-gfx=262144"
Player connection [1276] Host "[IP] 192.168.56.1 [Port] 0 [Flags] 2 [Guid] 1310035163 [EditorId] 1310035163 [Version] 1048832 [Id] WindowsEditor(7,DESKTOP-MGUKO82) [Debug] 1 [PackageName] WindowsEditor [ProjectName] Editor" joined multi-casting on [225.0.0.222:54997]...

Player connection [1276] Host "[IP] 192.168.56.1 [Port] 0 [Flags] 2 [Guid] 1310035163 [EditorId] 1310035163 [Version] 1048832 [Id] WindowsEditor(7,DESKTOP-MGUKO82) [Debug] 1 [PackageName] WindowsEditor [ProjectName] Editor" joined alternative multi-casting on [225.0.0.222:34997]...

Refreshing native plugins compatible for Editor in 233.23 ms, found 4 plugins.
Preloading 0 native plugins for Editor in 0.00 ms.
Initialize engine version: 2021.3.19f1 (c9714fde33b6)
[Subsystems] Discovering subsystems at path C:/Program Files/Unity/Hub/Editor/2021.3.19f1/Editor/Data/Resources/UnitySubsystems
[Subsystems] Discovering subsystems at path C:/Users/Thibaud/Documents/Hack-Play/Hack&Play/Assets
GfxDevice: creating device client; threaded=0; jobified=0
Direct3D:
    Version:  Direct3D 11.0 [level 11.1]
    Renderer: NVIDIA GeForce RTX 2060 (ID=0x1f15)
    Vendor:   NVIDIA
    VRAM:     5980 MB
    Driver:   31.0.15.1700
Initialize mono
Mono path[0] = 'C:/Program Files/Unity/Hub/Editor/2021.3.19f1/Editor/Data/Managed'
Mono path[1] = 'C:/Program Files/Unity/Hub/Editor/2021.3.19f1/Editor/Data/MonoBleedingEdge/lib/mono/unityjit-win32'
Mono config path = 'C:/Program Files/Unity/Hub/Editor/2021.3.19f1/Editor/Data/MonoBleedingEdge/etc'
Using monoOptions --debugger-agent=transport=dt_socket,embedding=1,server=y,suspend=n,address=127.0.0.1:56412
Begin MonoManager ReloadAssembly
Registering precompiled unity dll's ...
Register platform support module: C:/Program Files/Unity/Hub/Editor/2021.3.19f1/Editor/Data/PlaybackEngines/AndroidPlayer/UnityEditor.Android.Extensions.dll
Register platform support module: C:/Program Files/Unity/Hub/Editor/2021.3.19f1/Editor/Data/PlaybackEngines/iOSSupport/UnityEditor.iOS.Extensions.dll
Register platform support module: C:/Program Files/Unity/Hub/Editor/2021.3.19f1/Editor/Data/PlaybackEngines/WindowsStandaloneSupport/UnityEditor.WindowsStandalone.Extensions.dll
Registered in 0.010583 seconds.
Native extension for WindowsStandalone target not found
[usbmuxd] Start listen thread
[usbmuxd] Listen thread started
Native extension for iOS target not found
Native extension for Android target not found
Android Extension - Scanning For ADB Devices 319 ms
Refreshing native plugins compatible for Editor in 192.05 ms, found 4 plugins.
Preloading 0 native plugins for Editor in 0.00 ms.
Mono: successfully reloaded assembly
- Completed reload, in  5.239 seconds
Domain Reload Profiling:
	ReloadAssembly (5240ms)
		BeginReloadAssembly (4119ms)
			ExecutionOrderSort (0ms)
			DisableScriptedObjects (0ms)
			BackupInstance (0ms)
			ReleaseScriptingObjects (0ms)
			CreateAndSetChildDomain (1ms)
		EndReloadAssembly (992ms)
			LoadAssemblies (4113ms)
			RebuildTransferFunctionScriptingTraits (0ms)
			SetupTypeCache (128ms)
			ReleaseScriptCaches (0ms)
			RebuildScriptCaches (33ms)
			SetupLoadedEditorAssemblies (766ms)
				LogAssemblyErrors (0ms)
				InitializePlatformSupportModulesInManaged (425ms)
				SetLoadedEditorAssemblies (0ms)
				RefreshPlugins (192ms)
				BeforeProcessingInitializeOnLoad (1ms)
				ProcessInitializeOnLoadAttributes (92ms)
				ProcessInitializeOnLoadMethodAttributes (55ms)
				AfterProcessingInitializeOnLoad (0ms)
				EditorAssembliesLoaded (0ms)
			ExecutionOrderSort2 (0ms)
			AwakeInstancesAfterBackupRestoration (0ms)
Platform modules already initialized, skipping
Registering precompiled user dll's ...
Registered in 0.016106 seconds.
Begin MonoManager ReloadAssembly
Symbol file LoadedFromMemory doesn't match image C:\Users\Thibaud\Documents\Hack-Play\Hack&Play\Library\PackageCache\com.unity.visualscripting@1.8.0\Editor\VisualScripting.Core\Dependencies\YamlDotNet\Unity.VisualScripting.YamlDotNet.dll
Symbol file LoadedFromMemory doesn't match image C:\Users\Thibaud\Documents\Hack-Play\Hack&Play\Library\PackageCache\com.unity.visualscripting@1.8.0\Editor\VisualScripting.Core\Dependencies\DotNetZip\Unity.VisualScripting.IonicZip.dll
Native extension for WindowsStandalone target not found
Native extension for iOS target not found
Native extension for Android target not found
Refreshing native plugins compatible for Editor in 203.17 ms, found 4 plugins.
Preloading 0 native plugins for Editor in 0.00 ms.
Mono: successfully reloaded assembly
- Completed reload, in  1.706 seconds
Domain Reload Profiling:
	ReloadAssembly (1707ms)
		BeginReloadAssembly (115ms)
			ExecutionOrderSort (0ms)
			DisableScriptedObjects (6ms)
			BackupInstance (0ms)
			ReleaseScriptingObjects (0ms)
			CreateAndSetChildDomain (19ms)
		EndReloadAssembly (1456ms)
			LoadAssemblies (132ms)
			RebuildTransferFunctionScriptingTraits (0ms)
			SetupTypeCache (311ms)
			ReleaseScriptCaches (1ms)
			RebuildScriptCaches (74ms)
			SetupLoadedEditorAssemblies (859ms)
				LogAssemblyErrors (0ms)
				InitializePlatformSupportModulesInManaged (25ms)
				SetLoadedEditorAssemblies (0ms)
				RefreshPlugins (203ms)
				BeforeProcessingInitializeOnLoad (96ms)
				ProcessInitializeOnLoadAttributes (497ms)
				ProcessInitializeOnLoadMethodAttributes (24ms)
				AfterProcessingInitializeOnLoad (13ms)
				EditorAssembliesLoaded (0ms)
			ExecutionOrderSort2 (0ms)
			AwakeInstancesAfterBackupRestoration (11ms)
Platform modules already initialized, skipping
========================================================================
Worker process is ready to serve import requests
Launched and connected shader compiler UnityShaderCompiler.exe after 0.05 seconds
Refreshing native plugins compatible for Editor in 1.81 ms, found 4 plugins.
Preloading 0 native plugins for Editor in 0.00 ms.
Unloading 3893 Unused Serialized files (Serialized files now loaded: 0)
Unloading 42 unused Assets / (1.3 MB). Loaded Objects now: 4352.
Memory consumption went from 231.6 MB to 230.2 MB.
Total: 4.858400 ms (FindLiveObjects: 0.340100 ms CreateObjectMapping: 0.344700 ms MarkObjects: 3.783300 ms  DeleteObjects: 0.389200 ms)

AssetImportParameters requested are different than current active one (requested -> active):
  custom:video-decoder-ogg-theora: a1e56fd34408186e4bbccfd4996cb3dc -> 
  custom:container-muxer-webm: aa71ff27fc2769a1b78a27578f13a17b -> 
  custom:container-demuxer-webm: 4f35f7cbe854078d1ac9338744f61a02 -> 
  custom:video-encoder-webm-vp8: eb34c28f22e8b96e1ab97ce403110664 -> 
  custom:audio-encoder-webm-vorbis: bf7c407c2cedff20999df2af8eb42d56 -> 
  custom:framework-win-MediaFoundation: 216162199b28c13a410421893ffa2e32 -> 
  custom:container-demuxer-ogg: 62fdf1f143b41e24485cea50d1cbac27 -> 
  custom:video-decoder-webm-vp8: 9c59270c3fd7afecdb556c50c9e8de78 -> 
  custom:audio-decoder-ogg-vorbis: bf7c407c2cedff20999df2af8eb42d56 -> 
========================================================================
Received Import Request.
  Time since last request: 149521.618181 seconds.
  path: Assets/PolygonApocalypseInteriors/_Models/AI_Env_Pages_02.fbx
  artifactKey: Guid(c2e8a78bb0b6ed94688d531026a41f1b) Importer(815301076,1909f56bfc062723c751e8b465ee728b)
Start importing Assets/PolygonApocalypseInteriors/_Models/AI_Env_Pages_02.fbx using Guid(c2e8a78bb0b6ed94688d531026a41f1b) Importer(815301076,1909f56bfc062723c751e8b465ee728b)  -> (artifact id: 'fd236c8bead4bf0cabbf080f0ac10093') in 0.189644 seconds 
========================================================================
Received Import Request.
  Time since last request: 0.000031 seconds.
  path: Assets/PolygonApocalypseInteriors/_Prefabs/Environment/AI_Env_Floor_04_Blank.prefab
  artifactKey: Guid(0e6851989c8ed724c87d2f4a70e974b8) Importer(815301076,1909f56bfc062723c751e8b465ee728b)
Start importing Assets/PolygonApocalypseInteriors/_Prefabs/Environment/AI_Env_Floor_04_Blank.prefab using Guid(0e6851989c8ed724c87d2f4a70e974b8) Importer(815301076,1909f56bfc062723c751e8b465ee728b)  -> (artifact id: 'f26c6ea63f3a645831bf58bfabad98a2') in 0.033443 seconds 
========================================================================
Received Import Request.
  Time since last request: 0.000027 seconds.
  path: Assets/PolygonWar/Prefabs/Characters/Character_American_Soldier_01.prefab
  artifactKey: Guid(4c424221a7b54dd4d914e22e679e4348) Importer(815301076,1909f56bfc062723c751e8b465ee728b)
Start importing Assets/PolygonWar/Prefabs/Characters/Character_American_Soldier_01.prefab using Guid(4c424221a7b54dd4d914e22e679e4348) Importer(815301076,1909f56bfc062723c751e8b465ee728b)  -> (artifact id: '0ef86778c87473bbb4e688875364e43e') in 0.046614 seconds 
========================================================================
Received Import Request.
  Time since last request: 0.000031 seconds.
  path: Assets/PolygonApocalypseInteriors/_Models/AI_Env_Floor_02_Burnt.fbx
  artifactKey: Guid(cdb95b02fa896ac44a93744adc2c23f2) Importer(815301076,1909f56bfc062723c751e8b465ee728b)
Start importing Assets/PolygonApocalypseInteriors/_Models/AI_Env_Floor_02_Burnt.fbx using Guid(cdb95b02fa896ac44a93744adc2c23f2) Importer(815301076,1909f56bfc062723c751e8b465ee728b)  -> (artifact id: '8fd63215e3773ed076a33068c760c33f') in 0.039630 seconds 
========================================================================
Received Import Request.
  Time since last request: 0.000021 seconds.
  path: Assets/PolygonApocalypseInteriors/_Models/AI_Env_Floor_03_Blank.fbx
  artifactKey: Guid(c145cadce7f4c1546b964fbba0d2b969) Importer(815301076,1909f56bfc062723c751e8b465ee728b)
Start importing Assets/PolygonApocalypseInteriors/_Models/AI_Env_Floor_03_Blank.fbx using Guid(c145cadce7f4c1546b964fbba0d2b969) Importer(815301076,1909f56bfc062723c751e8b465ee728b)  -> (artifact id: 'a0a5ae06c82363b11908f3d703c7b96d') in 0.045509 seconds 
========================================================================
Received Import Request.
  Time since last request: 0.000027 seconds.
  path: Assets/PolygonApocalypseInteriors/_Prefabs/Environment/AI_Env_GroundDirt_05.prefab
  artifactKey: Guid(daf9c8dfcdd58124bb38bf2b94962b18) Importer(815301076,1909f56bfc062723c751e8b465ee728b)
Start importing Assets/PolygonApocalypseInteriors/_Prefabs/Environment/AI_Env_GroundDirt_05.prefab using Guid(daf9c8dfcdd58124bb38bf2b94962b18) Importer(815301076,1909f56bfc062723c751e8b465ee728b)  -> (artifact id: 'e8aba104dcaa82c21efcdd87e3d72308') in 0.064714 seconds 
========================================================================
Received Import Request.
  Time since last request: 0.000032 seconds.
  path: Assets/PolygonApocalypseInteriors/_Prefabs/Environment/AI_Env_Floor_02_Burnt_02.prefab
  artifactKey: Guid(1ebcd02f20b765945be2f568cd7fd266) Importer(815301076,1909f56bfc062723c751e8b465ee728b)
Start importing Assets/PolygonApocalypseInteriors/_Prefabs/Environment/AI_Env_Floor_02_Burnt_02.prefab using Guid(1ebcd02f20b765945be2f568cd7fd266) Importer(815301076,1909f56bfc062723c751e8b465ee728b)  -> (artifact id: '7c292caeaffb83deeaa330d04a7fce5a') in 0.028796 seconds 
========================================================================
Received Import Request.
  Time since last request: 0.000053 seconds.
  path: Assets/PolygonApocalypseInteriors/_Models/AI_Env_Floor_06_Blank.fbx
  artifactKey: Guid(58d4a303a9ced1e488adeebd2a6b04be) Importer(815301076,1909f56bfc062723c751e8b465ee728b)
Start importing Assets/PolygonApocalypseInteriors/_Models/AI_Env_Floor_06_Blank.fbx using Guid(58d4a303a9ced1e488adeebd2a6b04be) Importer(815301076,1909f56bfc062723c751e8b465ee728b)  -> (artifact id: '6b92fb32c6bb8325adf39c9838e5c50f') in 0.037803 seconds 
========================================================================
Received Import Request.
  Time since last request: 0.000045 seconds.
  path: Assets/PolygonApocalypseInteriors/_Models/AI_Env_Floor_06_Stained_01.fbx
  artifactKey: Guid(1ec25b8efdf3cfe4a96dc35f2aa561d0) Importer(815301076,1909f56bfc062723c751e8b465ee728b)
Start importing Assets/PolygonApocalypseInteriors/_Models/AI_Env_Floor_06_Stained_01.fbx using Guid(1ec25b8efdf3cfe4a96dc35f2aa561d0) Importer(815301076,1909f56bfc062723c751e8b465ee728b)  -> (artifact id: '7e4318adc423f3ce1ab818ac60b89cc3') in 0.026047 seconds 
========================================================================
Received Import Request.
  Time since last request: 0.000032 seconds.
  path: Assets/PolygonWar/Prefabs/Characters/FixedScaleCharacters/Character_British_Leader_01.prefab
  artifactKey: Guid(7edba1c98a56ae748811bfd28a236ec4) Importer(815301076,1909f56bfc062723c751e8b465ee728b)
Start importing Assets/PolygonWar/Prefabs/Characters/FixedScaleCharacters/Character_British_Leader_01.prefab using Guid(7edba1c98a56ae748811bfd28a236ec4) Importer(815301076,1909f56bfc062723c751e8b465ee728b)  -> (artifact id: '34336d26af90bf3aa8bcc66786efba9c') in 0.087406 seconds 
========================================================================
Received Import Request.
  Time since last request: 0.000029 seconds.
  path: Assets/PolygonApocalypseInteriors/_Models/AI_Env_Floor_02_Hole_Large.fbx
  artifactKey: Guid(7dd593723bafb654c9b56e01ecd92fbf) Importer(815301076,1909f56bfc062723c751e8b465ee728b)
Start importing Assets/PolygonApocalypseInteriors/_Models/AI_Env_Floor_02_Hole_Large.fbx using Guid(7dd593723bafb654c9b56e01ecd92fbf) Importer(815301076,1909f56bfc062723c751e8b465ee728b)  -> (artifact id: '75abe8f113a155be07d664bd7bbe7e53') in 0.025761 seconds 
========================================================================
Received Import Request.
  Time since last request: 0.000021 seconds.
  path: Assets/PolygonApocalypseInteriors/_Prefabs/Environment/AI_Env_Roof_01_Hole_01.prefab
  artifactKey: Guid(aeea79add5793e443bd6f5448fc80e3a) Importer(815301076,1909f56bfc062723c751e8b465ee728b)
Start importing Assets/PolygonApocalypseInteriors/_Prefabs/Environment/AI_Env_Roof_01_Hole_01.prefab using Guid(aeea79add5793e443bd6f5448fc80e3a) Importer(815301076,1909f56bfc062723c751e8b465ee728b)  -> (artifact id: '000cb0da723416de77b46a8687d38e4f') in 0.022881 seconds 
========================================================================
Received Import Request.
  Time since last request: 0.000027 seconds.
  path: Assets/PolygonApocalypseInteriors/_Prefabs/Environment/AI_Env_Floor_03_Bloodstained_Small.prefab
  artifactKey: Guid(94d94bae7a13aa64ea74320b938d53a0) Importer(815301076,1909f56bfc062723c751e8b465ee728b)
Start importing Assets/PolygonApocalypseInteriors/_Prefabs/Environment/AI_Env_Floor_03_Bloodstained_Small.prefab using Guid(94d94bae7a13aa64ea74320b938d53a0) Importer(815301076,1909f56bfc062723c751e8b465ee728b)  -> (artifact id: 'd9ae57e1c45ca91b0f947181b481807a') in 0.025739 seconds 
========================================================================
Received Import Request.
  Time since last request: 0.000025 seconds.
  path: Assets/PolygonApocalypseInteriors/_Models/AI_Env_Bunker_Roof.fbx
  artifactKey: Guid(e916a282c046b5a4798450aadd86d566) Importer(815301076,1909f56bfc062723c751e8b465ee728b)
Start importing Assets/PolygonApocalypseInteriors/_Models/AI_Env_Bunker_Roof.fbx using Guid(e916a282c046b5a4798450aadd86d566) Importer(815301076,1909f56bfc062723c751e8b465ee728b)  -> (artifact id: 'efa152b12cd706b31c74a83b3e79bf4e') in 0.019605 seconds 
========================================================================
Received Import Request.
  Time since last request: 0.000051 seconds.
  path: Assets/PolygonWar/Prefabs/Characters/Character_American_Soldier_Attachments_02.prefab
  artifactKey: Guid(48ca9607188c9c64b8cd680bcb4649eb) Importer(815301076,1909f56bfc062723c751e8b465ee728b)
Start importing Assets/PolygonWar/Prefabs/Characters/Character_American_Soldier_Attachments_02.prefab using Guid(48ca9607188c9c64b8cd680bcb4649eb) Importer(815301076,1909f56bfc062723c751e8b465ee728b)  -> (artifact id: 'e1c1355ab382f3fbbfedc076e404e90c') in 0.046453 seconds 
========================================================================
Received Import Request.
  Time since last request: 0.000025 seconds.
  path: Assets/PolygonApocalypseInteriors/_Prefabs/Environment/AI_Env_GroundDirt_04.prefab
  artifactKey: Guid(fe129600411f26242b80e5e2e7ec06ef) Importer(815301076,1909f56bfc062723c751e8b465ee728b)
Start importing Assets/PolygonApocalypseInteriors/_Prefabs/Environment/AI_Env_GroundDirt_04.prefab using Guid(fe129600411f26242b80e5e2e7ec06ef) Importer(815301076,1909f56bfc062723c751e8b465ee728b)  -> (artifact id: '492c5dc77e942a54f7eb99b4927158e8') in 0.016458 seconds 
========================================================================
Received Import Request.
  Time since last request: 0.000019 seconds.
  path: Assets/PolygonApocalypseInteriors/_Prefabs/Environment/AI_Env_Emergency_Box.prefab
  artifactKey: Guid(a168be2228ed67c4a8122b5fc85ac282) Importer(815301076,1909f56bfc062723c751e8b465ee728b)
Start importing Assets/PolygonApocalypseInteriors/_Prefabs/Environment/AI_Env_Emergency_Box.prefab using Guid(a168be2228ed67c4a8122b5fc85ac282) Importer(815301076,1909f56bfc062723c751e8b465ee728b)  -> (artifact id: 'f5362682ebfbe721f350510a9cdaa608') in 0.032264 seconds 
========================================================================
Received Import Request.
  Time since last request: 0.000026 seconds.
  path: Assets/PolygonApocalypseInteriors/_Models/AI_Env_Fallen_Floor.fbx
  artifactKey: Guid(a8d3afbaea2051948a2511b18bffb036) Importer(815301076,1909f56bfc062723c751e8b465ee728b)
Start importing Assets/PolygonApocalypseInteriors/_Models/AI_Env_Fallen_Floor.fbx using Guid(a8d3afbaea2051948a2511b18bffb036) Importer(815301076,1909f56bfc062723c751e8b465ee728b)  -> (artifact id: '091e8394d5aa6898290337826cd8d178') in 0.024254 seconds 
========================================================================
Received Import Request.
  Time since last request: 0.000028 seconds.
  path: Assets/PolygonApocalypseInteriors/_Models/AI_Env_Floor_05_Stained_01.fbx
  artifactKey: Guid(7e340ef089e29a746a44854ed8c6c337) Importer(815301076,1909f56bfc062723c751e8b465ee728b)
Start importing Assets/PolygonApocalypseInteriors/_Models/AI_Env_Floor_05_Stained_01.fbx using Guid(7e340ef089e29a746a44854ed8c6c337) Importer(815301076,1909f56bfc062723c751e8b465ee728b)  -> (artifact id: 'ff1e3a99048baf537e91549aa42746a4') in 0.015632 seconds 
========================================================================
Received Import Request.
  Time since last request: 0.000036 seconds.
  path: Assets/PolygonApocalypseInteriors/_Prefabs/Environment/AI_Env_Floor_01_Stained_01.prefab
  artifactKey: Guid(ef67e89c56776ae4f88dfec2e8978bbe) Importer(815301076,1909f56bfc062723c751e8b465ee728b)
Start importing Assets/PolygonApocalypseInteriors/_Prefabs/Environment/AI_Env_Floor_01_Stained_01.prefab using Guid(ef67e89c56776ae4f88dfec2e8978bbe) Importer(815301076,1909f56bfc062723c751e8b465ee728b)  -> (artifact id: '2f5f08ccc46b16251e6869933da33675') in 0.028755 seconds 
========================================================================
Received Import Request.
  Time since last request: 0.000029 seconds.
  path: Assets/PolygonApocalypseInteriors/_Models/AI_Env_Floor_01_Stained_05.fbx
  artifactKey: Guid(c5c19dca09d49e844a413250889d2f90) Importer(815301076,1909f56bfc062723c751e8b465ee728b)
Start importing Assets/PolygonApocalypseInteriors/_Models/AI_Env_Floor_01_Stained_05.fbx using Guid(c5c19dca09d49e844a413250889d2f90) Importer(815301076,1909f56bfc062723c751e8b465ee728b)  -> (artifact id: 'f8a84e73b07ea1e41b053d3d6ad31736') in 0.020998 seconds 
========================================================================
Received Import Request.
  Time since last request: 0.000047 seconds.
  path: Assets/PolygonApocalypseInteriors/_Prefabs/Environment/AI_Env_Bunker_Wall_Blank.prefab
  artifactKey: Guid(95c11307ad378b34eb5608e9a615e919) Importer(815301076,1909f56bfc062723c751e8b465ee728b)
Start importing Assets/PolygonApocalypseInteriors/_Prefabs/Environment/AI_Env_Bunker_Wall_Blank.prefab using Guid(95c11307ad378b34eb5608e9a615e919) Importer(815301076,1909f56bfc062723c751e8b465ee728b)  -> (artifact id: '5864d8941e76b03368942f2b81d749dc') in 0.028401 seconds 
========================================================================
Received Import Request.
  Time since last request: 0.000025 seconds.
  path: Assets/PolygonApocalypseInteriors/_Prefabs/Environment/AI_Env_Planks.prefab
  artifactKey: Guid(953dcf6c0124a3948b5b0f878e20294e) Importer(815301076,1909f56bfc062723c751e8b465ee728b)
Start importing Assets/PolygonApocalypseInteriors/_Prefabs/Environment/AI_Env_Planks.prefab using Guid(953dcf6c0124a3948b5b0f878e20294e) Importer(815301076,1909f56bfc062723c751e8b465ee728b)  -> (artifact id: '28c195028d18616bee229a4ba3ba0a63') in 0.016347 seconds 
========================================================================
Received Import Request.
  Time since last request: 0.000021 seconds.
  path: Assets/PolygonWar/Models/Character_American_Soldier_02.fbx
  artifactKey: Guid(ce49f226d40c714489e36173399f81b7) Importer(815301076,1909f56bfc062723c751e8b465ee728b)
Start importing Assets/PolygonWar/Models/Character_American_Soldier_02.fbx using Guid(ce49f226d40c714489e36173399f81b7) Importer(815301076,1909f56bfc062723c751e8b465ee728b)  -> (artifact id: 'd22768c998b47185e303ecda5687c168') in 0.035603 seconds 
========================================================================
Received Import Request.
  Time since last request: 0.000058 seconds.
  path: Assets/PolygonApocalypseInteriors/_Models/AI_Env_Floor_03_Bloodstained_Small.fbx
  artifactKey: Guid(6c290bb1ea4c121419902bb58175e006) Importer(815301076,1909f56bfc062723c751e8b465ee728b)
Start importing Assets/PolygonApocalypseInteriors/_Models/AI_Env_Floor_03_Bloodstained_Small.fbx using Guid(6c290bb1ea4c121419902bb58175e006) Importer(815301076,1909f56bfc062723c751e8b465ee728b)  -> (artifact id: '9d166cfc2491293016564c2afc692847') in 0.020002 seconds 
========================================================================
Received Import Request.
  Time since last request: 0.000027 seconds.
  path: Assets/PolygonApocalypseInteriors/_Prefabs/Environment/AI_Env_Floor_02_Burnt.prefab
  artifactKey: Guid(4bc7554742a5c7646ac60c827db92642) Importer(815301076,1909f56bfc062723c751e8b465ee728b)
Start importing Assets/PolygonApocalypseInteriors/_Prefabs/Environment/AI_Env_Floor_02_Burnt.prefab using Guid(4bc7554742a5c7646ac60c827db92642) Importer(815301076,1909f56bfc062723c751e8b465ee728b)  -> (artifact id: '44888116190f54cbac8dceebccb15318') in 0.017993 seconds 
========================================================================
Received Import Request.
  Time since last request: 0.000029 seconds.
  path: Assets/PolygonApocalypseInteriors/_Models/AI_Env_Floor_01_Burnt.fbx
  artifactKey: Guid(cc2ca01ddecb4f74aa7a73d849283c76) Importer(815301076,1909f56bfc062723c751e8b465ee728b)
Start importing Assets/PolygonApocalypseInteriors/_Models/AI_Env_Floor_01_Burnt.fbx using Guid(cc2ca01ddecb4f74aa7a73d849283c76) Importer(815301076,1909f56bfc062723c751e8b465ee728b)  -> (artifact id: '062f9b26e20b0a9d23e0a3924734a2c6') in 0.019951 seconds 
========================================================================
Received Import Request.
  Time since last request: 0.000023 seconds.
  path: Assets/PolygonApocalypseInteriors/_Models/AI_Env_GroundDirt_09.fbx
  artifactKey: Guid(891fd512d316d5f4683d09c655273608) Importer(815301076,1909f56bfc062723c751e8b465ee728b)
Start importing Assets/PolygonApocalypseInteriors/_Models/AI_Env_GroundDirt_09.fbx using Guid(891fd512d316d5f4683d09c655273608) Importer(815301076,1909f56bfc062723c751e8b465ee728b)  -> (artifact id: '52c0f099e450c6df6ec6cf3928d7b9c5') in 0.027706 seconds 
Editor requested this worker to shutdown with reason: Scaling down because of idle timeout
AssetImportWorker is now disconnected from the server
Process exiting
Exiting without the bug reporter. Application will terminate with return code 0