Using pre-set license
Built from '2021.3/staging' branch; Version is '2021.3.19f1 (c9714fde33b6) revision 13201743'; Using compiler version '192829333'; Build Type 'Release'
OS: 'Windows 10  (10.0.19044) 64bit Professional' Language: 'fr' Physical Memory: 16250 MB
BatchMode: 1, IsHumanControllingUs: 0, StartBugReporterOnCrash: 0, Is64bit: 1, IsPro: 1

COMMAND LINE ARGUMENTS:
C:\Program Files\Unity\Hub\Editor\2021.3.19f1\Editor\Unity.exe
-adb2
-batchMode
-noUpm
-name
AssetImportWorker12
-projectPath
C:/Users/Thibaud/Documents/Hack-Play/Hack&Play
-logFile
Logs/AssetImportWorker12.log
-srvPort
61609
Successfully changed project path to: C:/Users/Thibaud/Documents/Hack-Play/Hack&Play
C:/Users/Thibaud/Documents/Hack-Play/Hack&Play
[UnityMemory] Configuration Parameters - Can be set up in boot.config
    "memorysetup-bucket-allocator-granularity=16"
    "memorysetup-bucket-allocator-bucket-count=8"
    "memorysetup-bucket-allocator-block-size=33554432"
    "memorysetup-bucket-allocator-block-count=8"
    "memorysetup-main-allocator-block-size=16777216"
    "memorysetup-thread-allocator-block-size=16777216"
    "memorysetup-gfx-main-allocator-block-size=16777216"
    "memorysetup-gfx-thread-allocator-block-size=16777216"
    "memorysetup-cache-allocator-block-size=4194304"
    "memorysetup-typetree-allocator-block-size=2097152"
    "memorysetup-profiler-bucket-allocator-granularity=16"
    "memorysetup-profiler-bucket-allocator-bucket-count=8"
    "memorysetup-profiler-bucket-allocator-block-size=33554432"
    "memorysetup-profiler-bucket-allocator-block-count=8"
    "memorysetup-profiler-allocator-block-size=16777216"
    "memorysetup-profiler-editor-allocator-block-size=1048576"
    "memorysetup-temp-allocator-size-main=16777216"
    "memorysetup-job-temp-allocator-block-size=2097152"
    "memorysetup-job-temp-allocator-block-size-background=1048576"
    "memorysetup-job-temp-allocator-reduction-small-platforms=262144"
    "memorysetup-temp-allocator-size-background-worker=32768"
    "memorysetup-temp-allocator-size-job-worker=262144"
    "memorysetup-temp-allocator-size-preload-manager=33554432"
    "memorysetup-temp-allocator-size-nav-mesh-worker=65536"
    "memorysetup-temp-allocator-size-audio-worker=65536"
    "memorysetup-temp-allocator-size-cloud-worker=32768"
    "memorysetup-temp-allocator-size-gi-baking-worker=262144"
    "memorysetup-temp-allocator-size-gfx=262144"
Player connection [3180] Host "[IP] 172.24.240.1 [Port] 0 [Flags] 2 [Guid] 1771471771 [EditorId] 1771471771 [Version] 1048832 [Id] WindowsEditor(7,DESKTOP-MGUKO82) [Debug] 1 [PackageName] WindowsEditor [ProjectName] Editor" joined multi-casting on [225.0.0.222:54997]...

Player connection [3180] Host "[IP] 172.24.240.1 [Port] 0 [Flags] 2 [Guid] 1771471771 [EditorId] 1771471771 [Version] 1048832 [Id] WindowsEditor(7,DESKTOP-MGUKO82) [Debug] 1 [PackageName] WindowsEditor [ProjectName] Editor" joined alternative multi-casting on [225.0.0.222:34997]...

Refreshing native plugins compatible for Editor in 183.53 ms, found 3 plugins.
Preloading 0 native plugins for Editor in 0.00 ms.
Initialize engine version: 2021.3.19f1 (c9714fde33b6)
[Subsystems] Discovering subsystems at path C:/Program Files/Unity/Hub/Editor/2021.3.19f1/Editor/Data/Resources/UnitySubsystems
[Subsystems] Discovering subsystems at path C:/Users/Thibaud/Documents/Hack-Play/Hack&Play/Assets
GfxDevice: creating device client; threaded=0; jobified=0
Direct3D:
    Version:  Direct3D 11.0 [level 11.1]
    Renderer: NVIDIA GeForce RTX 2060 (ID=0x1f15)
    Vendor:   NVIDIA
    VRAM:     5980 MB
    Driver:   31.0.15.1700
Initialize mono
Mono path[0] = 'C:/Program Files/Unity/Hub/Editor/2021.3.19f1/Editor/Data/Managed'
Mono path[1] = 'C:/Program Files/Unity/Hub/Editor/2021.3.19f1/Editor/Data/MonoBleedingEdge/lib/mono/unityjit-win32'
Mono config path = 'C:/Program Files/Unity/Hub/Editor/2021.3.19f1/Editor/Data/MonoBleedingEdge/etc'
Using monoOptions --debugger-agent=transport=dt_socket,embedding=1,server=y,suspend=n,address=127.0.0.1:56444
Begin MonoManager ReloadAssembly
Registering precompiled unity dll's ...
Register platform support module: C:/Program Files/Unity/Hub/Editor/2021.3.19f1/Editor/Data/PlaybackEngines/AndroidPlayer/UnityEditor.Android.Extensions.dll
Register platform support module: C:/Program Files/Unity/Hub/Editor/2021.3.19f1/Editor/Data/PlaybackEngines/iOSSupport/UnityEditor.iOS.Extensions.dll
Register platform support module: C:/Program Files/Unity/Hub/Editor/2021.3.19f1/Editor/Data/PlaybackEngines/WindowsStandaloneSupport/UnityEditor.WindowsStandalone.Extensions.dll
Registered in 0.013941 seconds.
Native extension for WindowsStandalone target not found
[usbmuxd] Start listen thread
[usbmuxd] Listen thread started
Native extension for iOS target not found
Native extension for Android target not found
Android Extension - Scanning For ADB Devices 318 ms
Refreshing native plugins compatible for Editor in 159.02 ms, found 3 plugins.
Preloading 0 native plugins for Editor in 0.00 ms.
Mono: successfully reloaded assembly
- Completed reload, in  1.333 seconds
Domain Reload Profiling:
	ReloadAssembly (1333ms)
		BeginReloadAssembly (125ms)
			ExecutionOrderSort (0ms)
			DisableScriptedObjects (0ms)
			BackupInstance (0ms)
			ReleaseScriptingObjects (0ms)
			CreateAndSetChildDomain (1ms)
		EndReloadAssembly (1027ms)
			LoadAssemblies (121ms)
			RebuildTransferFunctionScriptingTraits (0ms)
			SetupTypeCache (156ms)
			ReleaseScriptCaches (0ms)
			RebuildScriptCaches (40ms)
			SetupLoadedEditorAssemblies (762ms)
				LogAssemblyErrors (0ms)
				InitializePlatformSupportModulesInManaged (435ms)
				SetLoadedEditorAssemblies (0ms)
				RefreshPlugins (159ms)
				BeforeProcessingInitializeOnLoad (2ms)
				ProcessInitializeOnLoadAttributes (111ms)
				ProcessInitializeOnLoadMethodAttributes (55ms)
				AfterProcessingInitializeOnLoad (0ms)
				EditorAssembliesLoaded (0ms)
			ExecutionOrderSort2 (0ms)
			AwakeInstancesAfterBackupRestoration (0ms)
Platform modules already initialized, skipping
Registering precompiled user dll's ...
Registered in 0.007588 seconds.
Begin MonoManager ReloadAssembly
Symbol file LoadedFromMemory doesn't match image C:\Users\Thibaud\Documents\Hack-Play\Hack&Play\Library\PackageCache\com.unity.visualscripting@1.8.0\Editor\VisualScripting.Core\Dependencies\YamlDotNet\Unity.VisualScripting.YamlDotNet.dll
Symbol file LoadedFromMemory doesn't match image C:\Users\Thibaud\Documents\Hack-Play\Hack&Play\Library\PackageCache\com.unity.visualscripting@1.8.0\Editor\VisualScripting.Core\Dependencies\DotNetZip\Unity.VisualScripting.IonicZip.dll
Native extension for WindowsStandalone target not found
Native extension for iOS target not found
Native extension for Android target not found
Refreshing native plugins compatible for Editor in 1.49 ms, found 3 plugins.
Preloading 0 native plugins for Editor in 0.00 ms.
Mono: successfully reloaded assembly
- Completed reload, in  1.409 seconds
Domain Reload Profiling:
	ReloadAssembly (1410ms)
		BeginReloadAssembly (139ms)
			ExecutionOrderSort (0ms)
			DisableScriptedObjects (8ms)
			BackupInstance (0ms)
			ReleaseScriptingObjects (0ms)
			CreateAndSetChildDomain (23ms)
		EndReloadAssembly (1124ms)
			LoadAssemblies (108ms)
			RebuildTransferFunctionScriptingTraits (0ms)
			SetupTypeCache (362ms)
			ReleaseScriptCaches (1ms)
			RebuildScriptCaches (75ms)
			SetupLoadedEditorAssemblies (494ms)
				LogAssemblyErrors (0ms)
				InitializePlatformSupportModulesInManaged (38ms)
				SetLoadedEditorAssemblies (1ms)
				RefreshPlugins (2ms)
				BeforeProcessingInitializeOnLoad (118ms)
				ProcessInitializeOnLoadAttributes (298ms)
				ProcessInitializeOnLoadMethodAttributes (26ms)
				AfterProcessingInitializeOnLoad (11ms)
				EditorAssembliesLoaded (0ms)
			ExecutionOrderSort2 (0ms)
			AwakeInstancesAfterBackupRestoration (9ms)
Platform modules already initialized, skipping
========================================================================
Worker process is ready to serve import requests
Launched and connected shader compiler UnityShaderCompiler.exe after 0.05 seconds
Refreshing native plugins compatible for Editor in 1.25 ms, found 3 plugins.
Preloading 0 native plugins for Editor in 0.00 ms.
Unloading 3282 Unused Serialized files (Serialized files now loaded: 0)
Unloading 24 unused Assets / (114.6 KB). Loaded Objects now: 3751.
Memory consumption went from 122.8 MB to 122.6 MB.
Total: 3.993000 ms (FindLiveObjects: 0.332700 ms CreateObjectMapping: 0.272200 ms MarkObjects: 3.240700 ms  DeleteObjects: 0.146200 ms)

AssetImportParameters requested are different than current active one (requested -> active):
  custom:video-decoder-ogg-theora: a1e56fd34408186e4bbccfd4996cb3dc -> 
  custom:container-muxer-webm: aa71ff27fc2769a1b78a27578f13a17b -> 
  custom:container-demuxer-webm: 4f35f7cbe854078d1ac9338744f61a02 -> 
  custom:video-encoder-webm-vp8: eb34c28f22e8b96e1ab97ce403110664 -> 
  custom:audio-encoder-webm-vorbis: bf7c407c2cedff20999df2af8eb42d56 -> 
  custom:framework-win-MediaFoundation: 216162199b28c13a410421893ffa2e32 -> 
  custom:container-demuxer-ogg: 62fdf1f143b41e24485cea50d1cbac27 -> 
  custom:video-decoder-webm-vp8: 9c59270c3fd7afecdb556c50c9e8de78 -> 
  custom:audio-decoder-ogg-vorbis: bf7c407c2cedff20999df2af8eb42d56 -> 
========================================================================
Received Prepare
Registering precompiled user dll's ...
Registered in 0.005024 seconds.
Begin MonoManager ReloadAssembly
Symbol file LoadedFromMemory doesn't match image C:\Users\Thibaud\Documents\Hack-Play\Hack&Play\Library\PackageCache\com.unity.visualscripting@1.8.0\Editor\VisualScripting.Core\Dependencies\YamlDotNet\Unity.VisualScripting.YamlDotNet.dll
Symbol file LoadedFromMemory doesn't match image C:\Users\Thibaud\Documents\Hack-Play\Hack&Play\Library\PackageCache\com.unity.visualscripting@1.8.0\Editor\VisualScripting.Core\Dependencies\DotNetZip\Unity.VisualScripting.IonicZip.dll
Native extension for WindowsStandalone target not found
Native extension for iOS target not found
Native extension for Android target not found
Refreshing native plugins compatible for Editor in 1.28 ms, found 3 plugins.
Preloading 0 native plugins for Editor in 0.00 ms.
Mono: successfully reloaded assembly
- Completed reload, in  1.260 seconds
Domain Reload Profiling:
	ReloadAssembly (1260ms)
		BeginReloadAssembly (157ms)
			ExecutionOrderSort (0ms)
			DisableScriptedObjects (6ms)
			BackupInstance (0ms)
			ReleaseScriptingObjects (0ms)
			CreateAndSetChildDomain (34ms)
		EndReloadAssembly (982ms)
			LoadAssemblies (102ms)
			RebuildTransferFunctionScriptingTraits (0ms)
			SetupTypeCache (296ms)
			ReleaseScriptCaches (1ms)
			RebuildScriptCaches (42ms)
			SetupLoadedEditorAssemblies (467ms)
				LogAssemblyErrors (0ms)
				InitializePlatformSupportModulesInManaged (38ms)
				SetLoadedEditorAssemblies (1ms)
				RefreshPlugins (1ms)
				BeforeProcessingInitializeOnLoad (92ms)
				ProcessInitializeOnLoadAttributes (289ms)
				ProcessInitializeOnLoadMethodAttributes (33ms)
				AfterProcessingInitializeOnLoad (12ms)
				EditorAssembliesLoaded (0ms)
			ExecutionOrderSort2 (0ms)
			AwakeInstancesAfterBackupRestoration (11ms)
Platform modules already initialized, skipping
Refreshing native plugins compatible for Editor in 3.01 ms, found 3 plugins.
Preloading 0 native plugins for Editor in 0.00 ms.
Unloading 3259 Unused Serialized files (Serialized files now loaded: 0)
Unloading 17 unused Assets / (81.5 KB). Loaded Objects now: 3754.
Memory consumption went from 120.6 MB to 120.5 MB.
Total: 3.872100 ms (FindLiveObjects: 0.298100 ms CreateObjectMapping: 0.257700 ms MarkObjects: 3.180200 ms  DeleteObjects: 0.134600 ms)

AssetImportParameters requested are different than current active one (requested -> active):
  custom:video-decoder-ogg-theora: a1e56fd34408186e4bbccfd4996cb3dc -> 
  custom:container-muxer-webm: aa71ff27fc2769a1b78a27578f13a17b -> 
  custom:container-demuxer-webm: 4f35f7cbe854078d1ac9338744f61a02 -> 
  custom:video-encoder-webm-vp8: eb34c28f22e8b96e1ab97ce403110664 -> 
  custom:audio-encoder-webm-vorbis: bf7c407c2cedff20999df2af8eb42d56 -> 
  custom:framework-win-MediaFoundation: 216162199b28c13a410421893ffa2e32 -> 
  custom:container-demuxer-ogg: 62fdf1f143b41e24485cea50d1cbac27 -> 
  custom:video-decoder-webm-vp8: 9c59270c3fd7afecdb556c50c9e8de78 -> 
  custom:audio-decoder-ogg-vorbis: bf7c407c2cedff20999df2af8eb42d56 -> 
========================================================================
Received Import Request.
  Time since last request: 1455585.641619 seconds.
  path: Assets/DreamOS - Complete OS UI/Prefabs/Web Browser/Sites/Me.prefab
  artifactKey: Guid(eccc6e33d5fb0c34d9aff52fc02f3cdb) Importer(815301076,1909f56bfc062723c751e8b465ee728b)
Start importing Assets/DreamOS - Complete OS UI/Prefabs/Web Browser/Sites/Me.prefab using Guid(eccc6e33d5fb0c34d9aff52fc02f3cdb) Importer(815301076,1909f56bfc062723c751e8b465ee728b)  -> (artifact id: '7a5472d4222d793f86bfad420bab1563') in 0.105802 seconds 
========================================================================
Received Import Request.
  Time since last request: 53.273753 seconds.
  path: Assets/Main/WebPages/example.com.prefab
  artifactKey: Guid(aa3a1133efd44b54aa0cd9a04ca92295) Importer(815301076,1909f56bfc062723c751e8b465ee728b)
Start importing Assets/Main/WebPages/example.com.prefab using Guid(aa3a1133efd44b54aa0cd9a04ca92295) Importer(815301076,1909f56bfc062723c751e8b465ee728b)  -> (artifact id: '7e3a395c0ea5acc7ef59eb58b116f6e4') in 0.052986 seconds 
========================================================================
Received Import Request.
  Time since last request: 42.613783 seconds.
  path: Assets/Main/WebPages/example.com 1.prefab
  artifactKey: Guid(82b636b6a3dc8214dbdcd5074360c7c3) Importer(815301076,1909f56bfc062723c751e8b465ee728b)
Start importing Assets/Main/WebPages/example.com 1.prefab using Guid(82b636b6a3dc8214dbdcd5074360c7c3) Importer(815301076,1909f56bfc062723c751e8b465ee728b)  -> (artifact id: '33a68c0f395fca5f2278571344772c0d') in 0.046174 seconds 
========================================================================
Received Import Request.
  Time since last request: 33.669182 seconds.
  path: Assets/Main/WebPages/Test.prefab
  artifactKey: Guid(b9a35675fdaa618419df23d8a3f4da88) Importer(815301076,1909f56bfc062723c751e8b465ee728b)
Start importing Assets/Main/WebPages/Test.prefab using Guid(b9a35675fdaa618419df23d8a3f4da88) Importer(815301076,1909f56bfc062723c751e8b465ee728b)  -> (artifact id: '1dcfc1f7384ab24251449873654eb3fc') in 0.040112 seconds 
========================================================================
Received Import Request.
  Time since last request: 10.384235 seconds.
  path: Assets/DreamOS - Complete OS UI/Resources/Web Browser/Web Library.asset
  artifactKey: Guid(89b13ac4f4979ad41a712978909463d0) Importer(815301076,1909f56bfc062723c751e8b465ee728b)
Start importing Assets/DreamOS - Complete OS UI/Resources/Web Browser/Web Library.asset using Guid(89b13ac4f4979ad41a712978909463d0) Importer(815301076,1909f56bfc062723c751e8b465ee728b)  -> (artifact id: '3a2dbc2eb724f0e29aafd56750991f15') in 0.136116 seconds 
========================================================================
Received Prepare
Registering precompiled user dll's ...
Registered in 0.004943 seconds.
Begin MonoManager ReloadAssembly
Symbol file LoadedFromMemory doesn't match image C:\Users\Thibaud\Documents\Hack-Play\Hack&Play\Library\PackageCache\com.unity.visualscripting@1.8.0\Editor\VisualScripting.Core\Dependencies\YamlDotNet\Unity.VisualScripting.YamlDotNet.dll
Symbol file LoadedFromMemory doesn't match image C:\Users\Thibaud\Documents\Hack-Play\Hack&Play\Library\PackageCache\com.unity.visualscripting@1.8.0\Editor\VisualScripting.Core\Dependencies\DotNetZip\Unity.VisualScripting.IonicZip.dll
Native extension for WindowsStandalone target not found
Native extension for iOS target not found
Native extension for Android target not found
Refreshing native plugins compatible for Editor in 1.10 ms, found 3 plugins.
Preloading 0 native plugins for Editor in 0.00 ms.
Mono: successfully reloaded assembly
- Completed reload, in  1.196 seconds
Domain Reload Profiling:
	ReloadAssembly (1197ms)
		BeginReloadAssembly (164ms)
			ExecutionOrderSort (0ms)
			DisableScriptedObjects (6ms)
			BackupInstance (0ms)
			ReleaseScriptingObjects (0ms)
			CreateAndSetChildDomain (38ms)
		EndReloadAssembly (910ms)
			LoadAssemblies (106ms)
			RebuildTransferFunctionScriptingTraits (0ms)
			SetupTypeCache (318ms)
			ReleaseScriptCaches (1ms)
			RebuildScriptCaches (49ms)
			SetupLoadedEditorAssemblies (367ms)
				LogAssemblyErrors (0ms)
				InitializePlatformSupportModulesInManaged (39ms)
				SetLoadedEditorAssemblies (1ms)
				RefreshPlugins (1ms)
				BeforeProcessingInitializeOnLoad (78ms)
				ProcessInitializeOnLoadAttributes (215ms)
				ProcessInitializeOnLoadMethodAttributes (23ms)
				AfterProcessingInitializeOnLoad (10ms)
				EditorAssembliesLoaded (0ms)
			ExecutionOrderSort2 (0ms)
			AwakeInstancesAfterBackupRestoration (9ms)
Platform modules already initialized, skipping
Refreshing native plugins compatible for Editor in 2.97 ms, found 3 plugins.
Preloading 0 native plugins for Editor in 0.00 ms.
Unloading 3259 Unused Serialized files (Serialized files now loaded: 0)
Unloading 17 unused Assets / (81.5 KB). Loaded Objects now: 3758.
Memory consumption went from 121.0 MB to 120.9 MB.
Total: 3.229000 ms (FindLiveObjects: 0.271800 ms CreateObjectMapping: 0.197400 ms MarkObjects: 2.653900 ms  DeleteObjects: 0.104800 ms)

AssetImportParameters requested are different than current active one (requested -> active):
  custom:video-decoder-ogg-theora: a1e56fd34408186e4bbccfd4996cb3dc -> 
  custom:container-muxer-webm: aa71ff27fc2769a1b78a27578f13a17b -> 
  custom:container-demuxer-webm: 4f35f7cbe854078d1ac9338744f61a02 -> 
  custom:video-encoder-webm-vp8: eb34c28f22e8b96e1ab97ce403110664 -> 
  custom:audio-encoder-webm-vorbis: bf7c407c2cedff20999df2af8eb42d56 -> 
  custom:framework-win-MediaFoundation: 216162199b28c13a410421893ffa2e32 -> 
  custom:container-demuxer-ogg: 62fdf1f143b41e24485cea50d1cbac27 -> 
  custom:video-decoder-webm-vp8: 9c59270c3fd7afecdb556c50c9e8de78 -> 
  custom:audio-decoder-ogg-vorbis: bf7c407c2cedff20999df2af8eb42d56 -> 
========================================================================
Received Import Request.
  Time since last request: 56.132939 seconds.
  path: Assets/Main/WebPages/Test.prefab
  artifactKey: Guid(b9a35675fdaa618419df23d8a3f4da88) Importer(815301076,1909f56bfc062723c751e8b465ee728b)
Start importing Assets/Main/WebPages/Test.prefab using Guid(b9a35675fdaa618419df23d8a3f4da88) Importer(815301076,1909f56bfc062723c751e8b465ee728b)  -> (artifact id: 'bbf5fee3b52415abeff52832cfb0d428') in 0.099057 seconds 
========================================================================
Received Prepare
Registering precompiled user dll's ...
Registered in 0.004987 seconds.
Begin MonoManager ReloadAssembly
Symbol file LoadedFromMemory doesn't match image C:\Users\Thibaud\Documents\Hack-Play\Hack&Play\Library\PackageCache\com.unity.visualscripting@1.8.0\Editor\VisualScripting.Core\Dependencies\YamlDotNet\Unity.VisualScripting.YamlDotNet.dll
Symbol file LoadedFromMemory doesn't match image C:\Users\Thibaud\Documents\Hack-Play\Hack&Play\Library\PackageCache\com.unity.visualscripting@1.8.0\Editor\VisualScripting.Core\Dependencies\DotNetZip\Unity.VisualScripting.IonicZip.dll
Native extension for WindowsStandalone target not found
Native extension for iOS target not found
Native extension for Android target not found
Refreshing native plugins compatible for Editor in 1.08 ms, found 3 plugins.
Preloading 0 native plugins for Editor in 0.00 ms.
Mono: successfully reloaded assembly
- Completed reload, in  1.186 seconds
Domain Reload Profiling:
	ReloadAssembly (1187ms)
		BeginReloadAssembly (151ms)
			ExecutionOrderSort (0ms)
			DisableScriptedObjects (6ms)
			BackupInstance (0ms)
			ReleaseScriptingObjects (0ms)
			CreateAndSetChildDomain (37ms)
		EndReloadAssembly (918ms)
			LoadAssemblies (94ms)
			RebuildTransferFunctionScriptingTraits (0ms)
			SetupTypeCache (313ms)
			ReleaseScriptCaches (2ms)
			RebuildScriptCaches (52ms)
			SetupLoadedEditorAssemblies (376ms)
				LogAssemblyErrors (0ms)
				InitializePlatformSupportModulesInManaged (41ms)
				SetLoadedEditorAssemblies (1ms)
				RefreshPlugins (1ms)
				BeforeProcessingInitializeOnLoad (79ms)
				ProcessInitializeOnLoadAttributes (220ms)
				ProcessInitializeOnLoadMethodAttributes (23ms)
				AfterProcessingInitializeOnLoad (11ms)
				EditorAssembliesLoaded (0ms)
			ExecutionOrderSort2 (0ms)
			AwakeInstancesAfterBackupRestoration (9ms)
Platform modules already initialized, skipping
Refreshing native plugins compatible for Editor in 2.56 ms, found 3 plugins.
Preloading 0 native plugins for Editor in 0.00 ms.
Unloading 3259 Unused Serialized files (Serialized files now loaded: 0)
Unloading 17 unused Assets / (81.5 KB). Loaded Objects now: 3761.
Memory consumption went from 121.0 MB to 121.0 MB.
Total: 3.374900 ms (FindLiveObjects: 0.289400 ms CreateObjectMapping: 0.182800 ms MarkObjects: 2.805900 ms  DeleteObjects: 0.095600 ms)

AssetImportParameters requested are different than current active one (requested -> active):
  custom:video-decoder-ogg-theora: a1e56fd34408186e4bbccfd4996cb3dc -> 
  custom:container-muxer-webm: aa71ff27fc2769a1b78a27578f13a17b -> 
  custom:container-demuxer-webm: 4f35f7cbe854078d1ac9338744f61a02 -> 
  custom:video-encoder-webm-vp8: eb34c28f22e8b96e1ab97ce403110664 -> 
  custom:audio-encoder-webm-vorbis: bf7c407c2cedff20999df2af8eb42d56 -> 
  custom:framework-win-MediaFoundation: 216162199b28c13a410421893ffa2e32 -> 
  custom:container-demuxer-ogg: 62fdf1f143b41e24485cea50d1cbac27 -> 
  custom:video-decoder-webm-vp8: 9c59270c3fd7afecdb556c50c9e8de78 -> 
  custom:audio-decoder-ogg-vorbis: bf7c407c2cedff20999df2af8eb42d56 -> 
========================================================================
Received Import Request.
  Time since last request: 10.885940 seconds.
  path: Assets/Main/WebPages/Test.prefab
  artifactKey: Guid(b9a35675fdaa618419df23d8a3f4da88) Importer(815301076,1909f56bfc062723c751e8b465ee728b)
Start importing Assets/Main/WebPages/Test.prefab using Guid(b9a35675fdaa618419df23d8a3f4da88) Importer(815301076,1909f56bfc062723c751e8b465ee728b)  -> (artifact id: '240daa6f442c2e90be801e69fc2cb37d') in 0.091973 seconds 
========================================================================
Received Import Request.
  Time since last request: 41.844856 seconds.
  path: Assets/Main/WebPages/Test.prefab
  artifactKey: Guid(b9a35675fdaa618419df23d8a3f4da88) Importer(815301076,1909f56bfc062723c751e8b465ee728b)
Start importing Assets/Main/WebPages/Test.prefab using Guid(b9a35675fdaa618419df23d8a3f4da88) Importer(815301076,1909f56bfc062723c751e8b465ee728b)  -> (artifact id: 'a4cc0f300e0a9aeeb85aa589450d04c6') in 0.039275 seconds 
========================================================================
Received Prepare
Registering precompiled user dll's ...
Registered in 0.005187 seconds.
Begin MonoManager ReloadAssembly
Symbol file LoadedFromMemory doesn't match image C:\Users\Thibaud\Documents\Hack-Play\Hack&Play\Library\PackageCache\com.unity.visualscripting@1.8.0\Editor\VisualScripting.Core\Dependencies\YamlDotNet\Unity.VisualScripting.YamlDotNet.dll
Symbol file LoadedFromMemory doesn't match image C:\Users\Thibaud\Documents\Hack-Play\Hack&Play\Library\PackageCache\com.unity.visualscripting@1.8.0\Editor\VisualScripting.Core\Dependencies\DotNetZip\Unity.VisualScripting.IonicZip.dll
Native extension for WindowsStandalone target not found
Native extension for iOS target not found
Native extension for Android target not found
Refreshing native plugins compatible for Editor in 1.13 ms, found 3 plugins.
Preloading 0 native plugins for Editor in 0.00 ms.
Mono: successfully reloaded assembly
- Completed reload, in  1.202 seconds
Domain Reload Profiling:
	ReloadAssembly (1203ms)
		BeginReloadAssembly (153ms)
			ExecutionOrderSort (0ms)
			DisableScriptedObjects (7ms)
			BackupInstance (0ms)
			ReleaseScriptingObjects (0ms)
			CreateAndSetChildDomain (37ms)
		EndReloadAssembly (924ms)
			LoadAssemblies (99ms)
			RebuildTransferFunctionScriptingTraits (0ms)
			SetupTypeCache (317ms)
			ReleaseScriptCaches (1ms)
			RebuildScriptCaches (53ms)
			SetupLoadedEditorAssemblies (379ms)
				LogAssemblyErrors (0ms)
				InitializePlatformSupportModulesInManaged (50ms)
				SetLoadedEditorAssemblies (1ms)
				RefreshPlugins (1ms)
				BeforeProcessingInitializeOnLoad (77ms)
				ProcessInitializeOnLoadAttributes (214ms)
				ProcessInitializeOnLoadMethodAttributes (24ms)
				AfterProcessingInitializeOnLoad (12ms)
				EditorAssembliesLoaded (0ms)
			ExecutionOrderSort2 (0ms)
			AwakeInstancesAfterBackupRestoration (10ms)
Platform modules already initialized, skipping
Refreshing native plugins compatible for Editor in 2.50 ms, found 3 plugins.
Preloading 0 native plugins for Editor in 0.00 ms.
Unloading 3259 Unused Serialized files (Serialized files now loaded: 0)
Unloading 17 unused Assets / (81.6 KB). Loaded Objects now: 3764.
Memory consumption went from 121.1 MB to 121.0 MB.
Total: 3.281800 ms (FindLiveObjects: 0.254900 ms CreateObjectMapping: 0.175400 ms MarkObjects: 2.753900 ms  DeleteObjects: 0.096800 ms)

AssetImportParameters requested are different than current active one (requested -> active):
  custom:video-decoder-ogg-theora: a1e56fd34408186e4bbccfd4996cb3dc -> 
  custom:container-muxer-webm: aa71ff27fc2769a1b78a27578f13a17b -> 
  custom:container-demuxer-webm: 4f35f7cbe854078d1ac9338744f61a02 -> 
  custom:video-encoder-webm-vp8: eb34c28f22e8b96e1ab97ce403110664 -> 
  custom:audio-encoder-webm-vorbis: bf7c407c2cedff20999df2af8eb42d56 -> 
  custom:framework-win-MediaFoundation: 216162199b28c13a410421893ffa2e32 -> 
  custom:container-demuxer-ogg: 62fdf1f143b41e24485cea50d1cbac27 -> 
  custom:video-decoder-webm-vp8: 9c59270c3fd7afecdb556c50c9e8de78 -> 
  custom:audio-decoder-ogg-vorbis: bf7c407c2cedff20999df2af8eb42d56 -> 
========================================================================
Received Import Request.
  Time since last request: 308.012166 seconds.
  path: Assets/Main/WebPages/Test.prefab
  artifactKey: Guid(b9a35675fdaa618419df23d8a3f4da88) Importer(815301076,1909f56bfc062723c751e8b465ee728b)
Start importing Assets/Main/WebPages/Test.prefab using Guid(b9a35675fdaa618419df23d8a3f4da88) Importer(815301076,1909f56bfc062723c751e8b465ee728b)  -> (artifact id: 'feff9b767ec29279dab56572e5bb6b56') in 0.085373 seconds 
========================================================================
Received Import Request.
  Time since last request: 2.490807 seconds.
  path: Assets/Main/WebPages/Test.prefab
  artifactKey: Guid(b9a35675fdaa618419df23d8a3f4da88) Importer(815301076,1909f56bfc062723c751e8b465ee728b)
Start importing Assets/Main/WebPages/Test.prefab using Guid(b9a35675fdaa618419df23d8a3f4da88) Importer(815301076,1909f56bfc062723c751e8b465ee728b)  -> (artifact id: 'b7549c72f9e5b92815f1d0640274c6d4') in 0.040983 seconds 
========================================================================
Received Prepare
Registering precompiled user dll's ...
Registered in 0.004554 seconds.
Begin MonoManager ReloadAssembly
Symbol file LoadedFromMemory doesn't match image C:\Users\Thibaud\Documents\Hack-Play\Hack&Play\Library\PackageCache\com.unity.visualscripting@1.8.0\Editor\VisualScripting.Core\Dependencies\YamlDotNet\Unity.VisualScripting.YamlDotNet.dll
Symbol file LoadedFromMemory doesn't match image C:\Users\Thibaud\Documents\Hack-Play\Hack&Play\Library\PackageCache\com.unity.visualscripting@1.8.0\Editor\VisualScripting.Core\Dependencies\DotNetZip\Unity.VisualScripting.IonicZip.dll
Native extension for WindowsStandalone target not found
Native extension for iOS target not found
Native extension for Android target not found
Refreshing native plugins compatible for Editor in 0.96 ms, found 3 plugins.
Preloading 0 native plugins for Editor in 0.00 ms.
Mono: successfully reloaded assembly
- Completed reload, in  0.960 seconds
Domain Reload Profiling:
	ReloadAssembly (960ms)
		BeginReloadAssembly (132ms)
			ExecutionOrderSort (0ms)
			DisableScriptedObjects (5ms)
			BackupInstance (0ms)
			ReleaseScriptingObjects (0ms)
			CreateAndSetChildDomain (30ms)
		EndReloadAssembly (733ms)
			LoadAssemblies (83ms)
			RebuildTransferFunctionScriptingTraits (0ms)
			SetupTypeCache (273ms)
			ReleaseScriptCaches (1ms)
			RebuildScriptCaches (37ms)
			SetupLoadedEditorAssemblies (291ms)
				LogAssemblyErrors (0ms)
				InitializePlatformSupportModulesInManaged (30ms)
				SetLoadedEditorAssemblies (0ms)
				RefreshPlugins (1ms)
				BeforeProcessingInitializeOnLoad (61ms)
				ProcessInitializeOnLoadAttributes (172ms)
				ProcessInitializeOnLoadMethodAttributes (19ms)
				AfterProcessingInitializeOnLoad (8ms)
				EditorAssembliesLoaded (0ms)
			ExecutionOrderSort2 (0ms)
			AwakeInstancesAfterBackupRestoration (8ms)
Platform modules already initialized, skipping
Refreshing native plugins compatible for Editor in 2.05 ms, found 3 plugins.
Preloading 0 native plugins for Editor in 0.00 ms.
Unloading 3259 Unused Serialized files (Serialized files now loaded: 0)
Unloading 17 unused Assets / (81.6 KB). Loaded Objects now: 3767.
Memory consumption went from 121.1 MB to 121.0 MB.
Total: 2.684600 ms (FindLiveObjects: 0.249300 ms CreateObjectMapping: 0.175000 ms MarkObjects: 2.181400 ms  DeleteObjects: 0.078100 ms)

AssetImportParameters requested are different than current active one (requested -> active):
  custom:video-decoder-ogg-theora: a1e56fd34408186e4bbccfd4996cb3dc -> 
  custom:container-muxer-webm: aa71ff27fc2769a1b78a27578f13a17b -> 
  custom:container-demuxer-webm: 4f35f7cbe854078d1ac9338744f61a02 -> 
  custom:video-encoder-webm-vp8: eb34c28f22e8b96e1ab97ce403110664 -> 
  custom:audio-encoder-webm-vorbis: bf7c407c2cedff20999df2af8eb42d56 -> 
  custom:framework-win-MediaFoundation: 216162199b28c13a410421893ffa2e32 -> 
  custom:container-demuxer-ogg: 62fdf1f143b41e24485cea50d1cbac27 -> 
  custom:video-decoder-webm-vp8: 9c59270c3fd7afecdb556c50c9e8de78 -> 
  custom:audio-decoder-ogg-vorbis: bf7c407c2cedff20999df2af8eb42d56 -> 
========================================================================
Received Import Request.
  Time since last request: 47.711455 seconds.
  path: Assets/Main/WebPages/Test.prefab
  artifactKey: Guid(b9a35675fdaa618419df23d8a3f4da88) Importer(815301076,1909f56bfc062723c751e8b465ee728b)
Start importing Assets/Main/WebPages/Test.prefab using Guid(b9a35675fdaa618419df23d8a3f4da88) Importer(815301076,1909f56bfc062723c751e8b465ee728b)  -> (artifact id: 'f1e531ee651b7d5fe52a78bdb86531a8') in 0.082347 seconds 
========================================================================
Received Import Request.
  Time since last request: 1.216142 seconds.
  path: Assets/Main/WebPages/Test.prefab
  artifactKey: Guid(b9a35675fdaa618419df23d8a3f4da88) Importer(815301076,1909f56bfc062723c751e8b465ee728b)
Start importing Assets/Main/WebPages/Test.prefab using Guid(b9a35675fdaa618419df23d8a3f4da88) Importer(815301076,1909f56bfc062723c751e8b465ee728b)  -> (artifact id: '2b2b41254f8ba87fafbb260feea25034') in 0.036791 seconds 
========================================================================
Received Import Request.
  Time since last request: 2.087896 seconds.
  path: Assets/Main/WebPages/Test.prefab
  artifactKey: Guid(b9a35675fdaa618419df23d8a3f4da88) Importer(815301076,1909f56bfc062723c751e8b465ee728b)
Start importing Assets/Main/WebPages/Test.prefab using Guid(b9a35675fdaa618419df23d8a3f4da88) Importer(815301076,1909f56bfc062723c751e8b465ee728b)  -> (artifact id: '8668855cacfdfee724f04ad8e4edbbf2') in 0.035186 seconds 
========================================================================
Received Prepare
Registering precompiled user dll's ...
Registered in 0.005461 seconds.
Begin MonoManager ReloadAssembly
Symbol file LoadedFromMemory doesn't match image C:\Users\Thibaud\Documents\Hack-Play\Hack&Play\Library\PackageCache\com.unity.visualscripting@1.8.0\Editor\VisualScripting.Core\Dependencies\YamlDotNet\Unity.VisualScripting.YamlDotNet.dll
Symbol file LoadedFromMemory doesn't match image C:\Users\Thibaud\Documents\Hack-Play\Hack&Play\Library\PackageCache\com.unity.visualscripting@1.8.0\Editor\VisualScripting.Core\Dependencies\DotNetZip\Unity.VisualScripting.IonicZip.dll
Native extension for WindowsStandalone target not found
Native extension for iOS target not found
Native extension for Android target not found
Refreshing native plugins compatible for Editor in 1.23 ms, found 3 plugins.
Preloading 0 native plugins for Editor in 0.00 ms.
Mono: successfully reloaded assembly
- Completed reload, in  1.297 seconds
Domain Reload Profiling:
	ReloadAssembly (1298ms)
		BeginReloadAssembly (164ms)
			ExecutionOrderSort (0ms)
			DisableScriptedObjects (7ms)
			BackupInstance (0ms)
			ReleaseScriptingObjects (0ms)
			CreateAndSetChildDomain (37ms)
		EndReloadAssembly (1012ms)
			LoadAssemblies (105ms)
			RebuildTransferFunctionScriptingTraits (0ms)
			SetupTypeCache (349ms)
			ReleaseScriptCaches (1ms)
			RebuildScriptCaches (55ms)
			SetupLoadedEditorAssemblies (418ms)
				LogAssemblyErrors (0ms)
				InitializePlatformSupportModulesInManaged (40ms)
				SetLoadedEditorAssemblies (1ms)
				RefreshPlugins (1ms)
				BeforeProcessingInitializeOnLoad (85ms)
				ProcessInitializeOnLoadAttributes (254ms)
				ProcessInitializeOnLoadMethodAttributes (26ms)
				AfterProcessingInitializeOnLoad (11ms)
				EditorAssembliesLoaded (0ms)
			ExecutionOrderSort2 (0ms)
			AwakeInstancesAfterBackupRestoration (10ms)
Platform modules already initialized, skipping
Refreshing native plugins compatible for Editor in 3.53 ms, found 3 plugins.
Preloading 0 native plugins for Editor in 0.00 ms.
Unloading 3259 Unused Serialized files (Serialized files now loaded: 0)
Unloading 17 unused Assets / (81.5 KB). Loaded Objects now: 3770.
Memory consumption went from 121.1 MB to 121.0 MB.
Total: 4.533000 ms (FindLiveObjects: 0.473400 ms CreateObjectMapping: 0.275200 ms MarkObjects: 3.582700 ms  DeleteObjects: 0.199900 ms)

AssetImportParameters requested are different than current active one (requested -> active):
  custom:video-decoder-ogg-theora: a1e56fd34408186e4bbccfd4996cb3dc -> 
  custom:container-muxer-webm: aa71ff27fc2769a1b78a27578f13a17b -> 
  custom:container-demuxer-webm: 4f35f7cbe854078d1ac9338744f61a02 -> 
  custom:video-encoder-webm-vp8: eb34c28f22e8b96e1ab97ce403110664 -> 
  custom:audio-encoder-webm-vorbis: bf7c407c2cedff20999df2af8eb42d56 -> 
  custom:framework-win-MediaFoundation: 216162199b28c13a410421893ffa2e32 -> 
  custom:container-demuxer-ogg: 62fdf1f143b41e24485cea50d1cbac27 -> 
  custom:video-decoder-webm-vp8: 9c59270c3fd7afecdb556c50c9e8de78 -> 
  custom:audio-decoder-ogg-vorbis: bf7c407c2cedff20999df2af8eb42d56 -> 
========================================================================
Received Import Request.
  Time since last request: 222.367519 seconds.
  path: Assets/Main/WebPages/Test.prefab
  artifactKey: Guid(b9a35675fdaa618419df23d8a3f4da88) Importer(815301076,1909f56bfc062723c751e8b465ee728b)
Start importing Assets/Main/WebPages/Test.prefab using Guid(b9a35675fdaa618419df23d8a3f4da88) Importer(815301076,1909f56bfc062723c751e8b465ee728b)  -> (artifact id: '90fc2dc4710e8b3d59eaa0a4f7f2d818') in 0.089433 seconds 
========================================================================
Received Import Request.
  Time since last request: 5.580040 seconds.
  path: Assets/Main/WebPages/Test.prefab
  artifactKey: Guid(b9a35675fdaa618419df23d8a3f4da88) Importer(815301076,1909f56bfc062723c751e8b465ee728b)
Start importing Assets/Main/WebPages/Test.prefab using Guid(b9a35675fdaa618419df23d8a3f4da88) Importer(815301076,1909f56bfc062723c751e8b465ee728b)  -> (artifact id: 'd3060fb42bca8942529e27b3b96a0e3c') in 0.038573 seconds 
========================================================================
Received Import Request.
  Time since last request: 6.270260 seconds.
  path: Assets/Main/WebPages/Test.prefab
  artifactKey: Guid(b9a35675fdaa618419df23d8a3f4da88) Importer(815301076,1909f56bfc062723c751e8b465ee728b)
Start importing Assets/Main/WebPages/Test.prefab using Guid(b9a35675fdaa618419df23d8a3f4da88) Importer(815301076,1909f56bfc062723c751e8b465ee728b)  -> (artifact id: '9cf21d6ea162de61f3c4d7d8ab998266') in 0.036270 seconds 
========================================================================
Received Import Request.
  Time since last request: 9.570776 seconds.
  path: Assets/Main/WebPages/Test.prefab
  artifactKey: Guid(b9a35675fdaa618419df23d8a3f4da88) Importer(815301076,1909f56bfc062723c751e8b465ee728b)
Start importing Assets/Main/WebPages/Test.prefab using Guid(b9a35675fdaa618419df23d8a3f4da88) Importer(815301076,1909f56bfc062723c751e8b465ee728b)  -> (artifact id: '048825002b221bd10681b9f96b93a4a1') in 0.038343 seconds 
========================================================================
Received Import Request.
  Time since last request: 6.667952 seconds.
  path: Assets/Main/WebPages/Test.prefab
  artifactKey: Guid(b9a35675fdaa618419df23d8a3f4da88) Importer(815301076,1909f56bfc062723c751e8b465ee728b)
Start importing Assets/Main/WebPages/Test.prefab using Guid(b9a35675fdaa618419df23d8a3f4da88) Importer(815301076,1909f56bfc062723c751e8b465ee728b)  -> (artifact id: '6ffa75678f39c67dae0c1058ac5532ff') in 0.036349 seconds 
========================================================================
Received Import Request.
  Time since last request: 3.364275 seconds.
  path: Assets/Main/WebPages/Test.prefab
  artifactKey: Guid(b9a35675fdaa618419df23d8a3f4da88) Importer(815301076,1909f56bfc062723c751e8b465ee728b)
Start importing Assets/Main/WebPages/Test.prefab using Guid(b9a35675fdaa618419df23d8a3f4da88) Importer(815301076,1909f56bfc062723c751e8b465ee728b)  -> (artifact id: 'a27f13bfc21ca77953df8783483b29b7') in 0.035623 seconds 
========================================================================
Received Import Request.
  Time since last request: 11.484419 seconds.
  path: Assets/Main/WebPages/Test.prefab
  artifactKey: Guid(b9a35675fdaa618419df23d8a3f4da88) Importer(815301076,1909f56bfc062723c751e8b465ee728b)
Start importing Assets/Main/WebPages/Test.prefab using Guid(b9a35675fdaa618419df23d8a3f4da88) Importer(815301076,1909f56bfc062723c751e8b465ee728b)  -> (artifact id: '0f500d5ebb1b4d3040e75b7fb4127549') in 0.041357 seconds 
========================================================================
Received Import Request.
  Time since last request: 22.572194 seconds.
  path: Assets/Main/WebPages/Test.prefab
  artifactKey: Guid(b9a35675fdaa618419df23d8a3f4da88) Importer(815301076,1909f56bfc062723c751e8b465ee728b)
Start importing Assets/Main/WebPages/Test.prefab using Guid(b9a35675fdaa618419df23d8a3f4da88) Importer(815301076,1909f56bfc062723c751e8b465ee728b)  -> (artifact id: '9b82eac416b7db30e895b012a2facfd3') in 0.036231 seconds 
========================================================================
Received Prepare
Registering precompiled user dll's ...
Registered in 0.005179 seconds.
Begin MonoManager ReloadAssembly
Symbol file LoadedFromMemory doesn't match image C:\Users\Thibaud\Documents\Hack-Play\Hack&Play\Library\PackageCache\com.unity.visualscripting@1.8.0\Editor\VisualScripting.Core\Dependencies\YamlDotNet\Unity.VisualScripting.YamlDotNet.dll
Symbol file LoadedFromMemory doesn't match image C:\Users\Thibaud\Documents\Hack-Play\Hack&Play\Library\PackageCache\com.unity.visualscripting@1.8.0\Editor\VisualScripting.Core\Dependencies\DotNetZip\Unity.VisualScripting.IonicZip.dll
Native extension for WindowsStandalone target not found
Native extension for iOS target not found
Native extension for Android target not found
Refreshing native plugins compatible for Editor in 1.71 ms, found 3 plugins.
Preloading 0 native plugins for Editor in 0.00 ms.
Mono: successfully reloaded assembly
- Completed reload, in  1.283 seconds
Domain Reload Profiling:
	ReloadAssembly (1284ms)
		BeginReloadAssembly (166ms)
			ExecutionOrderSort (0ms)
			DisableScriptedObjects (7ms)
			BackupInstance (0ms)
			ReleaseScriptingObjects (0ms)
			CreateAndSetChildDomain (40ms)
		EndReloadAssembly (985ms)
			LoadAssemblies (106ms)
			RebuildTransferFunctionScriptingTraits (0ms)
			SetupTypeCache (351ms)
			ReleaseScriptCaches (1ms)
			RebuildScriptCaches (53ms)
			SetupLoadedEditorAssemblies (397ms)
				LogAssemblyErrors (0ms)
				InitializePlatformSupportModulesInManaged (51ms)
				SetLoadedEditorAssemblies (1ms)
				RefreshPlugins (2ms)
				BeforeProcessingInitializeOnLoad (85ms)
				ProcessInitializeOnLoadAttributes (223ms)
				ProcessInitializeOnLoadMethodAttributes (24ms)
				AfterProcessingInitializeOnLoad (11ms)
				EditorAssembliesLoaded (0ms)
			ExecutionOrderSort2 (0ms)
			AwakeInstancesAfterBackupRestoration (10ms)
Platform modules already initialized, skipping
Refreshing native plugins compatible for Editor in 2.88 ms, found 3 plugins.
Preloading 0 native plugins for Editor in 0.00 ms.
Unloading 3259 Unused Serialized files (Serialized files now loaded: 0)
Unloading 17 unused Assets / (81.5 KB). Loaded Objects now: 3773.
Memory consumption went from 121.1 MB to 121.0 MB.
Total: 3.333500 ms (FindLiveObjects: 0.290200 ms CreateObjectMapping: 0.187200 ms MarkObjects: 2.745200 ms  DeleteObjects: 0.109800 ms)

AssetImportParameters requested are different than current active one (requested -> active):
  custom:video-decoder-ogg-theora: a1e56fd34408186e4bbccfd4996cb3dc -> 
  custom:container-muxer-webm: aa71ff27fc2769a1b78a27578f13a17b -> 
  custom:container-demuxer-webm: 4f35f7cbe854078d1ac9338744f61a02 -> 
  custom:video-encoder-webm-vp8: eb34c28f22e8b96e1ab97ce403110664 -> 
  custom:audio-encoder-webm-vorbis: bf7c407c2cedff20999df2af8eb42d56 -> 
  custom:framework-win-MediaFoundation: 216162199b28c13a410421893ffa2e32 -> 
  custom:container-demuxer-ogg: 62fdf1f143b41e24485cea50d1cbac27 -> 
  custom:video-decoder-webm-vp8: 9c59270c3fd7afecdb556c50c9e8de78 -> 
  custom:audio-decoder-ogg-vorbis: bf7c407c2cedff20999df2af8eb42d56 -> 
========================================================================
Received Import Request.
  Time since last request: 222.794865 seconds.
  path: Assets/Main/WebPages/Test.prefab
  artifactKey: Guid(b9a35675fdaa618419df23d8a3f4da88) Importer(815301076,1909f56bfc062723c751e8b465ee728b)
Start importing Assets/Main/WebPages/Test.prefab using Guid(b9a35675fdaa618419df23d8a3f4da88) Importer(815301076,1909f56bfc062723c751e8b465ee728b)  -> (artifact id: '13776bbb9a0ecd64788b7868aef08509') in 0.087349 seconds 
========================================================================
Received Import Request.
  Time since last request: 30.789338 seconds.
  path: Assets/Main/WebPages/Test.prefab
  artifactKey: Guid(b9a35675fdaa618419df23d8a3f4da88) Importer(815301076,1909f56bfc062723c751e8b465ee728b)
Start importing Assets/Main/WebPages/Test.prefab using Guid(b9a35675fdaa618419df23d8a3f4da88) Importer(815301076,1909f56bfc062723c751e8b465ee728b)  -> (artifact id: '332c8e99b38bf68510113324f58952ed') in 0.043332 seconds 
========================================================================
Received Import Request.
  Time since last request: 32.684770 seconds.
  path: Assets/Main/WebPages/Test.prefab
  artifactKey: Guid(b9a35675fdaa618419df23d8a3f4da88) Importer(815301076,1909f56bfc062723c751e8b465ee728b)
Start importing Assets/Main/WebPages/Test.prefab using Guid(b9a35675fdaa618419df23d8a3f4da88) Importer(815301076,1909f56bfc062723c751e8b465ee728b)  -> (artifact id: 'f6dbd672af8e96c1cfcc264f342e4953') in 0.036877 seconds 
========================================================================
Received Import Request.
  Time since last request: 84.536140 seconds.
  path: Assets/Main/WebPages/Test.prefab
  artifactKey: Guid(b9a35675fdaa618419df23d8a3f4da88) Importer(815301076,1909f56bfc062723c751e8b465ee728b)
Start importing Assets/Main/WebPages/Test.prefab using Guid(b9a35675fdaa618419df23d8a3f4da88) Importer(815301076,1909f56bfc062723c751e8b465ee728b)  -> (artifact id: '739eff8ff163f63ccb1ba7dce6dc90a8') in 0.034786 seconds 
========================================================================
Received Prepare
Registering precompiled user dll's ...
Registered in 0.004128 seconds.
Begin MonoManager ReloadAssembly
Symbol file LoadedFromMemory doesn't match image C:\Users\Thibaud\Documents\Hack-Play\Hack&Play\Library\PackageCache\com.unity.visualscripting@1.8.0\Editor\VisualScripting.Core\Dependencies\YamlDotNet\Unity.VisualScripting.YamlDotNet.dll
Symbol file LoadedFromMemory doesn't match image C:\Users\Thibaud\Documents\Hack-Play\Hack&Play\Library\PackageCache\com.unity.visualscripting@1.8.0\Editor\VisualScripting.Core\Dependencies\DotNetZip\Unity.VisualScripting.IonicZip.dll
Native extension for WindowsStandalone target not found
Native extension for iOS target not found
Native extension for Android target not found
Refreshing native plugins compatible for Editor in 0.90 ms, found 3 plugins.
Preloading 0 native plugins for Editor in 0.00 ms.
Mono: successfully reloaded assembly
- Completed reload, in  0.979 seconds
Domain Reload Profiling:
	ReloadAssembly (980ms)
		BeginReloadAssembly (125ms)
			ExecutionOrderSort (0ms)
			DisableScriptedObjects (5ms)
			BackupInstance (0ms)
			ReleaseScriptingObjects (0ms)
			CreateAndSetChildDomain (30ms)
		EndReloadAssembly (760ms)
			LoadAssemblies (79ms)
			RebuildTransferFunctionScriptingTraits (0ms)
			SetupTypeCache (275ms)
			ReleaseScriptCaches (1ms)
			RebuildScriptCaches (36ms)
			SetupLoadedEditorAssemblies (300ms)
				LogAssemblyErrors (0ms)
				InitializePlatformSupportModulesInManaged (42ms)
				SetLoadedEditorAssemblies (0ms)
				RefreshPlugins (1ms)
				BeforeProcessingInitializeOnLoad (64ms)
				ProcessInitializeOnLoadAttributes (166ms)
				ProcessInitializeOnLoadMethodAttributes (19ms)
				AfterProcessingInitializeOnLoad (8ms)
				EditorAssembliesLoaded (0ms)
			ExecutionOrderSort2 (0ms)
			AwakeInstancesAfterBackupRestoration (7ms)
Platform modules already initialized, skipping
Refreshing native plugins compatible for Editor in 2.26 ms, found 3 plugins.
Preloading 0 native plugins for Editor in 0.00 ms.
Unloading 3259 Unused Serialized files (Serialized files now loaded: 0)
Unloading 17 unused Assets / (81.7 KB). Loaded Objects now: 3776.
Memory consumption went from 121.1 MB to 121.0 MB.
Total: 3.655300 ms (FindLiveObjects: 0.463600 ms CreateObjectMapping: 0.359000 ms MarkObjects: 2.459800 ms  DeleteObjects: 0.372100 ms)

AssetImportParameters requested are different than current active one (requested -> active):
  custom:video-decoder-ogg-theora: a1e56fd34408186e4bbccfd4996cb3dc -> 
  custom:container-muxer-webm: aa71ff27fc2769a1b78a27578f13a17b -> 
  custom:container-demuxer-webm: 4f35f7cbe854078d1ac9338744f61a02 -> 
  custom:video-encoder-webm-vp8: eb34c28f22e8b96e1ab97ce403110664 -> 
  custom:audio-encoder-webm-vorbis: bf7c407c2cedff20999df2af8eb42d56 -> 
  custom:framework-win-MediaFoundation: 216162199b28c13a410421893ffa2e32 -> 
  custom:container-demuxer-ogg: 62fdf1f143b41e24485cea50d1cbac27 -> 
  custom:video-decoder-webm-vp8: 9c59270c3fd7afecdb556c50c9e8de78 -> 
  custom:audio-decoder-ogg-vorbis: bf7c407c2cedff20999df2af8eb42d56 -> 
========================================================================
Received Import Request.
  Time since last request: 46.233724 seconds.
  path: Assets/Main/WebPages/Test.prefab
  artifactKey: Guid(b9a35675fdaa618419df23d8a3f4da88) Importer(815301076,1909f56bfc062723c751e8b465ee728b)
Start importing Assets/Main/WebPages/Test.prefab using Guid(b9a35675fdaa618419df23d8a3f4da88) Importer(815301076,1909f56bfc062723c751e8b465ee728b)  -> (artifact id: '5a614985631a3a65db7f19a0699b796d') in 0.083372 seconds 
========================================================================
Received Import Request.
  Time since last request: 1.632594 seconds.
  path: Assets/Main/WebPages/Test.prefab
  artifactKey: Guid(b9a35675fdaa618419df23d8a3f4da88) Importer(815301076,1909f56bfc062723c751e8b465ee728b)
Start importing Assets/Main/WebPages/Test.prefab using Guid(b9a35675fdaa618419df23d8a3f4da88) Importer(815301076,1909f56bfc062723c751e8b465ee728b)  -> (artifact id: '2d6996d37d4c7f762d5a7a8e5baa12cf') in 0.031360 seconds 
========================================================================
Received Prepare
Registering precompiled user dll's ...
Registered in 0.004321 seconds.
Begin MonoManager ReloadAssembly
Symbol file LoadedFromMemory doesn't match image C:\Users\Thibaud\Documents\Hack-Play\Hack&Play\Library\PackageCache\com.unity.visualscripting@1.8.0\Editor\VisualScripting.Core\Dependencies\YamlDotNet\Unity.VisualScripting.YamlDotNet.dll
Symbol file LoadedFromMemory doesn't match image C:\Users\Thibaud\Documents\Hack-Play\Hack&Play\Library\PackageCache\com.unity.visualscripting@1.8.0\Editor\VisualScripting.Core\Dependencies\DotNetZip\Unity.VisualScripting.IonicZip.dll
Native extension for WindowsStandalone target not found
Native extension for iOS target not found
Native extension for Android target not found
Refreshing native plugins compatible for Editor in 0.93 ms, found 3 plugins.
Preloading 0 native plugins for Editor in 0.00 ms.
Mono: successfully reloaded assembly
- Completed reload, in  0.930 seconds
Domain Reload Profiling:
	ReloadAssembly (931ms)
		BeginReloadAssembly (126ms)
			ExecutionOrderSort (0ms)
			DisableScriptedObjects (5ms)
			BackupInstance (0ms)
			ReleaseScriptingObjects (0ms)
			CreateAndSetChildDomain (31ms)
		EndReloadAssembly (710ms)
			LoadAssemblies (78ms)
			RebuildTransferFunctionScriptingTraits (0ms)
			SetupTypeCache (244ms)
			ReleaseScriptCaches (1ms)
			RebuildScriptCaches (39ms)
			SetupLoadedEditorAssemblies (286ms)
				LogAssemblyErrors (0ms)
				InitializePlatformSupportModulesInManaged (30ms)
				SetLoadedEditorAssemblies (0ms)
				RefreshPlugins (1ms)
				BeforeProcessingInitializeOnLoad (62ms)
				ProcessInitializeOnLoadAttributes (166ms)
				ProcessInitializeOnLoadMethodAttributes (18ms)
				AfterProcessingInitializeOnLoad (9ms)
				EditorAssembliesLoaded (0ms)
			ExecutionOrderSort2 (0ms)
			AwakeInstancesAfterBackupRestoration (8ms)
Platform modules already initialized, skipping
Refreshing native plugins compatible for Editor in 2.01 ms, found 3 plugins.
Preloading 0 native plugins for Editor in 0.00 ms.
Unloading 3259 Unused Serialized files (Serialized files now loaded: 0)
Unloading 17 unused Assets / (81.5 KB). Loaded Objects now: 3779.
Memory consumption went from 121.1 MB to 121.1 MB.
Total: 2.627500 ms (FindLiveObjects: 0.251200 ms CreateObjectMapping: 0.161600 ms MarkObjects: 2.101800 ms  DeleteObjects: 0.111700 ms)

AssetImportParameters requested are different than current active one (requested -> active):
  custom:video-decoder-ogg-theora: a1e56fd34408186e4bbccfd4996cb3dc -> 
  custom:container-muxer-webm: aa71ff27fc2769a1b78a27578f13a17b -> 
  custom:container-demuxer-webm: 4f35f7cbe854078d1ac9338744f61a02 -> 
  custom:video-encoder-webm-vp8: eb34c28f22e8b96e1ab97ce403110664 -> 
  custom:audio-encoder-webm-vorbis: bf7c407c2cedff20999df2af8eb42d56 -> 
  custom:framework-win-MediaFoundation: 216162199b28c13a410421893ffa2e32 -> 
  custom:container-demuxer-ogg: 62fdf1f143b41e24485cea50d1cbac27 -> 
  custom:video-decoder-webm-vp8: 9c59270c3fd7afecdb556c50c9e8de78 -> 
  custom:audio-decoder-ogg-vorbis: bf7c407c2cedff20999df2af8eb42d56 -> 
========================================================================
Received Import Request.
  Time since last request: 112.461977 seconds.
  path: Assets/Main/WebPages/Test.prefab
  artifactKey: Guid(b9a35675fdaa618419df23d8a3f4da88) Importer(815301076,1909f56bfc062723c751e8b465ee728b)
Start importing Assets/Main/WebPages/Test.prefab using Guid(b9a35675fdaa618419df23d8a3f4da88) Importer(815301076,1909f56bfc062723c751e8b465ee728b)  -> (artifact id: 'cc98bc8af6b6f5532dfa607758454280') in 0.071130 seconds 
========================================================================
Received Import Request.
  Time since last request: 10.860396 seconds.
  path: Assets/Main/WebPages/Me.prefab
  artifactKey: Guid(b9a35675fdaa618419df23d8a3f4da88) Importer(815301076,1909f56bfc062723c751e8b465ee728b)
Start importing Assets/Main/WebPages/Me.prefab using Guid(b9a35675fdaa618419df23d8a3f4da88) Importer(815301076,1909f56bfc062723c751e8b465ee728b)  -> (artifact id: 'c50026906bf4b4febd5e1d09b7bc9169') in 0.034524 seconds 
========================================================================
Received Import Request.
  Time since last request: 8.830376 seconds.
  path: Assets/DreamOS - Complete OS UI/Resources/Web Browser/Web Library.asset
  artifactKey: Guid(89b13ac4f4979ad41a712978909463d0) Importer(815301076,1909f56bfc062723c751e8b465ee728b)
Start importing Assets/DreamOS - Complete OS UI/Resources/Web Browser/Web Library.asset using Guid(89b13ac4f4979ad41a712978909463d0) Importer(815301076,1909f56bfc062723c751e8b465ee728b)  -> (artifact id: '20e0144de1fe6ca583304b2c3ac4bc7b') in 0.137390 seconds 
========================================================================
Received Import Request.
  Time since last request: 58.490111 seconds.
  path: Assets/Main/WebPages/Me.prefab
  artifactKey: Guid(b9a35675fdaa618419df23d8a3f4da88) Importer(815301076,1909f56bfc062723c751e8b465ee728b)
Start importing Assets/Main/WebPages/Me.prefab using Guid(b9a35675fdaa618419df23d8a3f4da88) Importer(815301076,1909f56bfc062723c751e8b465ee728b)  -> (artifact id: 'bcb4c3770e50159332cc8a73f339c88e') in 0.031623 seconds 
========================================================================
Received Import Request.
  Time since last request: 18.089354 seconds.
  path: Assets/Main/WebPages/Me.prefab
  artifactKey: Guid(b9a35675fdaa618419df23d8a3f4da88) Importer(815301076,1909f56bfc062723c751e8b465ee728b)
Start importing Assets/Main/WebPages/Me.prefab using Guid(b9a35675fdaa618419df23d8a3f4da88) Importer(815301076,1909f56bfc062723c751e8b465ee728b)  -> (artifact id: 'b0cb7b82d4f0b3c2314c13e84a3fceab') in 0.031480 seconds 
========================================================================
Received Import Request.
  Time since last request: 5.580314 seconds.
  path: Assets/Main/WebPages/Me.prefab
  artifactKey: Guid(b9a35675fdaa618419df23d8a3f4da88) Importer(815301076,1909f56bfc062723c751e8b465ee728b)
Start importing Assets/Main/WebPages/Me.prefab using Guid(b9a35675fdaa618419df23d8a3f4da88) Importer(815301076,1909f56bfc062723c751e8b465ee728b)  -> (artifact id: '1dbb660f1716013665f0f4a47dcb4f18') in 0.032092 seconds 
========================================================================
Received Import Request.
  Time since last request: 54.781455 seconds.
  path: Assets/Main/WebPages/Me
  artifactKey: Guid(0f65f936671fbf4458255a35bfde687b) Importer(815301076,1909f56bfc062723c751e8b465ee728b)
Start importing Assets/Main/WebPages/Me using Guid(0f65f936671fbf4458255a35bfde687b) Importer(815301076,1909f56bfc062723c751e8b465ee728b)  -> (artifact id: 'bfbccd697cdd7ac573b556f49544f4f6') in 0.002282 seconds 
========================================================================
Received Import Request.
  Time since last request: 12.767751 seconds.
  path: Assets/Main/WebPages/Me/Me_home.prefab
  artifactKey: Guid(b9a35675fdaa618419df23d8a3f4da88) Importer(815301076,1909f56bfc062723c751e8b465ee728b)
Start importing Assets/Main/WebPages/Me/Me_home.prefab using Guid(b9a35675fdaa618419df23d8a3f4da88) Importer(815301076,1909f56bfc062723c751e8b465ee728b)  -> (artifact id: '6c1254baae220eb952547dbb0888b052') in 0.035418 seconds 
========================================================================
Received Import Request.
  Time since last request: 2.960407 seconds.
  path: Assets/Main/WebPages/Me/Me_home 1.prefab
  artifactKey: Guid(2b92e66340f299b43b7f20bd610bb70f) Importer(815301076,1909f56bfc062723c751e8b465ee728b)
Start importing Assets/Main/WebPages/Me/Me_home 1.prefab using Guid(2b92e66340f299b43b7f20bd610bb70f) Importer(815301076,1909f56bfc062723c751e8b465ee728b)  -> (artifact id: 'eb2433dae3930866aea2954362ccba1d') in 0.032975 seconds 
========================================================================
Received Import Request.
  Time since last request: 13.049739 seconds.
  path: Assets/Main/WebPages/Me/Me_Connection.prefab
  artifactKey: Guid(2b92e66340f299b43b7f20bd610bb70f) Importer(815301076,1909f56bfc062723c751e8b465ee728b)
Start importing Assets/Main/WebPages/Me/Me_Connection.prefab using Guid(2b92e66340f299b43b7f20bd610bb70f) Importer(815301076,1909f56bfc062723c751e8b465ee728b)  -> (artifact id: '5eb47f227b29c98542be088c5618fd47') in 0.037130 seconds 
========================================================================
Received Import Request.
  Time since last request: 3.519450 seconds.
  path: Assets/Main/WebPages/Me/Me_Connection 1.prefab
  artifactKey: Guid(885e8b5dd2b240c4ebe217322711dd7f) Importer(815301076,1909f56bfc062723c751e8b465ee728b)
Start importing Assets/Main/WebPages/Me/Me_Connection 1.prefab using Guid(885e8b5dd2b240c4ebe217322711dd7f) Importer(815301076,1909f56bfc062723c751e8b465ee728b)  -> (artifact id: '7ec105d2b87cfa9ad5f7a21bd203b897') in 0.034770 seconds 
========================================================================
Received Import Request.
  Time since last request: 12.138632 seconds.
  path: Assets/Main/WebPages/Me/Me_Inscription.prefab
  artifactKey: Guid(885e8b5dd2b240c4ebe217322711dd7f) Importer(815301076,1909f56bfc062723c751e8b465ee728b)
Start importing Assets/Main/WebPages/Me/Me_Inscription.prefab using Guid(885e8b5dd2b240c4ebe217322711dd7f) Importer(815301076,1909f56bfc062723c751e8b465ee728b)  -> (artifact id: 'ec812d32147614bdb38b4b86e38a0a70') in 0.035969 seconds 
========================================================================
Received Import Request.
  Time since last request: 3.129530 seconds.
  path: Assets/Main/WebPages/Me/Me_Connection 1.prefab
  artifactKey: Guid(40fb59c16a613684aa5c270ba0fa3869) Importer(815301076,1909f56bfc062723c751e8b465ee728b)
Start importing Assets/Main/WebPages/Me/Me_Connection 1.prefab using Guid(40fb59c16a613684aa5c270ba0fa3869) Importer(815301076,1909f56bfc062723c751e8b465ee728b)  -> (artifact id: '1a20e797faf639c1481d260ad7a2b0de') in 0.031341 seconds 
========================================================================
Received Import Request.
  Time since last request: 16.909913 seconds.
  path: Assets/Main/WebPages/Me/Me_Profile.prefab
  artifactKey: Guid(40fb59c16a613684aa5c270ba0fa3869) Importer(815301076,1909f56bfc062723c751e8b465ee728b)
Start importing Assets/Main/WebPages/Me/Me_Profile.prefab using Guid(40fb59c16a613684aa5c270ba0fa3869) Importer(815301076,1909f56bfc062723c751e8b465ee728b)  -> (artifact id: '267a0e603bb9d7d34b2ae29550889f8f') in 0.035332 seconds 
========================================================================
Received Import Request.
  Time since last request: 12.387914 seconds.
  path: Assets/DreamOS - Complete OS UI/Resources/Web Browser/Web Library.asset
  artifactKey: Guid(89b13ac4f4979ad41a712978909463d0) Importer(815301076,1909f56bfc062723c751e8b465ee728b)
Start importing Assets/DreamOS - Complete OS UI/Resources/Web Browser/Web Library.asset using Guid(89b13ac4f4979ad41a712978909463d0) Importer(815301076,1909f56bfc062723c751e8b465ee728b)  -> (artifact id: '91b61d0fadf75060162dc59ab9afab9a') in 0.133701 seconds 
