Using pre-set license
Built from '2021.3/staging' branch; Version is '2021.3.19f1 (c9714fde33b6) revision 13201743'; Using compiler version '192829333'; Build Type 'Release'
OS: 'Windows 10  (10.0.19044) 64bit Professional' Language: 'fr' Physical Memory: 16250 MB
BatchMode: 1, IsHumanControllingUs: 0, StartBugReporterOnCrash: 0, Is64bit: 1, IsPro: 1

COMMAND LINE ARGUMENTS:
C:\Program Files\Unity\Hub\Editor\2021.3.19f1\Editor\Unity.exe
-adb2
-batchMode
-noUpm
-name
AssetImportWorker3
-projectPath
C:/Users/Thibaud/Documents/Hack-Play/Hack&Play
-logFile
Logs/AssetImportWorker3.log
-srvPort
53576
Successfully changed project path to: C:/Users/Thibaud/Documents/Hack-Play/Hack&Play
C:/Users/Thibaud/Documents/Hack-Play/Hack&Play
[UnityMemory] Configuration Parameters - Can be set up in boot.config
    "memorysetup-bucket-allocator-granularity=16"
    "memorysetup-bucket-allocator-bucket-count=8"
    "memorysetup-bucket-allocator-block-size=33554432"
    "memorysetup-bucket-allocator-block-count=8"
    "memorysetup-main-allocator-block-size=16777216"
    "memorysetup-thread-allocator-block-size=16777216"
    "memorysetup-gfx-main-allocator-block-size=16777216"
    "memorysetup-gfx-thread-allocator-block-size=16777216"
    "memorysetup-cache-allocator-block-size=4194304"
    "memorysetup-typetree-allocator-block-size=2097152"
    "memorysetup-profiler-bucket-allocator-granularity=16"
    "memorysetup-profiler-bucket-allocator-bucket-count=8"
    "memorysetup-profiler-bucket-allocator-block-size=33554432"
    "memorysetup-profiler-bucket-allocator-block-count=8"
    "memorysetup-profiler-allocator-block-size=16777216"
    "memorysetup-profiler-editor-allocator-block-size=1048576"
    "memorysetup-temp-allocator-size-main=16777216"
    "memorysetup-job-temp-allocator-block-size=2097152"
    "memorysetup-job-temp-allocator-block-size-background=1048576"
    "memorysetup-job-temp-allocator-reduction-small-platforms=262144"
    "memorysetup-temp-allocator-size-background-worker=32768"
    "memorysetup-temp-allocator-size-job-worker=262144"
    "memorysetup-temp-allocator-size-preload-manager=33554432"
    "memorysetup-temp-allocator-size-nav-mesh-worker=65536"
    "memorysetup-temp-allocator-size-audio-worker=65536"
    "memorysetup-temp-allocator-size-cloud-worker=32768"
    "memorysetup-temp-allocator-size-gi-baking-worker=262144"
    "memorysetup-temp-allocator-size-gfx=262144"
Player connection [25348] Host "[IP] 192.168.0.12 [Port] 0 [Flags] 2 [Guid] 3559779013 [EditorId] 3559779013 [Version] 1048832 [Id] WindowsEditor(7,DESKTOP-MGUKO82) [Debug] 1 [PackageName] WindowsEditor [ProjectName] Editor" joined multi-casting on [225.0.0.222:54997]...

Player connection [25348] Host "[IP] 192.168.0.12 [Port] 0 [Flags] 2 [Guid] 3559779013 [EditorId] 3559779013 [Version] 1048832 [Id] WindowsEditor(7,DESKTOP-MGUKO82) [Debug] 1 [PackageName] WindowsEditor [ProjectName] Editor" joined alternative multi-casting on [225.0.0.222:34997]...

Refreshing native plugins compatible for Editor in 92.51 ms, found 3 plugins.
Preloading 0 native plugins for Editor in 0.00 ms.
Initialize engine version: 2021.3.19f1 (c9714fde33b6)
[Subsystems] Discovering subsystems at path C:/Program Files/Unity/Hub/Editor/2021.3.19f1/Editor/Data/Resources/UnitySubsystems
[Subsystems] Discovering subsystems at path C:/Users/Thibaud/Documents/Hack-Play/Hack&Play/Assets
GfxDevice: creating device client; threaded=0; jobified=0
Direct3D:
    Version:  Direct3D 11.0 [level 11.1]
    Renderer: NVIDIA GeForce RTX 2060 (ID=0x1f15)
    Vendor:   NVIDIA
    VRAM:     5980 MB
    Driver:   31.0.15.1700
Initialize mono
Mono path[0] = 'C:/Program Files/Unity/Hub/Editor/2021.3.19f1/Editor/Data/Managed'
Mono path[1] = 'C:/Program Files/Unity/Hub/Editor/2021.3.19f1/Editor/Data/MonoBleedingEdge/lib/mono/unityjit-win32'
Mono config path = 'C:/Program Files/Unity/Hub/Editor/2021.3.19f1/Editor/Data/MonoBleedingEdge/etc'
Using monoOptions --debugger-agent=transport=dt_socket,embedding=1,server=y,suspend=n,address=127.0.0.1:56732
Begin MonoManager ReloadAssembly
Registering precompiled unity dll's ...
Register platform support module: C:/Program Files/Unity/Hub/Editor/2021.3.19f1/Editor/Data/PlaybackEngines/AndroidPlayer/UnityEditor.Android.Extensions.dll
Register platform support module: C:/Program Files/Unity/Hub/Editor/2021.3.19f1/Editor/Data/PlaybackEngines/iOSSupport/UnityEditor.iOS.Extensions.dll
Register platform support module: C:/Program Files/Unity/Hub/Editor/2021.3.19f1/Editor/Data/PlaybackEngines/WindowsStandaloneSupport/UnityEditor.WindowsStandalone.Extensions.dll
Registered in 0.007971 seconds.
Native extension for WindowsStandalone target not found
[usbmuxd] Start listen thread
[usbmuxd] Listen thread started
Native extension for iOS target not found
Native extension for Android target not found
Android Extension - Scanning For ADB Devices 215 ms
Refreshing native plugins compatible for Editor in 102.43 ms, found 3 plugins.
Preloading 0 native plugins for Editor in 0.00 ms.
Mono: successfully reloaded assembly
- Completed reload, in  0.883 seconds
Domain Reload Profiling:
	ReloadAssembly (883ms)
		BeginReloadAssembly (64ms)
			ExecutionOrderSort (0ms)
			DisableScriptedObjects (0ms)
			BackupInstance (0ms)
			ReleaseScriptingObjects (0ms)
			CreateAndSetChildDomain (1ms)
		EndReloadAssembly (714ms)
			LoadAssemblies (63ms)
			RebuildTransferFunctionScriptingTraits (0ms)
			SetupTypeCache (109ms)
			ReleaseScriptCaches (0ms)
			RebuildScriptCaches (29ms)
			SetupLoadedEditorAssemblies (528ms)
				LogAssemblyErrors (0ms)
				InitializePlatformSupportModulesInManaged (302ms)
				SetLoadedEditorAssemblies (0ms)
				RefreshPlugins (102ms)
				BeforeProcessingInitializeOnLoad (1ms)
				ProcessInitializeOnLoadAttributes (82ms)
				ProcessInitializeOnLoadMethodAttributes (41ms)
				AfterProcessingInitializeOnLoad (0ms)
				EditorAssembliesLoaded (0ms)
			ExecutionOrderSort2 (0ms)
			AwakeInstancesAfterBackupRestoration (0ms)
Platform modules already initialized, skipping
Registering precompiled user dll's ...
Registered in 0.004383 seconds.
Begin MonoManager ReloadAssembly
Symbol file LoadedFromMemory doesn't match image C:\Users\Thibaud\Documents\Hack-Play\Hack&Play\Library\PackageCache\com.unity.visualscripting@1.8.0\Editor\VisualScripting.Core\Dependencies\YamlDotNet\Unity.VisualScripting.YamlDotNet.dll
Symbol file LoadedFromMemory doesn't match image C:\Users\Thibaud\Documents\Hack-Play\Hack&Play\Library\PackageCache\com.unity.visualscripting@1.8.0\Editor\VisualScripting.Core\Dependencies\DotNetZip\Unity.VisualScripting.IonicZip.dll
Native extension for WindowsStandalone target not found
Native extension for iOS target not found
Native extension for Android target not found
Refreshing native plugins compatible for Editor in 0.85 ms, found 3 plugins.
Preloading 0 native plugins for Editor in 0.00 ms.
Mono: successfully reloaded assembly
- Completed reload, in  1.067 seconds
Domain Reload Profiling:
	ReloadAssembly (1068ms)
		BeginReloadAssembly (96ms)
			ExecutionOrderSort (0ms)
			DisableScriptedObjects (6ms)
			BackupInstance (0ms)
			ReleaseScriptingObjects (0ms)
			CreateAndSetChildDomain (17ms)
		EndReloadAssembly (863ms)
			LoadAssemblies (67ms)
			RebuildTransferFunctionScriptingTraits (0ms)
			SetupTypeCache (278ms)
			ReleaseScriptCaches (1ms)
			RebuildScriptCaches (56ms)
			SetupLoadedEditorAssemblies (375ms)
				LogAssemblyErrors (0ms)
				InitializePlatformSupportModulesInManaged (32ms)
				SetLoadedEditorAssemblies (0ms)
				RefreshPlugins (1ms)
				BeforeProcessingInitializeOnLoad (88ms)
				ProcessInitializeOnLoadAttributes (226ms)
				ProcessInitializeOnLoadMethodAttributes (21ms)
				AfterProcessingInitializeOnLoad (7ms)
				EditorAssembliesLoaded (0ms)
			ExecutionOrderSort2 (0ms)
			AwakeInstancesAfterBackupRestoration (8ms)
Platform modules already initialized, skipping
========================================================================
Worker process is ready to serve import requests
Launched and connected shader compiler UnityShaderCompiler.exe after 0.03 seconds
Refreshing native plugins compatible for Editor in 0.75 ms, found 3 plugins.
Preloading 0 native plugins for Editor in 0.00 ms.
Unloading 3049 Unused Serialized files (Serialized files now loaded: 0)
Unloading 24 unused Assets / (114.1 KB). Loaded Objects now: 3516.
Memory consumption went from 111.7 MB to 111.6 MB.
Total: 2.680000 ms (FindLiveObjects: 0.220000 ms CreateObjectMapping: 0.169300 ms MarkObjects: 2.201900 ms  DeleteObjects: 0.087800 ms)

AssetImportParameters requested are different than current active one (requested -> active):
  custom:video-decoder-ogg-theora: a1e56fd34408186e4bbccfd4996cb3dc -> 
  custom:container-muxer-webm: aa71ff27fc2769a1b78a27578f13a17b -> 
  custom:container-demuxer-webm: 4f35f7cbe854078d1ac9338744f61a02 -> 
  custom:video-encoder-webm-vp8: eb34c28f22e8b96e1ab97ce403110664 -> 
  custom:audio-encoder-webm-vorbis: bf7c407c2cedff20999df2af8eb42d56 -> 
  custom:framework-win-MediaFoundation: 216162199b28c13a410421893ffa2e32 -> 
  custom:container-demuxer-ogg: 62fdf1f143b41e24485cea50d1cbac27 -> 
  custom:video-decoder-webm-vp8: 9c59270c3fd7afecdb556c50c9e8de78 -> 
  custom:audio-decoder-ogg-vorbis: bf7c407c2cedff20999df2af8eb42d56 -> 
========================================================================
Received Prepare
Registering precompiled user dll's ...
Registered in 0.005282 seconds.
Begin MonoManager ReloadAssembly
Symbol file LoadedFromMemory doesn't match image C:\Users\Thibaud\Documents\Hack-Play\Hack&Play\Library\PackageCache\com.unity.visualscripting@1.8.0\Editor\VisualScripting.Core\Dependencies\YamlDotNet\Unity.VisualScripting.YamlDotNet.dll
Symbol file LoadedFromMemory doesn't match image C:\Users\Thibaud\Documents\Hack-Play\Hack&Play\Library\PackageCache\com.unity.visualscripting@1.8.0\Editor\VisualScripting.Core\Dependencies\DotNetZip\Unity.VisualScripting.IonicZip.dll
Native extension for WindowsStandalone target not found
Native extension for iOS target not found
Native extension for Android target not found
Refreshing native plugins compatible for Editor in 0.93 ms, found 3 plugins.
Preloading 0 native plugins for Editor in 0.00 ms.
Mono: successfully reloaded assembly
- Completed reload, in  1.101 seconds
Domain Reload Profiling:
	ReloadAssembly (1102ms)
		BeginReloadAssembly (207ms)
			ExecutionOrderSort (0ms)
			DisableScriptedObjects (8ms)
			BackupInstance (0ms)
			ReleaseScriptingObjects (0ms)
			CreateAndSetChildDomain (48ms)
		EndReloadAssembly (783ms)
			LoadAssemblies (120ms)
			RebuildTransferFunctionScriptingTraits (0ms)
			SetupTypeCache (295ms)
			ReleaseScriptCaches (1ms)
			RebuildScriptCaches (37ms)
			SetupLoadedEditorAssemblies (307ms)
				LogAssemblyErrors (0ms)
				InitializePlatformSupportModulesInManaged (29ms)
				SetLoadedEditorAssemblies (0ms)
				RefreshPlugins (1ms)
				BeforeProcessingInitializeOnLoad (62ms)
				ProcessInitializeOnLoadAttributes (189ms)
				ProcessInitializeOnLoadMethodAttributes (18ms)
				AfterProcessingInitializeOnLoad (7ms)
				EditorAssembliesLoaded (0ms)
			ExecutionOrderSort2 (0ms)
			AwakeInstancesAfterBackupRestoration (7ms)
Platform modules already initialized, skipping
Refreshing native plugins compatible for Editor in 1.71 ms, found 3 plugins.
Preloading 0 native plugins for Editor in 0.00 ms.
Unloading 3044 Unused Serialized files (Serialized files now loaded: 0)
Unloading 17 unused Assets / (80.9 KB). Loaded Objects now: 3521.
Memory consumption went from 111.6 MB to 111.5 MB.
Total: 2.864300 ms (FindLiveObjects: 0.212000 ms CreateObjectMapping: 0.116700 ms MarkObjects: 2.427500 ms  DeleteObjects: 0.107500 ms)

AssetImportParameters requested are different than current active one (requested -> active):
  custom:video-decoder-ogg-theora: a1e56fd34408186e4bbccfd4996cb3dc -> 
  custom:container-muxer-webm: aa71ff27fc2769a1b78a27578f13a17b -> 
  custom:container-demuxer-webm: 4f35f7cbe854078d1ac9338744f61a02 -> 
  custom:video-encoder-webm-vp8: eb34c28f22e8b96e1ab97ce403110664 -> 
  custom:audio-encoder-webm-vorbis: bf7c407c2cedff20999df2af8eb42d56 -> 
  custom:framework-win-MediaFoundation: 216162199b28c13a410421893ffa2e32 -> 
  custom:container-demuxer-ogg: 62fdf1f143b41e24485cea50d1cbac27 -> 
  custom:video-decoder-webm-vp8: 9c59270c3fd7afecdb556c50c9e8de78 -> 
  custom:audio-decoder-ogg-vorbis: bf7c407c2cedff20999df2af8eb42d56 -> 
========================================================================
Received Import Request.
  Time since last request: 656773.824243 seconds.
  path: Assets/SimpleShopInteriors/_prefabs/Props/SI_Prop_AlcoholShelf_02.prefab
  artifactKey: Guid(1e931d3eaa885c947958c6ff96faf37f) Importer(815301076,1909f56bfc062723c751e8b465ee728b)
Start importing Assets/SimpleShopInteriors/_prefabs/Props/SI_Prop_AlcoholShelf_02.prefab using Guid(1e931d3eaa885c947958c6ff96faf37f) Importer(815301076,1909f56bfc062723c751e8b465ee728b)  -> (artifact id: '9629eb810aa7a9a7083a3526b6e1b80c') in 0.149656 seconds 
========================================================================
Received Import Request.
  Time since last request: 0.000023 seconds.
  path: Assets/SimpleShopInteriors/_prefabs/Props/SI_Prop_Basket_Stack_01.prefab
  artifactKey: Guid(bf65736730cc6824783138b032ab1220) Importer(815301076,1909f56bfc062723c751e8b465ee728b)
Start importing Assets/SimpleShopInteriors/_prefabs/Props/SI_Prop_Basket_Stack_01.prefab using Guid(bf65736730cc6824783138b032ab1220) Importer(815301076,1909f56bfc062723c751e8b465ee728b)  -> (artifact id: '11a175996e79a5aa1e800fa669bc6873') in 0.018142 seconds 
========================================================================
Received Import Request.
  Time since last request: 0.000020 seconds.
  path: Assets/SimpleShopInteriors/_prefabs/Props/SI_Prop_ButcherCounter_02.prefab
  artifactKey: Guid(3196fd49535640d46a5ba2e710217757) Importer(815301076,1909f56bfc062723c751e8b465ee728b)
Start importing Assets/SimpleShopInteriors/_prefabs/Props/SI_Prop_ButcherCounter_02.prefab using Guid(3196fd49535640d46a5ba2e710217757) Importer(815301076,1909f56bfc062723c751e8b465ee728b)  -> (artifact id: '7555efd836b626192d190af9a887827d') in 0.017900 seconds 
========================================================================
Received Import Request.
  Time since last request: 0.000016 seconds.
  path: Assets/SimpleShopInteriors/_prefabs/Props/SI_Prop_ButcherCounter_01.prefab
  artifactKey: Guid(55e16ec14367bf34b930f633b113eb75) Importer(815301076,1909f56bfc062723c751e8b465ee728b)
Start importing Assets/SimpleShopInteriors/_prefabs/Props/SI_Prop_ButcherCounter_01.prefab using Guid(55e16ec14367bf34b930f633b113eb75) Importer(815301076,1909f56bfc062723c751e8b465ee728b)  -> (artifact id: '74f087bb47ca4f2177fa661b21ff6c03') in 0.018847 seconds 
========================================================================
Received Import Request.
  Time since last request: 0.000021 seconds.
  path: Assets/SimpleShopInteriors/_prefabs/Props/SI_Prop_Arcade_Hoops.prefab
  artifactKey: Guid(c8d3261718acc364993341fe72423fb5) Importer(815301076,1909f56bfc062723c751e8b465ee728b)
Start importing Assets/SimpleShopInteriors/_prefabs/Props/SI_Prop_Arcade_Hoops.prefab using Guid(c8d3261718acc364993341fe72423fb5) Importer(815301076,1909f56bfc062723c751e8b465ee728b)  -> (artifact id: '211b444266afd9586708850dae994f16') in 0.045877 seconds 
========================================================================
Received Import Request.
  Time since last request: 0.000016 seconds.
  path: Assets/SimpleShopInteriors/_prefabs/Props/SI_Prop_Basket_Stack_02.prefab
  artifactKey: Guid(13626de7a59fd0247b139a79d73f629f) Importer(815301076,1909f56bfc062723c751e8b465ee728b)
Start importing Assets/SimpleShopInteriors/_prefabs/Props/SI_Prop_Basket_Stack_02.prefab using Guid(13626de7a59fd0247b139a79d73f629f) Importer(815301076,1909f56bfc062723c751e8b465ee728b)  -> (artifact id: '34f1148c70f97bfe6d26540dc185bdf3') in 0.018166 seconds 
========================================================================
Received Import Request.
  Time since last request: 0.000015 seconds.
  path: Assets/SimpleShopInteriors/_prefabs/Props/SI_Prop_ArcadeMachine_09.prefab
  artifactKey: Guid(1fec0b43d6fabba47afabe31e6875734) Importer(815301076,1909f56bfc062723c751e8b465ee728b)
Start importing Assets/SimpleShopInteriors/_prefabs/Props/SI_Prop_ArcadeMachine_09.prefab using Guid(1fec0b43d6fabba47afabe31e6875734) Importer(815301076,1909f56bfc062723c751e8b465ee728b)  -> (artifact id: '4886e3aa9d876aaad63af095f5251c56') in 0.018967 seconds 
========================================================================
Received Import Request.
  Time since last request: 0.000016 seconds.
  path: Assets/SimpleShopInteriors/_prefabs/Props/SI_Prop_Container_01.prefab
  artifactKey: Guid(1d4e1cd40dba3934582eb426d180a3cf) Importer(815301076,1909f56bfc062723c751e8b465ee728b)
Start importing Assets/SimpleShopInteriors/_prefabs/Props/SI_Prop_Container_01.prefab using Guid(1d4e1cd40dba3934582eb426d180a3cf) Importer(815301076,1909f56bfc062723c751e8b465ee728b)  -> (artifact id: 'f52f43f47665d93bbc7268c8262eac9a') in 0.016388 seconds 
========================================================================
Received Import Request.
  Time since last request: 0.000015 seconds.
  path: Assets/SimpleShopInteriors/_prefabs/Props/SI_Prop_Counter_02.prefab
  artifactKey: Guid(5e250f0dfc5dc7e418844a0a9c63a3dc) Importer(815301076,1909f56bfc062723c751e8b465ee728b)
Start importing Assets/SimpleShopInteriors/_prefabs/Props/SI_Prop_Counter_02.prefab using Guid(5e250f0dfc5dc7e418844a0a9c63a3dc) Importer(815301076,1909f56bfc062723c751e8b465ee728b)  -> (artifact id: '19d79d1d46fa8784634f86e83b8cc346') in 0.015115 seconds 
========================================================================
Received Import Request.
  Time since last request: 0.000016 seconds.
  path: Assets/SimpleShopInteriors/_prefabs/Props/SI_Prop_Counter_07.prefab
  artifactKey: Guid(71f1b0f20b089014b9f6717c410c289f) Importer(815301076,1909f56bfc062723c751e8b465ee728b)
Start importing Assets/SimpleShopInteriors/_prefabs/Props/SI_Prop_Counter_07.prefab using Guid(71f1b0f20b089014b9f6717c410c289f) Importer(815301076,1909f56bfc062723c751e8b465ee728b)  -> (artifact id: '264adb57dd1064bcedae323334304e3a') in 0.016561 seconds 
========================================================================
Received Import Request.
  Time since last request: 0.000015 seconds.
  path: Assets/SimpleShopInteriors/_prefabs/Props/SI_Prop_CupStack_01.prefab
  artifactKey: Guid(41f9442eaba5037489dedbc5a828db09) Importer(815301076,1909f56bfc062723c751e8b465ee728b)
Start importing Assets/SimpleShopInteriors/_prefabs/Props/SI_Prop_CupStack_01.prefab using Guid(41f9442eaba5037489dedbc5a828db09) Importer(815301076,1909f56bfc062723c751e8b465ee728b)  -> (artifact id: 'e12222ed942b4d4757547b21ca83f369') in 0.015634 seconds 
========================================================================
Received Import Request.
  Time since last request: 0.000015 seconds.
  path: Assets/SimpleShopInteriors/_prefabs/Props/SI_Prop_ElectronicRegister_02.prefab
  artifactKey: Guid(bb7091f4a86437e42b3bf1302360a84f) Importer(815301076,1909f56bfc062723c751e8b465ee728b)
Start importing Assets/SimpleShopInteriors/_prefabs/Props/SI_Prop_ElectronicRegister_02.prefab using Guid(bb7091f4a86437e42b3bf1302360a84f) Importer(815301076,1909f56bfc062723c751e8b465ee728b)  -> (artifact id: '9ddc88f704a73b9a370590e43cec5711') in 0.021217 seconds 
========================================================================
Received Import Request.
  Time since last request: 0.000026 seconds.
  path: Assets/SimpleShopInteriors/_prefabs/Props/SI_Prop_ClothesRack_02.prefab
  artifactKey: Guid(9395598469200b54ca2ae3b37836e673) Importer(815301076,1909f56bfc062723c751e8b465ee728b)
Start importing Assets/SimpleShopInteriors/_prefabs/Props/SI_Prop_ClothesRack_02.prefab using Guid(9395598469200b54ca2ae3b37836e673) Importer(815301076,1909f56bfc062723c751e8b465ee728b)  -> (artifact id: 'f312afb1c8c91ce343c9df68381ca093') in 0.020889 seconds 
========================================================================
Received Import Request.
  Time since last request: 0.000016 seconds.
  path: Assets/SimpleShopInteriors/_prefabs/Props/SI_Prop_ArcadeMachine_08.prefab
  artifactKey: Guid(d3f2583f730df704eab4c3952ca2afb1) Importer(815301076,1909f56bfc062723c751e8b465ee728b)
Start importing Assets/SimpleShopInteriors/_prefabs/Props/SI_Prop_ArcadeMachine_08.prefab using Guid(d3f2583f730df704eab4c3952ca2afb1) Importer(815301076,1909f56bfc062723c751e8b465ee728b)  -> (artifact id: '65dba617bba0b80bd59d241110110baf') in 0.025119 seconds 
========================================================================
Received Import Request.
  Time since last request: 0.000031 seconds.
  path: Assets/SimpleShopInteriors/_prefabs/Props/SI_Prop_Arcade_SkeeballMachine_01.prefab
  artifactKey: Guid(23e50ee513016b44fa69c515b0d6c212) Importer(815301076,1909f56bfc062723c751e8b465ee728b)
Start importing Assets/SimpleShopInteriors/_prefabs/Props/SI_Prop_Arcade_SkeeballMachine_01.prefab using Guid(23e50ee513016b44fa69c515b0d6c212) Importer(815301076,1909f56bfc062723c751e8b465ee728b)  -> (artifact id: '1eec86ef3dbdc0905c54b9255ef0447e') in 0.022140 seconds 
========================================================================
Received Import Request.
  Time since last request: 0.000017 seconds.
  path: Assets/SimpleShopInteriors/_prefabs/Props/SI_Prop_Bench_01.prefab
  artifactKey: Guid(1bc54010c9398884e9c0167f0a77c5cf) Importer(815301076,1909f56bfc062723c751e8b465ee728b)
Start importing Assets/SimpleShopInteriors/_prefabs/Props/SI_Prop_Bench_01.prefab using Guid(1bc54010c9398884e9c0167f0a77c5cf) Importer(815301076,1909f56bfc062723c751e8b465ee728b)  -> (artifact id: '9205c0bc9e9e510025c6c0da23364bca') in 0.023271 seconds 
========================================================================
Received Import Request.
  Time since last request: 0.000017 seconds.
  path: Assets/SimpleShopInteriors/_prefabs/Props/SI_Prop_ElectronicRegister_01.prefab
  artifactKey: Guid(fd26cd7376003b5488747cf6f42d702b) Importer(815301076,1909f56bfc062723c751e8b465ee728b)
Start importing Assets/SimpleShopInteriors/_prefabs/Props/SI_Prop_ElectronicRegister_01.prefab using Guid(fd26cd7376003b5488747cf6f42d702b) Importer(815301076,1909f56bfc062723c751e8b465ee728b)  -> (artifact id: '242d4919846c9603909f1677313e7890') in 0.020113 seconds 
========================================================================
Received Import Request.
  Time since last request: 0.000015 seconds.
  path: Assets/SimpleShopInteriors/_prefabs/Props/SI_Prop_CarRide.prefab
  artifactKey: Guid(7ff23a4d3fdfefc41936f679e79395e1) Importer(815301076,1909f56bfc062723c751e8b465ee728b)
Start importing Assets/SimpleShopInteriors/_prefabs/Props/SI_Prop_CarRide.prefab using Guid(7ff23a4d3fdfefc41936f679e79395e1) Importer(815301076,1909f56bfc062723c751e8b465ee728b)  -> (artifact id: '60e4fa1c5b92d417aaaed8dd4656685b') in 0.021991 seconds 
========================================================================
Received Import Request.
  Time since last request: 0.000024 seconds.
  path: Assets/SimpleShopInteriors/_prefabs/Props/SI_Prop_ArcadeMachine_01.prefab
  artifactKey: Guid(2a8e4a985b1dbdd44afc5fc10bc7b706) Importer(815301076,1909f56bfc062723c751e8b465ee728b)
Start importing Assets/SimpleShopInteriors/_prefabs/Props/SI_Prop_ArcadeMachine_01.prefab using Guid(2a8e4a985b1dbdd44afc5fc10bc7b706) Importer(815301076,1909f56bfc062723c751e8b465ee728b)  -> (artifact id: '191767e1e3c9be807f52a47ed86b9f4d') in 0.017761 seconds 
========================================================================
Received Import Request.
  Time since last request: 0.000018 seconds.
  path: Assets/SimpleShopInteriors/_prefabs/Props/SI_Prop_Counter_09.prefab
  artifactKey: Guid(e2980959db35d15498f079b4fd61c830) Importer(815301076,1909f56bfc062723c751e8b465ee728b)
Start importing Assets/SimpleShopInteriors/_prefabs/Props/SI_Prop_Counter_09.prefab using Guid(e2980959db35d15498f079b4fd61c830) Importer(815301076,1909f56bfc062723c751e8b465ee728b)  -> (artifact id: 'd263ebd28a4218305374f8613601d9f7') in 0.020871 seconds 
========================================================================
Received Import Request.
  Time since last request: 0.000016 seconds.
  path: Assets/SimpleShopInteriors/_prefabs/Props/SI_Prop_ClothesHook_01.prefab
  artifactKey: Guid(4dd0174f86a6d1b44a0ed2af3eec7304) Importer(815301076,1909f56bfc062723c751e8b465ee728b)
Start importing Assets/SimpleShopInteriors/_prefabs/Props/SI_Prop_ClothesHook_01.prefab using Guid(4dd0174f86a6d1b44a0ed2af3eec7304) Importer(815301076,1909f56bfc062723c751e8b465ee728b)  -> (artifact id: '6c9ad560ece7b6c9b7f3057268b59576') in 0.018620 seconds 
========================================================================
Received Import Request.
  Time since last request: 0.000017 seconds.
  path: Assets/SimpleShopInteriors/_prefabs/Props/SI_Prop_Arcade_Pinball.prefab
  artifactKey: Guid(4e688bd93d28e914db5a89ad1c8fb174) Importer(815301076,1909f56bfc062723c751e8b465ee728b)
Start importing Assets/SimpleShopInteriors/_prefabs/Props/SI_Prop_Arcade_Pinball.prefab using Guid(4e688bd93d28e914db5a89ad1c8fb174) Importer(815301076,1909f56bfc062723c751e8b465ee728b)  -> (artifact id: '4d69006a97affaef48d56cb61b44e631') in 0.021040 seconds 
========================================================================
Received Import Request.
  Time since last request: 0.000017 seconds.
  path: Assets/SimpleShopInteriors/_prefabs/Props/SI_Prop_CD_Case.prefab
  artifactKey: Guid(866bc71062629d74facc6c57e7434ae1) Importer(815301076,1909f56bfc062723c751e8b465ee728b)
Start importing Assets/SimpleShopInteriors/_prefabs/Props/SI_Prop_CD_Case.prefab using Guid(866bc71062629d74facc6c57e7434ae1) Importer(815301076,1909f56bfc062723c751e8b465ee728b)  -> (artifact id: 'c5d9b99cc1d5831c54ac367af57b8b4b') in 0.019593 seconds 
========================================================================
Received Import Request.
  Time since last request: 0.000017 seconds.
  path: Assets/SimpleShopInteriors/_prefabs/Props/SI_Prop_CD_Holder.prefab
  artifactKey: Guid(3f6ba43bf2095fc42a08e822445b5dde) Importer(815301076,1909f56bfc062723c751e8b465ee728b)
Start importing Assets/SimpleShopInteriors/_prefabs/Props/SI_Prop_CD_Holder.prefab using Guid(3f6ba43bf2095fc42a08e822445b5dde) Importer(815301076,1909f56bfc062723c751e8b465ee728b)  -> (artifact id: '81182194bf0f15415c85c7898c19c6e7') in 0.017340 seconds 
========================================================================
Received Import Request.
  Time since last request: 0.000046 seconds.
  path: Assets/SimpleShopInteriors/_prefabs/Props/SI_Prop_Bar_01.prefab
  artifactKey: Guid(395a9c6086bf15249b84ed7fed049ccc) Importer(815301076,1909f56bfc062723c751e8b465ee728b)
Start importing Assets/SimpleShopInteriors/_prefabs/Props/SI_Prop_Bar_01.prefab using Guid(395a9c6086bf15249b84ed7fed049ccc) Importer(815301076,1909f56bfc062723c751e8b465ee728b)  -> (artifact id: '1fa81d90462ba32dae75299991e70037') in 0.018472 seconds 
========================================================================
Received Import Request.
  Time since last request: 0.000020 seconds.
  path: Assets/SimpleShopInteriors/_prefabs/Props/SI_Prop_Counter_10.prefab
  artifactKey: Guid(ea6f376a83e31a046a63dbc537deef06) Importer(815301076,1909f56bfc062723c751e8b465ee728b)
Start importing Assets/SimpleShopInteriors/_prefabs/Props/SI_Prop_Counter_10.prefab using Guid(ea6f376a83e31a046a63dbc537deef06) Importer(815301076,1909f56bfc062723c751e8b465ee728b)  -> (artifact id: '34657aab19523276c6f2af61fcaa436b') in 0.018251 seconds 
========================================================================
Received Import Request.
  Time since last request: 0.000023 seconds.
  path: Assets/SimpleShopInteriors/_prefabs/Props/SI_Prop_ArcadeMachine_03.prefab
  artifactKey: Guid(4b8871f4face94e47aabc03555c9a533) Importer(815301076,1909f56bfc062723c751e8b465ee728b)
Start importing Assets/SimpleShopInteriors/_prefabs/Props/SI_Prop_ArcadeMachine_03.prefab using Guid(4b8871f4face94e47aabc03555c9a533) Importer(815301076,1909f56bfc062723c751e8b465ee728b)  -> (artifact id: '595a12ecadafddf5b5975453d6a29690') in 0.020829 seconds 
========================================================================
Received Import Request.
  Time since last request: 0.000024 seconds.
  path: Assets/SimpleShopInteriors/_prefabs/Props/SI_Prop_ClothesRack_01.prefab
  artifactKey: Guid(faacc858b5b65e0428be83a13a595543) Importer(815301076,1909f56bfc062723c751e8b465ee728b)
Start importing Assets/SimpleShopInteriors/_prefabs/Props/SI_Prop_ClothesRack_01.prefab using Guid(faacc858b5b65e0428be83a13a595543) Importer(815301076,1909f56bfc062723c751e8b465ee728b)  -> (artifact id: 'd3b37c9328207c8bf8292a5cde8a5005') in 0.023056 seconds 
========================================================================
Received Import Request.
  Time since last request: 0.000084 seconds.
  path: Assets/SimpleShopInteriors/_prefabs/Props/SI_Prop_Curtain_01.prefab
  artifactKey: Guid(575b2d3d4d3bd594dbfbe170f9a3878f) Importer(815301076,1909f56bfc062723c751e8b465ee728b)
Start importing Assets/SimpleShopInteriors/_prefabs/Props/SI_Prop_Curtain_01.prefab using Guid(575b2d3d4d3bd594dbfbe170f9a3878f) Importer(815301076,1909f56bfc062723c751e8b465ee728b)  -> (artifact id: '76fdd8b241b5c3a2ad1208025da001a6') in 0.027101 seconds 
========================================================================
Received Import Request.
  Time since last request: 0.000046 seconds.
  path: Assets/SimpleShopInteriors/_prefabs/Props/SI_Prop_ArcadeMachine_07.prefab
  artifactKey: Guid(b3eefdd3762a82b4fbe08a66da3f5ea6) Importer(815301076,1909f56bfc062723c751e8b465ee728b)
Start importing Assets/SimpleShopInteriors/_prefabs/Props/SI_Prop_ArcadeMachine_07.prefab using Guid(b3eefdd3762a82b4fbe08a66da3f5ea6) Importer(815301076,1909f56bfc062723c751e8b465ee728b)  -> (artifact id: 'f3c82985344e5bdfbd8d550307d28f26') in 0.022159 seconds 
========================================================================
Received Import Request.
  Time since last request: 0.000028 seconds.
  path: Assets/SimpleShopInteriors/_prefabs/Props/SI_Prop_Arcade_DanceMachine.prefab
  artifactKey: Guid(278ea7b7cbc3c6e47834c2aadc2cd7d7) Importer(815301076,1909f56bfc062723c751e8b465ee728b)
Start importing Assets/SimpleShopInteriors/_prefabs/Props/SI_Prop_Arcade_DanceMachine.prefab using Guid(278ea7b7cbc3c6e47834c2aadc2cd7d7) Importer(815301076,1909f56bfc062723c751e8b465ee728b)  -> (artifact id: '0c7186c430708d9ca9d6b0ea047414b9') in 0.023032 seconds 
========================================================================
Received Import Request.
  Time since last request: 0.000037 seconds.
  path: Assets/SimpleShopInteriors/_prefabs/Props/SI_Prop_ClothesRack_03.prefab
  artifactKey: Guid(6e721076a0053424fa5d759add59d058) Importer(815301076,1909f56bfc062723c751e8b465ee728b)
Start importing Assets/SimpleShopInteriors/_prefabs/Props/SI_Prop_ClothesRack_03.prefab using Guid(6e721076a0053424fa5d759add59d058) Importer(815301076,1909f56bfc062723c751e8b465ee728b)  -> (artifact id: '7d1eaebb070d52565788693907a971af') in 0.025875 seconds 
========================================================================
Received Import Request.
  Time since last request: 0.000024 seconds.
  path: Assets/SimpleShopInteriors/_prefabs/Props/SI_Prop_Cabinet_01.prefab
  artifactKey: Guid(d3d9f7c8acddf2f4daca01819599c4b7) Importer(815301076,1909f56bfc062723c751e8b465ee728b)
Start importing Assets/SimpleShopInteriors/_prefabs/Props/SI_Prop_Cabinet_01.prefab using Guid(d3d9f7c8acddf2f4daca01819599c4b7) Importer(815301076,1909f56bfc062723c751e8b465ee728b)  -> (artifact id: 'd50ef01620e483898d2127ed2a3bff1f') in 0.025451 seconds 
========================================================================
Received Import Request.
  Time since last request: 0.000048 seconds.
  path: Assets/SimpleShopInteriors/_prefabs/Props/SI_Prop_Bench_04.prefab
  artifactKey: Guid(07a7f0199d939a24a8947f0b553578e8) Importer(815301076,1909f56bfc062723c751e8b465ee728b)
Start importing Assets/SimpleShopInteriors/_prefabs/Props/SI_Prop_Bench_04.prefab using Guid(07a7f0199d939a24a8947f0b553578e8) Importer(815301076,1909f56bfc062723c751e8b465ee728b)  -> (artifact id: '11d5203a6b5c389d14631b341180fdcc') in 0.024640 seconds 
========================================================================
Received Import Request.
  Time since last request: 0.000018 seconds.
  path: Assets/SimpleShopInteriors/_prefabs/Props/SI_Prop_Arcade_GumballMachine.prefab
  artifactKey: Guid(3e83086751ebf5b4485e3818cbbc3e11) Importer(815301076,1909f56bfc062723c751e8b465ee728b)
Start importing Assets/SimpleShopInteriors/_prefabs/Props/SI_Prop_Arcade_GumballMachine.prefab using Guid(3e83086751ebf5b4485e3818cbbc3e11) Importer(815301076,1909f56bfc062723c751e8b465ee728b)  -> (artifact id: 'b3f93e63ac30a776ca7861488a0c4b2a') in 0.024546 seconds 
========================================================================
Received Import Request.
  Time since last request: 0.000016 seconds.
  path: Assets/SimpleShopInteriors/_prefabs/Props/SI_Prop_ConcreteBench_03.prefab
  artifactKey: Guid(6b24f606b4a556a48b2f9fbb46026043) Importer(815301076,1909f56bfc062723c751e8b465ee728b)
Start importing Assets/SimpleShopInteriors/_prefabs/Props/SI_Prop_ConcreteBench_03.prefab using Guid(6b24f606b4a556a48b2f9fbb46026043) Importer(815301076,1909f56bfc062723c751e8b465ee728b)  -> (artifact id: 'f2215a6a900227749492ce59d51bb874') in 0.022085 seconds 
========================================================================
Received Import Request.
  Time since last request: 0.000015 seconds.
  path: Assets/SimpleShopInteriors/_prefabs/Props/SI_Prop_Arcade_ClawMachine_01.prefab
  artifactKey: Guid(c1b921bb1340fba4289af9dcfacf6dc6) Importer(815301076,1909f56bfc062723c751e8b465ee728b)
Start importing Assets/SimpleShopInteriors/_prefabs/Props/SI_Prop_Arcade_ClawMachine_01.prefab using Guid(c1b921bb1340fba4289af9dcfacf6dc6) Importer(815301076,1909f56bfc062723c751e8b465ee728b)  -> (artifact id: 'ea895f2c2e23d013fe4faef147838437') in 0.026795 seconds 
========================================================================
Received Import Request.
  Time since last request: 0.863722 seconds.
  path: Assets/SimpleShopInteriors/_prefabs/Props/SI_Prop_FastfoodTray_02.prefab
  artifactKey: Guid(1e920ff4545e68140af46c073fb06a76) Importer(815301076,1909f56bfc062723c751e8b465ee728b)
Start importing Assets/SimpleShopInteriors/_prefabs/Props/SI_Prop_FastfoodTray_02.prefab using Guid(1e920ff4545e68140af46c073fb06a76) Importer(815301076,1909f56bfc062723c751e8b465ee728b)  -> (artifact id: '49c2f16d5dfb5d9a34aae4ef45e7bae2') in 0.024269 seconds 
========================================================================
Received Import Request.
  Time since last request: 0.000018 seconds.
  path: Assets/SimpleShopInteriors/_prefabs/Props/SI_Prop_Freezer_02.prefab
  artifactKey: Guid(7278d7d447c2c014880f85c8a6f83716) Importer(815301076,1909f56bfc062723c751e8b465ee728b)
Start importing Assets/SimpleShopInteriors/_prefabs/Props/SI_Prop_Freezer_02.prefab using Guid(7278d7d447c2c014880f85c8a6f83716) Importer(815301076,1909f56bfc062723c751e8b465ee728b)  -> (artifact id: '54d4eb295f9d223b14a05976e94cb0c2') in 0.020267 seconds 
========================================================================
Received Import Request.
  Time since last request: 0.000015 seconds.
  path: Assets/SimpleShopInteriors/_prefabs/Props/SI_Prop_Freezer_03.prefab
  artifactKey: Guid(38b671b474ba709488337bdaffc02ee7) Importer(815301076,1909f56bfc062723c751e8b465ee728b)
Start importing Assets/SimpleShopInteriors/_prefabs/Props/SI_Prop_Freezer_03.prefab using Guid(38b671b474ba709488337bdaffc02ee7) Importer(815301076,1909f56bfc062723c751e8b465ee728b)  -> (artifact id: '159ec1f6b05a54c1d478bc58523253a7') in 0.019565 seconds 
========================================================================
Received Import Request.
  Time since last request: 0.000024 seconds.
  path: Assets/SimpleShopInteriors/_prefabs/Props/SI_Prop_HighChair_01.prefab
  artifactKey: Guid(f0c4b52a24437554295389edc1d4afe6) Importer(815301076,1909f56bfc062723c751e8b465ee728b)
Start importing Assets/SimpleShopInteriors/_prefabs/Props/SI_Prop_HighChair_01.prefab using Guid(f0c4b52a24437554295389edc1d4afe6) Importer(815301076,1909f56bfc062723c751e8b465ee728b)  -> (artifact id: '445b2abce139d3583a591361e04c5dd6') in 0.020492 seconds 
========================================================================
Received Import Request.
  Time since last request: 0.000027 seconds.
  path: Assets/SimpleShopInteriors/_prefabs/Props/SI_Prop_IceCreamCounter_01.prefab
  artifactKey: Guid(209ef89a910d3524e8efa4a8d4d7134e) Importer(815301076,1909f56bfc062723c751e8b465ee728b)
Start importing Assets/SimpleShopInteriors/_prefabs/Props/SI_Prop_IceCreamCounter_01.prefab using Guid(209ef89a910d3524e8efa4a8d4d7134e) Importer(815301076,1909f56bfc062723c751e8b465ee728b)  -> (artifact id: '4104661e111fe53c3da0ec64360a28a4') in 0.018939 seconds 
========================================================================
Received Import Request.
  Time since last request: 0.000014 seconds.
  path: Assets/SimpleShopInteriors/_prefabs/Props/SI_Prop_Instrument_Guitar_02.prefab
  artifactKey: Guid(f9a796c6ac88fd441ab11d153063a543) Importer(815301076,1909f56bfc062723c751e8b465ee728b)
Start importing Assets/SimpleShopInteriors/_prefabs/Props/SI_Prop_Instrument_Guitar_02.prefab using Guid(f9a796c6ac88fd441ab11d153063a543) Importer(815301076,1909f56bfc062723c751e8b465ee728b)  -> (artifact id: '71355d5dff74f31072965c6356e772da') in 0.020580 seconds 
========================================================================
Received Import Request.
  Time since last request: 0.000017 seconds.
  path: Assets/SimpleShopInteriors/_prefabs/Props/SI_Prop_Instrument_Guitar_06.prefab
  artifactKey: Guid(43d983f912e89c948b9a9df7634f30e9) Importer(815301076,1909f56bfc062723c751e8b465ee728b)
Start importing Assets/SimpleShopInteriors/_prefabs/Props/SI_Prop_Instrument_Guitar_06.prefab using Guid(43d983f912e89c948b9a9df7634f30e9) Importer(815301076,1909f56bfc062723c751e8b465ee728b)  -> (artifact id: '54e616cb1ee2fe8ad06de554c6bd825e') in 0.019879 seconds 
========================================================================
Received Import Request.
  Time since last request: 0.000014 seconds.
  path: Assets/SimpleShopInteriors/_prefabs/Props/SI_Prop_FastfoodTray_03.prefab
  artifactKey: Guid(cd249682c88fa6a47a2a415e5d6d56c0) Importer(815301076,1909f56bfc062723c751e8b465ee728b)
Start importing Assets/SimpleShopInteriors/_prefabs/Props/SI_Prop_FastfoodTray_03.prefab using Guid(cd249682c88fa6a47a2a415e5d6d56c0) Importer(815301076,1909f56bfc062723c751e8b465ee728b)  -> (artifact id: '157e947828286a011fa32fff952f7fec') in 0.020611 seconds 
========================================================================
Received Import Request.
  Time since last request: 0.000013 seconds.
  path: Assets/SimpleShopInteriors/_prefabs/Props/SI_Prop_LaptopShelf_01.prefab
  artifactKey: Guid(b92717f71c7b2824fbff73f50652f92b) Importer(815301076,1909f56bfc062723c751e8b465ee728b)
Start importing Assets/SimpleShopInteriors/_prefabs/Props/SI_Prop_LaptopShelf_01.prefab using Guid(b92717f71c7b2824fbff73f50652f92b) Importer(815301076,1909f56bfc062723c751e8b465ee728b)  -> (artifact id: '65b4cf9a57a56798cdaacb547a3733fc') in 0.021226 seconds 
========================================================================
Received Import Request.
  Time since last request: 0.000014 seconds.
  path: Assets/SimpleShopInteriors/_prefabs/Props/SI_Prop_Mannequin_03.prefab
  artifactKey: Guid(1fc5b0cb4164720449663176500c80bf) Importer(815301076,1909f56bfc062723c751e8b465ee728b)
Start importing Assets/SimpleShopInteriors/_prefabs/Props/SI_Prop_Mannequin_03.prefab using Guid(1fc5b0cb4164720449663176500c80bf) Importer(815301076,1909f56bfc062723c751e8b465ee728b)  -> (artifact id: 'd77aab90ebdee310b23c40f9c806c92d') in 0.017987 seconds 
========================================================================
Received Import Request.
  Time since last request: 0.000014 seconds.
  path: Assets/SimpleShopInteriors/_prefabs/Props/SI_Prop_Mannequin_02.prefab
  artifactKey: Guid(4f40f79588e5b1f41933954728aaf0cd) Importer(815301076,1909f56bfc062723c751e8b465ee728b)
Start importing Assets/SimpleShopInteriors/_prefabs/Props/SI_Prop_Mannequin_02.prefab using Guid(4f40f79588e5b1f41933954728aaf0cd) Importer(815301076,1909f56bfc062723c751e8b465ee728b)  -> (artifact id: 'd7e9c4bdaf038ad459a9e26ca7b11b4c') in 0.019800 seconds 
========================================================================
Received Import Request.
  Time since last request: 0.000017 seconds.
  path: Assets/SimpleShopInteriors/_prefabs/Props/SI_Prop_Mirror_01.prefab
  artifactKey: Guid(951549265e839d14a9fd82fe7e2af3b0) Importer(815301076,1909f56bfc062723c751e8b465ee728b)
Start importing Assets/SimpleShopInteriors/_prefabs/Props/SI_Prop_Mirror_01.prefab using Guid(951549265e839d14a9fd82fe7e2af3b0) Importer(815301076,1909f56bfc062723c751e8b465ee728b)  -> (artifact id: '536aab7896d8b0ac99e30cfb77112f5d') in 0.017310 seconds 
========================================================================
Received Import Request.
  Time since last request: 0.000012 seconds.
  path: Assets/SimpleShopInteriors/_prefabs/Props/SI_Prop_Necklace_01.prefab
  artifactKey: Guid(d842da3e402e7074fb82c53f7b805444) Importer(815301076,1909f56bfc062723c751e8b465ee728b)
Start importing Assets/SimpleShopInteriors/_prefabs/Props/SI_Prop_Necklace_01.prefab using Guid(d842da3e402e7074fb82c53f7b805444) Importer(815301076,1909f56bfc062723c751e8b465ee728b)  -> (artifact id: '599a0e518c6efd0daae156dbbc32b795') in 0.024424 seconds 
========================================================================
Received Import Request.
  Time since last request: 0.000021 seconds.
  path: Assets/SimpleShopInteriors/_prefabs/Props/SI_Prop_Instrument_Keyboard.prefab
  artifactKey: Guid(1aea92af79af9e742b53262f1a8685bb) Importer(815301076,1909f56bfc062723c751e8b465ee728b)
Start importing Assets/SimpleShopInteriors/_prefabs/Props/SI_Prop_Instrument_Keyboard.prefab using Guid(1aea92af79af9e742b53262f1a8685bb) Importer(815301076,1909f56bfc062723c751e8b465ee728b)  -> (artifact id: 'ae3798d11819de2d5a5057eee6437332') in 0.020172 seconds 
========================================================================
Received Import Request.
  Time since last request: 0.000027 seconds.
  path: Assets/SimpleShopInteriors/_prefabs/Props/SI_Prop_Mannequin_01.prefab
  artifactKey: Guid(470dc09d488d6174a8613048f7fcd8e0) Importer(815301076,1909f56bfc062723c751e8b465ee728b)
Start importing Assets/SimpleShopInteriors/_prefabs/Props/SI_Prop_Mannequin_01.prefab using Guid(470dc09d488d6174a8613048f7fcd8e0) Importer(815301076,1909f56bfc062723c751e8b465ee728b)  -> (artifact id: '8c2a12a9f991f03e12a2d5efd3f0a4c6') in 0.018874 seconds 
========================================================================
Received Import Request.
  Time since last request: 0.000032 seconds.
  path: Assets/SimpleShopInteriors/_prefabs/Props/SI_Prop_Hotdog_Kiosk.prefab
  artifactKey: Guid(80418d9f508bbff41bb33238b6faa510) Importer(815301076,1909f56bfc062723c751e8b465ee728b)
Start importing Assets/SimpleShopInteriors/_prefabs/Props/SI_Prop_Hotdog_Kiosk.prefab using Guid(80418d9f508bbff41bb33238b6faa510) Importer(815301076,1909f56bfc062723c751e8b465ee728b)  -> (artifact id: 'b8665d8ebfc1d572d784f7b18899afc5') in 0.020624 seconds 
========================================================================
Received Import Request.
  Time since last request: 0.000031 seconds.
  path: Assets/SimpleShopInteriors/_prefabs/Props/SI_Prop_Mannequin_06.prefab
  artifactKey: Guid(47aee9399c52729479d158efce80e5f8) Importer(815301076,1909f56bfc062723c751e8b465ee728b)
Start importing Assets/SimpleShopInteriors/_prefabs/Props/SI_Prop_Mannequin_06.prefab using Guid(47aee9399c52729479d158efce80e5f8) Importer(815301076,1909f56bfc062723c751e8b465ee728b)  -> (artifact id: 'eb6c4d22b89b316d81a7046bb419b672') in 0.020832 seconds 
========================================================================
Received Import Request.
  Time since last request: 0.000019 seconds.
  path: Assets/SimpleShopInteriors/_prefabs/Props/SI_Prop_FriesHeater_02.prefab
  artifactKey: Guid(cafefc111a6a4a044b75192727f42654) Importer(815301076,1909f56bfc062723c751e8b465ee728b)
Start importing Assets/SimpleShopInteriors/_prefabs/Props/SI_Prop_FriesHeater_02.prefab using Guid(cafefc111a6a4a044b75192727f42654) Importer(815301076,1909f56bfc062723c751e8b465ee728b)  -> (artifact id: '0f11c415b93ed108fe3f67346782cce8') in 0.017340 seconds 
========================================================================
Received Import Request.
  Time since last request: 0.000023 seconds.
  path: Assets/SimpleShopInteriors/_prefabs/Props/SI_Prop_Necklace_02.prefab
  artifactKey: Guid(00e3a18ca6d1e084a840bafe75c0ff0d) Importer(815301076,1909f56bfc062723c751e8b465ee728b)
Start importing Assets/SimpleShopInteriors/_prefabs/Props/SI_Prop_Necklace_02.prefab using Guid(00e3a18ca6d1e084a840bafe75c0ff0d) Importer(815301076,1909f56bfc062723c751e8b465ee728b)  -> (artifact id: '0a3fb26786ab6bbe1b426915cd1f055b') in 0.018707 seconds 
========================================================================
Received Import Request.
  Time since last request: 0.000019 seconds.
  path: Assets/SimpleShopInteriors/_prefabs/Props/SI_Prop_MoneyStack_02.prefab
  artifactKey: Guid(ead603463cadc7249877cffd50b1f9e9) Importer(815301076,1909f56bfc062723c751e8b465ee728b)
Start importing Assets/SimpleShopInteriors/_prefabs/Props/SI_Prop_MoneyStack_02.prefab using Guid(ead603463cadc7249877cffd50b1f9e9) Importer(815301076,1909f56bfc062723c751e8b465ee728b)  -> (artifact id: '85d96263247509676a5bdec77226d449') in 0.018147 seconds 
========================================================================
Received Import Request.
  Time since last request: 0.000023 seconds.
  path: Assets/SimpleShopInteriors/_prefabs/Props/SI_Prop_JanitorCart_02.prefab
  artifactKey: Guid(4405ccd52e338094f98a8ebb0bae5b9d) Importer(815301076,1909f56bfc062723c751e8b465ee728b)
Start importing Assets/SimpleShopInteriors/_prefabs/Props/SI_Prop_JanitorCart_02.prefab using Guid(4405ccd52e338094f98a8ebb0bae5b9d) Importer(815301076,1909f56bfc062723c751e8b465ee728b)  -> (artifact id: '0c633daefafd3d09134640f272d82457') in 0.022174 seconds 
========================================================================
Received Import Request.
  Time since last request: 0.000028 seconds.
  path: Assets/SimpleShopInteriors/_prefabs/Props/SI_Prop_Instrument_Guitar_03.prefab
  artifactKey: Guid(a407829f4686c264ca7e811ec0f8e28f) Importer(815301076,1909f56bfc062723c751e8b465ee728b)
Start importing Assets/SimpleShopInteriors/_prefabs/Props/SI_Prop_Instrument_Guitar_03.prefab using Guid(a407829f4686c264ca7e811ec0f8e28f) Importer(815301076,1909f56bfc062723c751e8b465ee728b)  -> (artifact id: '0a6b6595c47d15bbc85772704fd97fa4') in 0.017537 seconds 
========================================================================
Received Import Request.
  Time since last request: 4.762848 seconds.
  path: Assets/ScifiOfficeLite/Prefabs/Tray.prefab
  artifactKey: Guid(64c1ca436cc9f024b948da169e23de04) Importer(815301076,1909f56bfc062723c751e8b465ee728b)
Start importing Assets/ScifiOfficeLite/Prefabs/Tray.prefab using Guid(64c1ca436cc9f024b948da169e23de04) Importer(815301076,1909f56bfc062723c751e8b465ee728b)  -> (artifact id: 'a9114408e66aeca1906fb47791f90718') in 0.018814 seconds 
========================================================================
Received Import Request.
  Time since last request: 51.189970 seconds.
  path: Assets/ScifiOfficeLite/Prefabs/Carpets and Floors/Carpet 8.prefab
  artifactKey: Guid(ee96ae14708602d469d22f53342f354e) Importer(815301076,1909f56bfc062723c751e8b465ee728b)
Start importing Assets/ScifiOfficeLite/Prefabs/Carpets and Floors/Carpet 8.prefab using Guid(ee96ae14708602d469d22f53342f354e) Importer(815301076,1909f56bfc062723c751e8b465ee728b)  -> (artifact id: 'c29953a46be17e4e965dca706ded44cc') in 0.383937 seconds 
========================================================================
Received Import Request.
  Time since last request: 6.530961 seconds.
  path: Assets/ScifiOfficeLite/Prefabs/Chairs and Stools/Stool.prefab
  artifactKey: Guid(30971ea7d19a057458bf89e85d9d1f6c) Importer(815301076,1909f56bfc062723c751e8b465ee728b)
Start importing Assets/ScifiOfficeLite/Prefabs/Chairs and Stools/Stool.prefab using Guid(30971ea7d19a057458bf89e85d9d1f6c) Importer(815301076,1909f56bfc062723c751e8b465ee728b)  -> (artifact id: '8e3d6612dcaab7844a85b923aefd384e') in 0.160363 seconds 
========================================================================
Received Import Request.
  Time since last request: 2.247142 seconds.
  path: Assets/ScifiOfficeLite/Prefabs/Drawers/Vase.prefab
  artifactKey: Guid(2fec7c553d7825f4d8ed5bfae78a437c) Importer(815301076,1909f56bfc062723c751e8b465ee728b)
Start importing Assets/ScifiOfficeLite/Prefabs/Drawers/Vase.prefab using Guid(2fec7c553d7825f4d8ed5bfae78a437c) Importer(815301076,1909f56bfc062723c751e8b465ee728b)  -> (artifact id: 'a96d6ef4f15c022fb92ff119e08597d3') in 0.015856 seconds 
========================================================================
Received Import Request.
  Time since last request: 8.758864 seconds.
  path: Assets/ScifiOfficeLite/Meshes/Office Interior/Tables/Table Set 1.FBX
  artifactKey: Guid(4d7a1f2d72196e24bb9a9eefb40859c3) Importer(815301076,1909f56bfc062723c751e8b465ee728b)
Start importing Assets/ScifiOfficeLite/Meshes/Office Interior/Tables/Table Set 1.FBX using Guid(4d7a1f2d72196e24bb9a9eefb40859c3) Importer(815301076,1909f56bfc062723c751e8b465ee728b)  -> (artifact id: 'ffd43b3935309a0c7db3979e73f3c970') in 0.177386 seconds 
========================================================================
Received Import Request.
  Time since last request: 7.754432 seconds.
  path: Assets/iPoly3D/Server Room/Prefabs/ceiling_light.prefab
  artifactKey: Guid(c90faeda1ce307e418ee73344aa5e431) Importer(815301076,1909f56bfc062723c751e8b465ee728b)
Start importing Assets/iPoly3D/Server Room/Prefabs/ceiling_light.prefab using Guid(c90faeda1ce307e418ee73344aa5e431) Importer(815301076,1909f56bfc062723c751e8b465ee728b)  -> (artifact id: 'e0a3e268af2cc3131132eecd3a3917b6') in 0.020999 seconds 
========================================================================
Received Import Request.
  Time since last request: 0.000036 seconds.
  path: Assets/iPoly3D/Server Room/Prefabs/display.004.prefab
  artifactKey: Guid(f78cb5e3a28483a41b34edc8c1b57ca1) Importer(815301076,1909f56bfc062723c751e8b465ee728b)
Start importing Assets/iPoly3D/Server Room/Prefabs/display.004.prefab using Guid(f78cb5e3a28483a41b34edc8c1b57ca1) Importer(815301076,1909f56bfc062723c751e8b465ee728b)  -> (artifact id: '8bdfdff26c953af52218c92cd6798f31') in 0.020336 seconds 
========================================================================
Received Import Request.
  Time since last request: 0.000019 seconds.
  path: Assets/iPoly3D/Server Room/Prefabs/tablet.prefab
  artifactKey: Guid(b7c323073beeb0b42a8412d881577235) Importer(815301076,1909f56bfc062723c751e8b465ee728b)
Start importing Assets/iPoly3D/Server Room/Prefabs/tablet.prefab using Guid(b7c323073beeb0b42a8412d881577235) Importer(815301076,1909f56bfc062723c751e8b465ee728b)  -> (artifact id: '39ebdf1dd25dad8d87fc0ca628bcab59') in 0.014275 seconds 
========================================================================
Received Import Request.
  Time since last request: 0.000016 seconds.
  path: Assets/iPoly3D/Server Room/Prefabs/wall_door.prefab
  artifactKey: Guid(ba08e2e36c3186d47bb5bff407ef271e) Importer(815301076,1909f56bfc062723c751e8b465ee728b)
Start importing Assets/iPoly3D/Server Room/Prefabs/wall_door.prefab using Guid(ba08e2e36c3186d47bb5bff407ef271e) Importer(815301076,1909f56bfc062723c751e8b465ee728b)  -> (artifact id: '4388ac49c48bba2b2e4150358034ad5b') in 0.040872 seconds 
========================================================================
Received Import Request.
  Time since last request: 0.000017 seconds.
  path: Assets/iPoly3D/Server Room/Prefabs/mousepad.prefab
  artifactKey: Guid(756f878363fcf1a4f89e45fa167dd3ed) Importer(815301076,1909f56bfc062723c751e8b465ee728b)
Start importing Assets/iPoly3D/Server Room/Prefabs/mousepad.prefab using Guid(756f878363fcf1a4f89e45fa167dd3ed) Importer(815301076,1909f56bfc062723c751e8b465ee728b)  -> (artifact id: 'bca189980604c0d7df6012938c84015d') in 0.014244 seconds 
========================================================================
Received Import Request.
  Time since last request: 0.000021 seconds.
  path: Assets/iPoly3D/Server Room/Prefabs/desk.prefab
  artifactKey: Guid(0e16475e464050141a1bf64d51b46d48) Importer(815301076,1909f56bfc062723c751e8b465ee728b)
Start importing Assets/iPoly3D/Server Room/Prefabs/desk.prefab using Guid(0e16475e464050141a1bf64d51b46d48) Importer(815301076,1909f56bfc062723c751e8b465ee728b)  -> (artifact id: 'd6e5701d93910ef8d2d68a94a9313bd7') in 0.018801 seconds 
========================================================================
Received Import Request.
  Time since last request: 0.000018 seconds.
  path: Assets/iPoly3D/Server Room/Prefabs/laptop.prefab
  artifactKey: Guid(bc9cdfad65562854b86c69a063285b2f) Importer(815301076,1909f56bfc062723c751e8b465ee728b)
Start importing Assets/iPoly3D/Server Room/Prefabs/laptop.prefab using Guid(bc9cdfad65562854b86c69a063285b2f) Importer(815301076,1909f56bfc062723c751e8b465ee728b)  -> (artifact id: '36ddc812449c0605b65349319d88b099') in 0.020741 seconds 
========================================================================
Received Prepare
Registering precompiled user dll's ...
Registered in 0.004102 seconds.
Begin MonoManager ReloadAssembly
Symbol file LoadedFromMemory doesn't match image C:\Users\Thibaud\Documents\Hack-Play\Hack&Play\Library\PackageCache\com.unity.visualscripting@1.8.0\Editor\VisualScripting.Core\Dependencies\YamlDotNet\Unity.VisualScripting.YamlDotNet.dll
Symbol file LoadedFromMemory doesn't match image C:\Users\Thibaud\Documents\Hack-Play\Hack&Play\Library\PackageCache\com.unity.visualscripting@1.8.0\Editor\VisualScripting.Core\Dependencies\DotNetZip\Unity.VisualScripting.IonicZip.dll
Native extension for WindowsStandalone target not found
Native extension for iOS target not found
Native extension for Android target not found
Refreshing native plugins compatible for Editor in 0.88 ms, found 3 plugins.
Preloading 0 native plugins for Editor in 0.00 ms.
Mono: successfully reloaded assembly
- Completed reload, in  0.932 seconds
Domain Reload Profiling:
	ReloadAssembly (933ms)
		BeginReloadAssembly (120ms)
			ExecutionOrderSort (0ms)
			DisableScriptedObjects (4ms)
			BackupInstance (0ms)
			ReleaseScriptingObjects (0ms)
			CreateAndSetChildDomain (31ms)
		EndReloadAssembly (724ms)
			LoadAssemblies (73ms)
			RebuildTransferFunctionScriptingTraits (0ms)
			SetupTypeCache (268ms)
			ReleaseScriptCaches (1ms)
			RebuildScriptCaches (45ms)
			SetupLoadedEditorAssemblies (277ms)
				LogAssemblyErrors (0ms)
				InitializePlatformSupportModulesInManaged (29ms)
				SetLoadedEditorAssemblies (0ms)
				RefreshPlugins (1ms)
				BeforeProcessingInitializeOnLoad (57ms)
				ProcessInitializeOnLoadAttributes (165ms)
				ProcessInitializeOnLoadMethodAttributes (17ms)
				AfterProcessingInitializeOnLoad (8ms)
				EditorAssembliesLoaded (0ms)
			ExecutionOrderSort2 (0ms)
			AwakeInstancesAfterBackupRestoration (7ms)
Platform modules already initialized, skipping
Refreshing native plugins compatible for Editor in 1.93 ms, found 3 plugins.
Preloading 0 native plugins for Editor in 0.00 ms.
Unloading 3256 Unused Serialized files (Serialized files now loaded: 0)
Unloading 20 unused Assets / (279.9 KB). Loaded Objects now: 3777.
Memory consumption went from 123.3 MB to 123.0 MB.
Total: 3.014300 ms (FindLiveObjects: 0.238400 ms CreateObjectMapping: 0.163300 ms MarkObjects: 2.446300 ms  DeleteObjects: 0.165200 ms)

AssetImportParameters requested are different than current active one (requested -> active):
  custom:video-decoder-ogg-theora: a1e56fd34408186e4bbccfd4996cb3dc -> 
  custom:container-muxer-webm: aa71ff27fc2769a1b78a27578f13a17b -> 
  custom:container-demuxer-webm: 4f35f7cbe854078d1ac9338744f61a02 -> 
  custom:video-encoder-webm-vp8: eb34c28f22e8b96e1ab97ce403110664 -> 
  custom:audio-encoder-webm-vorbis: bf7c407c2cedff20999df2af8eb42d56 -> 
  custom:framework-win-MediaFoundation: 216162199b28c13a410421893ffa2e32 -> 
  custom:container-demuxer-ogg: 62fdf1f143b41e24485cea50d1cbac27 -> 
  custom:video-decoder-webm-vp8: 9c59270c3fd7afecdb556c50c9e8de78 -> 
  custom:audio-decoder-ogg-vorbis: bf7c407c2cedff20999df2af8eb42d56 -> 
