Using pre-set license
Built from '2021.3/staging' branch; Version is '2021.3.19f1 (c9714fde33b6) revision 13201743'; Using compiler version '192829333'; Build Type 'Release'
OS: 'Windows 10  (10.0.19044) 64bit Professional' Language: 'fr' Physical Memory: 16250 MB
BatchMode: 1, IsHumanControllingUs: 0, StartBugReporterOnCrash: 0, Is64bit: 1, IsPro: 1

COMMAND LINE ARGUMENTS:
C:\Program Files\Unity\Hub\Editor\2021.3.19f1\Editor\Unity.exe
-adb2
-batchMode
-noUpm
-name
AssetImportWorker2
-projectPath
C:/Users/Thibaud/Documents/Hack-Play/Hack&Play
-logFile
Logs/AssetImportWorker2.log
-srvPort
53576
Successfully changed project path to: C:/Users/Thibaud/Documents/Hack-Play/Hack&Play
C:/Users/Thibaud/Documents/Hack-Play/Hack&Play
[UnityMemory] Configuration Parameters - Can be set up in boot.config
    "memorysetup-bucket-allocator-granularity=16"
    "memorysetup-bucket-allocator-bucket-count=8"
    "memorysetup-bucket-allocator-block-size=33554432"
    "memorysetup-bucket-allocator-block-count=8"
    "memorysetup-main-allocator-block-size=16777216"
    "memorysetup-thread-allocator-block-size=16777216"
    "memorysetup-gfx-main-allocator-block-size=16777216"
    "memorysetup-gfx-thread-allocator-block-size=16777216"
    "memorysetup-cache-allocator-block-size=4194304"
    "memorysetup-typetree-allocator-block-size=2097152"
    "memorysetup-profiler-bucket-allocator-granularity=16"
    "memorysetup-profiler-bucket-allocator-bucket-count=8"
    "memorysetup-profiler-bucket-allocator-block-size=33554432"
    "memorysetup-profiler-bucket-allocator-block-count=8"
    "memorysetup-profiler-allocator-block-size=16777216"
    "memorysetup-profiler-editor-allocator-block-size=1048576"
    "memorysetup-temp-allocator-size-main=16777216"
    "memorysetup-job-temp-allocator-block-size=2097152"
    "memorysetup-job-temp-allocator-block-size-background=1048576"
    "memorysetup-job-temp-allocator-reduction-small-platforms=262144"
    "memorysetup-temp-allocator-size-background-worker=32768"
    "memorysetup-temp-allocator-size-job-worker=262144"
    "memorysetup-temp-allocator-size-preload-manager=33554432"
    "memorysetup-temp-allocator-size-nav-mesh-worker=65536"
    "memorysetup-temp-allocator-size-audio-worker=65536"
    "memorysetup-temp-allocator-size-cloud-worker=32768"
    "memorysetup-temp-allocator-size-gi-baking-worker=262144"
    "memorysetup-temp-allocator-size-gfx=262144"
Player connection [4188] Host "[IP] 192.168.0.12 [Port] 0 [Flags] 2 [Guid] 3848360960 [EditorId] 3848360960 [Version] 1048832 [Id] WindowsEditor(7,DESKTOP-MGUKO82) [Debug] 1 [PackageName] WindowsEditor [ProjectName] Editor" joined multi-casting on [225.0.0.222:54997]...

Player connection [4188] Host "[IP] 192.168.0.12 [Port] 0 [Flags] 2 [Guid] 3848360960 [EditorId] 3848360960 [Version] 1048832 [Id] WindowsEditor(7,DESKTOP-MGUKO82) [Debug] 1 [PackageName] WindowsEditor [ProjectName] Editor" joined alternative multi-casting on [225.0.0.222:34997]...

Refreshing native plugins compatible for Editor in 92.45 ms, found 3 plugins.
Preloading 0 native plugins for Editor in 0.00 ms.
Initialize engine version: 2021.3.19f1 (c9714fde33b6)
[Subsystems] Discovering subsystems at path C:/Program Files/Unity/Hub/Editor/2021.3.19f1/Editor/Data/Resources/UnitySubsystems
[Subsystems] Discovering subsystems at path C:/Users/Thibaud/Documents/Hack-Play/Hack&Play/Assets
GfxDevice: creating device client; threaded=0; jobified=0
Direct3D:
    Version:  Direct3D 11.0 [level 11.1]
    Renderer: NVIDIA GeForce RTX 2060 (ID=0x1f15)
    Vendor:   NVIDIA
    VRAM:     5980 MB
    Driver:   31.0.15.1700
Initialize mono
Mono path[0] = 'C:/Program Files/Unity/Hub/Editor/2021.3.19f1/Editor/Data/Managed'
Mono path[1] = 'C:/Program Files/Unity/Hub/Editor/2021.3.19f1/Editor/Data/MonoBleedingEdge/lib/mono/unityjit-win32'
Mono config path = 'C:/Program Files/Unity/Hub/Editor/2021.3.19f1/Editor/Data/MonoBleedingEdge/etc'
Using monoOptions --debugger-agent=transport=dt_socket,embedding=1,server=y,suspend=n,address=127.0.0.1:56912
Begin MonoManager ReloadAssembly
Registering precompiled unity dll's ...
Register platform support module: C:/Program Files/Unity/Hub/Editor/2021.3.19f1/Editor/Data/PlaybackEngines/AndroidPlayer/UnityEditor.Android.Extensions.dll
Register platform support module: C:/Program Files/Unity/Hub/Editor/2021.3.19f1/Editor/Data/PlaybackEngines/iOSSupport/UnityEditor.iOS.Extensions.dll
Register platform support module: C:/Program Files/Unity/Hub/Editor/2021.3.19f1/Editor/Data/PlaybackEngines/WindowsStandaloneSupport/UnityEditor.WindowsStandalone.Extensions.dll
Registered in 0.007892 seconds.
Native extension for WindowsStandalone target not found
[usbmuxd] Start listen thread
[usbmuxd] Listen thread started
Native extension for iOS target not found
Native extension for Android target not found
Android Extension - Scanning For ADB Devices 210 ms
Refreshing native plugins compatible for Editor in 107.74 ms, found 3 plugins.
Preloading 0 native plugins for Editor in 0.00 ms.
Mono: successfully reloaded assembly
- Completed reload, in  0.879 seconds
Domain Reload Profiling:
	ReloadAssembly (880ms)
		BeginReloadAssembly (65ms)
			ExecutionOrderSort (0ms)
			DisableScriptedObjects (0ms)
			BackupInstance (0ms)
			ReleaseScriptingObjects (0ms)
			CreateAndSetChildDomain (1ms)
		EndReloadAssembly (710ms)
			LoadAssemblies (63ms)
			RebuildTransferFunctionScriptingTraits (0ms)
			SetupTypeCache (105ms)
			ReleaseScriptCaches (0ms)
			RebuildScriptCaches (26ms)
			SetupLoadedEditorAssemblies (529ms)
				LogAssemblyErrors (0ms)
				InitializePlatformSupportModulesInManaged (294ms)
				SetLoadedEditorAssemblies (0ms)
				RefreshPlugins (108ms)
				BeforeProcessingInitializeOnLoad (1ms)
				ProcessInitializeOnLoadAttributes (84ms)
				ProcessInitializeOnLoadMethodAttributes (41ms)
				AfterProcessingInitializeOnLoad (0ms)
				EditorAssembliesLoaded (0ms)
			ExecutionOrderSort2 (0ms)
			AwakeInstancesAfterBackupRestoration (0ms)
Platform modules already initialized, skipping
Registering precompiled user dll's ...
Registered in 0.004358 seconds.
Begin MonoManager ReloadAssembly
Symbol file LoadedFromMemory doesn't match image C:\Users\Thibaud\Documents\Hack-Play\Hack&Play\Library\PackageCache\com.unity.visualscripting@1.8.0\Editor\VisualScripting.Core\Dependencies\YamlDotNet\Unity.VisualScripting.YamlDotNet.dll
Symbol file LoadedFromMemory doesn't match image C:\Users\Thibaud\Documents\Hack-Play\Hack&Play\Library\PackageCache\com.unity.visualscripting@1.8.0\Editor\VisualScripting.Core\Dependencies\DotNetZip\Unity.VisualScripting.IonicZip.dll
Native extension for WindowsStandalone target not found
Native extension for iOS target not found
Native extension for Android target not found
Refreshing native plugins compatible for Editor in 1.45 ms, found 3 plugins.
Preloading 0 native plugins for Editor in 0.00 ms.
Mono: successfully reloaded assembly
- Completed reload, in  1.046 seconds
Domain Reload Profiling:
	ReloadAssembly (1047ms)
		BeginReloadAssembly (99ms)
			ExecutionOrderSort (0ms)
			DisableScriptedObjects (5ms)
			BackupInstance (0ms)
			ReleaseScriptingObjects (0ms)
			CreateAndSetChildDomain (17ms)
		EndReloadAssembly (840ms)
			LoadAssemblies (70ms)
			RebuildTransferFunctionScriptingTraits (0ms)
			SetupTypeCache (249ms)
			ReleaseScriptCaches (1ms)
			RebuildScriptCaches (63ms)
			SetupLoadedEditorAssemblies (376ms)
				LogAssemblyErrors (0ms)
				InitializePlatformSupportModulesInManaged (26ms)
				SetLoadedEditorAssemblies (0ms)
				RefreshPlugins (2ms)
				BeforeProcessingInitializeOnLoad (97ms)
				ProcessInitializeOnLoadAttributes (223ms)
				ProcessInitializeOnLoadMethodAttributes (20ms)
				AfterProcessingInitializeOnLoad (7ms)
				EditorAssembliesLoaded (0ms)
			ExecutionOrderSort2 (0ms)
			AwakeInstancesAfterBackupRestoration (9ms)
Platform modules already initialized, skipping
========================================================================
Worker process is ready to serve import requests
Launched and connected shader compiler UnityShaderCompiler.exe after 0.03 seconds
Refreshing native plugins compatible for Editor in 0.74 ms, found 3 plugins.
Preloading 0 native plugins for Editor in 0.00 ms.
Unloading 3049 Unused Serialized files (Serialized files now loaded: 0)
Unloading 24 unused Assets / (114.1 KB). Loaded Objects now: 3516.
Memory consumption went from 111.7 MB to 111.6 MB.
Total: 2.583800 ms (FindLiveObjects: 0.225000 ms CreateObjectMapping: 0.203900 ms MarkObjects: 2.053500 ms  DeleteObjects: 0.100300 ms)

AssetImportParameters requested are different than current active one (requested -> active):
  custom:video-decoder-ogg-theora: a1e56fd34408186e4bbccfd4996cb3dc -> 
  custom:container-muxer-webm: aa71ff27fc2769a1b78a27578f13a17b -> 
  custom:container-demuxer-webm: 4f35f7cbe854078d1ac9338744f61a02 -> 
  custom:video-encoder-webm-vp8: eb34c28f22e8b96e1ab97ce403110664 -> 
  custom:audio-encoder-webm-vorbis: bf7c407c2cedff20999df2af8eb42d56 -> 
  custom:framework-win-MediaFoundation: 216162199b28c13a410421893ffa2e32 -> 
  custom:container-demuxer-ogg: 62fdf1f143b41e24485cea50d1cbac27 -> 
  custom:video-decoder-webm-vp8: 9c59270c3fd7afecdb556c50c9e8de78 -> 
  custom:audio-decoder-ogg-vorbis: bf7c407c2cedff20999df2af8eb42d56 -> 
========================================================================
Received Prepare
Registering precompiled user dll's ...
Registered in 0.005677 seconds.
Begin MonoManager ReloadAssembly
Symbol file LoadedFromMemory doesn't match image C:\Users\Thibaud\Documents\Hack-Play\Hack&Play\Library\PackageCache\com.unity.visualscripting@1.8.0\Editor\VisualScripting.Core\Dependencies\YamlDotNet\Unity.VisualScripting.YamlDotNet.dll
Symbol file LoadedFromMemory doesn't match image C:\Users\Thibaud\Documents\Hack-Play\Hack&Play\Library\PackageCache\com.unity.visualscripting@1.8.0\Editor\VisualScripting.Core\Dependencies\DotNetZip\Unity.VisualScripting.IonicZip.dll
Native extension for WindowsStandalone target not found
Native extension for iOS target not found
Native extension for Android target not found
Refreshing native plugins compatible for Editor in 0.87 ms, found 3 plugins.
Preloading 0 native plugins for Editor in 0.00 ms.
Mono: successfully reloaded assembly
- Completed reload, in  1.112 seconds
Domain Reload Profiling:
	ReloadAssembly (1112ms)
		BeginReloadAssembly (237ms)
			ExecutionOrderSort (0ms)
			DisableScriptedObjects (10ms)
			BackupInstance (0ms)
			ReleaseScriptingObjects (0ms)
			CreateAndSetChildDomain (103ms)
		EndReloadAssembly (754ms)
			LoadAssemblies (87ms)
			RebuildTransferFunctionScriptingTraits (0ms)
			SetupTypeCache (280ms)
			ReleaseScriptCaches (1ms)
			RebuildScriptCaches (37ms)
			SetupLoadedEditorAssemblies (304ms)
				LogAssemblyErrors (0ms)
				InitializePlatformSupportModulesInManaged (29ms)
				SetLoadedEditorAssemblies (0ms)
				RefreshPlugins (1ms)
				BeforeProcessingInitializeOnLoad (60ms)
				ProcessInitializeOnLoadAttributes (188ms)
				ProcessInitializeOnLoadMethodAttributes (18ms)
				AfterProcessingInitializeOnLoad (7ms)
				EditorAssembliesLoaded (0ms)
			ExecutionOrderSort2 (0ms)
			AwakeInstancesAfterBackupRestoration (7ms)
Platform modules already initialized, skipping
Refreshing native plugins compatible for Editor in 1.76 ms, found 3 plugins.
Preloading 0 native plugins for Editor in 0.00 ms.
Unloading 3044 Unused Serialized files (Serialized files now loaded: 0)
Unloading 17 unused Assets / (80.8 KB). Loaded Objects now: 3521.
Memory consumption went from 111.6 MB to 111.5 MB.
Total: 3.236600 ms (FindLiveObjects: 0.216500 ms CreateObjectMapping: 0.133400 ms MarkObjects: 2.716400 ms  DeleteObjects: 0.169500 ms)

AssetImportParameters requested are different than current active one (requested -> active):
  custom:video-decoder-ogg-theora: a1e56fd34408186e4bbccfd4996cb3dc -> 
  custom:container-muxer-webm: aa71ff27fc2769a1b78a27578f13a17b -> 
  custom:container-demuxer-webm: 4f35f7cbe854078d1ac9338744f61a02 -> 
  custom:video-encoder-webm-vp8: eb34c28f22e8b96e1ab97ce403110664 -> 
  custom:audio-encoder-webm-vorbis: bf7c407c2cedff20999df2af8eb42d56 -> 
  custom:framework-win-MediaFoundation: 216162199b28c13a410421893ffa2e32 -> 
  custom:container-demuxer-ogg: 62fdf1f143b41e24485cea50d1cbac27 -> 
  custom:video-decoder-webm-vp8: 9c59270c3fd7afecdb556c50c9e8de78 -> 
  custom:audio-decoder-ogg-vorbis: bf7c407c2cedff20999df2af8eb42d56 -> 
========================================================================
Received Import Request.
  Time since last request: 656773.817999 seconds.
  path: Assets/SimpleShopInteriors/_prefabs/Props/SI_Prop_AlcoholShelf_01.prefab
  artifactKey: Guid(3e459052b2e58504a9a53c6545a6b310) Importer(815301076,1909f56bfc062723c751e8b465ee728b)
Start importing Assets/SimpleShopInteriors/_prefabs/Props/SI_Prop_AlcoholShelf_01.prefab using Guid(3e459052b2e58504a9a53c6545a6b310) Importer(815301076,1909f56bfc062723c751e8b465ee728b)  -> (artifact id: '9ca4109e88be5542a4dde1a0ee10aed6') in 0.148900 seconds 
========================================================================
Received Import Request.
  Time since last request: 0.000020 seconds.
  path: Assets/SimpleShopInteriors/_prefabs/Props/SI_Prop_Arcade_ClawMachine_03.prefab
  artifactKey: Guid(750e1e4de06d05e47a30a5c720408a4d) Importer(815301076,1909f56bfc062723c751e8b465ee728b)
Start importing Assets/SimpleShopInteriors/_prefabs/Props/SI_Prop_Arcade_ClawMachine_03.prefab using Guid(750e1e4de06d05e47a30a5c720408a4d) Importer(815301076,1909f56bfc062723c751e8b465ee728b)  -> (artifact id: 'a86a361ab8184cc13acffe3a438b7e92') in 0.022339 seconds 
========================================================================
Received Import Request.
  Time since last request: 0.000017 seconds.
  path: Assets/SimpleShopInteriors/_prefabs/Props/SI_Prop_Briefcase.prefab
  artifactKey: Guid(d461c3c7bf2ab17419ccb8a2cb8f410c) Importer(815301076,1909f56bfc062723c751e8b465ee728b)
Start importing Assets/SimpleShopInteriors/_prefabs/Props/SI_Prop_Briefcase.prefab using Guid(d461c3c7bf2ab17419ccb8a2cb8f410c) Importer(815301076,1909f56bfc062723c751e8b465ee728b)  -> (artifact id: '832d2354fb233bd9ac338800f10e4a62') in 0.017137 seconds 
========================================================================
Received Import Request.
  Time since last request: 0.000019 seconds.
  path: Assets/SimpleShopInteriors/_prefabs/Props/SI_Prop_CarboardBox_01.prefab
  artifactKey: Guid(70c9024fb06785b488ac7fc8a5b7a04b) Importer(815301076,1909f56bfc062723c751e8b465ee728b)
Start importing Assets/SimpleShopInteriors/_prefabs/Props/SI_Prop_CarboardBox_01.prefab using Guid(70c9024fb06785b488ac7fc8a5b7a04b) Importer(815301076,1909f56bfc062723c751e8b465ee728b)  -> (artifact id: '657083c2ff12d62b5134b0fb2a426dcd') in 0.017449 seconds 
========================================================================
Received Import Request.
  Time since last request: 0.000022 seconds.
  path: Assets/SimpleShopInteriors/_prefabs/Props/SI_Prop_ArcadeMachine_02.prefab
  artifactKey: Guid(852cdfb4a38ab3a4fbc0a1f3afb3d6d5) Importer(815301076,1909f56bfc062723c751e8b465ee728b)
Start importing Assets/SimpleShopInteriors/_prefabs/Props/SI_Prop_ArcadeMachine_02.prefab using Guid(852cdfb4a38ab3a4fbc0a1f3afb3d6d5) Importer(815301076,1909f56bfc062723c751e8b465ee728b)  -> (artifact id: '4abb0fd6b4d3ac55a20b1d163fd44c68') in 0.017271 seconds 
========================================================================
Received Import Request.
  Time since last request: 0.000015 seconds.
  path: Assets/SimpleShopInteriors/_prefabs/Props/SI_Prop_ChairTables_01.prefab
  artifactKey: Guid(fd6e12dfdaa344040be84d2a959c5dde) Importer(815301076,1909f56bfc062723c751e8b465ee728b)
Start importing Assets/SimpleShopInteriors/_prefabs/Props/SI_Prop_ChairTables_01.prefab using Guid(fd6e12dfdaa344040be84d2a959c5dde) Importer(815301076,1909f56bfc062723c751e8b465ee728b)  -> (artifact id: '8b8f32aa1d22d1d7d162360efc1034ef') in 0.018611 seconds 
========================================================================
Received Import Request.
  Time since last request: 0.000013 seconds.
  path: Assets/SimpleShopInteriors/_prefabs/Props/SI_Prop_Chair_01.prefab
  artifactKey: Guid(110f9672af92b1742a85a890baacf52d) Importer(815301076,1909f56bfc062723c751e8b465ee728b)
Start importing Assets/SimpleShopInteriors/_prefabs/Props/SI_Prop_Chair_01.prefab using Guid(110f9672af92b1742a85a890baacf52d) Importer(815301076,1909f56bfc062723c751e8b465ee728b)  -> (artifact id: '48b51a05e5887faedab460be9de3dbd8') in 0.018621 seconds 
========================================================================
Received Import Request.
  Time since last request: 0.000016 seconds.
  path: Assets/SimpleShopInteriors/_prefabs/Props/SI_Prop_CarboardBox_03.prefab
  artifactKey: Guid(1763f2b7efc98e141bc3fb782ee75088) Importer(815301076,1909f56bfc062723c751e8b465ee728b)
Start importing Assets/SimpleShopInteriors/_prefabs/Props/SI_Prop_CarboardBox_03.prefab using Guid(1763f2b7efc98e141bc3fb782ee75088) Importer(815301076,1909f56bfc062723c751e8b465ee728b)  -> (artifact id: '99fbddd9277fff6aa16916c7e1846282') in 0.020003 seconds 
========================================================================
Received Import Request.
  Time since last request: 0.000016 seconds.
  path: Assets/SimpleShopInteriors/_prefabs/Props/SI_Prop_ConcreteBench_02.prefab
  artifactKey: Guid(b903326ca563e4645913693d0bb2aa0f) Importer(815301076,1909f56bfc062723c751e8b465ee728b)
Start importing Assets/SimpleShopInteriors/_prefabs/Props/SI_Prop_ConcreteBench_02.prefab using Guid(b903326ca563e4645913693d0bb2aa0f) Importer(815301076,1909f56bfc062723c751e8b465ee728b)  -> (artifact id: '2a3145a2ef8df0e6414d4d444a7dd601') in 0.017920 seconds 
========================================================================
Received Import Request.
  Time since last request: 0.000015 seconds.
  path: Assets/SimpleShopInteriors/_prefabs/Props/SI_Prop_Counter_01.prefab
  artifactKey: Guid(92680816caefc9642bd68d3dde4fe320) Importer(815301076,1909f56bfc062723c751e8b465ee728b)
Start importing Assets/SimpleShopInteriors/_prefabs/Props/SI_Prop_Counter_01.prefab using Guid(92680816caefc9642bd68d3dde4fe320) Importer(815301076,1909f56bfc062723c751e8b465ee728b)  -> (artifact id: 'fe9e37687348b18d9c52d0aac23db6a1') in 0.015134 seconds 
========================================================================
Received Import Request.
  Time since last request: 0.000019 seconds.
  path: Assets/SimpleShopInteriors/_prefabs/Props/SI_Prop_Counter_06.prefab
  artifactKey: Guid(87525b00716eb1d41aa79c2332ae3cc1) Importer(815301076,1909f56bfc062723c751e8b465ee728b)
Start importing Assets/SimpleShopInteriors/_prefabs/Props/SI_Prop_Counter_06.prefab using Guid(87525b00716eb1d41aa79c2332ae3cc1) Importer(815301076,1909f56bfc062723c751e8b465ee728b)  -> (artifact id: '672678de8179b9adb7b0db1ce9737b8c') in 0.015852 seconds 
========================================================================
Received Import Request.
  Time since last request: 0.000018 seconds.
  path: Assets/SimpleShopInteriors/_prefabs/Props/SI_Prop_Counter_08.prefab
  artifactKey: Guid(9c8cb53c8c3a8444c96d513d1bde208a) Importer(815301076,1909f56bfc062723c751e8b465ee728b)
Start importing Assets/SimpleShopInteriors/_prefabs/Props/SI_Prop_Counter_08.prefab using Guid(9c8cb53c8c3a8444c96d513d1bde208a) Importer(815301076,1909f56bfc062723c751e8b465ee728b)  -> (artifact id: 'bf4c3948dcd2ac83e46224904e988255') in 0.015343 seconds 
========================================================================
Received Import Request.
  Time since last request: 0.000014 seconds.
  path: Assets/SimpleShopInteriors/_prefabs/Props/SI_Prop_ConcreteBench_01.prefab
  artifactKey: Guid(1f153ff908ff3cb45bda0cd2de8459e1) Importer(815301076,1909f56bfc062723c751e8b465ee728b)
Start importing Assets/SimpleShopInteriors/_prefabs/Props/SI_Prop_ConcreteBench_01.prefab using Guid(1f153ff908ff3cb45bda0cd2de8459e1) Importer(815301076,1909f56bfc062723c751e8b465ee728b)  -> (artifact id: '000cf2f1a87b584f33c6f2c4eef652a2') in 0.018296 seconds 
========================================================================
Received Import Request.
  Time since last request: 0.000023 seconds.
  path: Assets/SimpleShopInteriors/_prefabs/Props/SI_Prop_Basket_HandleUp_02.prefab
  artifactKey: Guid(dc545c180c08aec49bd8e697b1ddd210) Importer(815301076,1909f56bfc062723c751e8b465ee728b)
Start importing Assets/SimpleShopInteriors/_prefabs/Props/SI_Prop_Basket_HandleUp_02.prefab using Guid(dc545c180c08aec49bd8e697b1ddd210) Importer(815301076,1909f56bfc062723c751e8b465ee728b)  -> (artifact id: 'c837c9a96876bd58afcee2cec6c3eaab') in 0.026491 seconds 
========================================================================
Received Import Request.
  Time since last request: 0.000040 seconds.
  path: Assets/SimpleShopInteriors/_prefabs/Props/SI_Prop_Coffee_Kiosk.prefab
  artifactKey: Guid(04719437db2dd214d9e34b9898c1c3b0) Importer(815301076,1909f56bfc062723c751e8b465ee728b)
Start importing Assets/SimpleShopInteriors/_prefabs/Props/SI_Prop_Coffee_Kiosk.prefab using Guid(04719437db2dd214d9e34b9898c1c3b0) Importer(815301076,1909f56bfc062723c751e8b465ee728b)  -> (artifact id: '86a1080dd852b5b272cff70037033bb6') in 0.020767 seconds 
========================================================================
Received Import Request.
  Time since last request: 0.000046 seconds.
  path: Assets/SimpleShopInteriors/_prefabs/Props/SI_Prop_Bench_02.prefab
  artifactKey: Guid(75493e3a7f8392c4c89e81ad66695139) Importer(815301076,1909f56bfc062723c751e8b465ee728b)
Start importing Assets/SimpleShopInteriors/_prefabs/Props/SI_Prop_Bench_02.prefab using Guid(75493e3a7f8392c4c89e81ad66695139) Importer(815301076,1909f56bfc062723c751e8b465ee728b)  -> (artifact id: '6b553fd08932a2d8575f7a4efdc49c5a') in 0.020244 seconds 
========================================================================
Received Import Request.
  Time since last request: 0.000019 seconds.
  path: Assets/SimpleShopInteriors/_prefabs/Props/SI_Prop_Counter_05.prefab
  artifactKey: Guid(8cd1b6f82576b1c48887e4f5b222d3a6) Importer(815301076,1909f56bfc062723c751e8b465ee728b)
Start importing Assets/SimpleShopInteriors/_prefabs/Props/SI_Prop_Counter_05.prefab using Guid(8cd1b6f82576b1c48887e4f5b222d3a6) Importer(815301076,1909f56bfc062723c751e8b465ee728b)  -> (artifact id: '9c094b8dc17cf0a2e97bcdb38415ed1a') in 0.029082 seconds 
========================================================================
Received Import Request.
  Time since last request: 0.000014 seconds.
  path: Assets/SimpleShopInteriors/_prefabs/Props/SI_Prop_ClothesHook_02.prefab
  artifactKey: Guid(8fad05661e0c1b845a53ce11df79f65f) Importer(815301076,1909f56bfc062723c751e8b465ee728b)
Start importing Assets/SimpleShopInteriors/_prefabs/Props/SI_Prop_ClothesHook_02.prefab using Guid(8fad05661e0c1b845a53ce11df79f65f) Importer(815301076,1909f56bfc062723c751e8b465ee728b)  -> (artifact id: '28203cde19f7cecec0f8f7062802736b') in 0.019575 seconds 
========================================================================
Received Import Request.
  Time since last request: 0.000018 seconds.
  path: Assets/SimpleShopInteriors/_prefabs/Props/SI_Prop_Counter_04.prefab
  artifactKey: Guid(1033ef213025dc349b6ed903c12758fb) Importer(815301076,1909f56bfc062723c751e8b465ee728b)
Start importing Assets/SimpleShopInteriors/_prefabs/Props/SI_Prop_Counter_04.prefab using Guid(1033ef213025dc349b6ed903c12758fb) Importer(815301076,1909f56bfc062723c751e8b465ee728b)  -> (artifact id: 'f8ec83c727b6ff4dcf82d2b241e3bf9a') in 0.019249 seconds 
========================================================================
Received Import Request.
  Time since last request: 0.000021 seconds.
  path: Assets/SimpleShopInteriors/_prefabs/Props/SI_Prop_Counter_03.prefab
  artifactKey: Guid(9c0f1467e02fdb049a0fe72a68a50a31) Importer(815301076,1909f56bfc062723c751e8b465ee728b)
Start importing Assets/SimpleShopInteriors/_prefabs/Props/SI_Prop_Counter_03.prefab using Guid(9c0f1467e02fdb049a0fe72a68a50a31) Importer(815301076,1909f56bfc062723c751e8b465ee728b)  -> (artifact id: '6b6f64ee05066c0ca79d6921935ca8ad') in 0.019602 seconds 
========================================================================
Received Import Request.
  Time since last request: 0.000021 seconds.
  path: Assets/SimpleShopInteriors/_prefabs/Props/SI_Prop_Basket_HandleUp_01.prefab
  artifactKey: Guid(d7ada917e78e68c4faa65010233e8244) Importer(815301076,1909f56bfc062723c751e8b465ee728b)
Start importing Assets/SimpleShopInteriors/_prefabs/Props/SI_Prop_Basket_HandleUp_01.prefab using Guid(d7ada917e78e68c4faa65010233e8244) Importer(815301076,1909f56bfc062723c751e8b465ee728b)  -> (artifact id: 'a0932168b38c9f77bb4697d3a1b7c985') in 0.018005 seconds 
========================================================================
Received Import Request.
  Time since last request: 0.000016 seconds.
  path: Assets/SimpleShopInteriors/_prefabs/Props/SI_Prop_Arcade_AirHockey.prefab
  artifactKey: Guid(80b9714f2e72d0f44b4863724e3092c5) Importer(815301076,1909f56bfc062723c751e8b465ee728b)
Start importing Assets/SimpleShopInteriors/_prefabs/Props/SI_Prop_Arcade_AirHockey.prefab using Guid(80b9714f2e72d0f44b4863724e3092c5) Importer(815301076,1909f56bfc062723c751e8b465ee728b)  -> (artifact id: '1776b4132300b84a11c31a96c023eaee') in 0.019458 seconds 
========================================================================
Received Import Request.
  Time since last request: 0.000024 seconds.
  path: Assets/SimpleShopInteriors/_prefabs/Props/SI_Prop_Counter_12.prefab
  artifactKey: Guid(c7e652f9fa0dc5d47896d2c69b0345a8) Importer(815301076,1909f56bfc062723c751e8b465ee728b)
Start importing Assets/SimpleShopInteriors/_prefabs/Props/SI_Prop_Counter_12.prefab using Guid(c7e652f9fa0dc5d47896d2c69b0345a8) Importer(815301076,1909f56bfc062723c751e8b465ee728b)  -> (artifact id: '2bfd698bc41490a459d246c1ea24db95') in 0.018465 seconds 
========================================================================
Received Import Request.
  Time since last request: 0.000019 seconds.
  path: Assets/SimpleShopInteriors/_prefabs/Props/SI_Prop_Basket_HandleDown_01.prefab
  artifactKey: Guid(01d4ec10bc4739c4a90bcb42979b3ebf) Importer(815301076,1909f56bfc062723c751e8b465ee728b)
Start importing Assets/SimpleShopInteriors/_prefabs/Props/SI_Prop_Basket_HandleDown_01.prefab using Guid(01d4ec10bc4739c4a90bcb42979b3ebf) Importer(815301076,1909f56bfc062723c751e8b465ee728b)  -> (artifact id: '05a953c7a4a26bef855a035eecdf64c1') in 0.027090 seconds 
========================================================================
Received Import Request.
  Time since last request: 0.000031 seconds.
  path: Assets/SimpleShopInteriors/_prefabs/Props/SI_Prop_Counter_11.prefab
  artifactKey: Guid(cc9d05a9cd756a840b1bf5926891f4a7) Importer(815301076,1909f56bfc062723c751e8b465ee728b)
Start importing Assets/SimpleShopInteriors/_prefabs/Props/SI_Prop_Counter_11.prefab using Guid(cc9d05a9cd756a840b1bf5926891f4a7) Importer(815301076,1909f56bfc062723c751e8b465ee728b)  -> (artifact id: '9caf17eb3d349a846a2810d14bc49a47') in 0.018397 seconds 
========================================================================
Received Import Request.
  Time since last request: 0.000026 seconds.
  path: Assets/SimpleShopInteriors/_prefabs/Props/SI_Prop_ButcherCounter_04.prefab
  artifactKey: Guid(1bbd11daa6d509343b6a67fe84f3b87a) Importer(815301076,1909f56bfc062723c751e8b465ee728b)
Start importing Assets/SimpleShopInteriors/_prefabs/Props/SI_Prop_ButcherCounter_04.prefab using Guid(1bbd11daa6d509343b6a67fe84f3b87a) Importer(815301076,1909f56bfc062723c751e8b465ee728b)  -> (artifact id: 'a7c9ddd32bab3d0baf4f339874424678') in 0.018522 seconds 
========================================================================
Received Import Request.
  Time since last request: 0.000021 seconds.
  path: Assets/SimpleShopInteriors/_prefabs/Props/SI_Prop_CarboardBox_02.prefab
  artifactKey: Guid(900cfc3afed080947b0f35fe956bcdd1) Importer(815301076,1909f56bfc062723c751e8b465ee728b)
Start importing Assets/SimpleShopInteriors/_prefabs/Props/SI_Prop_CarboardBox_02.prefab using Guid(900cfc3afed080947b0f35fe956bcdd1) Importer(815301076,1909f56bfc062723c751e8b465ee728b)  -> (artifact id: '7f5f5ee444056e949178b5bb18fb8995') in 0.018846 seconds 
========================================================================
Received Import Request.
  Time since last request: 0.000019 seconds.
  path: Assets/SimpleShopInteriors/_prefabs/Props/SI_Prop_ATM_01.prefab
  artifactKey: Guid(13095cc17faefbc45a7314e7d1b38f24) Importer(815301076,1909f56bfc062723c751e8b465ee728b)
Start importing Assets/SimpleShopInteriors/_prefabs/Props/SI_Prop_ATM_01.prefab using Guid(13095cc17faefbc45a7314e7d1b38f24) Importer(815301076,1909f56bfc062723c751e8b465ee728b)  -> (artifact id: '03977042d866020e9d87308eb5e8887f') in 0.021571 seconds 
========================================================================
Received Import Request.
  Time since last request: 0.000035 seconds.
  path: Assets/SimpleShopInteriors/_prefabs/Props/SI_Prop_CookingSurface_01.prefab
  artifactKey: Guid(dd799526458bf8a4691c0e9e208f4aad) Importer(815301076,1909f56bfc062723c751e8b465ee728b)
Start importing Assets/SimpleShopInteriors/_prefabs/Props/SI_Prop_CookingSurface_01.prefab using Guid(dd799526458bf8a4691c0e9e208f4aad) Importer(815301076,1909f56bfc062723c751e8b465ee728b)  -> (artifact id: 'd15131eb623643fd0b7072635190cde9') in 0.029312 seconds 
========================================================================
Received Import Request.
  Time since last request: 0.000017 seconds.
  path: Assets/SimpleShopInteriors/_prefabs/Props/SI_Prop_Arcade_Motorbike_01.prefab
  artifactKey: Guid(76e8a9674c453e04d95e6dd79a0f503b) Importer(815301076,1909f56bfc062723c751e8b465ee728b)
Start importing Assets/SimpleShopInteriors/_prefabs/Props/SI_Prop_Arcade_Motorbike_01.prefab using Guid(76e8a9674c453e04d95e6dd79a0f503b) Importer(815301076,1909f56bfc062723c751e8b465ee728b)  -> (artifact id: '0bcbca3a406c43b426753e70e1f1a1c7') in 0.029154 seconds 
========================================================================
Received Import Request.
  Time since last request: 0.000023 seconds.
  path: Assets/SimpleShopInteriors/_prefabs/Props/SI_Prop_CoffeeMachine_01.prefab
  artifactKey: Guid(d337c32f9898ac3489f6d5af590aaf54) Importer(815301076,1909f56bfc062723c751e8b465ee728b)
Start importing Assets/SimpleShopInteriors/_prefabs/Props/SI_Prop_CoffeeMachine_01.prefab using Guid(d337c32f9898ac3489f6d5af590aaf54) Importer(815301076,1909f56bfc062723c751e8b465ee728b)  -> (artifact id: '23fbc21e3f3ef4d15e7eea151f304722') in 0.022143 seconds 
========================================================================
Received Import Request.
  Time since last request: 0.000023 seconds.
  path: Assets/SimpleShopInteriors/_prefabs/Props/SI_Prop_Arcade_Motorbike_02.prefab
  artifactKey: Guid(938f02b0ee3752b4e9040da32e662215) Importer(815301076,1909f56bfc062723c751e8b465ee728b)
Start importing Assets/SimpleShopInteriors/_prefabs/Props/SI_Prop_Arcade_Motorbike_02.prefab using Guid(938f02b0ee3752b4e9040da32e662215) Importer(815301076,1909f56bfc062723c751e8b465ee728b)  -> (artifact id: '5da87401d8782ceaffb77075444ce7d6') in 0.020760 seconds 
========================================================================
Received Import Request.
  Time since last request: 0.000035 seconds.
  path: Assets/SimpleShopInteriors/_prefabs/Props/SI_Prop_ButcherCounter_03.prefab
  artifactKey: Guid(6621a6b9eaf10764c871caeae2100d2d) Importer(815301076,1909f56bfc062723c751e8b465ee728b)
Start importing Assets/SimpleShopInteriors/_prefabs/Props/SI_Prop_ButcherCounter_03.prefab using Guid(6621a6b9eaf10764c871caeae2100d2d) Importer(815301076,1909f56bfc062723c751e8b465ee728b)  -> (artifact id: 'cb5d1062826ec37a0ab54241d9b37870') in 0.023578 seconds 
========================================================================
Received Import Request.
  Time since last request: 0.000021 seconds.
  path: Assets/SimpleShopInteriors/_prefabs/Props/SI_Prop_Basket_HandleDown_02.prefab
  artifactKey: Guid(3f80128d0bf7d73448d1226ff51f8f94) Importer(815301076,1909f56bfc062723c751e8b465ee728b)
Start importing Assets/SimpleShopInteriors/_prefabs/Props/SI_Prop_Basket_HandleDown_02.prefab using Guid(3f80128d0bf7d73448d1226ff51f8f94) Importer(815301076,1909f56bfc062723c751e8b465ee728b)  -> (artifact id: 'e3522b9dd20c958b76b32d66c2ea10fe') in 0.026361 seconds 
========================================================================
Received Import Request.
  Time since last request: 0.000056 seconds.
  path: Assets/SimpleShopInteriors/_prefabs/Props/SI_Prop_CardScanner_01.prefab
  artifactKey: Guid(84abb24f59c902a4a8253c629a3a0f83) Importer(815301076,1909f56bfc062723c751e8b465ee728b)
Start importing Assets/SimpleShopInteriors/_prefabs/Props/SI_Prop_CardScanner_01.prefab using Guid(84abb24f59c902a4a8253c629a3a0f83) Importer(815301076,1909f56bfc062723c751e8b465ee728b)  -> (artifact id: 'ba9342c4069333c26bf510539df6e200') in 0.024179 seconds 
========================================================================
Received Import Request.
  Time since last request: 0.000017 seconds.
  path: Assets/SimpleShopInteriors/_prefabs/Props/SI_Prop_ClothesHook_03.prefab
  artifactKey: Guid(92d8eb91aa30f53409188eacaf678e0c) Importer(815301076,1909f56bfc062723c751e8b465ee728b)
Start importing Assets/SimpleShopInteriors/_prefabs/Props/SI_Prop_ClothesHook_03.prefab using Guid(92d8eb91aa30f53409188eacaf678e0c) Importer(815301076,1909f56bfc062723c751e8b465ee728b)  -> (artifact id: 'b1e3910224147cf9c76b3cd7b9ef1257') in 0.024190 seconds 
========================================================================
Received Import Request.
  Time since last request: 0.000022 seconds.
  path: Assets/SimpleShopInteriors/_prefabs/Props/SI_Prop_Arcade_SkeeballMachine_02.prefab
  artifactKey: Guid(823a66a280057584794200629977a1bf) Importer(815301076,1909f56bfc062723c751e8b465ee728b)
Start importing Assets/SimpleShopInteriors/_prefabs/Props/SI_Prop_Arcade_SkeeballMachine_02.prefab using Guid(823a66a280057584794200629977a1bf) Importer(815301076,1909f56bfc062723c751e8b465ee728b)  -> (artifact id: '8d2e1622474479243449f6ebd3e660b0') in 0.021098 seconds 
========================================================================
Received Import Request.
  Time since last request: 0.000022 seconds.
  path: Assets/SimpleShopInteriors/_prefabs/Props/SI_Prop_CheckoutCounter_01.prefab
  artifactKey: Guid(33510f5fab2abee47b3c47b326bd22e8) Importer(815301076,1909f56bfc062723c751e8b465ee728b)
Start importing Assets/SimpleShopInteriors/_prefabs/Props/SI_Prop_CheckoutCounter_01.prefab using Guid(33510f5fab2abee47b3c47b326bd22e8) Importer(815301076,1909f56bfc062723c751e8b465ee728b)  -> (artifact id: '936d921d067a185ecb44ef61a63877ed') in 0.022662 seconds 
========================================================================
Received Import Request.
  Time since last request: 0.000044 seconds.
  path: Assets/SimpleShopInteriors/_prefabs/Props/SI_Prop_Arcade_ClawMachine_02.prefab
  artifactKey: Guid(138e53b22807a77499c486154a7f6c45) Importer(815301076,1909f56bfc062723c751e8b465ee728b)
Start importing Assets/SimpleShopInteriors/_prefabs/Props/SI_Prop_Arcade_ClawMachine_02.prefab using Guid(138e53b22807a77499c486154a7f6c45) Importer(815301076,1909f56bfc062723c751e8b465ee728b)  -> (artifact id: '744c2e8e0cf3cc21bea41cc1d1a61456') in 0.024607 seconds 
========================================================================
Received Import Request.
  Time since last request: 0.828216 seconds.
  path: Assets/SimpleShopInteriors/_prefabs/Props/SI_Prop_FastfoodTray_01.prefab
  artifactKey: Guid(cc653bb519e03774d9b9569addb9bffc) Importer(815301076,1909f56bfc062723c751e8b465ee728b)
Start importing Assets/SimpleShopInteriors/_prefabs/Props/SI_Prop_FastfoodTray_01.prefab using Guid(cc653bb519e03774d9b9569addb9bffc) Importer(815301076,1909f56bfc062723c751e8b465ee728b)  -> (artifact id: 'f9862ef2781035679fa74594a73dd0e4') in 0.026505 seconds 
========================================================================
Received Import Request.
  Time since last request: 0.000017 seconds.
  path: Assets/SimpleShopInteriors/_prefabs/Props/SI_Prop_FireExtinguisher_01.prefab
  artifactKey: Guid(7dfe1af514711a040a32a7607a83055b) Importer(815301076,1909f56bfc062723c751e8b465ee728b)
Start importing Assets/SimpleShopInteriors/_prefabs/Props/SI_Prop_FireExtinguisher_01.prefab using Guid(7dfe1af514711a040a32a7607a83055b) Importer(815301076,1909f56bfc062723c751e8b465ee728b)  -> (artifact id: 'af08083cd873288902fa7d0e680eef06') in 0.019164 seconds 
========================================================================
Received Import Request.
  Time since last request: 0.000018 seconds.
  path: Assets/SimpleShopInteriors/_prefabs/Props/SI_Prop_Freezer_01.prefab
  artifactKey: Guid(222580f4651cff1498462a62e65df5ad) Importer(815301076,1909f56bfc062723c751e8b465ee728b)
Start importing Assets/SimpleShopInteriors/_prefabs/Props/SI_Prop_Freezer_01.prefab using Guid(222580f4651cff1498462a62e65df5ad) Importer(815301076,1909f56bfc062723c751e8b465ee728b)  -> (artifact id: 'd59564f3e7c6c5b952f1d0de9d1a30ba') in 0.019323 seconds 
========================================================================
Received Import Request.
  Time since last request: 0.000016 seconds.
  path: Assets/SimpleShopInteriors/_prefabs/Props/SI_Prop_HeadPhoneStand.prefab
  artifactKey: Guid(d08b6b4dfcd0493479612df098c19f72) Importer(815301076,1909f56bfc062723c751e8b465ee728b)
Start importing Assets/SimpleShopInteriors/_prefabs/Props/SI_Prop_HeadPhoneStand.prefab using Guid(d08b6b4dfcd0493479612df098c19f72) Importer(815301076,1909f56bfc062723c751e8b465ee728b)  -> (artifact id: 'd9ba53179be7161ef2c0ca46dba59ae7') in 0.018773 seconds 
========================================================================
Received Import Request.
  Time since last request: 0.000033 seconds.
  path: Assets/SimpleShopInteriors/_prefabs/Props/SI_Prop_Instrument_DrumKit.prefab
  artifactKey: Guid(410d9fd10973de5429142557a9ff9444) Importer(815301076,1909f56bfc062723c751e8b465ee728b)
Start importing Assets/SimpleShopInteriors/_prefabs/Props/SI_Prop_Instrument_DrumKit.prefab using Guid(410d9fd10973de5429142557a9ff9444) Importer(815301076,1909f56bfc062723c751e8b465ee728b)  -> (artifact id: 'a7f959f78b3cceb3e17971c434907d67') in 0.022052 seconds 
========================================================================
Received Import Request.
  Time since last request: 0.000016 seconds.
  path: Assets/SimpleShopInteriors/_prefabs/Props/SI_Prop_Instrument_Guitar_01.prefab
  artifactKey: Guid(707089743827e3d479c296f4140e8e2a) Importer(815301076,1909f56bfc062723c751e8b465ee728b)
Start importing Assets/SimpleShopInteriors/_prefabs/Props/SI_Prop_Instrument_Guitar_01.prefab using Guid(707089743827e3d479c296f4140e8e2a) Importer(815301076,1909f56bfc062723c751e8b465ee728b)  -> (artifact id: '4340349a6175de7e5c136df6801655c3') in 0.019170 seconds 
========================================================================
Received Import Request.
  Time since last request: 0.000018 seconds.
  path: Assets/SimpleShopInteriors/_prefabs/Props/SI_Prop_FriesHeater_01.prefab
  artifactKey: Guid(bba24920e0dfb11429f2ea1e0bde1ed3) Importer(815301076,1909f56bfc062723c751e8b465ee728b)
Start importing Assets/SimpleShopInteriors/_prefabs/Props/SI_Prop_FriesHeater_01.prefab using Guid(bba24920e0dfb11429f2ea1e0bde1ed3) Importer(815301076,1909f56bfc062723c751e8b465ee728b)  -> (artifact id: '0cf1d9b765eed9b950b0f43a1c008074') in 0.018812 seconds 
========================================================================
Received Import Request.
  Time since last request: 0.000016 seconds.
  path: Assets/SimpleShopInteriors/_prefabs/Props/SI_Prop_KitchenCounter_01.prefab
  artifactKey: Guid(f15ecea0efed371439f282ddfe96f88f) Importer(815301076,1909f56bfc062723c751e8b465ee728b)
Start importing Assets/SimpleShopInteriors/_prefabs/Props/SI_Prop_KitchenCounter_01.prefab using Guid(f15ecea0efed371439f282ddfe96f88f) Importer(815301076,1909f56bfc062723c751e8b465ee728b)  -> (artifact id: 'cd91727ed2e5f408f82ab419d7c6a7b7') in 0.024379 seconds 
========================================================================
Received Import Request.
  Time since last request: 0.000017 seconds.
  path: Assets/SimpleShopInteriors/_prefabs/Props/SI_Prop_Ladder_01.prefab
  artifactKey: Guid(2031cdab3b415cb4886c2bab4045aaa6) Importer(815301076,1909f56bfc062723c751e8b465ee728b)
Start importing Assets/SimpleShopInteriors/_prefabs/Props/SI_Prop_Ladder_01.prefab using Guid(2031cdab3b415cb4886c2bab4045aaa6) Importer(815301076,1909f56bfc062723c751e8b465ee728b)  -> (artifact id: 'b757e35cf8db9a7a54d140ff5ffc49ce') in 0.022888 seconds 
========================================================================
Received Import Request.
  Time since last request: 0.000016 seconds.
  path: Assets/SimpleShopInteriors/_prefabs/Props/SI_Prop_Fryer.prefab
  artifactKey: Guid(0bd2ab43038fee64fb9cfaecfc39f087) Importer(815301076,1909f56bfc062723c751e8b465ee728b)
Start importing Assets/SimpleShopInteriors/_prefabs/Props/SI_Prop_Fryer.prefab using Guid(0bd2ab43038fee64fb9cfaecfc39f087) Importer(815301076,1909f56bfc062723c751e8b465ee728b)  -> (artifact id: 'ef19f71a953f6e87f7569922592349c4') in 0.019532 seconds 
========================================================================
Received Import Request.
  Time since last request: 0.000017 seconds.
  path: Assets/SimpleShopInteriors/_prefabs/Props/SI_Prop_Instrument_Saxophone.prefab
  artifactKey: Guid(bda24140e57af4d4e83c59821aaf7bb5) Importer(815301076,1909f56bfc062723c751e8b465ee728b)
Start importing Assets/SimpleShopInteriors/_prefabs/Props/SI_Prop_Instrument_Saxophone.prefab using Guid(bda24140e57af4d4e83c59821aaf7bb5) Importer(815301076,1909f56bfc062723c751e8b465ee728b)  -> (artifact id: 'c946e889818190058ac13d92beee7377') in 0.018639 seconds 
========================================================================
Received Import Request.
  Time since last request: 0.000016 seconds.
  path: Assets/SimpleShopInteriors/_prefabs/Props/SI_Prop_Mat_01.prefab
  artifactKey: Guid(9b532ada520039e40b2168a24973042b) Importer(815301076,1909f56bfc062723c751e8b465ee728b)
Start importing Assets/SimpleShopInteriors/_prefabs/Props/SI_Prop_Mat_01.prefab using Guid(9b532ada520039e40b2168a24973042b) Importer(815301076,1909f56bfc062723c751e8b465ee728b)  -> (artifact id: '099145ecea8e6d771fd57958a7a9c212') in 0.018101 seconds 
========================================================================
Received Import Request.
  Time since last request: 0.000014 seconds.
  path: Assets/SimpleShopInteriors/_prefabs/Props/SI_Prop_Monitor_01.prefab
  artifactKey: Guid(2a5f7ee5267a89743a09fdbf39714a4f) Importer(815301076,1909f56bfc062723c751e8b465ee728b)
Start importing Assets/SimpleShopInteriors/_prefabs/Props/SI_Prop_Monitor_01.prefab using Guid(2a5f7ee5267a89743a09fdbf39714a4f) Importer(815301076,1909f56bfc062723c751e8b465ee728b)  -> (artifact id: 'e81ba05d44ced335b688737d5e5871d6') in 0.012015 seconds 
========================================================================
Received Import Request.
  Time since last request: 0.000028 seconds.
  path: Assets/SimpleShopInteriors/_prefabs/Props/SI_Prop_Mannequin_07.prefab
  artifactKey: Guid(b4efd905f9064444ba5ba6a68fd408b2) Importer(815301076,1909f56bfc062723c751e8b465ee728b)
Start importing Assets/SimpleShopInteriors/_prefabs/Props/SI_Prop_Mannequin_07.prefab using Guid(b4efd905f9064444ba5ba6a68fd408b2) Importer(815301076,1909f56bfc062723c751e8b465ee728b)  -> (artifact id: '04211eb7f070febbf79af51650091242') in 0.022862 seconds 
========================================================================
Received Import Request.
  Time since last request: 0.000030 seconds.
  path: Assets/SimpleShopInteriors/_prefabs/Props/SI_Prop_Magazines_02.prefab
  artifactKey: Guid(2c4e8a547926efd47854ebf41e73548d) Importer(815301076,1909f56bfc062723c751e8b465ee728b)
Start importing Assets/SimpleShopInteriors/_prefabs/Props/SI_Prop_Magazines_02.prefab using Guid(2c4e8a547926efd47854ebf41e73548d) Importer(815301076,1909f56bfc062723c751e8b465ee728b)  -> (artifact id: 'ce0e372f3c79ce0f2e76c1aab5e39954') in 0.017425 seconds 
========================================================================
Received Import Request.
  Time since last request: 0.000017 seconds.
  path: Assets/SimpleShopInteriors/_prefabs/Props/SI_Prop_KitchenCounter_03.prefab
  artifactKey: Guid(25995da8dca8ec140922d4b1c2e3bee9) Importer(815301076,1909f56bfc062723c751e8b465ee728b)
Start importing Assets/SimpleShopInteriors/_prefabs/Props/SI_Prop_KitchenCounter_03.prefab using Guid(25995da8dca8ec140922d4b1c2e3bee9) Importer(815301076,1909f56bfc062723c751e8b465ee728b)  -> (artifact id: 'd6c5fd472e7f30da52b61996474edf64') in 0.017192 seconds 
========================================================================
Received Import Request.
  Time since last request: 0.000030 seconds.
  path: Assets/SimpleShopInteriors/_prefabs/Props/SI_Prop_MoneyStack_01.prefab
  artifactKey: Guid(f7f4a61f1f4fb3d479f973637327852a) Importer(815301076,1909f56bfc062723c751e8b465ee728b)
Start importing Assets/SimpleShopInteriors/_prefabs/Props/SI_Prop_MoneyStack_01.prefab using Guid(f7f4a61f1f4fb3d479f973637327852a) Importer(815301076,1909f56bfc062723c751e8b465ee728b)  -> (artifact id: '6a6f024771188a33779f08dd3a2a22dd') in 0.018500 seconds 
========================================================================
Received Import Request.
  Time since last request: 0.000029 seconds.
  path: Assets/SimpleShopInteriors/_prefabs/Props/SI_Prop_Mannequin_05.prefab
  artifactKey: Guid(e138e321fe1dc2f4ab093cf365455c01) Importer(815301076,1909f56bfc062723c751e8b465ee728b)
Start importing Assets/SimpleShopInteriors/_prefabs/Props/SI_Prop_Mannequin_05.prefab using Guid(e138e321fe1dc2f4ab093cf365455c01) Importer(815301076,1909f56bfc062723c751e8b465ee728b)  -> (artifact id: 'c4182abce43ebe1107900bf4d21655e9') in 0.018798 seconds 
========================================================================
Received Import Request.
  Time since last request: 0.000018 seconds.
  path: Assets/SimpleShopInteriors/_prefabs/Props/SI_Prop_MopBin_01.prefab
  artifactKey: Guid(b0bcea1738b730441a39d4ecb5f49fd4) Importer(815301076,1909f56bfc062723c751e8b465ee728b)
Start importing Assets/SimpleShopInteriors/_prefabs/Props/SI_Prop_MopBin_01.prefab using Guid(b0bcea1738b730441a39d4ecb5f49fd4) Importer(815301076,1909f56bfc062723c751e8b465ee728b)  -> (artifact id: '1bd033842ad2d8602e9cfd995be22767') in 0.018705 seconds 
========================================================================
Received Import Request.
  Time since last request: 0.000019 seconds.
  path: Assets/SimpleShopInteriors/_prefabs/Props/SI_Prop_Mannequin_04.prefab
  artifactKey: Guid(61c293ff4e87e504892bc1b0d9e23b3c) Importer(815301076,1909f56bfc062723c751e8b465ee728b)
Start importing Assets/SimpleShopInteriors/_prefabs/Props/SI_Prop_Mannequin_04.prefab using Guid(61c293ff4e87e504892bc1b0d9e23b3c) Importer(815301076,1909f56bfc062723c751e8b465ee728b)  -> (artifact id: '0342e7e92498bda40fa40a64576c0083') in 0.018079 seconds 
========================================================================
Received Import Request.
  Time since last request: 0.000015 seconds.
  path: Assets/SimpleShopInteriors/_prefabs/Props/SI_Prop_Instrument_Guitar_04.prefab
  artifactKey: Guid(73422b930e08ed54282abef99efed747) Importer(815301076,1909f56bfc062723c751e8b465ee728b)
Start importing Assets/SimpleShopInteriors/_prefabs/Props/SI_Prop_Instrument_Guitar_04.prefab using Guid(73422b930e08ed54282abef99efed747) Importer(815301076,1909f56bfc062723c751e8b465ee728b)  -> (artifact id: '1d5cd47048b83571f2d1f72923cb657e') in 0.021948 seconds 
========================================================================
Received Import Request.
  Time since last request: 0.000050 seconds.
  path: Assets/SimpleShopInteriors/_prefabs/Props/SI_Prop_Magazines_01.prefab
  artifactKey: Guid(3d414cc1214ce7c4cb1d8186cb809dc3) Importer(815301076,1909f56bfc062723c751e8b465ee728b)
Start importing Assets/SimpleShopInteriors/_prefabs/Props/SI_Prop_Magazines_01.prefab using Guid(3d414cc1214ce7c4cb1d8186cb809dc3) Importer(815301076,1909f56bfc062723c751e8b465ee728b)  -> (artifact id: 'f0ca01cd534cc4da258b7ccc0cf80469') in 0.022186 seconds 
========================================================================
Received Import Request.
  Time since last request: 0.000064 seconds.
  path: Assets/SimpleShopInteriors/_prefabs/Props/SI_Prop_Monitor_02.prefab
  artifactKey: Guid(fb4af4cc3d7e9a04e81dc1a608d9ddd3) Importer(815301076,1909f56bfc062723c751e8b465ee728b)
Start importing Assets/SimpleShopInteriors/_prefabs/Props/SI_Prop_Monitor_02.prefab using Guid(fb4af4cc3d7e9a04e81dc1a608d9ddd3) Importer(815301076,1909f56bfc062723c751e8b465ee728b)  -> (artifact id: '52572e329920c9deb81105df89166e9c') in 0.032335 seconds 
========================================================================
Received Import Request.
  Time since last request: 4.739384 seconds.
  path: Assets/ScifiOfficeLite/Prefabs/Shelf without Crates.prefab
  artifactKey: Guid(07ed13550a76cd2429958ba8f43d7c0e) Importer(815301076,1909f56bfc062723c751e8b465ee728b)
Start importing Assets/ScifiOfficeLite/Prefabs/Shelf without Crates.prefab using Guid(07ed13550a76cd2429958ba8f43d7c0e) Importer(815301076,1909f56bfc062723c751e8b465ee728b)  -> (artifact id: '00c5979142acb3bbc37dc2bd3f547f1b') in 0.019325 seconds 
========================================================================
Received Import Request.
  Time since last request: 34.313129 seconds.
  path: Assets/ScifiOfficeLite/Prefabs/Tables/Table Set 1 Grey Wood Variant.prefab
  artifactKey: Guid(827062553953ace449df65073bc88caa) Importer(815301076,1909f56bfc062723c751e8b465ee728b)
Start importing Assets/ScifiOfficeLite/Prefabs/Tables/Table Set 1 Grey Wood Variant.prefab using Guid(827062553953ace449df65073bc88caa) Importer(815301076,1909f56bfc062723c751e8b465ee728b)  -> (artifact id: '1c4d53a5c29bdf0e08ecdf0b1073b887') in 0.658343 seconds 
========================================================================
Received Import Request.
  Time since last request: 1.749275 seconds.
  path: Assets/ScifiOfficeLite/Prefabs/Tables/White Wood/Table White Wood Variant.prefab
  artifactKey: Guid(e69eb1afde9550f4b83fa3d849eb2aa2) Importer(815301076,1909f56bfc062723c751e8b465ee728b)
Start importing Assets/ScifiOfficeLite/Prefabs/Tables/White Wood/Table White Wood Variant.prefab using Guid(e69eb1afde9550f4b83fa3d849eb2aa2) Importer(815301076,1909f56bfc062723c751e8b465ee728b)  -> (artifact id: 'f6acb00e3d80cffe529021d98b66dc2b') in 0.039484 seconds 
========================================================================
Received Import Request.
  Time since last request: 1.448695 seconds.
  path: Assets/ScifiOfficeLite/Prefabs/Tables/Grey Wood/Table Grey Wood Variant.prefab
  artifactKey: Guid(0926d2a463524f24bafe7ac832056cea) Importer(815301076,1909f56bfc062723c751e8b465ee728b)
Start importing Assets/ScifiOfficeLite/Prefabs/Tables/Grey Wood/Table Grey Wood Variant.prefab using Guid(0926d2a463524f24bafe7ac832056cea) Importer(815301076,1909f56bfc062723c751e8b465ee728b)  -> (artifact id: '58d1b167523bbddb3af125e95b669491') in 0.027443 seconds 
========================================================================
Received Import Request.
  Time since last request: 6.841162 seconds.
  path: Assets/ScifiOfficeLite/Prefabs/Lighting/Ceiling Lights/2D/Ceiling Light.prefab
  artifactKey: Guid(ebb3c85b58baeef44825d9dcc11dc781) Importer(815301076,1909f56bfc062723c751e8b465ee728b)
Start importing Assets/ScifiOfficeLite/Prefabs/Lighting/Ceiling Lights/2D/Ceiling Light.prefab using Guid(ebb3c85b58baeef44825d9dcc11dc781) Importer(815301076,1909f56bfc062723c751e8b465ee728b)  -> (artifact id: '314a16ce0188ba0efac3b66904eb5de9') in 0.019532 seconds 
========================================================================
Received Import Request.
  Time since last request: 6.071112 seconds.
  path: Assets/ScifiOfficeLite/Prefabs/Carpets and Floors/Carpet 5.prefab
  artifactKey: Guid(bc567933eeb3fc84987a3b0a2c87f78e) Importer(815301076,1909f56bfc062723c751e8b465ee728b)
Start importing Assets/ScifiOfficeLite/Prefabs/Carpets and Floors/Carpet 5.prefab using Guid(bc567933eeb3fc84987a3b0a2c87f78e) Importer(815301076,1909f56bfc062723c751e8b465ee728b)  -> (artifact id: '8ed49c3490bbcb7f40ebfdaec7b568aa') in 0.097560 seconds 
========================================================================
Received Import Request.
  Time since last request: 0.000029 seconds.
  path: Assets/ScifiOfficeLite/Prefabs/Carpets and Floors/Carpet 13.prefab
  artifactKey: Guid(f76c0046fe9320845991ccc887dd6674) Importer(815301076,1909f56bfc062723c751e8b465ee728b)
Start importing Assets/ScifiOfficeLite/Prefabs/Carpets and Floors/Carpet 13.prefab using Guid(f76c0046fe9320845991ccc887dd6674) Importer(815301076,1909f56bfc062723c751e8b465ee728b)  -> (artifact id: '2657606f90fff29441bec919127fcdfb') in 0.065045 seconds 
========================================================================
Received Import Request.
  Time since last request: 0.000027 seconds.
  path: Assets/ScifiOfficeLite/Prefabs/Carpets and Floors/Carpet 11.prefab
  artifactKey: Guid(10a3779e5a6dba14c80e8ae762c9a3ac) Importer(815301076,1909f56bfc062723c751e8b465ee728b)
Start importing Assets/ScifiOfficeLite/Prefabs/Carpets and Floors/Carpet 11.prefab using Guid(10a3779e5a6dba14c80e8ae762c9a3ac) Importer(815301076,1909f56bfc062723c751e8b465ee728b)  -> (artifact id: '66cb782369ec5952d2c7887c162478ab') in 0.054728 seconds 
========================================================================
Received Import Request.
  Time since last request: 0.000019 seconds.
  path: Assets/ScifiOfficeLite/Prefabs/Carpets and Floors/Carpet 10.prefab
  artifactKey: Guid(95c12aea438e34b41ab9fb7a62aea92f) Importer(815301076,1909f56bfc062723c751e8b465ee728b)
Start importing Assets/ScifiOfficeLite/Prefabs/Carpets and Floors/Carpet 10.prefab using Guid(95c12aea438e34b41ab9fb7a62aea92f) Importer(815301076,1909f56bfc062723c751e8b465ee728b)  -> (artifact id: '72bce4f9fea0b2edce234bdb6874e740') in 0.051792 seconds 
========================================================================
Received Import Request.
  Time since last request: 0.000020 seconds.
  path: Assets/ScifiOfficeLite/Prefabs/Carpets and Floors/Carpet 12.prefab
  artifactKey: Guid(da0accff20027304e9912226d132eaf5) Importer(815301076,1909f56bfc062723c751e8b465ee728b)
Start importing Assets/ScifiOfficeLite/Prefabs/Carpets and Floors/Carpet 12.prefab using Guid(da0accff20027304e9912226d132eaf5) Importer(815301076,1909f56bfc062723c751e8b465ee728b)  -> (artifact id: '504d00b54f158acc8cf5bdb42f9a303a') in 0.051180 seconds 
========================================================================
Received Import Request.
  Time since last request: 6.564756 seconds.
  path: Assets/ScifiOfficeLite/Prefabs/Chairs and Stools/Office Chair.prefab
  artifactKey: Guid(dc35c61ecac9f3e4ea7e96c2ce7f1218) Importer(815301076,1909f56bfc062723c751e8b465ee728b)
Start importing Assets/ScifiOfficeLite/Prefabs/Chairs and Stools/Office Chair.prefab using Guid(dc35c61ecac9f3e4ea7e96c2ce7f1218) Importer(815301076,1909f56bfc062723c751e8b465ee728b)  -> (artifact id: '0b0dd07958fd5fac04633b5f03cb7693') in 0.159149 seconds 
========================================================================
Received Import Request.
  Time since last request: 2.247892 seconds.
  path: Assets/ScifiOfficeLite/Prefabs/Drawers/Drawer 2.prefab
  artifactKey: Guid(c492efe3e037d4447923edc38633bd5b) Importer(815301076,1909f56bfc062723c751e8b465ee728b)
Start importing Assets/ScifiOfficeLite/Prefabs/Drawers/Drawer 2.prefab using Guid(c492efe3e037d4447923edc38633bd5b) Importer(815301076,1909f56bfc062723c751e8b465ee728b)  -> (artifact id: '533fb22af513b1364e9caae6f1c98f35') in 0.046348 seconds 
========================================================================
Received Import Request.
  Time since last request: 8.727759 seconds.
  path: Assets/iPoly3D/Server Room/Prefabs/Keyboard.prefab
  artifactKey: Guid(ec78088b7a0003d48ac6ee3afada669e) Importer(815301076,1909f56bfc062723c751e8b465ee728b)
Start importing Assets/iPoly3D/Server Room/Prefabs/Keyboard.prefab using Guid(ec78088b7a0003d48ac6ee3afada669e) Importer(815301076,1909f56bfc062723c751e8b465ee728b)  -> (artifact id: '1374f82ec88b818ef59f8b96caa24713') in 0.022157 seconds 
========================================================================
Received Import Request.
  Time since last request: 0.000022 seconds.
  path: Assets/ScifiOfficeLite/Meshes/Textures/Environment/Techware/Keyboard props texture/Keyboard Props_Diffuse.png
  artifactKey: Guid(6bca6da117a646144a04476fbc898b92) Importer(815301076,1909f56bfc062723c751e8b465ee728b)
Start importing Assets/ScifiOfficeLite/Meshes/Textures/Environment/Techware/Keyboard props texture/Keyboard Props_Diffuse.png using Guid(6bca6da117a646144a04476fbc898b92) Importer(815301076,1909f56bfc062723c751e8b465ee728b)  -> (artifact id: '624bd59af556c62a34a97d37cdff89fe') in 0.065758 seconds 
========================================================================
Received Import Request.
  Time since last request: 0.000017 seconds.
  path: Assets/ScifiOfficeLite/Meshes/Textures/Environment/Techware/Keyboard props texture/Keyboard Props_Normal.png
  artifactKey: Guid(ec75dfe1d08f0e845b031ed1962c38bf) Importer(815301076,1909f56bfc062723c751e8b465ee728b)
Start importing Assets/ScifiOfficeLite/Meshes/Textures/Environment/Techware/Keyboard props texture/Keyboard Props_Normal.png using Guid(ec75dfe1d08f0e845b031ed1962c38bf) Importer(815301076,1909f56bfc062723c751e8b465ee728b)  -> (artifact id: 'f4ce328bc12e4a751f17cfa767bdd447') in 0.016993 seconds 
========================================================================
Received Import Request.
  Time since last request: 7.815354 seconds.
  path: Assets/iPoly3D/Server Room/Prefabs/box.prefab
  artifactKey: Guid(a15c4b10370dd354a8d5d0fb6d99e482) Importer(815301076,1909f56bfc062723c751e8b465ee728b)
Start importing Assets/iPoly3D/Server Room/Prefabs/box.prefab using Guid(a15c4b10370dd354a8d5d0fb6d99e482) Importer(815301076,1909f56bfc062723c751e8b465ee728b)  -> (artifact id: '33d38e49b8bcbaa80a0c581717ae459d') in 0.016950 seconds 
========================================================================
Received Import Request.
  Time since last request: 0.000022 seconds.
  path: Assets/iPoly3D/Server Room/Prefabs/pc.prefab
  artifactKey: Guid(424622fb2f5ecf54b87e7c616e7ec1dd) Importer(815301076,1909f56bfc062723c751e8b465ee728b)
Start importing Assets/iPoly3D/Server Room/Prefabs/pc.prefab using Guid(424622fb2f5ecf54b87e7c616e7ec1dd) Importer(815301076,1909f56bfc062723c751e8b465ee728b)  -> (artifact id: '34f09412bd714bcb87a6c036e34c7780') in 0.014828 seconds 
========================================================================
Received Import Request.
  Time since last request: 0.000023 seconds.
  path: Assets/iPoly3D/Server Room/Prefabs/floor.prefab
  artifactKey: Guid(a8d819c88b06d5d479cad532c162c475) Importer(815301076,1909f56bfc062723c751e8b465ee728b)
Start importing Assets/iPoly3D/Server Room/Prefabs/floor.prefab using Guid(a8d819c88b06d5d479cad532c162c475) Importer(815301076,1909f56bfc062723c751e8b465ee728b)  -> (artifact id: '62ef469cdc77e4ed0d2806afbcc2f828') in 0.018012 seconds 
========================================================================
Received Import Request.
  Time since last request: 0.000022 seconds.
  path: Assets/iPoly3D/Server Room/Prefabs/display.prefab
  artifactKey: Guid(74be82cbd3349a44d90866b7cbaed00c) Importer(815301076,1909f56bfc062723c751e8b465ee728b)
Start importing Assets/iPoly3D/Server Room/Prefabs/display.prefab using Guid(74be82cbd3349a44d90866b7cbaed00c) Importer(815301076,1909f56bfc062723c751e8b465ee728b)  -> (artifact id: 'd9bf3ea1c5bdf273a67dcb768d0db215') in 0.020290 seconds 
========================================================================
Received Import Request.
  Time since last request: 0.000024 seconds.
  path: Assets/iPoly3D/Server Room/Prefabs/security_camera.prefab
  artifactKey: Guid(beb371209ab6caa45be5c7b336aaa6f9) Importer(815301076,1909f56bfc062723c751e8b465ee728b)
Start importing Assets/iPoly3D/Server Room/Prefabs/security_camera.prefab using Guid(beb371209ab6caa45be5c7b336aaa6f9) Importer(815301076,1909f56bfc062723c751e8b465ee728b)  -> (artifact id: '2865bd008a75864e9835b8156e17cb3b') in 0.016717 seconds 
========================================================================
Received Import Request.
  Time since last request: 0.000019 seconds.
  path: Assets/iPoly3D/Server Room/Prefabs/fire_extinguisher.prefab
  artifactKey: Guid(d5f927682928f9f4c89f2b971e51f3d8) Importer(815301076,1909f56bfc062723c751e8b465ee728b)
Start importing Assets/iPoly3D/Server Room/Prefabs/fire_extinguisher.prefab using Guid(d5f927682928f9f4c89f2b971e51f3d8) Importer(815301076,1909f56bfc062723c751e8b465ee728b)  -> (artifact id: 'fcc9a4e71d194d43b90b19bda17d1e7e') in 0.013442 seconds 
========================================================================
Received Import Request.
  Time since last request: 0.000022 seconds.
  path: Assets/iPoly3D/Server Room/Prefabs/screen.prefab
  artifactKey: Guid(a0aa93537ddb2224497aca7d5ddab426) Importer(815301076,1909f56bfc062723c751e8b465ee728b)
Start importing Assets/iPoly3D/Server Room/Prefabs/screen.prefab using Guid(a0aa93537ddb2224497aca7d5ddab426) Importer(815301076,1909f56bfc062723c751e8b465ee728b)  -> (artifact id: 'aae245c4975b6454ce73a9eda9f8f0fb') in 0.026926 seconds 
========================================================================
Received Import Request.
  Time since last request: 0.000013 seconds.
  path: Assets/iPoly3D/Server Room/Prefabs/password_panel.prefab
  artifactKey: Guid(75087ca99ecc4264ab937b89c140d230) Importer(815301076,1909f56bfc062723c751e8b465ee728b)
Start importing Assets/iPoly3D/Server Room/Prefabs/password_panel.prefab using Guid(75087ca99ecc4264ab937b89c140d230) Importer(815301076,1909f56bfc062723c751e8b465ee728b)  -> (artifact id: '45558f45deccf4aea438b9ea3a23bbb5') in 0.015078 seconds 
Editor requested this worker to shutdown with reason: Scaling down because of idle timeout
AssetImportWorker is now disconnected from the server
Process exiting
Exiting without the bug reporter. Application will terminate with return code 0